                                      1 ;--------------------------------------------------------
                                      2 ; File Created by SDCC : free open source ANSI-C Compiler
                                      3 ; Version 4.1.6 #12539 (MINGW32)
                                      4 ;--------------------------------------------------------
                                      5 	.module templateFaceTiles
                                      6 	.optsdcc -mgbz80
                                      7 	
                                      8 ;--------------------------------------------------------
                                      9 ; Public variables in this module
                                     10 ;--------------------------------------------------------
                                     11 	.globl _templateFaceTiles
                                     12 ;--------------------------------------------------------
                                     13 ; special function registers
                                     14 ;--------------------------------------------------------
                                     15 ;--------------------------------------------------------
                                     16 ; ram data
                                     17 ;--------------------------------------------------------
                                     18 	.area _DATA
                                     19 ;--------------------------------------------------------
                                     20 ; ram data
                                     21 ;--------------------------------------------------------
                                     22 	.area _INITIALIZED
                                     23 ;--------------------------------------------------------
                                     24 ; absolute external ram data
                                     25 ;--------------------------------------------------------
                                     26 	.area _DABS (ABS)
                                     27 ;--------------------------------------------------------
                                     28 ; global & static initialisations
                                     29 ;--------------------------------------------------------
                                     30 	.area _HOME
                                     31 	.area _GSINIT
                                     32 	.area _GSFINAL
                                     33 	.area _GSINIT
                                     34 ;--------------------------------------------------------
                                     35 ; Home
                                     36 ;--------------------------------------------------------
                                     37 	.area _HOME
                                     38 	.area _HOME
                                     39 ;--------------------------------------------------------
                                     40 ; code
                                     41 ;--------------------------------------------------------
                                     42 	.area _CODE_1
                                     43 	.area _CODE_1
      000000                         44 _templateFaceTiles:
      000000 0F                      45 	.db #0x0f	; 15
      000001 0F                      46 	.db #0x0f	; 15
      000002 10                      47 	.db #0x10	; 16
      000003 10                      48 	.db #0x10	; 16
      000004 20                      49 	.db #0x20	; 32
      000005 20                      50 	.db #0x20	; 32
      000006 40                      51 	.db #0x40	; 64
      000007 40                      52 	.db #0x40	; 64
      000008 80                      53 	.db #0x80	; 128
      000009 80                      54 	.db #0x80	; 128
      00000A 8C                      55 	.db #0x8c	; 140
      00000B 8C                      56 	.db #0x8c	; 140
      00000C 8C                      57 	.db #0x8c	; 140
      00000D 8C                      58 	.db #0x8c	; 140
      00000E 8C                      59 	.db #0x8c	; 140
      00000F 8C                      60 	.db #0x8c	; 140
      000010 80                      61 	.db #0x80	; 128
      000011 80                      62 	.db #0x80	; 128
      000012 80                      63 	.db #0x80	; 128
      000013 80                      64 	.db #0x80	; 128
      000014 87                      65 	.db #0x87	; 135
      000015 87                      66 	.db #0x87	; 135
      000016 84                      67 	.db #0x84	; 132
      000017 84                      68 	.db #0x84	; 132
      000018 43                      69 	.db #0x43	; 67	'C'
      000019 43                      70 	.db #0x43	; 67	'C'
      00001A 20                      71 	.db #0x20	; 32
      00001B 20                      72 	.db #0x20	; 32
      00001C 10                      73 	.db #0x10	; 16
      00001D 10                      74 	.db #0x10	; 16
      00001E 0F                      75 	.db #0x0f	; 15
      00001F 0F                      76 	.db #0x0f	; 15
      000020 F0                      77 	.db #0xf0	; 240
      000021 F0                      78 	.db #0xf0	; 240
      000022 08                      79 	.db #0x08	; 8
      000023 08                      80 	.db #0x08	; 8
      000024 04                      81 	.db #0x04	; 4
      000025 04                      82 	.db #0x04	; 4
      000026 02                      83 	.db #0x02	; 2
      000027 02                      84 	.db #0x02	; 2
      000028 01                      85 	.db #0x01	; 1
      000029 01                      86 	.db #0x01	; 1
      00002A 31                      87 	.db #0x31	; 49	'1'
      00002B 31                      88 	.db #0x31	; 49	'1'
      00002C 31                      89 	.db #0x31	; 49	'1'
      00002D 31                      90 	.db #0x31	; 49	'1'
      00002E 31                      91 	.db #0x31	; 49	'1'
      00002F 31                      92 	.db #0x31	; 49	'1'
      000030 01                      93 	.db #0x01	; 1
      000031 01                      94 	.db #0x01	; 1
      000032 01                      95 	.db #0x01	; 1
      000033 01                      96 	.db #0x01	; 1
      000034 E1                      97 	.db #0xe1	; 225
      000035 E1                      98 	.db #0xe1	; 225
      000036 21                      99 	.db #0x21	; 33
      000037 21                     100 	.db #0x21	; 33
      000038 C2                     101 	.db #0xc2	; 194
      000039 C2                     102 	.db #0xc2	; 194
      00003A 04                     103 	.db #0x04	; 4
      00003B 04                     104 	.db #0x04	; 4
      00003C 08                     105 	.db #0x08	; 8
      00003D 08                     106 	.db #0x08	; 8
      00003E F0                     107 	.db #0xf0	; 240
      00003F F0                     108 	.db #0xf0	; 240
      000040 0F                     109 	.db #0x0f	; 15
      000041 0F                     110 	.db #0x0f	; 15
      000042 1F                     111 	.db #0x1f	; 31
      000043 10                     112 	.db #0x10	; 16
      000044 3F                     113 	.db #0x3f	; 63
      000045 20                     114 	.db #0x20	; 32
      000046 7F                     115 	.db #0x7f	; 127
      000047 40                     116 	.db #0x40	; 64
      000048 FF                     117 	.db #0xff	; 255
      000049 80                     118 	.db #0x80	; 128
      00004A FF                     119 	.db #0xff	; 255
      00004B 80                     120 	.db #0x80	; 128
      00004C FF                     121 	.db #0xff	; 255
      00004D 84                     122 	.db #0x84	; 132
      00004E FF                     123 	.db #0xff	; 255
      00004F 8C                     124 	.db #0x8c	; 140
      000050 FF                     125 	.db #0xff	; 255
      000051 8C                     126 	.db #0x8c	; 140
      000052 FF                     127 	.db #0xff	; 255
      000053 80                     128 	.db #0x80	; 128
      000054 FF                     129 	.db #0xff	; 255
      000055 80                     130 	.db #0x80	; 128
      000056 FF                     131 	.db #0xff	; 255
      000057 83                     132 	.db #0x83	; 131
      000058 7F                     133 	.db #0x7f	; 127
      000059 44                     134 	.db #0x44	; 68	'D'
      00005A 3F                     135 	.db #0x3f	; 63
      00005B 20                     136 	.db #0x20	; 32
      00005C 1F                     137 	.db #0x1f	; 31
      00005D 10                     138 	.db #0x10	; 16
      00005E 0F                     139 	.db #0x0f	; 15
      00005F 0F                     140 	.db #0x0f	; 15
      000060 F0                     141 	.db #0xf0	; 240
      000061 F0                     142 	.db #0xf0	; 240
      000062 F8                     143 	.db #0xf8	; 248
      000063 08                     144 	.db #0x08	; 8
      000064 FC                     145 	.db #0xfc	; 252
      000065 04                     146 	.db #0x04	; 4
      000066 FE                     147 	.db #0xfe	; 254
      000067 02                     148 	.db #0x02	; 2
      000068 FF                     149 	.db #0xff	; 255
      000069 01                     150 	.db #0x01	; 1
      00006A FF                     151 	.db #0xff	; 255
      00006B 01                     152 	.db #0x01	; 1
      00006C FF                     153 	.db #0xff	; 255
      00006D 21                     154 	.db #0x21	; 33
      00006E FF                     155 	.db #0xff	; 255
      00006F 31                     156 	.db #0x31	; 49	'1'
      000070 FF                     157 	.db #0xff	; 255
      000071 31                     158 	.db #0x31	; 49	'1'
      000072 FF                     159 	.db #0xff	; 255
      000073 01                     160 	.db #0x01	; 1
      000074 FF                     161 	.db #0xff	; 255
      000075 01                     162 	.db #0x01	; 1
      000076 FF                     163 	.db #0xff	; 255
      000077 C1                     164 	.db #0xc1	; 193
      000078 FE                     165 	.db #0xfe	; 254
      000079 22                     166 	.db #0x22	; 34
      00007A FC                     167 	.db #0xfc	; 252
      00007B 04                     168 	.db #0x04	; 4
      00007C F8                     169 	.db #0xf8	; 248
      00007D 08                     170 	.db #0x08	; 8
      00007E F0                     171 	.db #0xf0	; 240
      00007F F0                     172 	.db #0xf0	; 240
                                    173 	.area _INITIALIZER
                                    174 	.area _CABS (ABS)
