                                      1 ;--------------------------------------------------------
                                      2 ; File Created by SDCC : free open source ANSI-C Compiler
                                      3 ; Version 4.1.6 #12539 (MINGW32)
                                      4 ;--------------------------------------------------------
                                      5 	.module templateTwilightDriveSong
                                      6 	.optsdcc -mgbz80
                                      7 	
                                      8 ;--------------------------------------------------------
                                      9 ; Public variables in this module
                                     10 ;--------------------------------------------------------
                                     11 	.globl _templateTwilightDriveSong
                                     12 ;--------------------------------------------------------
                                     13 ; special function registers
                                     14 ;--------------------------------------------------------
                                     15 ;--------------------------------------------------------
                                     16 ; ram data
                                     17 ;--------------------------------------------------------
                                     18 	.area _DATA
                                     19 ;--------------------------------------------------------
                                     20 ; ram data
                                     21 ;--------------------------------------------------------
                                     22 	.area _INITIALIZED
                                     23 ;--------------------------------------------------------
                                     24 ; absolute external ram data
                                     25 ;--------------------------------------------------------
                                     26 	.area _DABS (ABS)
                                     27 ;--------------------------------------------------------
                                     28 ; global & static initialisations
                                     29 ;--------------------------------------------------------
                                     30 	.area _HOME
                                     31 	.area _GSINIT
                                     32 	.area _GSFINAL
                                     33 	.area _GSINIT
                                     34 ;--------------------------------------------------------
                                     35 ; Home
                                     36 ;--------------------------------------------------------
                                     37 	.area _HOME
                                     38 	.area _HOME
                                     39 ;--------------------------------------------------------
                                     40 ; code
                                     41 ;--------------------------------------------------------
                                     42 	.area _CODE_1
                                     43 	.area _CODE_1
      000000                         44 _order_cnt:
      000000 02                      45 	.db #0x02	; 2
      000001                         46 _P3:
      000001 20                      47 	.db #0x20	; 32
      000002 1C                      48 	.db #0x1c	; 28
      000003 0F                      49 	.db #0x0f	; 15
      000004 5A                      50 	.db #0x5a	; 90	'Z'
      000005 0E                      51 	.db #0x0e	; 14
      000006 01                      52 	.db #0x01	; 1
      000007 3B                      53 	.db #0x3b	; 59
      000008 1E                      54 	.db #0x1e	; 30
      000009 02                      55 	.db #0x02	; 2
      00000A 5A                      56 	.db #0x5a	; 90	'Z'
      00000B 00                      57 	.db #0x00	; 0
      00000C 00                      58 	.db #0x00	; 0
      00000D 2B                      59 	.db #0x2b	; 43
      00000E 1C                      60 	.db #0x1c	; 28
      00000F 0F                      61 	.db #0x0f	; 15
      000010 5A                      62 	.db #0x5a	; 90	'Z'
      000011 0E                      63 	.db #0x0e	; 14
      000012 01                      64 	.db #0x01	; 1
      000013 3B                      65 	.db #0x3b	; 59
      000014 1E                      66 	.db #0x1e	; 30
      000015 02                      67 	.db #0x02	; 2
      000016 5A                      68 	.db #0x5a	; 90	'Z'
      000017 00                      69 	.db #0x00	; 0
      000018 00                      70 	.db #0x00	; 0
      000019 20                      71 	.db #0x20	; 32
      00001A 1C                      72 	.db #0x1c	; 28
      00001B 0F                      73 	.db #0x0f	; 15
      00001C 5A                      74 	.db #0x5a	; 90	'Z'
      00001D 0E                      75 	.db #0x0e	; 14
      00001E 01                      76 	.db #0x01	; 1
      00001F 3B                      77 	.db #0x3b	; 59
      000020 1E                      78 	.db #0x1e	; 30
      000021 02                      79 	.db #0x02	; 2
      000022 5A                      80 	.db #0x5a	; 90	'Z'
      000023 00                      81 	.db #0x00	; 0
      000024 00                      82 	.db #0x00	; 0
      000025 2B                      83 	.db #0x2b	; 43
      000026 1C                      84 	.db #0x1c	; 28
      000027 0F                      85 	.db #0x0f	; 15
      000028 5A                      86 	.db #0x5a	; 90	'Z'
      000029 0E                      87 	.db #0x0e	; 14
      00002A 01                      88 	.db #0x01	; 1
      00002B 3B                      89 	.db #0x3b	; 59
      00002C 1E                      90 	.db #0x1e	; 30
      00002D 02                      91 	.db #0x02	; 2
      00002E 5A                      92 	.db #0x5a	; 90	'Z'
      00002F 00                      93 	.db #0x00	; 0
      000030 00                      94 	.db #0x00	; 0
      000031 20                      95 	.db #0x20	; 32
      000032 1C                      96 	.db #0x1c	; 28
      000033 0F                      97 	.db #0x0f	; 15
      000034 5A                      98 	.db #0x5a	; 90	'Z'
      000035 0E                      99 	.db #0x0e	; 14
      000036 01                     100 	.db #0x01	; 1
      000037 3B                     101 	.db #0x3b	; 59
      000038 1E                     102 	.db #0x1e	; 30
      000039 02                     103 	.db #0x02	; 2
      00003A 5A                     104 	.db #0x5a	; 90	'Z'
      00003B 00                     105 	.db #0x00	; 0
      00003C 00                     106 	.db #0x00	; 0
      00003D 2B                     107 	.db #0x2b	; 43
      00003E 1C                     108 	.db #0x1c	; 28
      00003F 0F                     109 	.db #0x0f	; 15
      000040 5A                     110 	.db #0x5a	; 90	'Z'
      000041 0E                     111 	.db #0x0e	; 14
      000042 01                     112 	.db #0x01	; 1
      000043 3B                     113 	.db #0x3b	; 59
      000044 1E                     114 	.db #0x1e	; 30
      000045 02                     115 	.db #0x02	; 2
      000046 5A                     116 	.db #0x5a	; 90	'Z'
      000047 00                     117 	.db #0x00	; 0
      000048 00                     118 	.db #0x00	; 0
      000049 20                     119 	.db #0x20	; 32
      00004A 1C                     120 	.db #0x1c	; 28
      00004B 0F                     121 	.db #0x0f	; 15
      00004C 5A                     122 	.db #0x5a	; 90	'Z'
      00004D 0E                     123 	.db #0x0e	; 14
      00004E 01                     124 	.db #0x01	; 1
      00004F 3B                     125 	.db #0x3b	; 59
      000050 1E                     126 	.db #0x1e	; 30
      000051 02                     127 	.db #0x02	; 2
      000052 5A                     128 	.db #0x5a	; 90	'Z'
      000053 00                     129 	.db #0x00	; 0
      000054 00                     130 	.db #0x00	; 0
      000055 2B                     131 	.db #0x2b	; 43
      000056 1C                     132 	.db #0x1c	; 28
      000057 0F                     133 	.db #0x0f	; 15
      000058 5A                     134 	.db #0x5a	; 90	'Z'
      000059 0E                     135 	.db #0x0e	; 14
      00005A 01                     136 	.db #0x01	; 1
      00005B 3B                     137 	.db #0x3b	; 59
      00005C 1E                     138 	.db #0x1e	; 30
      00005D 02                     139 	.db #0x02	; 2
      00005E 5A                     140 	.db #0x5a	; 90	'Z'
      00005F 00                     141 	.db #0x00	; 0
      000060 00                     142 	.db #0x00	; 0
      000061 20                     143 	.db #0x20	; 32
      000062 1C                     144 	.db #0x1c	; 28
      000063 0F                     145 	.db #0x0f	; 15
      000064 5A                     146 	.db #0x5a	; 90	'Z'
      000065 0E                     147 	.db #0x0e	; 14
      000066 01                     148 	.db #0x01	; 1
      000067 3B                     149 	.db #0x3b	; 59
      000068 1E                     150 	.db #0x1e	; 30
      000069 02                     151 	.db #0x02	; 2
      00006A 5A                     152 	.db #0x5a	; 90	'Z'
      00006B 00                     153 	.db #0x00	; 0
      00006C 00                     154 	.db #0x00	; 0
      00006D 2B                     155 	.db #0x2b	; 43
      00006E 1C                     156 	.db #0x1c	; 28
      00006F 0F                     157 	.db #0x0f	; 15
      000070 5A                     158 	.db #0x5a	; 90	'Z'
      000071 0E                     159 	.db #0x0e	; 14
      000072 01                     160 	.db #0x01	; 1
      000073 3B                     161 	.db #0x3b	; 59
      000074 1E                     162 	.db #0x1e	; 30
      000075 02                     163 	.db #0x02	; 2
      000076 5A                     164 	.db #0x5a	; 90	'Z'
      000077 00                     165 	.db #0x00	; 0
      000078 00                     166 	.db #0x00	; 0
      000079 20                     167 	.db #0x20	; 32
      00007A 1C                     168 	.db #0x1c	; 28
      00007B 0F                     169 	.db #0x0f	; 15
      00007C 5A                     170 	.db #0x5a	; 90	'Z'
      00007D 0E                     171 	.db #0x0e	; 14
      00007E 01                     172 	.db #0x01	; 1
      00007F 3B                     173 	.db #0x3b	; 59
      000080 1E                     174 	.db #0x1e	; 30
      000081 02                     175 	.db #0x02	; 2
      000082 5A                     176 	.db #0x5a	; 90	'Z'
      000083 00                     177 	.db #0x00	; 0
      000084 00                     178 	.db #0x00	; 0
      000085 2B                     179 	.db #0x2b	; 43
      000086 1C                     180 	.db #0x1c	; 28
      000087 0F                     181 	.db #0x0f	; 15
      000088 5A                     182 	.db #0x5a	; 90	'Z'
      000089 0E                     183 	.db #0x0e	; 14
      00008A 01                     184 	.db #0x01	; 1
      00008B 3B                     185 	.db #0x3b	; 59
      00008C 1E                     186 	.db #0x1e	; 30
      00008D 02                     187 	.db #0x02	; 2
      00008E 5A                     188 	.db #0x5a	; 90	'Z'
      00008F 00                     189 	.db #0x00	; 0
      000090 00                     190 	.db #0x00	; 0
      000091 20                     191 	.db #0x20	; 32
      000092 1C                     192 	.db #0x1c	; 28
      000093 0F                     193 	.db #0x0f	; 15
      000094 5A                     194 	.db #0x5a	; 90	'Z'
      000095 0E                     195 	.db #0x0e	; 14
      000096 01                     196 	.db #0x01	; 1
      000097 3B                     197 	.db #0x3b	; 59
      000098 1E                     198 	.db #0x1e	; 30
      000099 02                     199 	.db #0x02	; 2
      00009A 5A                     200 	.db #0x5a	; 90	'Z'
      00009B 00                     201 	.db #0x00	; 0
      00009C 00                     202 	.db #0x00	; 0
      00009D 2B                     203 	.db #0x2b	; 43
      00009E 1C                     204 	.db #0x1c	; 28
      00009F 0F                     205 	.db #0x0f	; 15
      0000A0 5A                     206 	.db #0x5a	; 90	'Z'
      0000A1 0E                     207 	.db #0x0e	; 14
      0000A2 01                     208 	.db #0x01	; 1
      0000A3 3B                     209 	.db #0x3b	; 59
      0000A4 1E                     210 	.db #0x1e	; 30
      0000A5 02                     211 	.db #0x02	; 2
      0000A6 5A                     212 	.db #0x5a	; 90	'Z'
      0000A7 00                     213 	.db #0x00	; 0
      0000A8 00                     214 	.db #0x00	; 0
      0000A9 20                     215 	.db #0x20	; 32
      0000AA 1C                     216 	.db #0x1c	; 28
      0000AB 0F                     217 	.db #0x0f	; 15
      0000AC 5A                     218 	.db #0x5a	; 90	'Z'
      0000AD 0E                     219 	.db #0x0e	; 14
      0000AE 01                     220 	.db #0x01	; 1
      0000AF 3B                     221 	.db #0x3b	; 59
      0000B0 1E                     222 	.db #0x1e	; 30
      0000B1 02                     223 	.db #0x02	; 2
      0000B2 5A                     224 	.db #0x5a	; 90	'Z'
      0000B3 00                     225 	.db #0x00	; 0
      0000B4 00                     226 	.db #0x00	; 0
      0000B5 2B                     227 	.db #0x2b	; 43
      0000B6 1C                     228 	.db #0x1c	; 28
      0000B7 0F                     229 	.db #0x0f	; 15
      0000B8 5A                     230 	.db #0x5a	; 90	'Z'
      0000B9 0E                     231 	.db #0x0e	; 14
      0000BA 01                     232 	.db #0x01	; 1
      0000BB 3B                     233 	.db #0x3b	; 59
      0000BC 1E                     234 	.db #0x1e	; 30
      0000BD 02                     235 	.db #0x02	; 2
      0000BE 5A                     236 	.db #0x5a	; 90	'Z'
      0000BF 00                     237 	.db #0x00	; 0
      0000C0 00                     238 	.db #0x00	; 0
      0000C1                        239 _P40:
      0000C1 10                     240 	.db #0x10	; 16
      0000C2 1C                     241 	.db #0x1c	; 28
      0000C3 02                     242 	.db #0x02	; 2
      0000C4 10                     243 	.db #0x10	; 16
      0000C5 1C                     244 	.db #0x1c	; 28
      0000C6 04                     245 	.db #0x04	; 4
      0000C7 5A                     246 	.db #0x5a	; 90	'Z'
      0000C8 00                     247 	.db #0x00	; 0
      0000C9 00                     248 	.db #0x00	; 0
      0000CA 5A                     249 	.db #0x5a	; 90	'Z'
      0000CB 00                     250 	.db #0x00	; 0
      0000CC 00                     251 	.db #0x00	; 0
      0000CD 5A                     252 	.db #0x5a	; 90	'Z'
      0000CE 00                     253 	.db #0x00	; 0
      0000CF 00                     254 	.db #0x00	; 0
      0000D0 5A                     255 	.db #0x5a	; 90	'Z'
      0000D1 00                     256 	.db #0x00	; 0
      0000D2 00                     257 	.db #0x00	; 0
      0000D3 5A                     258 	.db #0x5a	; 90	'Z'
      0000D4 00                     259 	.db #0x00	; 0
      0000D5 00                     260 	.db #0x00	; 0
      0000D6 5A                     261 	.db #0x5a	; 90	'Z'
      0000D7 00                     262 	.db #0x00	; 0
      0000D8 00                     263 	.db #0x00	; 0
      0000D9 5A                     264 	.db #0x5a	; 90	'Z'
      0000DA 00                     265 	.db #0x00	; 0
      0000DB 00                     266 	.db #0x00	; 0
      0000DC 5A                     267 	.db #0x5a	; 90	'Z'
      0000DD 00                     268 	.db #0x00	; 0
      0000DE 00                     269 	.db #0x00	; 0
      0000DF 5A                     270 	.db #0x5a	; 90	'Z'
      0000E0 00                     271 	.db #0x00	; 0
      0000E1 00                     272 	.db #0x00	; 0
      0000E2 5A                     273 	.db #0x5a	; 90	'Z'
      0000E3 00                     274 	.db #0x00	; 0
      0000E4 00                     275 	.db #0x00	; 0
      0000E5 5A                     276 	.db #0x5a	; 90	'Z'
      0000E6 00                     277 	.db #0x00	; 0
      0000E7 00                     278 	.db #0x00	; 0
      0000E8 5A                     279 	.db #0x5a	; 90	'Z'
      0000E9 00                     280 	.db #0x00	; 0
      0000EA 00                     281 	.db #0x00	; 0
      0000EB 5A                     282 	.db #0x5a	; 90	'Z'
      0000EC 00                     283 	.db #0x00	; 0
      0000ED 00                     284 	.db #0x00	; 0
      0000EE 10                     285 	.db #0x10	; 16
      0000EF 1C                     286 	.db #0x1c	; 28
      0000F0 02                     287 	.db #0x02	; 2
      0000F1 15                     288 	.db #0x15	; 21
      0000F2 1C                     289 	.db #0x1c	; 28
      0000F3 02                     290 	.db #0x02	; 2
      0000F4 15                     291 	.db #0x15	; 21
      0000F5 1C                     292 	.db #0x1c	; 28
      0000F6 04                     293 	.db #0x04	; 4
      0000F7 5A                     294 	.db #0x5a	; 90	'Z'
      0000F8 00                     295 	.db #0x00	; 0
      0000F9 00                     296 	.db #0x00	; 0
      0000FA 5A                     297 	.db #0x5a	; 90	'Z'
      0000FB 00                     298 	.db #0x00	; 0
      0000FC 00                     299 	.db #0x00	; 0
      0000FD 5A                     300 	.db #0x5a	; 90	'Z'
      0000FE 00                     301 	.db #0x00	; 0
      0000FF 00                     302 	.db #0x00	; 0
      000100 5A                     303 	.db #0x5a	; 90	'Z'
      000101 00                     304 	.db #0x00	; 0
      000102 00                     305 	.db #0x00	; 0
      000103 5A                     306 	.db #0x5a	; 90	'Z'
      000104 00                     307 	.db #0x00	; 0
      000105 00                     308 	.db #0x00	; 0
      000106 5A                     309 	.db #0x5a	; 90	'Z'
      000107 00                     310 	.db #0x00	; 0
      000108 00                     311 	.db #0x00	; 0
      000109 5A                     312 	.db #0x5a	; 90	'Z'
      00010A 00                     313 	.db #0x00	; 0
      00010B 00                     314 	.db #0x00	; 0
      00010C 5A                     315 	.db #0x5a	; 90	'Z'
      00010D 00                     316 	.db #0x00	; 0
      00010E 00                     317 	.db #0x00	; 0
      00010F 5A                     318 	.db #0x5a	; 90	'Z'
      000110 00                     319 	.db #0x00	; 0
      000111 00                     320 	.db #0x00	; 0
      000112 5A                     321 	.db #0x5a	; 90	'Z'
      000113 00                     322 	.db #0x00	; 0
      000114 00                     323 	.db #0x00	; 0
      000115 5A                     324 	.db #0x5a	; 90	'Z'
      000116 00                     325 	.db #0x00	; 0
      000117 00                     326 	.db #0x00	; 0
      000118 5A                     327 	.db #0x5a	; 90	'Z'
      000119 00                     328 	.db #0x00	; 0
      00011A 00                     329 	.db #0x00	; 0
      00011B 5A                     330 	.db #0x5a	; 90	'Z'
      00011C 00                     331 	.db #0x00	; 0
      00011D 00                     332 	.db #0x00	; 0
      00011E 15                     333 	.db #0x15	; 21
      00011F 1C                     334 	.db #0x1c	; 28
      000120 02                     335 	.db #0x02	; 2
      000121 0E                     336 	.db #0x0e	; 14
      000122 1C                     337 	.db #0x1c	; 28
      000123 02                     338 	.db #0x02	; 2
      000124 0E                     339 	.db #0x0e	; 14
      000125 1C                     340 	.db #0x1c	; 28
      000126 04                     341 	.db #0x04	; 4
      000127 5A                     342 	.db #0x5a	; 90	'Z'
      000128 00                     343 	.db #0x00	; 0
      000129 00                     344 	.db #0x00	; 0
      00012A 5A                     345 	.db #0x5a	; 90	'Z'
      00012B 00                     346 	.db #0x00	; 0
      00012C 00                     347 	.db #0x00	; 0
      00012D 5A                     348 	.db #0x5a	; 90	'Z'
      00012E 00                     349 	.db #0x00	; 0
      00012F 00                     350 	.db #0x00	; 0
      000130 5A                     351 	.db #0x5a	; 90	'Z'
      000131 00                     352 	.db #0x00	; 0
      000132 00                     353 	.db #0x00	; 0
      000133 5A                     354 	.db #0x5a	; 90	'Z'
      000134 00                     355 	.db #0x00	; 0
      000135 00                     356 	.db #0x00	; 0
      000136 5A                     357 	.db #0x5a	; 90	'Z'
      000137 00                     358 	.db #0x00	; 0
      000138 00                     359 	.db #0x00	; 0
      000139 5A                     360 	.db #0x5a	; 90	'Z'
      00013A 00                     361 	.db #0x00	; 0
      00013B 00                     362 	.db #0x00	; 0
      00013C 5A                     363 	.db #0x5a	; 90	'Z'
      00013D 00                     364 	.db #0x00	; 0
      00013E 00                     365 	.db #0x00	; 0
      00013F 5A                     366 	.db #0x5a	; 90	'Z'
      000140 00                     367 	.db #0x00	; 0
      000141 00                     368 	.db #0x00	; 0
      000142 5A                     369 	.db #0x5a	; 90	'Z'
      000143 00                     370 	.db #0x00	; 0
      000144 00                     371 	.db #0x00	; 0
      000145 5A                     372 	.db #0x5a	; 90	'Z'
      000146 00                     373 	.db #0x00	; 0
      000147 00                     374 	.db #0x00	; 0
      000148 5A                     375 	.db #0x5a	; 90	'Z'
      000149 00                     376 	.db #0x00	; 0
      00014A 00                     377 	.db #0x00	; 0
      00014B 5A                     378 	.db #0x5a	; 90	'Z'
      00014C 00                     379 	.db #0x00	; 0
      00014D 00                     380 	.db #0x00	; 0
      00014E 0E                     381 	.db #0x0e	; 14
      00014F 1C                     382 	.db #0x1c	; 28
      000150 02                     383 	.db #0x02	; 2
      000151 10                     384 	.db #0x10	; 16
      000152 1C                     385 	.db #0x1c	; 28
      000153 02                     386 	.db #0x02	; 2
      000154 10                     387 	.db #0x10	; 16
      000155 1C                     388 	.db #0x1c	; 28
      000156 04                     389 	.db #0x04	; 4
      000157 5A                     390 	.db #0x5a	; 90	'Z'
      000158 00                     391 	.db #0x00	; 0
      000159 00                     392 	.db #0x00	; 0
      00015A 5A                     393 	.db #0x5a	; 90	'Z'
      00015B 00                     394 	.db #0x00	; 0
      00015C 00                     395 	.db #0x00	; 0
      00015D 5A                     396 	.db #0x5a	; 90	'Z'
      00015E 00                     397 	.db #0x00	; 0
      00015F 00                     398 	.db #0x00	; 0
      000160 5A                     399 	.db #0x5a	; 90	'Z'
      000161 00                     400 	.db #0x00	; 0
      000162 00                     401 	.db #0x00	; 0
      000163 5A                     402 	.db #0x5a	; 90	'Z'
      000164 00                     403 	.db #0x00	; 0
      000165 00                     404 	.db #0x00	; 0
      000166 5A                     405 	.db #0x5a	; 90	'Z'
      000167 00                     406 	.db #0x00	; 0
      000168 00                     407 	.db #0x00	; 0
      000169 5A                     408 	.db #0x5a	; 90	'Z'
      00016A 00                     409 	.db #0x00	; 0
      00016B 00                     410 	.db #0x00	; 0
      00016C 5A                     411 	.db #0x5a	; 90	'Z'
      00016D 00                     412 	.db #0x00	; 0
      00016E 00                     413 	.db #0x00	; 0
      00016F 5A                     414 	.db #0x5a	; 90	'Z'
      000170 00                     415 	.db #0x00	; 0
      000171 00                     416 	.db #0x00	; 0
      000172 5A                     417 	.db #0x5a	; 90	'Z'
      000173 00                     418 	.db #0x00	; 0
      000174 00                     419 	.db #0x00	; 0
      000175 5A                     420 	.db #0x5a	; 90	'Z'
      000176 00                     421 	.db #0x00	; 0
      000177 00                     422 	.db #0x00	; 0
      000178 5A                     423 	.db #0x5a	; 90	'Z'
      000179 00                     424 	.db #0x00	; 0
      00017A 00                     425 	.db #0x00	; 0
      00017B 5A                     426 	.db #0x5a	; 90	'Z'
      00017C 00                     427 	.db #0x00	; 0
      00017D 00                     428 	.db #0x00	; 0
      00017E 5A                     429 	.db #0x5a	; 90	'Z'
      00017F 00                     430 	.db #0x00	; 0
      000180 00                     431 	.db #0x00	; 0
      000181                        432 _P41:
      000181 1C                     433 	.db #0x1c	; 28
      000182 2C                     434 	.db #0x2c	; 44
      000183 08                     435 	.db #0x08	; 8
      000184 1C                     436 	.db #0x1c	; 28
      000185 2C                     437 	.db #0x2c	; 44
      000186 04                     438 	.db #0x04	; 4
      000187 1C                     439 	.db #0x1c	; 28
      000188 2C                     440 	.db #0x2c	; 44
      000189 03                     441 	.db #0x03	; 3
      00018A 5A                     442 	.db #0x5a	; 90	'Z'
      00018B 00                     443 	.db #0x00	; 0
      00018C 00                     444 	.db #0x00	; 0
      00018D 1E                     445 	.db #0x1e	; 30
      00018E 2C                     446 	.db #0x2c	; 44
      00018F 08                     447 	.db #0x08	; 8
      000190 1E                     448 	.db #0x1e	; 30
      000191 2C                     449 	.db #0x2c	; 44
      000192 04                     450 	.db #0x04	; 4
      000193 1C                     451 	.db #0x1c	; 28
      000194 2C                     452 	.db #0x2c	; 44
      000195 06                     453 	.db #0x06	; 6
      000196 1C                     454 	.db #0x1c	; 28
      000197 2C                     455 	.db #0x2c	; 44
      000198 04                     456 	.db #0x04	; 4
      000199 1E                     457 	.db #0x1e	; 30
      00019A 2C                     458 	.db #0x2c	; 44
      00019B 08                     459 	.db #0x08	; 8
      00019C 1E                     460 	.db #0x1e	; 30
      00019D 2C                     461 	.db #0x2c	; 44
      00019E 04                     462 	.db #0x04	; 4
      00019F 20                     463 	.db #0x20	; 32
      0001A0 2C                     464 	.db #0x2c	; 44
      0001A1 08                     465 	.db #0x08	; 8
      0001A2 20                     466 	.db #0x20	; 32
      0001A3 2C                     467 	.db #0x2c	; 44
      0001A4 04                     468 	.db #0x04	; 4
      0001A5 1E                     469 	.db #0x1e	; 30
      0001A6 2C                     470 	.db #0x2c	; 44
      0001A7 04                     471 	.db #0x04	; 4
      0001A8 1E                     472 	.db #0x1e	; 30
      0001A9 2C                     473 	.db #0x2c	; 44
      0001AA 04                     474 	.db #0x04	; 4
      0001AB 20                     475 	.db #0x20	; 32
      0001AC 2C                     476 	.db #0x2c	; 44
      0001AD 04                     477 	.db #0x04	; 4
      0001AE 20                     478 	.db #0x20	; 32
      0001AF 2C                     479 	.db #0x2c	; 44
      0001B0 04                     480 	.db #0x04	; 4
      0001B1 19                     481 	.db #0x19	; 25
      0001B2 2C                     482 	.db #0x2c	; 44
      0001B3 08                     483 	.db #0x08	; 8
      0001B4 19                     484 	.db #0x19	; 25
      0001B5 2C                     485 	.db #0x2c	; 44
      0001B6 04                     486 	.db #0x04	; 4
      0001B7 19                     487 	.db #0x19	; 25
      0001B8 2C                     488 	.db #0x2c	; 44
      0001B9 03                     489 	.db #0x03	; 3
      0001BA 5A                     490 	.db #0x5a	; 90	'Z'
      0001BB 00                     491 	.db #0x00	; 0
      0001BC 00                     492 	.db #0x00	; 0
      0001BD 1C                     493 	.db #0x1c	; 28
      0001BE 2C                     494 	.db #0x2c	; 44
      0001BF 08                     495 	.db #0x08	; 8
      0001C0 1C                     496 	.db #0x1c	; 28
      0001C1 2C                     497 	.db #0x2c	; 44
      0001C2 04                     498 	.db #0x04	; 4
      0001C3 19                     499 	.db #0x19	; 25
      0001C4 2C                     500 	.db #0x2c	; 44
      0001C5 08                     501 	.db #0x08	; 8
      0001C6 19                     502 	.db #0x19	; 25
      0001C7 2C                     503 	.db #0x2c	; 44
      0001C8 04                     504 	.db #0x04	; 4
      0001C9 5A                     505 	.db #0x5a	; 90	'Z'
      0001CA 00                     506 	.db #0x00	; 0
      0001CB 00                     507 	.db #0x00	; 0
      0001CC 5A                     508 	.db #0x5a	; 90	'Z'
      0001CD 00                     509 	.db #0x00	; 0
      0001CE 00                     510 	.db #0x00	; 0
      0001CF 1A                     511 	.db #0x1a	; 26
      0001D0 2C                     512 	.db #0x2c	; 44
      0001D1 08                     513 	.db #0x08	; 8
      0001D2 1C                     514 	.db #0x1c	; 28
      0001D3 2C                     515 	.db #0x2c	; 44
      0001D4 08                     516 	.db #0x08	; 8
      0001D5 1C                     517 	.db #0x1c	; 28
      0001D6 2C                     518 	.db #0x2c	; 44
      0001D7 03                     519 	.db #0x03	; 3
      0001D8 5A                     520 	.db #0x5a	; 90	'Z'
      0001D9 00                     521 	.db #0x00	; 0
      0001DA 00                     522 	.db #0x00	; 0
      0001DB 19                     523 	.db #0x19	; 25
      0001DC 2C                     524 	.db #0x2c	; 44
      0001DD 08                     525 	.db #0x08	; 8
      0001DE 19                     526 	.db #0x19	; 25
      0001DF 2C                     527 	.db #0x2c	; 44
      0001E0 03                     528 	.db #0x03	; 3
      0001E1 19                     529 	.db #0x19	; 25
      0001E2 2C                     530 	.db #0x2c	; 44
      0001E3 08                     531 	.db #0x08	; 8
      0001E4 19                     532 	.db #0x19	; 25
      0001E5 2C                     533 	.db #0x2c	; 44
      0001E6 04                     534 	.db #0x04	; 4
      0001E7 1A                     535 	.db #0x1a	; 26
      0001E8 2C                     536 	.db #0x2c	; 44
      0001E9 08                     537 	.db #0x08	; 8
      0001EA 1A                     538 	.db #0x1a	; 26
      0001EB 2C                     539 	.db #0x2c	; 44
      0001EC 04                     540 	.db #0x04	; 4
      0001ED 5A                     541 	.db #0x5a	; 90	'Z'
      0001EE 00                     542 	.db #0x00	; 0
      0001EF 00                     543 	.db #0x00	; 0
      0001F0 5A                     544 	.db #0x5a	; 90	'Z'
      0001F1 00                     545 	.db #0x00	; 0
      0001F2 00                     546 	.db #0x00	; 0
      0001F3 5A                     547 	.db #0x5a	; 90	'Z'
      0001F4 00                     548 	.db #0x00	; 0
      0001F5 00                     549 	.db #0x00	; 0
      0001F6 5A                     550 	.db #0x5a	; 90	'Z'
      0001F7 00                     551 	.db #0x00	; 0
      0001F8 00                     552 	.db #0x00	; 0
      0001F9 1A                     553 	.db #0x1a	; 26
      0001FA 2C                     554 	.db #0x2c	; 44
      0001FB 08                     555 	.db #0x08	; 8
      0001FC 1A                     556 	.db #0x1a	; 26
      0001FD 2C                     557 	.db #0x2c	; 44
      0001FE 04                     558 	.db #0x04	; 4
      0001FF 1C                     559 	.db #0x1c	; 28
      000200 2C                     560 	.db #0x2c	; 44
      000201 08                     561 	.db #0x08	; 8
      000202 1C                     562 	.db #0x1c	; 28
      000203 2C                     563 	.db #0x2c	; 44
      000204 04                     564 	.db #0x04	; 4
      000205 1E                     565 	.db #0x1e	; 30
      000206 2C                     566 	.db #0x2c	; 44
      000207 08                     567 	.db #0x08	; 8
      000208 1E                     568 	.db #0x1e	; 30
      000209 2C                     569 	.db #0x2c	; 44
      00020A 04                     570 	.db #0x04	; 4
      00020B 1C                     571 	.db #0x1c	; 28
      00020C 2C                     572 	.db #0x2c	; 44
      00020D 03                     573 	.db #0x03	; 3
      00020E 5A                     574 	.db #0x5a	; 90	'Z'
      00020F 00                     575 	.db #0x00	; 0
      000210 00                     576 	.db #0x00	; 0
      000211 1E                     577 	.db #0x1e	; 30
      000212 2C                     578 	.db #0x2c	; 44
      000213 08                     579 	.db #0x08	; 8
      000214 1E                     580 	.db #0x1e	; 30
      000215 2C                     581 	.db #0x2c	; 44
      000216 04                     582 	.db #0x04	; 4
      000217 1E                     583 	.db #0x1e	; 30
      000218 2C                     584 	.db #0x2c	; 44
      000219 03                     585 	.db #0x03	; 3
      00021A 5A                     586 	.db #0x5a	; 90	'Z'
      00021B 00                     587 	.db #0x00	; 0
      00021C 00                     588 	.db #0x00	; 0
      00021D 21                     589 	.db #0x21	; 33
      00021E 2C                     590 	.db #0x2c	; 44
      00021F 08                     591 	.db #0x08	; 8
      000220 21                     592 	.db #0x21	; 33
      000221 2C                     593 	.db #0x2c	; 44
      000222 04                     594 	.db #0x04	; 4
      000223 20                     595 	.db #0x20	; 32
      000224 2C                     596 	.db #0x2c	; 44
      000225 08                     597 	.db #0x08	; 8
      000226 20                     598 	.db #0x20	; 32
      000227 2C                     599 	.db #0x2c	; 44
      000228 04                     600 	.db #0x04	; 4
      000229 5A                     601 	.db #0x5a	; 90	'Z'
      00022A 00                     602 	.db #0x00	; 0
      00022B 00                     603 	.db #0x00	; 0
      00022C 5A                     604 	.db #0x5a	; 90	'Z'
      00022D 00                     605 	.db #0x00	; 0
      00022E 00                     606 	.db #0x00	; 0
      00022F 5A                     607 	.db #0x5a	; 90	'Z'
      000230 00                     608 	.db #0x00	; 0
      000231 00                     609 	.db #0x00	; 0
      000232 5A                     610 	.db #0x5a	; 90	'Z'
      000233 00                     611 	.db #0x00	; 0
      000234 00                     612 	.db #0x00	; 0
      000235 1C                     613 	.db #0x1c	; 28
      000236 2C                     614 	.db #0x2c	; 44
      000237 08                     615 	.db #0x08	; 8
      000238 1C                     616 	.db #0x1c	; 28
      000239 2C                     617 	.db #0x2c	; 44
      00023A 04                     618 	.db #0x04	; 4
      00023B 20                     619 	.db #0x20	; 32
      00023C 2C                     620 	.db #0x2c	; 44
      00023D 08                     621 	.db #0x08	; 8
      00023E 20                     622 	.db #0x20	; 32
      00023F 2C                     623 	.db #0x2c	; 44
      000240 04                     624 	.db #0x04	; 4
      000241                        625 _P42:
      000241 10                     626 	.db #0x10	; 16
      000242 FC                     627 	.db #0xfc	; 252
      000243 0F                     628 	.db #0x0f	; 15
      000244 10                     629 	.db #0x10	; 16
      000245 FC                     630 	.db #0xfc	; 252
      000246 08                     631 	.db #0x08	; 8
      000247 10                     632 	.db #0x10	; 16
      000248 FC                     633 	.db #0xfc	; 252
      000249 04                     634 	.db #0x04	; 4
      00024A 5A                     635 	.db #0x5a	; 90	'Z'
      00024B 00                     636 	.db #0x00	; 0
      00024C 00                     637 	.db #0x00	; 0
      00024D 5A                     638 	.db #0x5a	; 90	'Z'
      00024E 00                     639 	.db #0x00	; 0
      00024F 00                     640 	.db #0x00	; 0
      000250 5A                     641 	.db #0x5a	; 90	'Z'
      000251 00                     642 	.db #0x00	; 0
      000252 00                     643 	.db #0x00	; 0
      000253 5A                     644 	.db #0x5a	; 90	'Z'
      000254 00                     645 	.db #0x00	; 0
      000255 00                     646 	.db #0x00	; 0
      000256 5A                     647 	.db #0x5a	; 90	'Z'
      000257 00                     648 	.db #0x00	; 0
      000258 00                     649 	.db #0x00	; 0
      000259 5A                     650 	.db #0x5a	; 90	'Z'
      00025A 00                     651 	.db #0x00	; 0
      00025B 00                     652 	.db #0x00	; 0
      00025C 5A                     653 	.db #0x5a	; 90	'Z'
      00025D 00                     654 	.db #0x00	; 0
      00025E 00                     655 	.db #0x00	; 0
      00025F 1C                     656 	.db #0x1c	; 28
      000260 FC                     657 	.db #0xfc	; 252
      000261 0F                     658 	.db #0x0f	; 15
      000262 1C                     659 	.db #0x1c	; 28
      000263 FC                     660 	.db #0xfc	; 252
      000264 08                     661 	.db #0x08	; 8
      000265 1C                     662 	.db #0x1c	; 28
      000266 FC                     663 	.db #0xfc	; 252
      000267 04                     664 	.db #0x04	; 4
      000268 5A                     665 	.db #0x5a	; 90	'Z'
      000269 00                     666 	.db #0x00	; 0
      00026A 00                     667 	.db #0x00	; 0
      00026B 10                     668 	.db #0x10	; 16
      00026C FC                     669 	.db #0xfc	; 252
      00026D 0F                     670 	.db #0x0f	; 15
      00026E 10                     671 	.db #0x10	; 16
      00026F FC                     672 	.db #0xfc	; 252
      000270 08                     673 	.db #0x08	; 8
      000271 15                     674 	.db #0x15	; 21
      000272 FC                     675 	.db #0xfc	; 252
      000273 0F                     676 	.db #0x0f	; 15
      000274 15                     677 	.db #0x15	; 21
      000275 FC                     678 	.db #0xfc	; 252
      000276 08                     679 	.db #0x08	; 8
      000277 15                     680 	.db #0x15	; 21
      000278 FC                     681 	.db #0xfc	; 252
      000279 04                     682 	.db #0x04	; 4
      00027A 5A                     683 	.db #0x5a	; 90	'Z'
      00027B 00                     684 	.db #0x00	; 0
      00027C 00                     685 	.db #0x00	; 0
      00027D 21                     686 	.db #0x21	; 33
      00027E FC                     687 	.db #0xfc	; 252
      00027F 0F                     688 	.db #0x0f	; 15
      000280 21                     689 	.db #0x21	; 33
      000281 FC                     690 	.db #0xfc	; 252
      000282 08                     691 	.db #0x08	; 8
      000283 15                     692 	.db #0x15	; 21
      000284 FC                     693 	.db #0xfc	; 252
      000285 0F                     694 	.db #0x0f	; 15
      000286 15                     695 	.db #0x15	; 21
      000287 FC                     696 	.db #0xfc	; 252
      000288 08                     697 	.db #0x08	; 8
      000289 12                     698 	.db #0x12	; 18
      00028A FC                     699 	.db #0xfc	; 252
      00028B 0F                     700 	.db #0x0f	; 15
      00028C 12                     701 	.db #0x12	; 18
      00028D FC                     702 	.db #0xfc	; 252
      00028E 08                     703 	.db #0x08	; 8
      00028F 12                     704 	.db #0x12	; 18
      000290 FC                     705 	.db #0xfc	; 252
      000291 04                     706 	.db #0x04	; 4
      000292 5A                     707 	.db #0x5a	; 90	'Z'
      000293 00                     708 	.db #0x00	; 0
      000294 00                     709 	.db #0x00	; 0
      000295 1E                     710 	.db #0x1e	; 30
      000296 FC                     711 	.db #0xfc	; 252
      000297 0F                     712 	.db #0x0f	; 15
      000298 1E                     713 	.db #0x1e	; 30
      000299 FC                     714 	.db #0xfc	; 252
      00029A 08                     715 	.db #0x08	; 8
      00029B 1E                     716 	.db #0x1e	; 30
      00029C FC                     717 	.db #0xfc	; 252
      00029D 04                     718 	.db #0x04	; 4
      00029E 5A                     719 	.db #0x5a	; 90	'Z'
      00029F 00                     720 	.db #0x00	; 0
      0002A0 00                     721 	.db #0x00	; 0
      0002A1 17                     722 	.db #0x17	; 23
      0002A2 FC                     723 	.db #0xfc	; 252
      0002A3 0F                     724 	.db #0x0f	; 15
      0002A4 17                     725 	.db #0x17	; 23
      0002A5 FC                     726 	.db #0xfc	; 252
      0002A6 08                     727 	.db #0x08	; 8
      0002A7 17                     728 	.db #0x17	; 23
      0002A8 FC                     729 	.db #0xfc	; 252
      0002A9 04                     730 	.db #0x04	; 4
      0002AA 5A                     731 	.db #0x5a	; 90	'Z'
      0002AB 00                     732 	.db #0x00	; 0
      0002AC 00                     733 	.db #0x00	; 0
      0002AD 5A                     734 	.db #0x5a	; 90	'Z'
      0002AE 00                     735 	.db #0x00	; 0
      0002AF 00                     736 	.db #0x00	; 0
      0002B0 5A                     737 	.db #0x5a	; 90	'Z'
      0002B1 00                     738 	.db #0x00	; 0
      0002B2 00                     739 	.db #0x00	; 0
      0002B3 5A                     740 	.db #0x5a	; 90	'Z'
      0002B4 00                     741 	.db #0x00	; 0
      0002B5 00                     742 	.db #0x00	; 0
      0002B6 5A                     743 	.db #0x5a	; 90	'Z'
      0002B7 00                     744 	.db #0x00	; 0
      0002B8 00                     745 	.db #0x00	; 0
      0002B9 5A                     746 	.db #0x5a	; 90	'Z'
      0002BA 00                     747 	.db #0x00	; 0
      0002BB 00                     748 	.db #0x00	; 0
      0002BC 5A                     749 	.db #0x5a	; 90	'Z'
      0002BD 00                     750 	.db #0x00	; 0
      0002BE 00                     751 	.db #0x00	; 0
      0002BF 23                     752 	.db #0x23	; 35
      0002C0 FC                     753 	.db #0xfc	; 252
      0002C1 0F                     754 	.db #0x0f	; 15
      0002C2 23                     755 	.db #0x23	; 35
      0002C3 FC                     756 	.db #0xfc	; 252
      0002C4 08                     757 	.db #0x08	; 8
      0002C5 23                     758 	.db #0x23	; 35
      0002C6 FC                     759 	.db #0xfc	; 252
      0002C7 04                     760 	.db #0x04	; 4
      0002C8 5A                     761 	.db #0x5a	; 90	'Z'
      0002C9 00                     762 	.db #0x00	; 0
      0002CA 00                     763 	.db #0x00	; 0
      0002CB 17                     764 	.db #0x17	; 23
      0002CC FC                     765 	.db #0xfc	; 252
      0002CD 0F                     766 	.db #0x0f	; 15
      0002CE 17                     767 	.db #0x17	; 23
      0002CF FC                     768 	.db #0xfc	; 252
      0002D0 08                     769 	.db #0x08	; 8
      0002D1 10                     770 	.db #0x10	; 16
      0002D2 FC                     771 	.db #0xfc	; 252
      0002D3 0F                     772 	.db #0x0f	; 15
      0002D4 10                     773 	.db #0x10	; 16
      0002D5 FC                     774 	.db #0xfc	; 252
      0002D6 08                     775 	.db #0x08	; 8
      0002D7 10                     776 	.db #0x10	; 16
      0002D8 FC                     777 	.db #0xfc	; 252
      0002D9 04                     778 	.db #0x04	; 4
      0002DA 5A                     779 	.db #0x5a	; 90	'Z'
      0002DB 00                     780 	.db #0x00	; 0
      0002DC 00                     781 	.db #0x00	; 0
      0002DD 1C                     782 	.db #0x1c	; 28
      0002DE FC                     783 	.db #0xfc	; 252
      0002DF 0F                     784 	.db #0x0f	; 15
      0002E0 1C                     785 	.db #0x1c	; 28
      0002E1 FC                     786 	.db #0xfc	; 252
      0002E2 08                     787 	.db #0x08	; 8
      0002E3 10                     788 	.db #0x10	; 16
      0002E4 FC                     789 	.db #0xfc	; 252
      0002E5 0F                     790 	.db #0x0f	; 15
      0002E6 10                     791 	.db #0x10	; 16
      0002E7 FC                     792 	.db #0xfc	; 252
      0002E8 08                     793 	.db #0x08	; 8
      0002E9 10                     794 	.db #0x10	; 16
      0002EA FC                     795 	.db #0xfc	; 252
      0002EB 04                     796 	.db #0x04	; 4
      0002EC 5A                     797 	.db #0x5a	; 90	'Z'
      0002ED 00                     798 	.db #0x00	; 0
      0002EE 00                     799 	.db #0x00	; 0
      0002EF 5A                     800 	.db #0x5a	; 90	'Z'
      0002F0 00                     801 	.db #0x00	; 0
      0002F1 00                     802 	.db #0x00	; 0
      0002F2 5A                     803 	.db #0x5a	; 90	'Z'
      0002F3 00                     804 	.db #0x00	; 0
      0002F4 00                     805 	.db #0x00	; 0
      0002F5 1C                     806 	.db #0x1c	; 28
      0002F6 FC                     807 	.db #0xfc	; 252
      0002F7 0F                     808 	.db #0x0f	; 15
      0002F8 1C                     809 	.db #0x1c	; 28
      0002F9 FC                     810 	.db #0xfc	; 252
      0002FA 08                     811 	.db #0x08	; 8
      0002FB 1C                     812 	.db #0x1c	; 28
      0002FC FC                     813 	.db #0xfc	; 252
      0002FD 04                     814 	.db #0x04	; 4
      0002FE 5A                     815 	.db #0x5a	; 90	'Z'
      0002FF 00                     816 	.db #0x00	; 0
      000300 00                     817 	.db #0x00	; 0
      000301                        818 _order1:
      000301rC1r00                  819 	.dw _P40
      000303                        820 _order2:
      000303r81r01                  821 	.dw _P41
      000305                        822 _order3:
      000305r41r02                  823 	.dw _P42
      000307                        824 _order4:
      000307r01r00                  825 	.dw _P3
      000309                        826 _duty_instruments:
      000309 08                     827 	.db #0x08	; 8
      00030A 40                     828 	.db #0x40	; 64
      00030B F0                     829 	.db #0xf0	; 240
      00030C 00 00                  830 	.dw #0x0000
      00030E 80                     831 	.db #0x80	; 128
      00030F 08                     832 	.db #0x08	; 8
      000310 80                     833 	.db #0x80	; 128
      000311 F0                     834 	.db #0xf0	; 240
      000312 00 00                  835 	.dw #0x0000
      000314 80                     836 	.db #0x80	; 128
      000315 08                     837 	.db #0x08	; 8
      000316 C0                     838 	.db #0xc0	; 192
      000317 F0                     839 	.db #0xf0	; 240
      000318 00 00                  840 	.dw #0x0000
      00031A 80                     841 	.db #0x80	; 128
      00031B 08                     842 	.db #0x08	; 8
      00031C 00                     843 	.db #0x00	; 0
      00031D F0                     844 	.db #0xf0	; 240
      00031E 00 00                  845 	.dw #0x0000
      000320 80                     846 	.db #0x80	; 128
      000321 08                     847 	.db #0x08	; 8
      000322 80                     848 	.db #0x80	; 128
      000323 F0                     849 	.db #0xf0	; 240
      000324 00 00                  850 	.dw #0x0000
      000326 80                     851 	.db #0x80	; 128
      000327 08                     852 	.db #0x08	; 8
      000328 80                     853 	.db #0x80	; 128
      000329 F0                     854 	.db #0xf0	; 240
      00032A 00 00                  855 	.dw #0x0000
      00032C 80                     856 	.db #0x80	; 128
      00032D 08                     857 	.db #0x08	; 8
      00032E 80                     858 	.db #0x80	; 128
      00032F F0                     859 	.db #0xf0	; 240
      000330 00 00                  860 	.dw #0x0000
      000332 80                     861 	.db #0x80	; 128
      000333 08                     862 	.db #0x08	; 8
      000334 80                     863 	.db #0x80	; 128
      000335 F0                     864 	.db #0xf0	; 240
      000336 00 00                  865 	.dw #0x0000
      000338 80                     866 	.db #0x80	; 128
      000339 08                     867 	.db #0x08	; 8
      00033A 80                     868 	.db #0x80	; 128
      00033B F0                     869 	.db #0xf0	; 240
      00033C 00 00                  870 	.dw #0x0000
      00033E 80                     871 	.db #0x80	; 128
      00033F 08                     872 	.db #0x08	; 8
      000340 80                     873 	.db #0x80	; 128
      000341 F0                     874 	.db #0xf0	; 240
      000342 00 00                  875 	.dw #0x0000
      000344 80                     876 	.db #0x80	; 128
      000345 08                     877 	.db #0x08	; 8
      000346 80                     878 	.db #0x80	; 128
      000347 F0                     879 	.db #0xf0	; 240
      000348 00 00                  880 	.dw #0x0000
      00034A 80                     881 	.db #0x80	; 128
      00034B 08                     882 	.db #0x08	; 8
      00034C 80                     883 	.db #0x80	; 128
      00034D F0                     884 	.db #0xf0	; 240
      00034E 00 00                  885 	.dw #0x0000
      000350 80                     886 	.db #0x80	; 128
      000351 08                     887 	.db #0x08	; 8
      000352 80                     888 	.db #0x80	; 128
      000353 F0                     889 	.db #0xf0	; 240
      000354 00 00                  890 	.dw #0x0000
      000356 80                     891 	.db #0x80	; 128
      000357 08                     892 	.db #0x08	; 8
      000358 80                     893 	.db #0x80	; 128
      000359 F0                     894 	.db #0xf0	; 240
      00035A 00 00                  895 	.dw #0x0000
      00035C 80                     896 	.db #0x80	; 128
      00035D 08                     897 	.db #0x08	; 8
      00035E 80                     898 	.db #0x80	; 128
      00035F F0                     899 	.db #0xf0	; 240
      000360 00 00                  900 	.dw #0x0000
      000362 80                     901 	.db #0x80	; 128
      000363                        902 _wave_instruments:
      000363 00                     903 	.db #0x00	; 0
      000364 20                     904 	.db #0x20	; 32
      000365 00                     905 	.db #0x00	; 0
      000366 00 00                  906 	.dw #0x0000
      000368 80                     907 	.db #0x80	; 128
      000369 00                     908 	.db #0x00	; 0
      00036A 20                     909 	.db #0x20	; 32
      00036B 01                     910 	.db #0x01	; 1
      00036C 00 00                  911 	.dw #0x0000
      00036E 80                     912 	.db #0x80	; 128
      00036F 00                     913 	.db #0x00	; 0
      000370 20                     914 	.db #0x20	; 32
      000371 02                     915 	.db #0x02	; 2
      000372 00 00                  916 	.dw #0x0000
      000374 80                     917 	.db #0x80	; 128
      000375 00                     918 	.db #0x00	; 0
      000376 20                     919 	.db #0x20	; 32
      000377 03                     920 	.db #0x03	; 3
      000378 00 00                  921 	.dw #0x0000
      00037A 80                     922 	.db #0x80	; 128
      00037B 00                     923 	.db #0x00	; 0
      00037C 20                     924 	.db #0x20	; 32
      00037D 04                     925 	.db #0x04	; 4
      00037E 00 00                  926 	.dw #0x0000
      000380 80                     927 	.db #0x80	; 128
      000381 00                     928 	.db #0x00	; 0
      000382 20                     929 	.db #0x20	; 32
      000383 05                     930 	.db #0x05	; 5
      000384 00 00                  931 	.dw #0x0000
      000386 80                     932 	.db #0x80	; 128
      000387 00                     933 	.db #0x00	; 0
      000388 20                     934 	.db #0x20	; 32
      000389 06                     935 	.db #0x06	; 6
      00038A 00 00                  936 	.dw #0x0000
      00038C 80                     937 	.db #0x80	; 128
      00038D 00                     938 	.db #0x00	; 0
      00038E 20                     939 	.db #0x20	; 32
      00038F 00                     940 	.db #0x00	; 0
      000390 00 00                  941 	.dw #0x0000
      000392 80                     942 	.db #0x80	; 128
      000393 00                     943 	.db #0x00	; 0
      000394 20                     944 	.db #0x20	; 32
      000395 01                     945 	.db #0x01	; 1
      000396 00 00                  946 	.dw #0x0000
      000398 80                     947 	.db #0x80	; 128
      000399 00                     948 	.db #0x00	; 0
      00039A 20                     949 	.db #0x20	; 32
      00039B 02                     950 	.db #0x02	; 2
      00039C 00 00                  951 	.dw #0x0000
      00039E 80                     952 	.db #0x80	; 128
      00039F 00                     953 	.db #0x00	; 0
      0003A0 20                     954 	.db #0x20	; 32
      0003A1 03                     955 	.db #0x03	; 3
      0003A2 00 00                  956 	.dw #0x0000
      0003A4 80                     957 	.db #0x80	; 128
      0003A5 00                     958 	.db #0x00	; 0
      0003A6 20                     959 	.db #0x20	; 32
      0003A7 04                     960 	.db #0x04	; 4
      0003A8 00 00                  961 	.dw #0x0000
      0003AA 80                     962 	.db #0x80	; 128
      0003AB 00                     963 	.db #0x00	; 0
      0003AC 20                     964 	.db #0x20	; 32
      0003AD 05                     965 	.db #0x05	; 5
      0003AE 00 00                  966 	.dw #0x0000
      0003B0 80                     967 	.db #0x80	; 128
      0003B1 00                     968 	.db #0x00	; 0
      0003B2 20                     969 	.db #0x20	; 32
      0003B3 06                     970 	.db #0x06	; 6
      0003B4 00 00                  971 	.dw #0x0000
      0003B6 80                     972 	.db #0x80	; 128
      0003B7 00                     973 	.db #0x00	; 0
      0003B8 20                     974 	.db #0x20	; 32
      0003B9 07                     975 	.db #0x07	; 7
      0003BA 00 00                  976 	.dw #0x0000
      0003BC 80                     977 	.db #0x80	; 128
      0003BD                        978 _noise_instruments:
      0003BD F0                     979 	.db #0xf0	; 240
      0003BE 00 00                  980 	.dw #0x0000
      0003C0 00                     981 	.db #0x00	; 0
      0003C1 00                     982 	.db #0x00	; 0
      0003C2 00                     983 	.db #0x00	; 0
      0003C3 F0                     984 	.db #0xf0	; 240
      0003C4 00 00                  985 	.dw #0x0000
      0003C6 00                     986 	.db #0x00	; 0
      0003C7 00                     987 	.db #0x00	; 0
      0003C8 00                     988 	.db #0x00	; 0
      0003C9 F0                     989 	.db #0xf0	; 240
      0003CA 00 00                  990 	.dw #0x0000
      0003CC 00                     991 	.db #0x00	; 0
      0003CD 00                     992 	.db #0x00	; 0
      0003CE 00                     993 	.db #0x00	; 0
      0003CF F0                     994 	.db #0xf0	; 240
      0003D0 00 00                  995 	.dw #0x0000
      0003D2 00                     996 	.db #0x00	; 0
      0003D3 00                     997 	.db #0x00	; 0
      0003D4 00                     998 	.db #0x00	; 0
      0003D5 F0                     999 	.db #0xf0	; 240
      0003D6 00 00                 1000 	.dw #0x0000
      0003D8 00                    1001 	.db #0x00	; 0
      0003D9 00                    1002 	.db #0x00	; 0
      0003DA 00                    1003 	.db #0x00	; 0
      0003DB F0                    1004 	.db #0xf0	; 240
      0003DC 00 00                 1005 	.dw #0x0000
      0003DE 00                    1006 	.db #0x00	; 0
      0003DF 00                    1007 	.db #0x00	; 0
      0003E0 00                    1008 	.db #0x00	; 0
      0003E1 F0                    1009 	.db #0xf0	; 240
      0003E2 00 00                 1010 	.dw #0x0000
      0003E4 00                    1011 	.db #0x00	; 0
      0003E5 00                    1012 	.db #0x00	; 0
      0003E6 00                    1013 	.db #0x00	; 0
      0003E7 F0                    1014 	.db #0xf0	; 240
      0003E8 00 00                 1015 	.dw #0x0000
      0003EA 00                    1016 	.db #0x00	; 0
      0003EB 00                    1017 	.db #0x00	; 0
      0003EC 00                    1018 	.db #0x00	; 0
      0003ED F0                    1019 	.db #0xf0	; 240
      0003EE 00 00                 1020 	.dw #0x0000
      0003F0 00                    1021 	.db #0x00	; 0
      0003F1 00                    1022 	.db #0x00	; 0
      0003F2 00                    1023 	.db #0x00	; 0
      0003F3 F0                    1024 	.db #0xf0	; 240
      0003F4 00 00                 1025 	.dw #0x0000
      0003F6 00                    1026 	.db #0x00	; 0
      0003F7 00                    1027 	.db #0x00	; 0
      0003F8 00                    1028 	.db #0x00	; 0
      0003F9 F0                    1029 	.db #0xf0	; 240
      0003FA 00 00                 1030 	.dw #0x0000
      0003FC 00                    1031 	.db #0x00	; 0
      0003FD 00                    1032 	.db #0x00	; 0
      0003FE 00                    1033 	.db #0x00	; 0
      0003FF F0                    1034 	.db #0xf0	; 240
      000400 00 00                 1035 	.dw #0x0000
      000402 00                    1036 	.db #0x00	; 0
      000403 00                    1037 	.db #0x00	; 0
      000404 00                    1038 	.db #0x00	; 0
      000405 F0                    1039 	.db #0xf0	; 240
      000406 00 00                 1040 	.dw #0x0000
      000408 00                    1041 	.db #0x00	; 0
      000409 00                    1042 	.db #0x00	; 0
      00040A 00                    1043 	.db #0x00	; 0
      00040B F0                    1044 	.db #0xf0	; 240
      00040C 00 00                 1045 	.dw #0x0000
      00040E 00                    1046 	.db #0x00	; 0
      00040F 00                    1047 	.db #0x00	; 0
      000410 00                    1048 	.db #0x00	; 0
      000411 F0                    1049 	.db #0xf0	; 240
      000412 00 00                 1050 	.dw #0x0000
      000414 00                    1051 	.db #0x00	; 0
      000415 00                    1052 	.db #0x00	; 0
      000416 00                    1053 	.db #0x00	; 0
      000417                       1054 _waves:
      000417 A5                    1055 	.db #0xa5	; 165
      000418 D7                    1056 	.db #0xd7	; 215
      000419 C9                    1057 	.db #0xc9	; 201
      00041A E1                    1058 	.db #0xe1	; 225
      00041B BC                    1059 	.db #0xbc	; 188
      00041C 9A                    1060 	.db #0x9a	; 154
      00041D 76                    1061 	.db #0x76	; 118	'v'
      00041E 31                    1062 	.db #0x31	; 49	'1'
      00041F 0C                    1063 	.db #0x0c	; 12
      000420 BA                    1064 	.db #0xba	; 186
      000421 DE                    1065 	.db #0xde	; 222
      000422 60                    1066 	.db #0x60	; 96
      000423 1B                    1067 	.db #0x1b	; 27
      000424 CA                    1068 	.db #0xca	; 202
      000425 03                    1069 	.db #0x03	; 3
      000426 93                    1070 	.db #0x93	; 147
      000427 F0                    1071 	.db #0xf0	; 240
      000428 E1                    1072 	.db #0xe1	; 225
      000429 D2                    1073 	.db #0xd2	; 210
      00042A C3                    1074 	.db #0xc3	; 195
      00042B B4                    1075 	.db #0xb4	; 180
      00042C A5                    1076 	.db #0xa5	; 165
      00042D 96                    1077 	.db #0x96	; 150
      00042E 87                    1078 	.db #0x87	; 135
      00042F 78                    1079 	.db #0x78	; 120	'x'
      000430 69                    1080 	.db #0x69	; 105	'i'
      000431 5A                    1081 	.db #0x5a	; 90	'Z'
      000432 4B                    1082 	.db #0x4b	; 75	'K'
      000433 3C                    1083 	.db #0x3c	; 60
      000434 2D                    1084 	.db #0x2d	; 45
      000435 1E                    1085 	.db #0x1e	; 30
      000436 0F                    1086 	.db #0x0f	; 15
      000437 FD                    1087 	.db #0xfd	; 253
      000438 EC                    1088 	.db #0xec	; 236
      000439 DB                    1089 	.db #0xdb	; 219
      00043A CA                    1090 	.db #0xca	; 202
      00043B B9                    1091 	.db #0xb9	; 185
      00043C A8                    1092 	.db #0xa8	; 168
      00043D 97                    1093 	.db #0x97	; 151
      00043E 86                    1094 	.db #0x86	; 134
      00043F 79                    1095 	.db #0x79	; 121	'y'
      000440 68                    1096 	.db #0x68	; 104	'h'
      000441 57                    1097 	.db #0x57	; 87	'W'
      000442 46                    1098 	.db #0x46	; 70	'F'
      000443 35                    1099 	.db #0x35	; 53	'5'
      000444 24                    1100 	.db #0x24	; 36
      000445 13                    1101 	.db #0x13	; 19
      000446 02                    1102 	.db #0x02	; 2
      000447 DE                    1103 	.db #0xde	; 222
      000448 FE                    1104 	.db #0xfe	; 254
      000449 DC                    1105 	.db #0xdc	; 220
      00044A BA                    1106 	.db #0xba	; 186
      00044B 9A                    1107 	.db #0x9a	; 154
      00044C A9                    1108 	.db #0xa9	; 169
      00044D 87                    1109 	.db #0x87	; 135
      00044E 77                    1110 	.db #0x77	; 119	'w'
      00044F 88                    1111 	.db #0x88	; 136
      000450 87                    1112 	.db #0x87	; 135
      000451 65                    1113 	.db #0x65	; 101	'e'
      000452 56                    1114 	.db #0x56	; 86	'V'
      000453 54                    1115 	.db #0x54	; 84	'T'
      000454 32                    1116 	.db #0x32	; 50	'2'
      000455 10                    1117 	.db #0x10	; 16
      000456 12                    1118 	.db #0x12	; 18
      000457 AB                    1119 	.db #0xab	; 171
      000458 CD                    1120 	.db #0xcd	; 205
      000459 EF                    1121 	.db #0xef	; 239
      00045A ED                    1122 	.db #0xed	; 237
      00045B CB                    1123 	.db #0xcb	; 203
      00045C A0                    1124 	.db #0xa0	; 160
      00045D 12                    1125 	.db #0x12	; 18
      00045E 3E                    1126 	.db #0x3e	; 62
      00045F DC                    1127 	.db #0xdc	; 220
      000460 BA                    1128 	.db #0xba	; 186
      000461 BC                    1129 	.db #0xbc	; 188
      000462 DE                    1130 	.db #0xde	; 222
      000463 FE                    1131 	.db #0xfe	; 254
      000464 DC                    1132 	.db #0xdc	; 220
      000465 32                    1133 	.db #0x32	; 50	'2'
      000466 10                    1134 	.db #0x10	; 16
      000467 FF                    1135 	.db #0xff	; 255
      000468 EE                    1136 	.db #0xee	; 238
      000469 DD                    1137 	.db #0xdd	; 221
      00046A CC                    1138 	.db #0xcc	; 204
      00046B BB                    1139 	.db #0xbb	; 187
      00046C AA                    1140 	.db #0xaa	; 170
      00046D 99                    1141 	.db #0x99	; 153
      00046E 88                    1142 	.db #0x88	; 136
      00046F 77                    1143 	.db #0x77	; 119	'w'
      000470 66                    1144 	.db #0x66	; 102	'f'
      000471 55                    1145 	.db #0x55	; 85	'U'
      000472 44                    1146 	.db #0x44	; 68	'D'
      000473 33                    1147 	.db #0x33	; 51	'3'
      000474 22                    1148 	.db #0x22	; 34
      000475 11                    1149 	.db #0x11	; 17
      000476 00                    1150 	.db #0x00	; 0
      000477 FF                    1151 	.db #0xff	; 255
      000478 FF                    1152 	.db #0xff	; 255
      000479 FF                    1153 	.db #0xff	; 255
      00047A FF                    1154 	.db #0xff	; 255
      00047B FF                    1155 	.db #0xff	; 255
      00047C FF                    1156 	.db #0xff	; 255
      00047D FF                    1157 	.db #0xff	; 255
      00047E FF                    1158 	.db #0xff	; 255
      00047F 00                    1159 	.db #0x00	; 0
      000480 00                    1160 	.db #0x00	; 0
      000481 00                    1161 	.db #0x00	; 0
      000482 00                    1162 	.db #0x00	; 0
      000483 00                    1163 	.db #0x00	; 0
      000484 00                    1164 	.db #0x00	; 0
      000485 00                    1165 	.db #0x00	; 0
      000486 00                    1166 	.db #0x00	; 0
      000487 79                    1167 	.db #0x79	; 121	'y'
      000488 BC                    1168 	.db #0xbc	; 188
      000489 DE                    1169 	.db #0xde	; 222
      00048A EF                    1170 	.db #0xef	; 239
      00048B FF                    1171 	.db #0xff	; 255
      00048C EE                    1172 	.db #0xee	; 238
      00048D DC                    1173 	.db #0xdc	; 220
      00048E B9                    1174 	.db #0xb9	; 185
      00048F 75                    1175 	.db #0x75	; 117	'u'
      000490 43                    1176 	.db #0x43	; 67	'C'
      000491 21                    1177 	.db #0x21	; 33
      000492 10                    1178 	.db #0x10	; 16
      000493 00                    1179 	.db #0x00	; 0
      000494 11                    1180 	.db #0x11	; 17
      000495 23                    1181 	.db #0x23	; 35
      000496 45                    1182 	.db #0x45	; 69	'E'
      000497 D3                    1183 	.db #0xd3	; 211
      000498 2C                    1184 	.db #0x2c	; 44
      000499 54                    1185 	.db #0x54	; 84	'T'
      00049A E5                    1186 	.db #0xe5	; 229
      00049B E6                    1187 	.db #0xe6	; 230
      00049C 0A                    1188 	.db #0x0a	; 10
      00049D 53                    1189 	.db #0x53	; 83	'S'
      00049E 5E                    1190 	.db #0x5e	; 94
      00049F 2A                    1191 	.db #0x2a	; 42
      0004A0 3E                    1192 	.db #0x3e	; 62
      0004A1 A8                    1193 	.db #0xa8	; 168
      0004A2 3A                    1194 	.db #0x3a	; 58
      0004A3 76                    1195 	.db #0x76	; 118	'v'
      0004A4 3B                    1196 	.db #0x3b	; 59
      0004A5 33                    1197 	.db #0x33	; 51	'3'
      0004A6 10                    1198 	.db #0x10	; 16
      0004A7 53                    1199 	.db #0x53	; 83	'S'
      0004A8 14                    1200 	.db #0x14	; 20
      0004A9 4D                    1201 	.db #0x4d	; 77	'M'
      0004AA 94                    1202 	.db #0x94	; 148
      0004AB 41                    1203 	.db #0x41	; 65	'A'
      0004AC D3                    1204 	.db #0xd3	; 211
      0004AD 71                    1205 	.db #0x71	; 113	'q'
      0004AE 7A                    1206 	.db #0x7a	; 122	'z'
      0004AF D5                    1207 	.db #0xd5	; 213
      0004B0 24                    1208 	.db #0x24	; 36
      0004B1 52                    1209 	.db #0x52	; 82	'R'
      0004B2 74                    1210 	.db #0x74	; 116	't'
      0004B3 3A                    1211 	.db #0x3a	; 58
      0004B4 57                    1212 	.db #0x57	; 87	'W'
      0004B5 7B                    1213 	.db #0x7b	; 123
      0004B6 08                    1214 	.db #0x08	; 8
      0004B7 A3                    1215 	.db #0xa3	; 163
      0004B8 91                    1216 	.db #0x91	; 145
      0004B9 4D                    1217 	.db #0x4d	; 77	'M'
      0004BA C3                    1218 	.db #0xc3	; 195
      0004BB 08                    1219 	.db #0x08	; 8
      0004BC 29                    1220 	.db #0x29	; 41
      0004BD A9                    1221 	.db #0xa9	; 169
      0004BE 1D                    1222 	.db #0x1d	; 29
      0004BF 59                    1223 	.db #0x59	; 89	'Y'
      0004C0 69                    1224 	.db #0x69	; 105	'i'
      0004C1 D0                    1225 	.db #0xd0	; 208
      0004C2 B3                    1226 	.db #0xb3	; 179
      0004C3 7E                    1227 	.db #0x7e	; 126
      0004C4 44                    1228 	.db #0x44	; 68	'D'
      0004C5 51                    1229 	.db #0x51	; 81	'Q'
      0004C6 E0                    1230 	.db #0xe0	; 224
      0004C7 C1                    1231 	.db #0xc1	; 193
      0004C8 A3                    1232 	.db #0xa3	; 163
      0004C9 75                    1233 	.db #0x75	; 117	'u'
      0004CA 22                    1234 	.db #0x22	; 34
      0004CB CC                    1235 	.db #0xcc	; 204
      0004CC 72                    1236 	.db #0x72	; 114	'r'
      0004CD 5A                    1237 	.db #0x5a	; 90	'Z'
      0004CE D6                    1238 	.db #0xd6	; 214
      0004CF C8                    1239 	.db #0xc8	; 200
      0004D0 A0                    1240 	.db #0xa0	; 160
      0004D1 46                    1241 	.db #0x46	; 70	'F'
      0004D2 E3                    1242 	.db #0xe3	; 227
      0004D3 CC                    1243 	.db #0xcc	; 204
      0004D4 99                    1244 	.db #0x99	; 153
      0004D5 01                    1245 	.db #0x01	; 1
      0004D6 B1                    1246 	.db #0xb1	; 177
      0004D7 36                    1247 	.db #0x36	; 54	'6'
      0004D8 05                    1248 	.db #0x05	; 5
      0004D9 CE                    1249 	.db #0xce	; 206
      0004DA 16                    1250 	.db #0x16	; 22
      0004DB 91                    1251 	.db #0x91	; 145
      0004DC B3                    1252 	.db #0xb3	; 179
      0004DD 0D                    1253 	.db #0x0d	; 13
      0004DE D9                    1254 	.db #0xd9	; 217
      0004DF 92                    1255 	.db #0x92	; 146
      0004E0 18                    1256 	.db #0x18	; 24
      0004E1 9A                    1257 	.db #0x9a	; 154
      0004E2 1E                    1258 	.db #0x1e	; 30
      0004E3 B3                    1259 	.db #0xb3	; 179
      0004E4 7D                    1260 	.db #0x7d	; 125
      0004E5 48                    1261 	.db #0x48	; 72	'H'
      0004E6 17                    1262 	.db #0x17	; 23
      0004E7 EA                    1263 	.db #0xea	; 234
      0004E8 32                    1264 	.db #0x32	; 50	'2'
      0004E9 13                    1265 	.db #0x13	; 19
      0004EA 64                    1266 	.db #0x64	; 100	'd'
      0004EB 3A                    1267 	.db #0x3a	; 58
      0004EC 76                    1268 	.db #0x76	; 118	'v'
      0004ED 97                    1269 	.db #0x97	; 151
      0004EE 9C                    1270 	.db #0x9c	; 156
      0004EF 4A                    1271 	.db #0x4a	; 74	'J'
      0004F0 CA                    1272 	.db #0xca	; 202
      0004F1 8D                    1273 	.db #0x8d	; 141
      0004F2 CC                    1274 	.db #0xcc	; 204
      0004F3 E4                    1275 	.db #0xe4	; 228
      0004F4 81                    1276 	.db #0x81	; 129
      0004F5 EB                    1277 	.db #0xeb	; 235
      0004F6 AB                    1278 	.db #0xab	; 171
      0004F7 D8                    1279 	.db #0xd8	; 216
      0004F8 CC                    1280 	.db #0xcc	; 204
      0004F9 C6                    1281 	.db #0xc6	; 198
      0004FA 8C                    1282 	.db #0x8c	; 140
      0004FB 0E                    1283 	.db #0x0e	; 14
      0004FC 50                    1284 	.db #0x50	; 80	'P'
      0004FD CD                    1285 	.db #0xcd	; 205
      0004FE 2E                    1286 	.db #0x2e	; 46
      0004FF 76                    1287 	.db #0x76	; 118	'v'
      000500 D8                    1288 	.db #0xd8	; 216
      000501 51                    1289 	.db #0x51	; 81	'Q'
      000502 B0                    1290 	.db #0xb0	; 176
      000503 C7                    1291 	.db #0xc7	; 199
      000504 E9                    1292 	.db #0xe9	; 233
      000505 44                    1293 	.db #0x44	; 68	'D'
      000506 12                    1294 	.db #0x12	; 18
      000507 5C                    1295 	.db #0x5c	; 92
      000508 71                    1296 	.db #0x71	; 113	'q'
      000509 24                    1297 	.db #0x24	; 36
      00050A 06                    1298 	.db #0x06	; 6
      00050B D4                    1299 	.db #0xd4	; 212
      00050C B7                    1300 	.db #0xb7	; 183
      00050D 8E                    1301 	.db #0x8e	; 142
      00050E 3D                    1302 	.db #0x3d	; 61
      00050F 52                    1303 	.db #0x52	; 82	'R'
      000510 DA                    1304 	.db #0xda	; 218
      000511 2A                    1305 	.db #0x2a	; 42
      000512 D7                    1306 	.db #0xd7	; 215
      000513 89                    1307 	.db #0x89	; 137
      000514 E1                    1308 	.db #0xe1	; 225
      000515 8E                    1309 	.db #0x8e	; 142
      000516 2C                    1310 	.db #0x2c	; 44
      000517                       1311 _templateTwilightDriveSong:
      000517 06                    1312 	.db #0x06	; 6
      000518r00r00                 1313 	.dw _order_cnt
      00051Ar01r03                 1314 	.dw _order1
      00051Cr03r03                 1315 	.dw _order2
      00051Er05r03                 1316 	.dw _order3
      000520r07r03                 1317 	.dw _order4
      000522r09r03                 1318 	.dw _duty_instruments
      000524r63r03                 1319 	.dw _wave_instruments
      000526rBDr03                 1320 	.dw _noise_instruments
      000528 00 00                 1321 	.dw #0x0000
      00052Ar17r04                 1322 	.dw _waves
                                   1323 	.area _INITIALIZER
                                   1324 	.area _CABS (ABS)
