                                      1 ;--------------------------------------------------------
                                      2 ; File Created by SDCC : free open source ANSI-C Compiler
                                      3 ; Version 4.1.6 #12539 (MINGW32)
                                      4 ;--------------------------------------------------------
                                      5 	.module bownlyTheWhite2Song
                                      6 	.optsdcc -mgbz80
                                      7 	
                                      8 ;--------------------------------------------------------
                                      9 ; Public variables in this module
                                     10 ;--------------------------------------------------------
                                     11 	.globl _bownlyTheWhite2Song
                                     12 ;--------------------------------------------------------
                                     13 ; special function registers
                                     14 ;--------------------------------------------------------
                                     15 ;--------------------------------------------------------
                                     16 ; ram data
                                     17 ;--------------------------------------------------------
                                     18 	.area _DATA
                                     19 ;--------------------------------------------------------
                                     20 ; ram data
                                     21 ;--------------------------------------------------------
                                     22 	.area _INITIALIZED
                                     23 ;--------------------------------------------------------
                                     24 ; absolute external ram data
                                     25 ;--------------------------------------------------------
                                     26 	.area _DABS (ABS)
                                     27 ;--------------------------------------------------------
                                     28 ; global & static initialisations
                                     29 ;--------------------------------------------------------
                                     30 	.area _HOME
                                     31 	.area _GSINIT
                                     32 	.area _GSFINAL
                                     33 	.area _GSINIT
                                     34 ;--------------------------------------------------------
                                     35 ; Home
                                     36 ;--------------------------------------------------------
                                     37 	.area _HOME
                                     38 	.area _HOME
                                     39 ;--------------------------------------------------------
                                     40 ; code
                                     41 ;--------------------------------------------------------
                                     42 	.area _CODE_2
                                     43 	.area _CODE_2
      000000                         44 _order_cnt:
      000000 02                      45 	.db #0x02	; 2
      000001                         46 _P0:
      000001 1E                      47 	.db #0x1e	; 30
      000002 2C                      48 	.db #0x2c	; 44
      000003 1A                      49 	.db #0x1a	; 26
      000004 5A                      50 	.db #0x5a	; 90	'Z'
      000005 00                      51 	.db #0x00	; 0
      000006 00                      52 	.db #0x00	; 0
      000007 1E                      53 	.db #0x1e	; 30
      000008 2C                      54 	.db #0x2c	; 44
      000009 0B                      55 	.db #0x0b	; 11
      00000A 21                      56 	.db #0x21	; 33
      00000B 2C                      57 	.db #0x2c	; 44
      00000C 1A                      58 	.db #0x1a	; 26
      00000D 5A                      59 	.db #0x5a	; 90	'Z'
      00000E 00                      60 	.db #0x00	; 0
      00000F 00                      61 	.db #0x00	; 0
      000010 5A                      62 	.db #0x5a	; 90	'Z'
      000011 00                      63 	.db #0x00	; 0
      000012 00                      64 	.db #0x00	; 0
      000013 23                      65 	.db #0x23	; 35
      000014 2C                      66 	.db #0x2c	; 44
      000015 1A                      67 	.db #0x1a	; 26
      000016 21                      68 	.db #0x21	; 33
      000017 2C                      69 	.db #0x2c	; 44
      000018 1A                      70 	.db #0x1a	; 26
      000019 1E                      71 	.db #0x1e	; 30
      00001A 2C                      72 	.db #0x2c	; 44
      00001B 1A                      73 	.db #0x1a	; 26
      00001C 5A                      74 	.db #0x5a	; 90	'Z'
      00001D 00                      75 	.db #0x00	; 0
      00001E 00                      76 	.db #0x00	; 0
      00001F 1C                      77 	.db #0x1c	; 28
      000020 2C                      78 	.db #0x2c	; 44
      000021 1A                      79 	.db #0x1a	; 26
      000022 5A                      80 	.db #0x5a	; 90	'Z'
      000023 00                      81 	.db #0x00	; 0
      000024 00                      82 	.db #0x00	; 0
      000025 1A                      83 	.db #0x1a	; 26
      000026 2C                      84 	.db #0x2c	; 44
      000027 1A                      85 	.db #0x1a	; 26
      000028 5A                      86 	.db #0x5a	; 90	'Z'
      000029 00                      87 	.db #0x00	; 0
      00002A 00                      88 	.db #0x00	; 0
      00002B 1C                      89 	.db #0x1c	; 28
      00002C 2C                      90 	.db #0x2c	; 44
      00002D 1A                      91 	.db #0x1a	; 26
      00002E 1A                      92 	.db #0x1a	; 26
      00002F 2C                      93 	.db #0x2c	; 44
      000030 1A                      94 	.db #0x1a	; 26
      000031 1C                      95 	.db #0x1c	; 28
      000032 2C                      96 	.db #0x2c	; 44
      000033 1A                      97 	.db #0x1a	; 26
      000034 5A                      98 	.db #0x5a	; 90	'Z'
      000035 00                      99 	.db #0x00	; 0
      000036 00                     100 	.db #0x00	; 0
      000037 5A                     101 	.db #0x5a	; 90	'Z'
      000038 00                     102 	.db #0x00	; 0
      000039 00                     103 	.db #0x00	; 0
      00003A 1A                     104 	.db #0x1a	; 26
      00003B 2C                     105 	.db #0x2c	; 44
      00003C 1A                     106 	.db #0x1a	; 26
      00003D 5A                     107 	.db #0x5a	; 90	'Z'
      00003E 00                     108 	.db #0x00	; 0
      00003F 00                     109 	.db #0x00	; 0
      000040 1C                     110 	.db #0x1c	; 28
      000041 2C                     111 	.db #0x2c	; 44
      000042 1A                     112 	.db #0x1a	; 26
      000043 1E                     113 	.db #0x1e	; 30
      000044 2C                     114 	.db #0x2c	; 44
      000045 1A                     115 	.db #0x1a	; 26
      000046 1C                     116 	.db #0x1c	; 28
      000047 2C                     117 	.db #0x2c	; 44
      000048 1A                     118 	.db #0x1a	; 26
      000049 1A                     119 	.db #0x1a	; 26
      00004A 2C                     120 	.db #0x2c	; 44
      00004B 1A                     121 	.db #0x1a	; 26
      00004C 5A                     122 	.db #0x5a	; 90	'Z'
      00004D 00                     123 	.db #0x00	; 0
      00004E 00                     124 	.db #0x00	; 0
      00004F 5A                     125 	.db #0x5a	; 90	'Z'
      000050 00                     126 	.db #0x00	; 0
      000051 00                     127 	.db #0x00	; 0
      000052 5A                     128 	.db #0x5a	; 90	'Z'
      000053 00                     129 	.db #0x00	; 0
      000054 00                     130 	.db #0x00	; 0
      000055 5A                     131 	.db #0x5a	; 90	'Z'
      000056 0E                     132 	.db #0x0e	; 14
      000057 00                     133 	.db #0x00	; 0
      000058 1A                     134 	.db #0x1a	; 26
      000059 2C                     135 	.db #0x2c	; 44
      00005A 1A                     136 	.db #0x1a	; 26
      00005B 1C                     137 	.db #0x1c	; 28
      00005C 2C                     138 	.db #0x2c	; 44
      00005D 1A                     139 	.db #0x1a	; 26
      00005E 1E                     140 	.db #0x1e	; 30
      00005F 2C                     141 	.db #0x2c	; 44
      000060 1A                     142 	.db #0x1a	; 26
      000061 5A                     143 	.db #0x5a	; 90	'Z'
      000062 00                     144 	.db #0x00	; 0
      000063 00                     145 	.db #0x00	; 0
      000064 5A                     146 	.db #0x5a	; 90	'Z'
      000065 00                     147 	.db #0x00	; 0
      000066 00                     148 	.db #0x00	; 0
      000067 21                     149 	.db #0x21	; 33
      000068 2C                     150 	.db #0x2c	; 44
      000069 1A                     151 	.db #0x1a	; 26
      00006A 5A                     152 	.db #0x5a	; 90	'Z'
      00006B 00                     153 	.db #0x00	; 0
      00006C 00                     154 	.db #0x00	; 0
      00006D 5A                     155 	.db #0x5a	; 90	'Z'
      00006E 00                     156 	.db #0x00	; 0
      00006F 00                     157 	.db #0x00	; 0
      000070 23                     158 	.db #0x23	; 35
      000071 2C                     159 	.db #0x2c	; 44
      000072 1A                     160 	.db #0x1a	; 26
      000073 5A                     161 	.db #0x5a	; 90	'Z'
      000074 00                     162 	.db #0x00	; 0
      000075 00                     163 	.db #0x00	; 0
      000076 26                     164 	.db #0x26	; 38
      000077 2C                     165 	.db #0x2c	; 44
      000078 1A                     166 	.db #0x1a	; 26
      000079 5A                     167 	.db #0x5a	; 90	'Z'
      00007A 00                     168 	.db #0x00	; 0
      00007B 00                     169 	.db #0x00	; 0
      00007C 5A                     170 	.db #0x5a	; 90	'Z'
      00007D 00                     171 	.db #0x00	; 0
      00007E 00                     172 	.db #0x00	; 0
      00007F 5A                     173 	.db #0x5a	; 90	'Z'
      000080 00                     174 	.db #0x00	; 0
      000081 00                     175 	.db #0x00	; 0
      000082 23                     176 	.db #0x23	; 35
      000083 2C                     177 	.db #0x2c	; 44
      000084 1A                     178 	.db #0x1a	; 26
      000085 5A                     179 	.db #0x5a	; 90	'Z'
      000086 00                     180 	.db #0x00	; 0
      000087 00                     181 	.db #0x00	; 0
      000088 5A                     182 	.db #0x5a	; 90	'Z'
      000089 00                     183 	.db #0x00	; 0
      00008A 00                     184 	.db #0x00	; 0
      00008B 5A                     185 	.db #0x5a	; 90	'Z'
      00008C 00                     186 	.db #0x00	; 0
      00008D 00                     187 	.db #0x00	; 0
      00008E 1C                     188 	.db #0x1c	; 28
      00008F 2C                     189 	.db #0x2c	; 44
      000090 1A                     190 	.db #0x1a	; 26
      000091 5A                     191 	.db #0x5a	; 90	'Z'
      000092 00                     192 	.db #0x00	; 0
      000093 00                     193 	.db #0x00	; 0
      000094 5A                     194 	.db #0x5a	; 90	'Z'
      000095 00                     195 	.db #0x00	; 0
      000096 00                     196 	.db #0x00	; 0
      000097 1A                     197 	.db #0x1a	; 26
      000098 2C                     198 	.db #0x2c	; 44
      000099 1A                     199 	.db #0x1a	; 26
      00009A 1C                     200 	.db #0x1c	; 28
      00009B 2C                     201 	.db #0x2c	; 44
      00009C 1A                     202 	.db #0x1a	; 26
      00009D 5A                     203 	.db #0x5a	; 90	'Z'
      00009E 00                     204 	.db #0x00	; 0
      00009F 00                     205 	.db #0x00	; 0
      0000A0 1A                     206 	.db #0x1a	; 26
      0000A1 2C                     207 	.db #0x2c	; 44
      0000A2 1A                     208 	.db #0x1a	; 26
      0000A3 5A                     209 	.db #0x5a	; 90	'Z'
      0000A4 00                     210 	.db #0x00	; 0
      0000A5 00                     211 	.db #0x00	; 0
      0000A6 17                     212 	.db #0x17	; 23
      0000A7 2C                     213 	.db #0x2c	; 44
      0000A8 1A                     214 	.db #0x1a	; 26
      0000A9 5A                     215 	.db #0x5a	; 90	'Z'
      0000AA 00                     216 	.db #0x00	; 0
      0000AB 00                     217 	.db #0x00	; 0
      0000AC 5A                     218 	.db #0x5a	; 90	'Z'
      0000AD 00                     219 	.db #0x00	; 0
      0000AE 00                     220 	.db #0x00	; 0
      0000AF 5A                     221 	.db #0x5a	; 90	'Z'
      0000B0 00                     222 	.db #0x00	; 0
      0000B1 00                     223 	.db #0x00	; 0
      0000B2 5A                     224 	.db #0x5a	; 90	'Z'
      0000B3 00                     225 	.db #0x00	; 0
      0000B4 00                     226 	.db #0x00	; 0
      0000B5 5A                     227 	.db #0x5a	; 90	'Z'
      0000B6 00                     228 	.db #0x00	; 0
      0000B7 00                     229 	.db #0x00	; 0
      0000B8 5A                     230 	.db #0x5a	; 90	'Z'
      0000B9 00                     231 	.db #0x00	; 0
      0000BA 00                     232 	.db #0x00	; 0
      0000BB 5A                     233 	.db #0x5a	; 90	'Z'
      0000BC 00                     234 	.db #0x00	; 0
      0000BD 00                     235 	.db #0x00	; 0
      0000BE 5A                     236 	.db #0x5a	; 90	'Z'
      0000BF 00                     237 	.db #0x00	; 0
      0000C0 00                     238 	.db #0x00	; 0
      0000C1                        239 _P1:
      0000C1 06                     240 	.db #0x06	; 6
      0000C2 2C                     241 	.db #0x2c	; 44
      0000C3 08                     242 	.db #0x08	; 8
      0000C4 5A                     243 	.db #0x5a	; 90	'Z'
      0000C5 00                     244 	.db #0x00	; 0
      0000C6 00                     245 	.db #0x00	; 0
      0000C7 02                     246 	.db #0x02	; 2
      0000C8 2C                     247 	.db #0x2c	; 44
      0000C9 08                     248 	.db #0x08	; 8
      0000CA 5A                     249 	.db #0x5a	; 90	'Z'
      0000CB 00                     250 	.db #0x00	; 0
      0000CC 00                     251 	.db #0x00	; 0
      0000CD 5A                     252 	.db #0x5a	; 90	'Z'
      0000CE 0E                     253 	.db #0x0e	; 14
      0000CF 00                     254 	.db #0x00	; 0
      0000D0 5A                     255 	.db #0x5a	; 90	'Z'
      0000D1 00                     256 	.db #0x00	; 0
      0000D2 00                     257 	.db #0x00	; 0
      0000D3 02                     258 	.db #0x02	; 2
      0000D4 2C                     259 	.db #0x2c	; 44
      0000D5 08                     260 	.db #0x08	; 8
      0000D6 5A                     261 	.db #0x5a	; 90	'Z'
      0000D7 00                     262 	.db #0x00	; 0
      0000D8 00                     263 	.db #0x00	; 0
      0000D9 5A                     264 	.db #0x5a	; 90	'Z'
      0000DA 0E                     265 	.db #0x0e	; 14
      0000DB 00                     266 	.db #0x00	; 0
      0000DC 5A                     267 	.db #0x5a	; 90	'Z'
      0000DD 00                     268 	.db #0x00	; 0
      0000DE 00                     269 	.db #0x00	; 0
      0000DF 02                     270 	.db #0x02	; 2
      0000E0 2C                     271 	.db #0x2c	; 44
      0000E1 08                     272 	.db #0x08	; 8
      0000E2 5A                     273 	.db #0x5a	; 90	'Z'
      0000E3 00                     274 	.db #0x00	; 0
      0000E4 00                     275 	.db #0x00	; 0
      0000E5 5A                     276 	.db #0x5a	; 90	'Z'
      0000E6 0E                     277 	.db #0x0e	; 14
      0000E7 00                     278 	.db #0x00	; 0
      0000E8 5A                     279 	.db #0x5a	; 90	'Z'
      0000E9 00                     280 	.db #0x00	; 0
      0000EA 00                     281 	.db #0x00	; 0
      0000EB 02                     282 	.db #0x02	; 2
      0000EC 2C                     283 	.db #0x2c	; 44
      0000ED 08                     284 	.db #0x08	; 8
      0000EE 5A                     285 	.db #0x5a	; 90	'Z'
      0000EF 00                     286 	.db #0x00	; 0
      0000F0 00                     287 	.db #0x00	; 0
      0000F1 04                     288 	.db #0x04	; 4
      0000F2 2C                     289 	.db #0x2c	; 44
      0000F3 08                     290 	.db #0x08	; 8
      0000F4 04                     291 	.db #0x04	; 4
      0000F5 2C                     292 	.db #0x2c	; 44
      0000F6 04                     293 	.db #0x04	; 4
      0000F7 04                     294 	.db #0x04	; 4
      0000F8 2C                     295 	.db #0x2c	; 44
      0000F9 08                     296 	.db #0x08	; 8
      0000FA 04                     297 	.db #0x04	; 4
      0000FB 2C                     298 	.db #0x2c	; 44
      0000FC 04                     299 	.db #0x04	; 4
      0000FD 5A                     300 	.db #0x5a	; 90	'Z'
      0000FE 0E                     301 	.db #0x0e	; 14
      0000FF 00                     302 	.db #0x00	; 0
      000100 5A                     303 	.db #0x5a	; 90	'Z'
      000101 00                     304 	.db #0x00	; 0
      000102 00                     305 	.db #0x00	; 0
      000103 04                     306 	.db #0x04	; 4
      000104 2C                     307 	.db #0x2c	; 44
      000105 08                     308 	.db #0x08	; 8
      000106 04                     309 	.db #0x04	; 4
      000107 2C                     310 	.db #0x2c	; 44
      000108 04                     311 	.db #0x04	; 4
      000109 5A                     312 	.db #0x5a	; 90	'Z'
      00010A 0E                     313 	.db #0x0e	; 14
      00010B 00                     314 	.db #0x00	; 0
      00010C 5A                     315 	.db #0x5a	; 90	'Z'
      00010D 00                     316 	.db #0x00	; 0
      00010E 00                     317 	.db #0x00	; 0
      00010F 04                     318 	.db #0x04	; 4
      000110 2C                     319 	.db #0x2c	; 44
      000111 08                     320 	.db #0x08	; 8
      000112 5A                     321 	.db #0x5a	; 90	'Z'
      000113 00                     322 	.db #0x00	; 0
      000114 00                     323 	.db #0x00	; 0
      000115 04                     324 	.db #0x04	; 4
      000116 2C                     325 	.db #0x2c	; 44
      000117 04                     326 	.db #0x04	; 4
      000118 04                     327 	.db #0x04	; 4
      000119 2C                     328 	.db #0x2c	; 44
      00011A 08                     329 	.db #0x08	; 8
      00011B 5A                     330 	.db #0x5a	; 90	'Z'
      00011C 00                     331 	.db #0x00	; 0
      00011D 00                     332 	.db #0x00	; 0
      00011E 04                     333 	.db #0x04	; 4
      00011F 2C                     334 	.db #0x2c	; 44
      000120 04                     335 	.db #0x04	; 4
      000121 06                     336 	.db #0x06	; 6
      000122 2C                     337 	.db #0x2c	; 44
      000123 08                     338 	.db #0x08	; 8
      000124 06                     339 	.db #0x06	; 6
      000125 2C                     340 	.db #0x2c	; 44
      000126 04                     341 	.db #0x04	; 4
      000127 06                     342 	.db #0x06	; 6
      000128 2C                     343 	.db #0x2c	; 44
      000129 08                     344 	.db #0x08	; 8
      00012A 06                     345 	.db #0x06	; 6
      00012B 2C                     346 	.db #0x2c	; 44
      00012C 04                     347 	.db #0x04	; 4
      00012D 5A                     348 	.db #0x5a	; 90	'Z'
      00012E 0E                     349 	.db #0x0e	; 14
      00012F 00                     350 	.db #0x00	; 0
      000130 5A                     351 	.db #0x5a	; 90	'Z'
      000131 00                     352 	.db #0x00	; 0
      000132 00                     353 	.db #0x00	; 0
      000133 06                     354 	.db #0x06	; 6
      000134 2C                     355 	.db #0x2c	; 44
      000135 08                     356 	.db #0x08	; 8
      000136 06                     357 	.db #0x06	; 6
      000137 2C                     358 	.db #0x2c	; 44
      000138 04                     359 	.db #0x04	; 4
      000139 5A                     360 	.db #0x5a	; 90	'Z'
      00013A 0E                     361 	.db #0x0e	; 14
      00013B 00                     362 	.db #0x00	; 0
      00013C 5A                     363 	.db #0x5a	; 90	'Z'
      00013D 00                     364 	.db #0x00	; 0
      00013E 00                     365 	.db #0x00	; 0
      00013F 06                     366 	.db #0x06	; 6
      000140 2C                     367 	.db #0x2c	; 44
      000141 08                     368 	.db #0x08	; 8
      000142 06                     369 	.db #0x06	; 6
      000143 2C                     370 	.db #0x2c	; 44
      000144 04                     371 	.db #0x04	; 4
      000145 06                     372 	.db #0x06	; 6
      000146 2C                     373 	.db #0x2c	; 44
      000147 08                     374 	.db #0x08	; 8
      000148 06                     375 	.db #0x06	; 6
      000149 2C                     376 	.db #0x2c	; 44
      00014A 04                     377 	.db #0x04	; 4
      00014B 06                     378 	.db #0x06	; 6
      00014C 2C                     379 	.db #0x2c	; 44
      00014D 08                     380 	.db #0x08	; 8
      00014E 06                     381 	.db #0x06	; 6
      00014F 2C                     382 	.db #0x2c	; 44
      000150 04                     383 	.db #0x04	; 4
      000151 04                     384 	.db #0x04	; 4
      000152 2C                     385 	.db #0x2c	; 44
      000153 08                     386 	.db #0x08	; 8
      000154 04                     387 	.db #0x04	; 4
      000155 2C                     388 	.db #0x2c	; 44
      000156 04                     389 	.db #0x04	; 4
      000157 04                     390 	.db #0x04	; 4
      000158 2C                     391 	.db #0x2c	; 44
      000159 08                     392 	.db #0x08	; 8
      00015A 04                     393 	.db #0x04	; 4
      00015B 2C                     394 	.db #0x2c	; 44
      00015C 04                     395 	.db #0x04	; 4
      00015D 5A                     396 	.db #0x5a	; 90	'Z'
      00015E 0E                     397 	.db #0x0e	; 14
      00015F 00                     398 	.db #0x00	; 0
      000160 5A                     399 	.db #0x5a	; 90	'Z'
      000161 00                     400 	.db #0x00	; 0
      000162 00                     401 	.db #0x00	; 0
      000163 04                     402 	.db #0x04	; 4
      000164 2C                     403 	.db #0x2c	; 44
      000165 08                     404 	.db #0x08	; 8
      000166 04                     405 	.db #0x04	; 4
      000167 2C                     406 	.db #0x2c	; 44
      000168 04                     407 	.db #0x04	; 4
      000169 5A                     408 	.db #0x5a	; 90	'Z'
      00016A 0E                     409 	.db #0x0e	; 14
      00016B 00                     410 	.db #0x00	; 0
      00016C 5A                     411 	.db #0x5a	; 90	'Z'
      00016D 00                     412 	.db #0x00	; 0
      00016E 00                     413 	.db #0x00	; 0
      00016F 04                     414 	.db #0x04	; 4
      000170 2C                     415 	.db #0x2c	; 44
      000171 08                     416 	.db #0x08	; 8
      000172 5A                     417 	.db #0x5a	; 90	'Z'
      000173 00                     418 	.db #0x00	; 0
      000174 00                     419 	.db #0x00	; 0
      000175 04                     420 	.db #0x04	; 4
      000176 2C                     421 	.db #0x2c	; 44
      000177 04                     422 	.db #0x04	; 4
      000178 04                     423 	.db #0x04	; 4
      000179 2C                     424 	.db #0x2c	; 44
      00017A 08                     425 	.db #0x08	; 8
      00017B 5A                     426 	.db #0x5a	; 90	'Z'
      00017C 00                     427 	.db #0x00	; 0
      00017D 00                     428 	.db #0x00	; 0
      00017E 5A                     429 	.db #0x5a	; 90	'Z'
      00017F 00                     430 	.db #0x00	; 0
      000180 00                     431 	.db #0x00	; 0
      000181                        432 _P2:
      000181 0E                     433 	.db #0x0e	; 14
      000182 EC                     434 	.db #0xec	; 236
      000183 09                     435 	.db #0x09	; 9
      000184 5A                     436 	.db #0x5a	; 90	'Z'
      000185 00                     437 	.db #0x00	; 0
      000186 00                     438 	.db #0x00	; 0
      000187 5A                     439 	.db #0x5a	; 90	'Z'
      000188 0E                     440 	.db #0x0e	; 14
      000189 00                     441 	.db #0x00	; 0
      00018A 5A                     442 	.db #0x5a	; 90	'Z'
      00018B 00                     443 	.db #0x00	; 0
      00018C 00                     444 	.db #0x00	; 0
      00018D 0E                     445 	.db #0x0e	; 14
      00018E EC                     446 	.db #0xec	; 236
      00018F 09                     447 	.db #0x09	; 9
      000190 5A                     448 	.db #0x5a	; 90	'Z'
      000191 00                     449 	.db #0x00	; 0
      000192 00                     450 	.db #0x00	; 0
      000193 5A                     451 	.db #0x5a	; 90	'Z'
      000194 0E                     452 	.db #0x0e	; 14
      000195 00                     453 	.db #0x00	; 0
      000196 5A                     454 	.db #0x5a	; 90	'Z'
      000197 00                     455 	.db #0x00	; 0
      000198 00                     456 	.db #0x00	; 0
      000199 0E                     457 	.db #0x0e	; 14
      00019A EC                     458 	.db #0xec	; 236
      00019B 09                     459 	.db #0x09	; 9
      00019C 5A                     460 	.db #0x5a	; 90	'Z'
      00019D 00                     461 	.db #0x00	; 0
      00019E 00                     462 	.db #0x00	; 0
      00019F 5A                     463 	.db #0x5a	; 90	'Z'
      0001A0 0E                     464 	.db #0x0e	; 14
      0001A1 00                     465 	.db #0x00	; 0
      0001A2 5A                     466 	.db #0x5a	; 90	'Z'
      0001A3 00                     467 	.db #0x00	; 0
      0001A4 00                     468 	.db #0x00	; 0
      0001A5 0E                     469 	.db #0x0e	; 14
      0001A6 EC                     470 	.db #0xec	; 236
      0001A7 09                     471 	.db #0x09	; 9
      0001A8 5A                     472 	.db #0x5a	; 90	'Z'
      0001A9 00                     473 	.db #0x00	; 0
      0001AA 00                     474 	.db #0x00	; 0
      0001AB 5A                     475 	.db #0x5a	; 90	'Z'
      0001AC 0E                     476 	.db #0x0e	; 14
      0001AD 00                     477 	.db #0x00	; 0
      0001AE 5A                     478 	.db #0x5a	; 90	'Z'
      0001AF 00                     479 	.db #0x00	; 0
      0001B0 00                     480 	.db #0x00	; 0
      0001B1 10                     481 	.db #0x10	; 16
      0001B2 EC                     482 	.db #0xec	; 236
      0001B3 09                     483 	.db #0x09	; 9
      0001B4 5A                     484 	.db #0x5a	; 90	'Z'
      0001B5 00                     485 	.db #0x00	; 0
      0001B6 00                     486 	.db #0x00	; 0
      0001B7 5A                     487 	.db #0x5a	; 90	'Z'
      0001B8 0E                     488 	.db #0x0e	; 14
      0001B9 00                     489 	.db #0x00	; 0
      0001BA 5A                     490 	.db #0x5a	; 90	'Z'
      0001BB 00                     491 	.db #0x00	; 0
      0001BC 00                     492 	.db #0x00	; 0
      0001BD 10                     493 	.db #0x10	; 16
      0001BE EC                     494 	.db #0xec	; 236
      0001BF 09                     495 	.db #0x09	; 9
      0001C0 5A                     496 	.db #0x5a	; 90	'Z'
      0001C1 00                     497 	.db #0x00	; 0
      0001C2 00                     498 	.db #0x00	; 0
      0001C3 5A                     499 	.db #0x5a	; 90	'Z'
      0001C4 0E                     500 	.db #0x0e	; 14
      0001C5 00                     501 	.db #0x00	; 0
      0001C6 5A                     502 	.db #0x5a	; 90	'Z'
      0001C7 00                     503 	.db #0x00	; 0
      0001C8 00                     504 	.db #0x00	; 0
      0001C9 10                     505 	.db #0x10	; 16
      0001CA EC                     506 	.db #0xec	; 236
      0001CB 09                     507 	.db #0x09	; 9
      0001CC 5A                     508 	.db #0x5a	; 90	'Z'
      0001CD 00                     509 	.db #0x00	; 0
      0001CE 00                     510 	.db #0x00	; 0
      0001CF 5A                     511 	.db #0x5a	; 90	'Z'
      0001D0 0E                     512 	.db #0x0e	; 14
      0001D1 00                     513 	.db #0x00	; 0
      0001D2 5A                     514 	.db #0x5a	; 90	'Z'
      0001D3 00                     515 	.db #0x00	; 0
      0001D4 00                     516 	.db #0x00	; 0
      0001D5 10                     517 	.db #0x10	; 16
      0001D6 EC                     518 	.db #0xec	; 236
      0001D7 09                     519 	.db #0x09	; 9
      0001D8 5A                     520 	.db #0x5a	; 90	'Z'
      0001D9 00                     521 	.db #0x00	; 0
      0001DA 00                     522 	.db #0x00	; 0
      0001DB 5A                     523 	.db #0x5a	; 90	'Z'
      0001DC 0E                     524 	.db #0x0e	; 14
      0001DD 00                     525 	.db #0x00	; 0
      0001DE 5A                     526 	.db #0x5a	; 90	'Z'
      0001DF 00                     527 	.db #0x00	; 0
      0001E0 00                     528 	.db #0x00	; 0
      0001E1 12                     529 	.db #0x12	; 18
      0001E2 EC                     530 	.db #0xec	; 236
      0001E3 09                     531 	.db #0x09	; 9
      0001E4 5A                     532 	.db #0x5a	; 90	'Z'
      0001E5 00                     533 	.db #0x00	; 0
      0001E6 00                     534 	.db #0x00	; 0
      0001E7 5A                     535 	.db #0x5a	; 90	'Z'
      0001E8 0E                     536 	.db #0x0e	; 14
      0001E9 00                     537 	.db #0x00	; 0
      0001EA 5A                     538 	.db #0x5a	; 90	'Z'
      0001EB 00                     539 	.db #0x00	; 0
      0001EC 00                     540 	.db #0x00	; 0
      0001ED 12                     541 	.db #0x12	; 18
      0001EE EC                     542 	.db #0xec	; 236
      0001EF 09                     543 	.db #0x09	; 9
      0001F0 5A                     544 	.db #0x5a	; 90	'Z'
      0001F1 00                     545 	.db #0x00	; 0
      0001F2 00                     546 	.db #0x00	; 0
      0001F3 5A                     547 	.db #0x5a	; 90	'Z'
      0001F4 0E                     548 	.db #0x0e	; 14
      0001F5 00                     549 	.db #0x00	; 0
      0001F6 5A                     550 	.db #0x5a	; 90	'Z'
      0001F7 00                     551 	.db #0x00	; 0
      0001F8 00                     552 	.db #0x00	; 0
      0001F9 12                     553 	.db #0x12	; 18
      0001FA EC                     554 	.db #0xec	; 236
      0001FB 09                     555 	.db #0x09	; 9
      0001FC 5A                     556 	.db #0x5a	; 90	'Z'
      0001FD 00                     557 	.db #0x00	; 0
      0001FE 00                     558 	.db #0x00	; 0
      0001FF 5A                     559 	.db #0x5a	; 90	'Z'
      000200 0E                     560 	.db #0x0e	; 14
      000201 00                     561 	.db #0x00	; 0
      000202 5A                     562 	.db #0x5a	; 90	'Z'
      000203 00                     563 	.db #0x00	; 0
      000204 00                     564 	.db #0x00	; 0
      000205 12                     565 	.db #0x12	; 18
      000206 EC                     566 	.db #0xec	; 236
      000207 09                     567 	.db #0x09	; 9
      000208 5A                     568 	.db #0x5a	; 90	'Z'
      000209 00                     569 	.db #0x00	; 0
      00020A 00                     570 	.db #0x00	; 0
      00020B 5A                     571 	.db #0x5a	; 90	'Z'
      00020C 0E                     572 	.db #0x0e	; 14
      00020D 00                     573 	.db #0x00	; 0
      00020E 5A                     574 	.db #0x5a	; 90	'Z'
      00020F 00                     575 	.db #0x00	; 0
      000210 00                     576 	.db #0x00	; 0
      000211 10                     577 	.db #0x10	; 16
      000212 EC                     578 	.db #0xec	; 236
      000213 09                     579 	.db #0x09	; 9
      000214 5A                     580 	.db #0x5a	; 90	'Z'
      000215 00                     581 	.db #0x00	; 0
      000216 00                     582 	.db #0x00	; 0
      000217 5A                     583 	.db #0x5a	; 90	'Z'
      000218 0E                     584 	.db #0x0e	; 14
      000219 00                     585 	.db #0x00	; 0
      00021A 5A                     586 	.db #0x5a	; 90	'Z'
      00021B 00                     587 	.db #0x00	; 0
      00021C 00                     588 	.db #0x00	; 0
      00021D 10                     589 	.db #0x10	; 16
      00021E EC                     590 	.db #0xec	; 236
      00021F 09                     591 	.db #0x09	; 9
      000220 5A                     592 	.db #0x5a	; 90	'Z'
      000221 00                     593 	.db #0x00	; 0
      000222 00                     594 	.db #0x00	; 0
      000223 5A                     595 	.db #0x5a	; 90	'Z'
      000224 0E                     596 	.db #0x0e	; 14
      000225 00                     597 	.db #0x00	; 0
      000226 5A                     598 	.db #0x5a	; 90	'Z'
      000227 00                     599 	.db #0x00	; 0
      000228 00                     600 	.db #0x00	; 0
      000229 10                     601 	.db #0x10	; 16
      00022A EC                     602 	.db #0xec	; 236
      00022B 09                     603 	.db #0x09	; 9
      00022C 5A                     604 	.db #0x5a	; 90	'Z'
      00022D 00                     605 	.db #0x00	; 0
      00022E 00                     606 	.db #0x00	; 0
      00022F 5A                     607 	.db #0x5a	; 90	'Z'
      000230 0E                     608 	.db #0x0e	; 14
      000231 00                     609 	.db #0x00	; 0
      000232 5A                     610 	.db #0x5a	; 90	'Z'
      000233 00                     611 	.db #0x00	; 0
      000234 00                     612 	.db #0x00	; 0
      000235 10                     613 	.db #0x10	; 16
      000236 EC                     614 	.db #0xec	; 236
      000237 09                     615 	.db #0x09	; 9
      000238 5A                     616 	.db #0x5a	; 90	'Z'
      000239 00                     617 	.db #0x00	; 0
      00023A 00                     618 	.db #0x00	; 0
      00023B 5A                     619 	.db #0x5a	; 90	'Z'
      00023C 0E                     620 	.db #0x0e	; 14
      00023D 00                     621 	.db #0x00	; 0
      00023E 5A                     622 	.db #0x5a	; 90	'Z'
      00023F 00                     623 	.db #0x00	; 0
      000240 00                     624 	.db #0x00	; 0
      000241                        625 _P3:
      000241 5A                     626 	.db #0x5a	; 90	'Z'
      000242 00                     627 	.db #0x00	; 0
      000243 00                     628 	.db #0x00	; 0
      000244 5A                     629 	.db #0x5a	; 90	'Z'
      000245 00                     630 	.db #0x00	; 0
      000246 00                     631 	.db #0x00	; 0
      000247 5A                     632 	.db #0x5a	; 90	'Z'
      000248 00                     633 	.db #0x00	; 0
      000249 00                     634 	.db #0x00	; 0
      00024A 5A                     635 	.db #0x5a	; 90	'Z'
      00024B 00                     636 	.db #0x00	; 0
      00024C 00                     637 	.db #0x00	; 0
      00024D 5A                     638 	.db #0x5a	; 90	'Z'
      00024E 00                     639 	.db #0x00	; 0
      00024F 00                     640 	.db #0x00	; 0
      000250 5A                     641 	.db #0x5a	; 90	'Z'
      000251 00                     642 	.db #0x00	; 0
      000252 00                     643 	.db #0x00	; 0
      000253 5A                     644 	.db #0x5a	; 90	'Z'
      000254 00                     645 	.db #0x00	; 0
      000255 00                     646 	.db #0x00	; 0
      000256 5A                     647 	.db #0x5a	; 90	'Z'
      000257 00                     648 	.db #0x00	; 0
      000258 00                     649 	.db #0x00	; 0
      000259 5A                     650 	.db #0x5a	; 90	'Z'
      00025A 00                     651 	.db #0x00	; 0
      00025B 00                     652 	.db #0x00	; 0
      00025C 5A                     653 	.db #0x5a	; 90	'Z'
      00025D 00                     654 	.db #0x00	; 0
      00025E 00                     655 	.db #0x00	; 0
      00025F 5A                     656 	.db #0x5a	; 90	'Z'
      000260 00                     657 	.db #0x00	; 0
      000261 00                     658 	.db #0x00	; 0
      000262 5A                     659 	.db #0x5a	; 90	'Z'
      000263 00                     660 	.db #0x00	; 0
      000264 00                     661 	.db #0x00	; 0
      000265 5A                     662 	.db #0x5a	; 90	'Z'
      000266 00                     663 	.db #0x00	; 0
      000267 00                     664 	.db #0x00	; 0
      000268 5A                     665 	.db #0x5a	; 90	'Z'
      000269 00                     666 	.db #0x00	; 0
      00026A 00                     667 	.db #0x00	; 0
      00026B 5A                     668 	.db #0x5a	; 90	'Z'
      00026C 00                     669 	.db #0x00	; 0
      00026D 00                     670 	.db #0x00	; 0
      00026E 5A                     671 	.db #0x5a	; 90	'Z'
      00026F 00                     672 	.db #0x00	; 0
      000270 00                     673 	.db #0x00	; 0
      000271 5A                     674 	.db #0x5a	; 90	'Z'
      000272 00                     675 	.db #0x00	; 0
      000273 00                     676 	.db #0x00	; 0
      000274 5A                     677 	.db #0x5a	; 90	'Z'
      000275 00                     678 	.db #0x00	; 0
      000276 00                     679 	.db #0x00	; 0
      000277 5A                     680 	.db #0x5a	; 90	'Z'
      000278 00                     681 	.db #0x00	; 0
      000279 00                     682 	.db #0x00	; 0
      00027A 5A                     683 	.db #0x5a	; 90	'Z'
      00027B 00                     684 	.db #0x00	; 0
      00027C 00                     685 	.db #0x00	; 0
      00027D 5A                     686 	.db #0x5a	; 90	'Z'
      00027E 00                     687 	.db #0x00	; 0
      00027F 00                     688 	.db #0x00	; 0
      000280 5A                     689 	.db #0x5a	; 90	'Z'
      000281 00                     690 	.db #0x00	; 0
      000282 00                     691 	.db #0x00	; 0
      000283 5A                     692 	.db #0x5a	; 90	'Z'
      000284 00                     693 	.db #0x00	; 0
      000285 00                     694 	.db #0x00	; 0
      000286 5A                     695 	.db #0x5a	; 90	'Z'
      000287 00                     696 	.db #0x00	; 0
      000288 00                     697 	.db #0x00	; 0
      000289 5A                     698 	.db #0x5a	; 90	'Z'
      00028A 00                     699 	.db #0x00	; 0
      00028B 00                     700 	.db #0x00	; 0
      00028C 5A                     701 	.db #0x5a	; 90	'Z'
      00028D 00                     702 	.db #0x00	; 0
      00028E 00                     703 	.db #0x00	; 0
      00028F 5A                     704 	.db #0x5a	; 90	'Z'
      000290 00                     705 	.db #0x00	; 0
      000291 00                     706 	.db #0x00	; 0
      000292 5A                     707 	.db #0x5a	; 90	'Z'
      000293 00                     708 	.db #0x00	; 0
      000294 00                     709 	.db #0x00	; 0
      000295 5A                     710 	.db #0x5a	; 90	'Z'
      000296 00                     711 	.db #0x00	; 0
      000297 00                     712 	.db #0x00	; 0
      000298 5A                     713 	.db #0x5a	; 90	'Z'
      000299 00                     714 	.db #0x00	; 0
      00029A 00                     715 	.db #0x00	; 0
      00029B 5A                     716 	.db #0x5a	; 90	'Z'
      00029C 00                     717 	.db #0x00	; 0
      00029D 00                     718 	.db #0x00	; 0
      00029E 5A                     719 	.db #0x5a	; 90	'Z'
      00029F 00                     720 	.db #0x00	; 0
      0002A0 00                     721 	.db #0x00	; 0
      0002A1 5A                     722 	.db #0x5a	; 90	'Z'
      0002A2 00                     723 	.db #0x00	; 0
      0002A3 00                     724 	.db #0x00	; 0
      0002A4 5A                     725 	.db #0x5a	; 90	'Z'
      0002A5 00                     726 	.db #0x00	; 0
      0002A6 00                     727 	.db #0x00	; 0
      0002A7 5A                     728 	.db #0x5a	; 90	'Z'
      0002A8 00                     729 	.db #0x00	; 0
      0002A9 00                     730 	.db #0x00	; 0
      0002AA 5A                     731 	.db #0x5a	; 90	'Z'
      0002AB 00                     732 	.db #0x00	; 0
      0002AC 00                     733 	.db #0x00	; 0
      0002AD 5A                     734 	.db #0x5a	; 90	'Z'
      0002AE 00                     735 	.db #0x00	; 0
      0002AF 00                     736 	.db #0x00	; 0
      0002B0 5A                     737 	.db #0x5a	; 90	'Z'
      0002B1 00                     738 	.db #0x00	; 0
      0002B2 00                     739 	.db #0x00	; 0
      0002B3 5A                     740 	.db #0x5a	; 90	'Z'
      0002B4 00                     741 	.db #0x00	; 0
      0002B5 00                     742 	.db #0x00	; 0
      0002B6 5A                     743 	.db #0x5a	; 90	'Z'
      0002B7 00                     744 	.db #0x00	; 0
      0002B8 00                     745 	.db #0x00	; 0
      0002B9 5A                     746 	.db #0x5a	; 90	'Z'
      0002BA 00                     747 	.db #0x00	; 0
      0002BB 00                     748 	.db #0x00	; 0
      0002BC 5A                     749 	.db #0x5a	; 90	'Z'
      0002BD 00                     750 	.db #0x00	; 0
      0002BE 00                     751 	.db #0x00	; 0
      0002BF 5A                     752 	.db #0x5a	; 90	'Z'
      0002C0 00                     753 	.db #0x00	; 0
      0002C1 00                     754 	.db #0x00	; 0
      0002C2 5A                     755 	.db #0x5a	; 90	'Z'
      0002C3 00                     756 	.db #0x00	; 0
      0002C4 00                     757 	.db #0x00	; 0
      0002C5 5A                     758 	.db #0x5a	; 90	'Z'
      0002C6 00                     759 	.db #0x00	; 0
      0002C7 00                     760 	.db #0x00	; 0
      0002C8 5A                     761 	.db #0x5a	; 90	'Z'
      0002C9 00                     762 	.db #0x00	; 0
      0002CA 00                     763 	.db #0x00	; 0
      0002CB 5A                     764 	.db #0x5a	; 90	'Z'
      0002CC 00                     765 	.db #0x00	; 0
      0002CD 00                     766 	.db #0x00	; 0
      0002CE 5A                     767 	.db #0x5a	; 90	'Z'
      0002CF 00                     768 	.db #0x00	; 0
      0002D0 00                     769 	.db #0x00	; 0
      0002D1 5A                     770 	.db #0x5a	; 90	'Z'
      0002D2 00                     771 	.db #0x00	; 0
      0002D3 00                     772 	.db #0x00	; 0
      0002D4 5A                     773 	.db #0x5a	; 90	'Z'
      0002D5 00                     774 	.db #0x00	; 0
      0002D6 00                     775 	.db #0x00	; 0
      0002D7 5A                     776 	.db #0x5a	; 90	'Z'
      0002D8 00                     777 	.db #0x00	; 0
      0002D9 00                     778 	.db #0x00	; 0
      0002DA 5A                     779 	.db #0x5a	; 90	'Z'
      0002DB 00                     780 	.db #0x00	; 0
      0002DC 00                     781 	.db #0x00	; 0
      0002DD 5A                     782 	.db #0x5a	; 90	'Z'
      0002DE 00                     783 	.db #0x00	; 0
      0002DF 00                     784 	.db #0x00	; 0
      0002E0 5A                     785 	.db #0x5a	; 90	'Z'
      0002E1 00                     786 	.db #0x00	; 0
      0002E2 00                     787 	.db #0x00	; 0
      0002E3 5A                     788 	.db #0x5a	; 90	'Z'
      0002E4 00                     789 	.db #0x00	; 0
      0002E5 00                     790 	.db #0x00	; 0
      0002E6 5A                     791 	.db #0x5a	; 90	'Z'
      0002E7 00                     792 	.db #0x00	; 0
      0002E8 00                     793 	.db #0x00	; 0
      0002E9 5A                     794 	.db #0x5a	; 90	'Z'
      0002EA 00                     795 	.db #0x00	; 0
      0002EB 00                     796 	.db #0x00	; 0
      0002EC 5A                     797 	.db #0x5a	; 90	'Z'
      0002ED 00                     798 	.db #0x00	; 0
      0002EE 00                     799 	.db #0x00	; 0
      0002EF 5A                     800 	.db #0x5a	; 90	'Z'
      0002F0 00                     801 	.db #0x00	; 0
      0002F1 00                     802 	.db #0x00	; 0
      0002F2 5A                     803 	.db #0x5a	; 90	'Z'
      0002F3 00                     804 	.db #0x00	; 0
      0002F4 00                     805 	.db #0x00	; 0
      0002F5 5A                     806 	.db #0x5a	; 90	'Z'
      0002F6 00                     807 	.db #0x00	; 0
      0002F7 00                     808 	.db #0x00	; 0
      0002F8 5A                     809 	.db #0x5a	; 90	'Z'
      0002F9 00                     810 	.db #0x00	; 0
      0002FA 00                     811 	.db #0x00	; 0
      0002FB 5A                     812 	.db #0x5a	; 90	'Z'
      0002FC 00                     813 	.db #0x00	; 0
      0002FD 00                     814 	.db #0x00	; 0
      0002FE 5A                     815 	.db #0x5a	; 90	'Z'
      0002FF 00                     816 	.db #0x00	; 0
      000300 00                     817 	.db #0x00	; 0
      000301                        818 _order1:
      000301r01r00                  819 	.dw _P0
      000303                        820 _order2:
      000303rC1r00                  821 	.dw _P1
      000305                        822 _order3:
      000305r81r01                  823 	.dw _P2
      000307                        824 _order4:
      000307r41r02                  825 	.dw _P3
      000309                        826 _duty_instruments:
      000309 08                     827 	.db #0x08	; 8
      00030A 40                     828 	.db #0x40	; 64
      00030B F0                     829 	.db #0xf0	; 240
      00030C 00 00                  830 	.dw #0x0000
      00030E 80                     831 	.db #0x80	; 128
      00030F 08                     832 	.db #0x08	; 8
      000310 80                     833 	.db #0x80	; 128
      000311 F0                     834 	.db #0xf0	; 240
      000312 00 00                  835 	.dw #0x0000
      000314 80                     836 	.db #0x80	; 128
      000315 08                     837 	.db #0x08	; 8
      000316 C0                     838 	.db #0xc0	; 192
      000317 F0                     839 	.db #0xf0	; 240
      000318 00 00                  840 	.dw #0x0000
      00031A 80                     841 	.db #0x80	; 128
      00031B 08                     842 	.db #0x08	; 8
      00031C 00                     843 	.db #0x00	; 0
      00031D F0                     844 	.db #0xf0	; 240
      00031E 00 00                  845 	.dw #0x0000
      000320 80                     846 	.db #0x80	; 128
      000321 08                     847 	.db #0x08	; 8
      000322 80                     848 	.db #0x80	; 128
      000323 F0                     849 	.db #0xf0	; 240
      000324 00 00                  850 	.dw #0x0000
      000326 80                     851 	.db #0x80	; 128
      000327 08                     852 	.db #0x08	; 8
      000328 80                     853 	.db #0x80	; 128
      000329 F0                     854 	.db #0xf0	; 240
      00032A 00 00                  855 	.dw #0x0000
      00032C 80                     856 	.db #0x80	; 128
      00032D 08                     857 	.db #0x08	; 8
      00032E 80                     858 	.db #0x80	; 128
      00032F F0                     859 	.db #0xf0	; 240
      000330 00 00                  860 	.dw #0x0000
      000332 80                     861 	.db #0x80	; 128
      000333 08                     862 	.db #0x08	; 8
      000334 80                     863 	.db #0x80	; 128
      000335 F0                     864 	.db #0xf0	; 240
      000336 00 00                  865 	.dw #0x0000
      000338 80                     866 	.db #0x80	; 128
      000339 08                     867 	.db #0x08	; 8
      00033A 80                     868 	.db #0x80	; 128
      00033B F0                     869 	.db #0xf0	; 240
      00033C 00 00                  870 	.dw #0x0000
      00033E 80                     871 	.db #0x80	; 128
      00033F 08                     872 	.db #0x08	; 8
      000340 80                     873 	.db #0x80	; 128
      000341 F0                     874 	.db #0xf0	; 240
      000342 00 00                  875 	.dw #0x0000
      000344 80                     876 	.db #0x80	; 128
      000345 08                     877 	.db #0x08	; 8
      000346 80                     878 	.db #0x80	; 128
      000347 F0                     879 	.db #0xf0	; 240
      000348 00 00                  880 	.dw #0x0000
      00034A 80                     881 	.db #0x80	; 128
      00034B 08                     882 	.db #0x08	; 8
      00034C 80                     883 	.db #0x80	; 128
      00034D F0                     884 	.db #0xf0	; 240
      00034E 00 00                  885 	.dw #0x0000
      000350 80                     886 	.db #0x80	; 128
      000351 08                     887 	.db #0x08	; 8
      000352 80                     888 	.db #0x80	; 128
      000353 F0                     889 	.db #0xf0	; 240
      000354 00 00                  890 	.dw #0x0000
      000356 80                     891 	.db #0x80	; 128
      000357 08                     892 	.db #0x08	; 8
      000358 80                     893 	.db #0x80	; 128
      000359 F0                     894 	.db #0xf0	; 240
      00035A 00 00                  895 	.dw #0x0000
      00035C 80                     896 	.db #0x80	; 128
      00035D 08                     897 	.db #0x08	; 8
      00035E 80                     898 	.db #0x80	; 128
      00035F F0                     899 	.db #0xf0	; 240
      000360 00 00                  900 	.dw #0x0000
      000362 80                     901 	.db #0x80	; 128
      000363                        902 _wave_instruments:
      000363 00                     903 	.db #0x00	; 0
      000364 20                     904 	.db #0x20	; 32
      000365 00                     905 	.db #0x00	; 0
      000366 00 00                  906 	.dw #0x0000
      000368 80                     907 	.db #0x80	; 128
      000369 00                     908 	.db #0x00	; 0
      00036A 20                     909 	.db #0x20	; 32
      00036B 01                     910 	.db #0x01	; 1
      00036C 00 00                  911 	.dw #0x0000
      00036E 80                     912 	.db #0x80	; 128
      00036F 00                     913 	.db #0x00	; 0
      000370 20                     914 	.db #0x20	; 32
      000371 02                     915 	.db #0x02	; 2
      000372 00 00                  916 	.dw #0x0000
      000374 80                     917 	.db #0x80	; 128
      000375 00                     918 	.db #0x00	; 0
      000376 20                     919 	.db #0x20	; 32
      000377 03                     920 	.db #0x03	; 3
      000378 00 00                  921 	.dw #0x0000
      00037A 80                     922 	.db #0x80	; 128
      00037B 00                     923 	.db #0x00	; 0
      00037C 20                     924 	.db #0x20	; 32
      00037D 04                     925 	.db #0x04	; 4
      00037E 00 00                  926 	.dw #0x0000
      000380 80                     927 	.db #0x80	; 128
      000381 00                     928 	.db #0x00	; 0
      000382 20                     929 	.db #0x20	; 32
      000383 05                     930 	.db #0x05	; 5
      000384 00 00                  931 	.dw #0x0000
      000386 80                     932 	.db #0x80	; 128
      000387 00                     933 	.db #0x00	; 0
      000388 20                     934 	.db #0x20	; 32
      000389 06                     935 	.db #0x06	; 6
      00038A 00 00                  936 	.dw #0x0000
      00038C 80                     937 	.db #0x80	; 128
      00038D 00                     938 	.db #0x00	; 0
      00038E 20                     939 	.db #0x20	; 32
      00038F 00                     940 	.db #0x00	; 0
      000390 00 00                  941 	.dw #0x0000
      000392 80                     942 	.db #0x80	; 128
      000393 00                     943 	.db #0x00	; 0
      000394 20                     944 	.db #0x20	; 32
      000395 01                     945 	.db #0x01	; 1
      000396 00 00                  946 	.dw #0x0000
      000398 80                     947 	.db #0x80	; 128
      000399 00                     948 	.db #0x00	; 0
      00039A 20                     949 	.db #0x20	; 32
      00039B 02                     950 	.db #0x02	; 2
      00039C 00 00                  951 	.dw #0x0000
      00039E 80                     952 	.db #0x80	; 128
      00039F 00                     953 	.db #0x00	; 0
      0003A0 20                     954 	.db #0x20	; 32
      0003A1 03                     955 	.db #0x03	; 3
      0003A2 00 00                  956 	.dw #0x0000
      0003A4 80                     957 	.db #0x80	; 128
      0003A5 00                     958 	.db #0x00	; 0
      0003A6 20                     959 	.db #0x20	; 32
      0003A7 04                     960 	.db #0x04	; 4
      0003A8 00 00                  961 	.dw #0x0000
      0003AA 80                     962 	.db #0x80	; 128
      0003AB 00                     963 	.db #0x00	; 0
      0003AC 20                     964 	.db #0x20	; 32
      0003AD 05                     965 	.db #0x05	; 5
      0003AE 00 00                  966 	.dw #0x0000
      0003B0 80                     967 	.db #0x80	; 128
      0003B1 00                     968 	.db #0x00	; 0
      0003B2 20                     969 	.db #0x20	; 32
      0003B3 06                     970 	.db #0x06	; 6
      0003B4 00 00                  971 	.dw #0x0000
      0003B6 80                     972 	.db #0x80	; 128
      0003B7 00                     973 	.db #0x00	; 0
      0003B8 20                     974 	.db #0x20	; 32
      0003B9 07                     975 	.db #0x07	; 7
      0003BA 00 00                  976 	.dw #0x0000
      0003BC 80                     977 	.db #0x80	; 128
      0003BD                        978 _noise_instruments:
      0003BD F0                     979 	.db #0xf0	; 240
      0003BE 00 00                  980 	.dw #0x0000
      0003C0 00                     981 	.db #0x00	; 0
      0003C1 00                     982 	.db #0x00	; 0
      0003C2 00                     983 	.db #0x00	; 0
      0003C3 F0                     984 	.db #0xf0	; 240
      0003C4 00 00                  985 	.dw #0x0000
      0003C6 00                     986 	.db #0x00	; 0
      0003C7 00                     987 	.db #0x00	; 0
      0003C8 00                     988 	.db #0x00	; 0
      0003C9 F0                     989 	.db #0xf0	; 240
      0003CA 00 00                  990 	.dw #0x0000
      0003CC 00                     991 	.db #0x00	; 0
      0003CD 00                     992 	.db #0x00	; 0
      0003CE 00                     993 	.db #0x00	; 0
      0003CF F0                     994 	.db #0xf0	; 240
      0003D0 00 00                  995 	.dw #0x0000
      0003D2 00                     996 	.db #0x00	; 0
      0003D3 00                     997 	.db #0x00	; 0
      0003D4 00                     998 	.db #0x00	; 0
      0003D5 F0                     999 	.db #0xf0	; 240
      0003D6 00 00                 1000 	.dw #0x0000
      0003D8 00                    1001 	.db #0x00	; 0
      0003D9 00                    1002 	.db #0x00	; 0
      0003DA 00                    1003 	.db #0x00	; 0
      0003DB F0                    1004 	.db #0xf0	; 240
      0003DC 00 00                 1005 	.dw #0x0000
      0003DE 00                    1006 	.db #0x00	; 0
      0003DF 00                    1007 	.db #0x00	; 0
      0003E0 00                    1008 	.db #0x00	; 0
      0003E1 F0                    1009 	.db #0xf0	; 240
      0003E2 00 00                 1010 	.dw #0x0000
      0003E4 00                    1011 	.db #0x00	; 0
      0003E5 00                    1012 	.db #0x00	; 0
      0003E6 00                    1013 	.db #0x00	; 0
      0003E7 F0                    1014 	.db #0xf0	; 240
      0003E8 00 00                 1015 	.dw #0x0000
      0003EA 00                    1016 	.db #0x00	; 0
      0003EB 00                    1017 	.db #0x00	; 0
      0003EC 00                    1018 	.db #0x00	; 0
      0003ED F0                    1019 	.db #0xf0	; 240
      0003EE 00 00                 1020 	.dw #0x0000
      0003F0 00                    1021 	.db #0x00	; 0
      0003F1 00                    1022 	.db #0x00	; 0
      0003F2 00                    1023 	.db #0x00	; 0
      0003F3 F0                    1024 	.db #0xf0	; 240
      0003F4 00 00                 1025 	.dw #0x0000
      0003F6 00                    1026 	.db #0x00	; 0
      0003F7 00                    1027 	.db #0x00	; 0
      0003F8 00                    1028 	.db #0x00	; 0
      0003F9 F0                    1029 	.db #0xf0	; 240
      0003FA 00 00                 1030 	.dw #0x0000
      0003FC 00                    1031 	.db #0x00	; 0
      0003FD 00                    1032 	.db #0x00	; 0
      0003FE 00                    1033 	.db #0x00	; 0
      0003FF F0                    1034 	.db #0xf0	; 240
      000400 00 00                 1035 	.dw #0x0000
      000402 00                    1036 	.db #0x00	; 0
      000403 00                    1037 	.db #0x00	; 0
      000404 00                    1038 	.db #0x00	; 0
      000405 F0                    1039 	.db #0xf0	; 240
      000406 00 00                 1040 	.dw #0x0000
      000408 00                    1041 	.db #0x00	; 0
      000409 00                    1042 	.db #0x00	; 0
      00040A 00                    1043 	.db #0x00	; 0
      00040B F0                    1044 	.db #0xf0	; 240
      00040C 00 00                 1045 	.dw #0x0000
      00040E 00                    1046 	.db #0x00	; 0
      00040F 00                    1047 	.db #0x00	; 0
      000410 00                    1048 	.db #0x00	; 0
      000411 F0                    1049 	.db #0xf0	; 240
      000412 00 00                 1050 	.dw #0x0000
      000414 00                    1051 	.db #0x00	; 0
      000415 00                    1052 	.db #0x00	; 0
      000416 00                    1053 	.db #0x00	; 0
      000417                       1054 _waves:
      000417 A5                    1055 	.db #0xa5	; 165
      000418 D7                    1056 	.db #0xd7	; 215
      000419 C9                    1057 	.db #0xc9	; 201
      00041A E1                    1058 	.db #0xe1	; 225
      00041B BC                    1059 	.db #0xbc	; 188
      00041C 9A                    1060 	.db #0x9a	; 154
      00041D 76                    1061 	.db #0x76	; 118	'v'
      00041E 31                    1062 	.db #0x31	; 49	'1'
      00041F 0C                    1063 	.db #0x0c	; 12
      000420 BA                    1064 	.db #0xba	; 186
      000421 DE                    1065 	.db #0xde	; 222
      000422 60                    1066 	.db #0x60	; 96
      000423 1B                    1067 	.db #0x1b	; 27
      000424 CA                    1068 	.db #0xca	; 202
      000425 03                    1069 	.db #0x03	; 3
      000426 93                    1070 	.db #0x93	; 147
      000427 F0                    1071 	.db #0xf0	; 240
      000428 E1                    1072 	.db #0xe1	; 225
      000429 D2                    1073 	.db #0xd2	; 210
      00042A C3                    1074 	.db #0xc3	; 195
      00042B B4                    1075 	.db #0xb4	; 180
      00042C A5                    1076 	.db #0xa5	; 165
      00042D 96                    1077 	.db #0x96	; 150
      00042E 87                    1078 	.db #0x87	; 135
      00042F 78                    1079 	.db #0x78	; 120	'x'
      000430 69                    1080 	.db #0x69	; 105	'i'
      000431 5A                    1081 	.db #0x5a	; 90	'Z'
      000432 4B                    1082 	.db #0x4b	; 75	'K'
      000433 3C                    1083 	.db #0x3c	; 60
      000434 2D                    1084 	.db #0x2d	; 45
      000435 1E                    1085 	.db #0x1e	; 30
      000436 0F                    1086 	.db #0x0f	; 15
      000437 FD                    1087 	.db #0xfd	; 253
      000438 EC                    1088 	.db #0xec	; 236
      000439 DB                    1089 	.db #0xdb	; 219
      00043A CA                    1090 	.db #0xca	; 202
      00043B B9                    1091 	.db #0xb9	; 185
      00043C A8                    1092 	.db #0xa8	; 168
      00043D 97                    1093 	.db #0x97	; 151
      00043E 86                    1094 	.db #0x86	; 134
      00043F 79                    1095 	.db #0x79	; 121	'y'
      000440 68                    1096 	.db #0x68	; 104	'h'
      000441 57                    1097 	.db #0x57	; 87	'W'
      000442 46                    1098 	.db #0x46	; 70	'F'
      000443 35                    1099 	.db #0x35	; 53	'5'
      000444 24                    1100 	.db #0x24	; 36
      000445 13                    1101 	.db #0x13	; 19
      000446 02                    1102 	.db #0x02	; 2
      000447 DE                    1103 	.db #0xde	; 222
      000448 FE                    1104 	.db #0xfe	; 254
      000449 DC                    1105 	.db #0xdc	; 220
      00044A BA                    1106 	.db #0xba	; 186
      00044B 9A                    1107 	.db #0x9a	; 154
      00044C A9                    1108 	.db #0xa9	; 169
      00044D 87                    1109 	.db #0x87	; 135
      00044E 77                    1110 	.db #0x77	; 119	'w'
      00044F 88                    1111 	.db #0x88	; 136
      000450 87                    1112 	.db #0x87	; 135
      000451 65                    1113 	.db #0x65	; 101	'e'
      000452 56                    1114 	.db #0x56	; 86	'V'
      000453 54                    1115 	.db #0x54	; 84	'T'
      000454 32                    1116 	.db #0x32	; 50	'2'
      000455 10                    1117 	.db #0x10	; 16
      000456 12                    1118 	.db #0x12	; 18
      000457 AB                    1119 	.db #0xab	; 171
      000458 CD                    1120 	.db #0xcd	; 205
      000459 EF                    1121 	.db #0xef	; 239
      00045A ED                    1122 	.db #0xed	; 237
      00045B CB                    1123 	.db #0xcb	; 203
      00045C A0                    1124 	.db #0xa0	; 160
      00045D 12                    1125 	.db #0x12	; 18
      00045E 3E                    1126 	.db #0x3e	; 62
      00045F DC                    1127 	.db #0xdc	; 220
      000460 BA                    1128 	.db #0xba	; 186
      000461 BC                    1129 	.db #0xbc	; 188
      000462 DE                    1130 	.db #0xde	; 222
      000463 FE                    1131 	.db #0xfe	; 254
      000464 DC                    1132 	.db #0xdc	; 220
      000465 32                    1133 	.db #0x32	; 50	'2'
      000466 10                    1134 	.db #0x10	; 16
      000467 FF                    1135 	.db #0xff	; 255
      000468 EE                    1136 	.db #0xee	; 238
      000469 DD                    1137 	.db #0xdd	; 221
      00046A CC                    1138 	.db #0xcc	; 204
      00046B BB                    1139 	.db #0xbb	; 187
      00046C AA                    1140 	.db #0xaa	; 170
      00046D 99                    1141 	.db #0x99	; 153
      00046E 88                    1142 	.db #0x88	; 136
      00046F 77                    1143 	.db #0x77	; 119	'w'
      000470 66                    1144 	.db #0x66	; 102	'f'
      000471 55                    1145 	.db #0x55	; 85	'U'
      000472 44                    1146 	.db #0x44	; 68	'D'
      000473 33                    1147 	.db #0x33	; 51	'3'
      000474 22                    1148 	.db #0x22	; 34
      000475 11                    1149 	.db #0x11	; 17
      000476 00                    1150 	.db #0x00	; 0
      000477 FF                    1151 	.db #0xff	; 255
      000478 FF                    1152 	.db #0xff	; 255
      000479 FF                    1153 	.db #0xff	; 255
      00047A FF                    1154 	.db #0xff	; 255
      00047B FF                    1155 	.db #0xff	; 255
      00047C FF                    1156 	.db #0xff	; 255
      00047D FF                    1157 	.db #0xff	; 255
      00047E FF                    1158 	.db #0xff	; 255
      00047F 00                    1159 	.db #0x00	; 0
      000480 00                    1160 	.db #0x00	; 0
      000481 00                    1161 	.db #0x00	; 0
      000482 00                    1162 	.db #0x00	; 0
      000483 00                    1163 	.db #0x00	; 0
      000484 00                    1164 	.db #0x00	; 0
      000485 00                    1165 	.db #0x00	; 0
      000486 00                    1166 	.db #0x00	; 0
      000487 79                    1167 	.db #0x79	; 121	'y'
      000488 BC                    1168 	.db #0xbc	; 188
      000489 DE                    1169 	.db #0xde	; 222
      00048A EF                    1170 	.db #0xef	; 239
      00048B FF                    1171 	.db #0xff	; 255
      00048C EE                    1172 	.db #0xee	; 238
      00048D DC                    1173 	.db #0xdc	; 220
      00048E B9                    1174 	.db #0xb9	; 185
      00048F 75                    1175 	.db #0x75	; 117	'u'
      000490 43                    1176 	.db #0x43	; 67	'C'
      000491 21                    1177 	.db #0x21	; 33
      000492 10                    1178 	.db #0x10	; 16
      000493 00                    1179 	.db #0x00	; 0
      000494 11                    1180 	.db #0x11	; 17
      000495 23                    1181 	.db #0x23	; 35
      000496 45                    1182 	.db #0x45	; 69	'E'
      000497 38                    1183 	.db #0x38	; 56	'8'
      000498 9A                    1184 	.db #0x9a	; 154
      000499 08                    1185 	.db #0x08	; 8
      00049A 67                    1186 	.db #0x67	; 103	'g'
      00049B D6                    1187 	.db #0xd6	; 214
      00049C 85                    1188 	.db #0x85	; 133
      00049D EC                    1189 	.db #0xec	; 236
      00049E 12                    1190 	.db #0x12	; 18
      00049F D6                    1191 	.db #0xd6	; 214
      0004A0 BB                    1192 	.db #0xbb	; 187
      0004A1 23                    1193 	.db #0x23	; 35
      0004A2 7C                    1194 	.db #0x7c	; 124
      0004A3 35                    1195 	.db #0x35	; 53	'5'
      0004A4 77                    1196 	.db #0x77	; 119	'w'
      0004A5 DA                    1197 	.db #0xda	; 218
      0004A6 EA                    1198 	.db #0xea	; 234
      0004A7 3A                    1199 	.db #0x3a	; 58
      0004A8 D7                    1200 	.db #0xd7	; 215
      0004A9 32                    1201 	.db #0x32	; 50	'2'
      0004AA 38                    1202 	.db #0x38	; 56	'8'
      0004AB 85                    1203 	.db #0x85	; 133
      0004AC 18                    1204 	.db #0x18	; 24
      0004AD B0                    1205 	.db #0xb0	; 176
      0004AE 86                    1206 	.db #0x86	; 134
      0004AF 29                    1207 	.db #0x29	; 41
      0004B0 E3                    1208 	.db #0xe3	; 227
      0004B1 83                    1209 	.db #0x83	; 131
      0004B2 59                    1210 	.db #0x59	; 89	'Y'
      0004B3 74                    1211 	.db #0x74	; 116	't'
      0004B4 6B                    1212 	.db #0x6b	; 107	'k'
      0004B5 0A                    1213 	.db #0x0a	; 10
      0004B6 55                    1214 	.db #0x55	; 85	'U'
      0004B7 5E                    1215 	.db #0x5e	; 94
      0004B8 84                    1216 	.db #0x84	; 132
      0004B9 3E                    1217 	.db #0x3e	; 62
      0004BA E2                    1218 	.db #0xe2	; 226
      0004BB 03                    1219 	.db #0x03	; 3
      0004BC 46                    1220 	.db #0x46	; 70	'F'
      0004BD 08                    1221 	.db #0x08	; 8
      0004BE 8E                    1222 	.db #0x8e	; 142
      0004BF E9                    1223 	.db #0xe9	; 233
      0004C0 55                    1224 	.db #0x55	; 85	'U'
      0004C1 4E                    1225 	.db #0x4e	; 78	'N'
      0004C2 34                    1226 	.db #0x34	; 52	'4'
      0004C3 EA                    1227 	.db #0xea	; 234
      0004C4 C1                    1228 	.db #0xc1	; 193
      0004C5 63                    1229 	.db #0x63	; 99	'c'
      0004C6 35                    1230 	.db #0x35	; 53	'5'
      0004C7 C3                    1231 	.db #0xc3	; 195
      0004C8 8D                    1232 	.db #0x8d	; 141
      0004C9 AD                    1233 	.db #0xad	; 173
      0004CA 93                    1234 	.db #0x93	; 147
      0004CB B4                    1235 	.db #0xb4	; 180
      0004CC E2                    1236 	.db #0xe2	; 226
      0004CD C2                    1237 	.db #0xc2	; 194
      0004CE 1C                    1238 	.db #0x1c	; 28
      0004CF 8E                    1239 	.db #0x8e	; 142
      0004D0 28                    1240 	.db #0x28	; 40
      0004D1 B8                    1241 	.db #0xb8	; 184
      0004D2 61                    1242 	.db #0x61	; 97	'a'
      0004D3 17                    1243 	.db #0x17	; 23
      0004D4 88                    1244 	.db #0x88	; 136
      0004D5 03                    1245 	.db #0x03	; 3
      0004D6 A3                    1246 	.db #0xa3	; 163
      0004D7 5C                    1247 	.db #0x5c	; 92
      0004D8 AC                    1248 	.db #0xac	; 172
      0004D9 95                    1249 	.db #0x95	; 149
      0004DA AE                    1250 	.db #0xae	; 174
      0004DB C8                    1251 	.db #0xc8	; 200
      0004DC 80                    1252 	.db #0x80	; 128
      0004DD 76                    1253 	.db #0x76	; 118	'v'
      0004DE 24                    1254 	.db #0x24	; 36
      0004DF 70                    1255 	.db #0x70	; 112	'p'
      0004E0 8A                    1256 	.db #0x8a	; 138
      0004E1 A7                    1257 	.db #0xa7	; 167
      0004E2 A7                    1258 	.db #0xa7	; 167
      0004E3 49                    1259 	.db #0x49	; 73	'I'
      0004E4 04                    1260 	.db #0x04	; 4
      0004E5 4E                    1261 	.db #0x4e	; 78	'N'
      0004E6 BC                    1262 	.db #0xbc	; 188
      0004E7 72                    1263 	.db #0x72	; 114	'r'
      0004E8 5E                    1264 	.db #0x5e	; 94
      0004E9 17                    1265 	.db #0x17	; 23
      0004EA 43                    1266 	.db #0x43	; 67	'C'
      0004EB 7D                    1267 	.db #0x7d	; 125
      0004EC 9A                    1268 	.db #0x9a	; 154
      0004ED 25                    1269 	.db #0x25	; 37
      0004EE DD                    1270 	.db #0xdd	; 221
      0004EF CC                    1271 	.db #0xcc	; 204
      0004F0 EE                    1272 	.db #0xee	; 238
      0004F1 70                    1273 	.db #0x70	; 112	'p'
      0004F2 73                    1274 	.db #0x73	; 115	's'
      0004F3 98                    1275 	.db #0x98	; 152
      0004F4 0B                    1276 	.db #0x0b	; 11
      0004F5 DB                    1277 	.db #0xdb	; 219
      0004F6 83                    1278 	.db #0x83	; 131
      0004F7 0C                    1279 	.db #0x0c	; 12
      0004F8 20                    1280 	.db #0x20	; 32
      0004F9 D2                    1281 	.db #0xd2	; 210
      0004FA 04                    1282 	.db #0x04	; 4
      0004FB B5                    1283 	.db #0xb5	; 181
      0004FC 7D                    1284 	.db #0x7d	; 125
      0004FD 3C                    1285 	.db #0x3c	; 60
      0004FE 76                    1286 	.db #0x76	; 118	'v'
      0004FF CD                    1287 	.db #0xcd	; 205
      000500 1B                    1288 	.db #0x1b	; 27
      000501 83                    1289 	.db #0x83	; 131
      000502 B6                    1290 	.db #0xb6	; 182
      000503 73                    1291 	.db #0x73	; 115	's'
      000504 A8                    1292 	.db #0xa8	; 168
      000505 AD                    1293 	.db #0xad	; 173
      000506 09                    1294 	.db #0x09	; 9
      000507 E4                    1295 	.db #0xe4	; 228
      000508 4E                    1296 	.db #0x4e	; 78	'N'
      000509 DD                    1297 	.db #0xdd	; 221
      00050A C6                    1298 	.db #0xc6	; 198
      00050B A5                    1299 	.db #0xa5	; 165
      00050C 26                    1300 	.db #0x26	; 38
      00050D 02                    1301 	.db #0x02	; 2
      00050E 07                    1302 	.db #0x07	; 7
      00050F E8                    1303 	.db #0xe8	; 232
      000510 9C                    1304 	.db #0x9c	; 156
      000511 90                    1305 	.db #0x90	; 144
      000512 C5                    1306 	.db #0xc5	; 197
      000513 D8                    1307 	.db #0xd8	; 216
      000514 4A                    1308 	.db #0x4a	; 74	'J'
      000515 51                    1309 	.db #0x51	; 81	'Q'
      000516 66                    1310 	.db #0x66	; 102	'f'
      000517                       1311 _bownlyTheWhite2Song:
      000517 06                    1312 	.db #0x06	; 6
      000518r00r00                 1313 	.dw _order_cnt
      00051Ar01r03                 1314 	.dw _order1
      00051Cr03r03                 1315 	.dw _order2
      00051Er05r03                 1316 	.dw _order3
      000520r07r03                 1317 	.dw _order4
      000522r09r03                 1318 	.dw _duty_instruments
      000524r63r03                 1319 	.dw _wave_instruments
      000526rBDr03                 1320 	.dw _noise_instruments
      000528 00 00                 1321 	.dw #0x0000
      00052Ar17r04                 1322 	.dw _waves
                                   1323 	.area _INITIALIZER
                                   1324 	.area _CABS (ABS)
