                                      1 ;--------------------------------------------------------
                                      2 ; File Created by SDCC : free open source ANSI-C Compiler
                                      3 ; Version 4.1.6 #12539 (MINGW32)
                                      4 ;--------------------------------------------------------
                                      5 	.module bownlyPastelBkg1Map
                                      6 	.optsdcc -mgbz80
                                      7 	
                                      8 ;--------------------------------------------------------
                                      9 ; Public variables in this module
                                     10 ;--------------------------------------------------------
                                     11 	.globl _bownlyPastelBkg1Map
                                     12 ;--------------------------------------------------------
                                     13 ; special function registers
                                     14 ;--------------------------------------------------------
                                     15 ;--------------------------------------------------------
                                     16 ; ram data
                                     17 ;--------------------------------------------------------
                                     18 	.area _DATA
                                     19 ;--------------------------------------------------------
                                     20 ; ram data
                                     21 ;--------------------------------------------------------
                                     22 	.area _INITIALIZED
                                     23 ;--------------------------------------------------------
                                     24 ; absolute external ram data
                                     25 ;--------------------------------------------------------
                                     26 	.area _DABS (ABS)
                                     27 ;--------------------------------------------------------
                                     28 ; global & static initialisations
                                     29 ;--------------------------------------------------------
                                     30 	.area _HOME
                                     31 	.area _GSINIT
                                     32 	.area _GSFINAL
                                     33 	.area _GSINIT
                                     34 ;--------------------------------------------------------
                                     35 ; Home
                                     36 ;--------------------------------------------------------
                                     37 	.area _HOME
                                     38 	.area _HOME
                                     39 ;--------------------------------------------------------
                                     40 ; code
                                     41 ;--------------------------------------------------------
                                     42 	.area _CODE_2
                                     43 	.area _CODE_2
      000000                         44 _bownlyPastelBkg1Map:
      000000 40                      45 	.db #0x40	; 64
      000001 41                      46 	.db #0x41	; 65	'A'
      000002 42                      47 	.db #0x42	; 66	'B'
      000003 43                      48 	.db #0x43	; 67	'C'
      000004 44                      49 	.db #0x44	; 68	'D'
      000005 45                      50 	.db #0x45	; 69	'E'
      000006 46                      51 	.db #0x46	; 70	'F'
      000007 47                      52 	.db #0x47	; 71	'G'
      000008 48                      53 	.db #0x48	; 72	'H'
      000009 41                      54 	.db #0x41	; 65	'A'
      00000A 43                      55 	.db #0x43	; 67	'C'
      00000B 42                      56 	.db #0x42	; 66	'B'
      00000C 46                      57 	.db #0x46	; 70	'F'
      00000D 48                      58 	.db #0x48	; 72	'H'
      00000E 45                      59 	.db #0x45	; 69	'E'
      00000F 43                      60 	.db #0x43	; 67	'C'
      000010 44                      61 	.db #0x44	; 68	'D'
      000011 41                      62 	.db #0x41	; 65	'A'
      000012 45                      63 	.db #0x45	; 69	'E'
      000013 49                      64 	.db #0x49	; 73	'I'
      000014 4D                      65 	.db #0x4d	; 77	'M'
      000015 3F                      66 	.db #0x3f	; 63
      000016 3F                      67 	.db #0x3f	; 63
      000017 3F                      68 	.db #0x3f	; 63
      000018 3F                      69 	.db #0x3f	; 63
      000019 3F                      70 	.db #0x3f	; 63
      00001A 3F                      71 	.db #0x3f	; 63
      00001B 3F                      72 	.db #0x3f	; 63
      00001C 3F                      73 	.db #0x3f	; 63
      00001D 3F                      74 	.db #0x3f	; 63
      00001E 3F                      75 	.db #0x3f	; 63
      00001F 3F                      76 	.db #0x3f	; 63
      000020 3F                      77 	.db #0x3f	; 63
      000021 3F                      78 	.db #0x3f	; 63
      000022 3F                      79 	.db #0x3f	; 63
      000023 3F                      80 	.db #0x3f	; 63
      000024 3F                      81 	.db #0x3f	; 63
      000025 3F                      82 	.db #0x3f	; 63
      000026 3F                      83 	.db #0x3f	; 63
      000027 51                      84 	.db #0x51	; 81	'Q'
      000028 4E                      85 	.db #0x4e	; 78	'N'
      000029 3F                      86 	.db #0x3f	; 63
      00002A 3F                      87 	.db #0x3f	; 63
      00002B 3F                      88 	.db #0x3f	; 63
      00002C 3F                      89 	.db #0x3f	; 63
      00002D 3F                      90 	.db #0x3f	; 63
      00002E 3F                      91 	.db #0x3f	; 63
      00002F 3F                      92 	.db #0x3f	; 63
      000030 3F                      93 	.db #0x3f	; 63
      000031 3F                      94 	.db #0x3f	; 63
      000032 3F                      95 	.db #0x3f	; 63
      000033 3F                      96 	.db #0x3f	; 63
      000034 3F                      97 	.db #0x3f	; 63
      000035 3F                      98 	.db #0x3f	; 63
      000036 3F                      99 	.db #0x3f	; 63
      000037 3F                     100 	.db #0x3f	; 63
      000038 3F                     101 	.db #0x3f	; 63
      000039 3F                     102 	.db #0x3f	; 63
      00003A 3F                     103 	.db #0x3f	; 63
      00003B 55                     104 	.db #0x55	; 85	'U'
      00003C 4A                     105 	.db #0x4a	; 74	'J'
      00003D 3F                     106 	.db #0x3f	; 63
      00003E 3F                     107 	.db #0x3f	; 63
      00003F 3F                     108 	.db #0x3f	; 63
      000040 3F                     109 	.db #0x3f	; 63
      000041 3F                     110 	.db #0x3f	; 63
      000042 3F                     111 	.db #0x3f	; 63
      000043 3F                     112 	.db #0x3f	; 63
      000044 3F                     113 	.db #0x3f	; 63
      000045 3F                     114 	.db #0x3f	; 63
      000046 3F                     115 	.db #0x3f	; 63
      000047 3F                     116 	.db #0x3f	; 63
      000048 3F                     117 	.db #0x3f	; 63
      000049 3F                     118 	.db #0x3f	; 63
      00004A 3F                     119 	.db #0x3f	; 63
      00004B 3F                     120 	.db #0x3f	; 63
      00004C 3F                     121 	.db #0x3f	; 63
      00004D 3F                     122 	.db #0x3f	; 63
      00004E 3F                     123 	.db #0x3f	; 63
      00004F 56                     124 	.db #0x56	; 86	'V'
      000050 50                     125 	.db #0x50	; 80	'P'
      000051 58                     126 	.db #0x58	; 88	'X'
      000052 59                     127 	.db #0x59	; 89	'Y'
      000053 59                     128 	.db #0x59	; 89	'Y'
      000054 59                     129 	.db #0x59	; 89	'Y'
      000055 59                     130 	.db #0x59	; 89	'Y'
      000056 59                     131 	.db #0x59	; 89	'Y'
      000057 59                     132 	.db #0x59	; 89	'Y'
      000058 59                     133 	.db #0x59	; 89	'Y'
      000059 59                     134 	.db #0x59	; 89	'Y'
      00005A 59                     135 	.db #0x59	; 89	'Y'
      00005B 59                     136 	.db #0x59	; 89	'Y'
      00005C 59                     137 	.db #0x59	; 89	'Y'
      00005D 59                     138 	.db #0x59	; 89	'Y'
      00005E 59                     139 	.db #0x59	; 89	'Y'
      00005F 59                     140 	.db #0x59	; 89	'Y'
      000060 59                     141 	.db #0x59	; 89	'Y'
      000061 59                     142 	.db #0x59	; 89	'Y'
      000062 5A                     143 	.db #0x5a	; 90	'Z'
      000063 57                     144 	.db #0x57	; 87	'W'
                                    145 	.area _INITIALIZER
                                    146 	.area _CABS (ABS)
