                                      1 ;--------------------------------------------------------
                                      2 ; File Created by SDCC : free open source ANSI-C Compiler
                                      3 ; Version 4.1.6 #12539 (MINGW32)
                                      4 ;--------------------------------------------------------
                                      5 	.module bownlyTheWhiteSong
                                      6 	.optsdcc -mgbz80
                                      7 	
                                      8 ;--------------------------------------------------------
                                      9 ; Public variables in this module
                                     10 ;--------------------------------------------------------
                                     11 	.globl _bownlyTheWhiteSong
                                     12 ;--------------------------------------------------------
                                     13 ; special function registers
                                     14 ;--------------------------------------------------------
                                     15 ;--------------------------------------------------------
                                     16 ; ram data
                                     17 ;--------------------------------------------------------
                                     18 	.area _DATA
                                     19 ;--------------------------------------------------------
                                     20 ; ram data
                                     21 ;--------------------------------------------------------
                                     22 	.area _INITIALIZED
                                     23 ;--------------------------------------------------------
                                     24 ; absolute external ram data
                                     25 ;--------------------------------------------------------
                                     26 	.area _DABS (ABS)
                                     27 ;--------------------------------------------------------
                                     28 ; global & static initialisations
                                     29 ;--------------------------------------------------------
                                     30 	.area _HOME
                                     31 	.area _GSINIT
                                     32 	.area _GSFINAL
                                     33 	.area _GSINIT
                                     34 ;--------------------------------------------------------
                                     35 ; Home
                                     36 ;--------------------------------------------------------
                                     37 	.area _HOME
                                     38 	.area _HOME
                                     39 ;--------------------------------------------------------
                                     40 ; code
                                     41 ;--------------------------------------------------------
                                     42 	.area _CODE_2
                                     43 	.area _CODE_2
      000000                         44 _order_cnt:
      000000 02                      45 	.db #0x02	; 2
      000001                         46 _P3:
      000001 5A                      47 	.db #0x5a	; 90	'Z'
      000002 00                      48 	.db #0x00	; 0
      000003 00                      49 	.db #0x00	; 0
      000004 5A                      50 	.db #0x5a	; 90	'Z'
      000005 00                      51 	.db #0x00	; 0
      000006 00                      52 	.db #0x00	; 0
      000007 5A                      53 	.db #0x5a	; 90	'Z'
      000008 00                      54 	.db #0x00	; 0
      000009 00                      55 	.db #0x00	; 0
      00000A 5A                      56 	.db #0x5a	; 90	'Z'
      00000B 00                      57 	.db #0x00	; 0
      00000C 00                      58 	.db #0x00	; 0
      00000D 5A                      59 	.db #0x5a	; 90	'Z'
      00000E 00                      60 	.db #0x00	; 0
      00000F 00                      61 	.db #0x00	; 0
      000010 5A                      62 	.db #0x5a	; 90	'Z'
      000011 00                      63 	.db #0x00	; 0
      000012 00                      64 	.db #0x00	; 0
      000013 5A                      65 	.db #0x5a	; 90	'Z'
      000014 00                      66 	.db #0x00	; 0
      000015 00                      67 	.db #0x00	; 0
      000016 5A                      68 	.db #0x5a	; 90	'Z'
      000017 00                      69 	.db #0x00	; 0
      000018 00                      70 	.db #0x00	; 0
      000019 5A                      71 	.db #0x5a	; 90	'Z'
      00001A 00                      72 	.db #0x00	; 0
      00001B 00                      73 	.db #0x00	; 0
      00001C 5A                      74 	.db #0x5a	; 90	'Z'
      00001D 00                      75 	.db #0x00	; 0
      00001E 00                      76 	.db #0x00	; 0
      00001F 5A                      77 	.db #0x5a	; 90	'Z'
      000020 00                      78 	.db #0x00	; 0
      000021 00                      79 	.db #0x00	; 0
      000022 5A                      80 	.db #0x5a	; 90	'Z'
      000023 00                      81 	.db #0x00	; 0
      000024 00                      82 	.db #0x00	; 0
      000025 5A                      83 	.db #0x5a	; 90	'Z'
      000026 00                      84 	.db #0x00	; 0
      000027 00                      85 	.db #0x00	; 0
      000028 5A                      86 	.db #0x5a	; 90	'Z'
      000029 00                      87 	.db #0x00	; 0
      00002A 00                      88 	.db #0x00	; 0
      00002B 5A                      89 	.db #0x5a	; 90	'Z'
      00002C 00                      90 	.db #0x00	; 0
      00002D 00                      91 	.db #0x00	; 0
      00002E 5A                      92 	.db #0x5a	; 90	'Z'
      00002F 00                      93 	.db #0x00	; 0
      000030 00                      94 	.db #0x00	; 0
      000031 5A                      95 	.db #0x5a	; 90	'Z'
      000032 00                      96 	.db #0x00	; 0
      000033 00                      97 	.db #0x00	; 0
      000034 5A                      98 	.db #0x5a	; 90	'Z'
      000035 00                      99 	.db #0x00	; 0
      000036 00                     100 	.db #0x00	; 0
      000037 5A                     101 	.db #0x5a	; 90	'Z'
      000038 00                     102 	.db #0x00	; 0
      000039 00                     103 	.db #0x00	; 0
      00003A 5A                     104 	.db #0x5a	; 90	'Z'
      00003B 00                     105 	.db #0x00	; 0
      00003C 00                     106 	.db #0x00	; 0
      00003D 5A                     107 	.db #0x5a	; 90	'Z'
      00003E 00                     108 	.db #0x00	; 0
      00003F 00                     109 	.db #0x00	; 0
      000040 5A                     110 	.db #0x5a	; 90	'Z'
      000041 00                     111 	.db #0x00	; 0
      000042 00                     112 	.db #0x00	; 0
      000043 5A                     113 	.db #0x5a	; 90	'Z'
      000044 00                     114 	.db #0x00	; 0
      000045 00                     115 	.db #0x00	; 0
      000046 5A                     116 	.db #0x5a	; 90	'Z'
      000047 00                     117 	.db #0x00	; 0
      000048 00                     118 	.db #0x00	; 0
      000049 5A                     119 	.db #0x5a	; 90	'Z'
      00004A 00                     120 	.db #0x00	; 0
      00004B 00                     121 	.db #0x00	; 0
      00004C 5A                     122 	.db #0x5a	; 90	'Z'
      00004D 00                     123 	.db #0x00	; 0
      00004E 00                     124 	.db #0x00	; 0
      00004F 5A                     125 	.db #0x5a	; 90	'Z'
      000050 00                     126 	.db #0x00	; 0
      000051 00                     127 	.db #0x00	; 0
      000052 5A                     128 	.db #0x5a	; 90	'Z'
      000053 00                     129 	.db #0x00	; 0
      000054 00                     130 	.db #0x00	; 0
      000055 5A                     131 	.db #0x5a	; 90	'Z'
      000056 00                     132 	.db #0x00	; 0
      000057 00                     133 	.db #0x00	; 0
      000058 5A                     134 	.db #0x5a	; 90	'Z'
      000059 00                     135 	.db #0x00	; 0
      00005A 00                     136 	.db #0x00	; 0
      00005B 5A                     137 	.db #0x5a	; 90	'Z'
      00005C 00                     138 	.db #0x00	; 0
      00005D 00                     139 	.db #0x00	; 0
      00005E 5A                     140 	.db #0x5a	; 90	'Z'
      00005F 00                     141 	.db #0x00	; 0
      000060 00                     142 	.db #0x00	; 0
      000061 5A                     143 	.db #0x5a	; 90	'Z'
      000062 00                     144 	.db #0x00	; 0
      000063 00                     145 	.db #0x00	; 0
      000064 5A                     146 	.db #0x5a	; 90	'Z'
      000065 00                     147 	.db #0x00	; 0
      000066 00                     148 	.db #0x00	; 0
      000067 5A                     149 	.db #0x5a	; 90	'Z'
      000068 00                     150 	.db #0x00	; 0
      000069 00                     151 	.db #0x00	; 0
      00006A 5A                     152 	.db #0x5a	; 90	'Z'
      00006B 00                     153 	.db #0x00	; 0
      00006C 00                     154 	.db #0x00	; 0
      00006D 5A                     155 	.db #0x5a	; 90	'Z'
      00006E 00                     156 	.db #0x00	; 0
      00006F 00                     157 	.db #0x00	; 0
      000070 5A                     158 	.db #0x5a	; 90	'Z'
      000071 00                     159 	.db #0x00	; 0
      000072 00                     160 	.db #0x00	; 0
      000073 5A                     161 	.db #0x5a	; 90	'Z'
      000074 00                     162 	.db #0x00	; 0
      000075 00                     163 	.db #0x00	; 0
      000076 5A                     164 	.db #0x5a	; 90	'Z'
      000077 00                     165 	.db #0x00	; 0
      000078 00                     166 	.db #0x00	; 0
      000079 5A                     167 	.db #0x5a	; 90	'Z'
      00007A 00                     168 	.db #0x00	; 0
      00007B 00                     169 	.db #0x00	; 0
      00007C 5A                     170 	.db #0x5a	; 90	'Z'
      00007D 00                     171 	.db #0x00	; 0
      00007E 00                     172 	.db #0x00	; 0
      00007F 5A                     173 	.db #0x5a	; 90	'Z'
      000080 00                     174 	.db #0x00	; 0
      000081 00                     175 	.db #0x00	; 0
      000082 5A                     176 	.db #0x5a	; 90	'Z'
      000083 00                     177 	.db #0x00	; 0
      000084 00                     178 	.db #0x00	; 0
      000085 5A                     179 	.db #0x5a	; 90	'Z'
      000086 00                     180 	.db #0x00	; 0
      000087 00                     181 	.db #0x00	; 0
      000088 5A                     182 	.db #0x5a	; 90	'Z'
      000089 00                     183 	.db #0x00	; 0
      00008A 00                     184 	.db #0x00	; 0
      00008B 5A                     185 	.db #0x5a	; 90	'Z'
      00008C 00                     186 	.db #0x00	; 0
      00008D 00                     187 	.db #0x00	; 0
      00008E 5A                     188 	.db #0x5a	; 90	'Z'
      00008F 00                     189 	.db #0x00	; 0
      000090 00                     190 	.db #0x00	; 0
      000091 5A                     191 	.db #0x5a	; 90	'Z'
      000092 00                     192 	.db #0x00	; 0
      000093 00                     193 	.db #0x00	; 0
      000094 5A                     194 	.db #0x5a	; 90	'Z'
      000095 00                     195 	.db #0x00	; 0
      000096 00                     196 	.db #0x00	; 0
      000097 5A                     197 	.db #0x5a	; 90	'Z'
      000098 00                     198 	.db #0x00	; 0
      000099 00                     199 	.db #0x00	; 0
      00009A 5A                     200 	.db #0x5a	; 90	'Z'
      00009B 00                     201 	.db #0x00	; 0
      00009C 00                     202 	.db #0x00	; 0
      00009D 5A                     203 	.db #0x5a	; 90	'Z'
      00009E 00                     204 	.db #0x00	; 0
      00009F 00                     205 	.db #0x00	; 0
      0000A0 5A                     206 	.db #0x5a	; 90	'Z'
      0000A1 00                     207 	.db #0x00	; 0
      0000A2 00                     208 	.db #0x00	; 0
      0000A3 5A                     209 	.db #0x5a	; 90	'Z'
      0000A4 00                     210 	.db #0x00	; 0
      0000A5 00                     211 	.db #0x00	; 0
      0000A6 5A                     212 	.db #0x5a	; 90	'Z'
      0000A7 00                     213 	.db #0x00	; 0
      0000A8 00                     214 	.db #0x00	; 0
      0000A9 5A                     215 	.db #0x5a	; 90	'Z'
      0000AA 00                     216 	.db #0x00	; 0
      0000AB 00                     217 	.db #0x00	; 0
      0000AC 5A                     218 	.db #0x5a	; 90	'Z'
      0000AD 00                     219 	.db #0x00	; 0
      0000AE 00                     220 	.db #0x00	; 0
      0000AF 5A                     221 	.db #0x5a	; 90	'Z'
      0000B0 00                     222 	.db #0x00	; 0
      0000B1 00                     223 	.db #0x00	; 0
      0000B2 5A                     224 	.db #0x5a	; 90	'Z'
      0000B3 00                     225 	.db #0x00	; 0
      0000B4 00                     226 	.db #0x00	; 0
      0000B5 5A                     227 	.db #0x5a	; 90	'Z'
      0000B6 00                     228 	.db #0x00	; 0
      0000B7 00                     229 	.db #0x00	; 0
      0000B8 5A                     230 	.db #0x5a	; 90	'Z'
      0000B9 00                     231 	.db #0x00	; 0
      0000BA 00                     232 	.db #0x00	; 0
      0000BB 5A                     233 	.db #0x5a	; 90	'Z'
      0000BC 00                     234 	.db #0x00	; 0
      0000BD 00                     235 	.db #0x00	; 0
      0000BE 5A                     236 	.db #0x5a	; 90	'Z'
      0000BF 00                     237 	.db #0x00	; 0
      0000C0 00                     238 	.db #0x00	; 0
      0000C1                        239 _P10:
      0000C1 1E                     240 	.db #0x1e	; 30
      0000C2 4C                     241 	.db #0x4c	; 76	'L'
      0000C3 1A                     242 	.db #0x1a	; 26
      0000C4 5A                     243 	.db #0x5a	; 90	'Z'
      0000C5 00                     244 	.db #0x00	; 0
      0000C6 00                     245 	.db #0x00	; 0
      0000C7 23                     246 	.db #0x23	; 35
      0000C8 4C                     247 	.db #0x4c	; 76	'L'
      0000C9 1A                     248 	.db #0x1a	; 26
      0000CA 5A                     249 	.db #0x5a	; 90	'Z'
      0000CB 0C                     250 	.db #0x0c	; 12
      0000CC 00                     251 	.db #0x00	; 0
      0000CD 25                     252 	.db #0x25	; 37
      0000CE 4C                     253 	.db #0x4c	; 76	'L'
      0000CF 1A                     254 	.db #0x1a	; 26
      0000D0 5A                     255 	.db #0x5a	; 90	'Z'
      0000D1 0C                     256 	.db #0x0c	; 12
      0000D2 00                     257 	.db #0x00	; 0
      0000D3 26                     258 	.db #0x26	; 38
      0000D4 4C                     259 	.db #0x4c	; 76	'L'
      0000D5 1A                     260 	.db #0x1a	; 26
      0000D6 25                     261 	.db #0x25	; 37
      0000D7 4C                     262 	.db #0x4c	; 76	'L'
      0000D8 02                     263 	.db #0x02	; 2
      0000D9 2A                     264 	.db #0x2a	; 42
      0000DA 4C                     265 	.db #0x4c	; 76	'L'
      0000DB 1A                     266 	.db #0x1a	; 26
      0000DC 5A                     267 	.db #0x5a	; 90	'Z'
      0000DD 00                     268 	.db #0x00	; 0
      0000DE 00                     269 	.db #0x00	; 0
      0000DF 5A                     270 	.db #0x5a	; 90	'Z'
      0000E0 0C                     271 	.db #0x0c	; 12
      0000E1 00                     272 	.db #0x00	; 0
      0000E2 28                     273 	.db #0x28	; 40
      0000E3 4C                     274 	.db #0x4c	; 76	'L'
      0000E4 1A                     275 	.db #0x1a	; 26
      0000E5 5A                     276 	.db #0x5a	; 90	'Z'
      0000E6 00                     277 	.db #0x00	; 0
      0000E7 00                     278 	.db #0x00	; 0
      0000E8 5A                     279 	.db #0x5a	; 90	'Z'
      0000E9 0C                     280 	.db #0x0c	; 12
      0000EA 00                     281 	.db #0x00	; 0
      0000EB 26                     282 	.db #0x26	; 38
      0000EC 4C                     283 	.db #0x4c	; 76	'L'
      0000ED 1A                     284 	.db #0x1a	; 26
      0000EE 5A                     285 	.db #0x5a	; 90	'Z'
      0000EF 0C                     286 	.db #0x0c	; 12
      0000F0 00                     287 	.db #0x00	; 0
      0000F1 23                     288 	.db #0x23	; 35
      0000F2 4C                     289 	.db #0x4c	; 76	'L'
      0000F3 1A                     290 	.db #0x1a	; 26
      0000F4 5A                     291 	.db #0x5a	; 90	'Z'
      0000F5 0C                     292 	.db #0x0c	; 12
      0000F6 00                     293 	.db #0x00	; 0
      0000F7 1E                     294 	.db #0x1e	; 30
      0000F8 4C                     295 	.db #0x4c	; 76	'L'
      0000F9 1A                     296 	.db #0x1a	; 26
      0000FA 5A                     297 	.db #0x5a	; 90	'Z'
      0000FB 0C                     298 	.db #0x0c	; 12
      0000FC 00                     299 	.db #0x00	; 0
      0000FD 21                     300 	.db #0x21	; 33
      0000FE 4C                     301 	.db #0x4c	; 76	'L'
      0000FF 1A                     302 	.db #0x1a	; 26
      000100 5A                     303 	.db #0x5a	; 90	'Z'
      000101 00                     304 	.db #0x00	; 0
      000102 00                     305 	.db #0x00	; 0
      000103 1E                     306 	.db #0x1e	; 30
      000104 4C                     307 	.db #0x4c	; 76	'L'
      000105 1A                     308 	.db #0x1a	; 26
      000106 21                     309 	.db #0x21	; 33
      000107 4C                     310 	.db #0x4c	; 76	'L'
      000108 1A                     311 	.db #0x1a	; 26
      000109 23                     312 	.db #0x23	; 35
      00010A 4C                     313 	.db #0x4c	; 76	'L'
      00010B 1A                     314 	.db #0x1a	; 26
      00010C 5A                     315 	.db #0x5a	; 90	'Z'
      00010D 00                     316 	.db #0x00	; 0
      00010E 00                     317 	.db #0x00	; 0
      00010F 5A                     318 	.db #0x5a	; 90	'Z'
      000110 0C                     319 	.db #0x0c	; 12
      000111 00                     320 	.db #0x00	; 0
      000112 26                     321 	.db #0x26	; 38
      000113 4C                     322 	.db #0x4c	; 76	'L'
      000114 1A                     323 	.db #0x1a	; 26
      000115 23                     324 	.db #0x23	; 35
      000116 4C                     325 	.db #0x4c	; 76	'L'
      000117 1A                     326 	.db #0x1a	; 26
      000118 5A                     327 	.db #0x5a	; 90	'Z'
      000119 0C                     328 	.db #0x0c	; 12
      00011A 00                     329 	.db #0x00	; 0
      00011B 21                     330 	.db #0x21	; 33
      00011C 4C                     331 	.db #0x4c	; 76	'L'
      00011D 1A                     332 	.db #0x1a	; 26
      00011E 5A                     333 	.db #0x5a	; 90	'Z'
      00011F 0C                     334 	.db #0x0c	; 12
      000120 00                     335 	.db #0x00	; 0
      000121 23                     336 	.db #0x23	; 35
      000122 4C                     337 	.db #0x4c	; 76	'L'
      000123 1A                     338 	.db #0x1a	; 26
      000124 5A                     339 	.db #0x5a	; 90	'Z'
      000125 00                     340 	.db #0x00	; 0
      000126 00                     341 	.db #0x00	; 0
      000127 5A                     342 	.db #0x5a	; 90	'Z'
      000128 00                     343 	.db #0x00	; 0
      000129 00                     344 	.db #0x00	; 0
      00012A 5A                     345 	.db #0x5a	; 90	'Z'
      00012B 00                     346 	.db #0x00	; 0
      00012C 00                     347 	.db #0x00	; 0
      00012D 5A                     348 	.db #0x5a	; 90	'Z'
      00012E 0C                     349 	.db #0x0c	; 12
      00012F 00                     350 	.db #0x00	; 0
      000130 5A                     351 	.db #0x5a	; 90	'Z'
      000131 00                     352 	.db #0x00	; 0
      000132 00                     353 	.db #0x00	; 0
      000133 5A                     354 	.db #0x5a	; 90	'Z'
      000134 00                     355 	.db #0x00	; 0
      000135 00                     356 	.db #0x00	; 0
      000136 5A                     357 	.db #0x5a	; 90	'Z'
      000137 00                     358 	.db #0x00	; 0
      000138 00                     359 	.db #0x00	; 0
      000139 28                     360 	.db #0x28	; 40
      00013A 4C                     361 	.db #0x4c	; 76	'L'
      00013B 1A                     362 	.db #0x1a	; 26
      00013C 5A                     363 	.db #0x5a	; 90	'Z'
      00013D 00                     364 	.db #0x00	; 0
      00013E 00                     365 	.db #0x00	; 0
      00013F 5A                     366 	.db #0x5a	; 90	'Z'
      000140 00                     367 	.db #0x00	; 0
      000141 00                     368 	.db #0x00	; 0
      000142 5A                     369 	.db #0x5a	; 90	'Z'
      000143 0C                     370 	.db #0x0c	; 12
      000144 00                     371 	.db #0x00	; 0
      000145 26                     372 	.db #0x26	; 38
      000146 4C                     373 	.db #0x4c	; 76	'L'
      000147 1A                     374 	.db #0x1a	; 26
      000148 5A                     375 	.db #0x5a	; 90	'Z'
      000149 0C                     376 	.db #0x0c	; 12
      00014A 00                     377 	.db #0x00	; 0
      00014B 25                     378 	.db #0x25	; 37
      00014C 4C                     379 	.db #0x4c	; 76	'L'
      00014D 1A                     380 	.db #0x1a	; 26
      00014E 5A                     381 	.db #0x5a	; 90	'Z'
      00014F 0C                     382 	.db #0x0c	; 12
      000150 00                     383 	.db #0x00	; 0
      000151 23                     384 	.db #0x23	; 35
      000152 4C                     385 	.db #0x4c	; 76	'L'
      000153 1A                     386 	.db #0x1a	; 26
      000154 5A                     387 	.db #0x5a	; 90	'Z'
      000155 00                     388 	.db #0x00	; 0
      000156 00                     389 	.db #0x00	; 0
      000157 5A                     390 	.db #0x5a	; 90	'Z'
      000158 00                     391 	.db #0x00	; 0
      000159 00                     392 	.db #0x00	; 0
      00015A 5A                     393 	.db #0x5a	; 90	'Z'
      00015B 00                     394 	.db #0x00	; 0
      00015C 00                     395 	.db #0x00	; 0
      00015D 5A                     396 	.db #0x5a	; 90	'Z'
      00015E 0C                     397 	.db #0x0c	; 12
      00015F 00                     398 	.db #0x00	; 0
      000160 5A                     399 	.db #0x5a	; 90	'Z'
      000161 00                     400 	.db #0x00	; 0
      000162 00                     401 	.db #0x00	; 0
      000163 26                     402 	.db #0x26	; 38
      000164 4C                     403 	.db #0x4c	; 76	'L'
      000165 1A                     404 	.db #0x1a	; 26
      000166 5A                     405 	.db #0x5a	; 90	'Z'
      000167 0C                     406 	.db #0x0c	; 12
      000168 00                     407 	.db #0x00	; 0
      000169 21                     408 	.db #0x21	; 33
      00016A 4C                     409 	.db #0x4c	; 76	'L'
      00016B 1A                     410 	.db #0x1a	; 26
      00016C 5A                     411 	.db #0x5a	; 90	'Z'
      00016D 00                     412 	.db #0x00	; 0
      00016E 00                     413 	.db #0x00	; 0
      00016F 5A                     414 	.db #0x5a	; 90	'Z'
      000170 00                     415 	.db #0x00	; 0
      000171 00                     416 	.db #0x00	; 0
      000172 5A                     417 	.db #0x5a	; 90	'Z'
      000173 00                     418 	.db #0x00	; 0
      000174 00                     419 	.db #0x00	; 0
      000175 5A                     420 	.db #0x5a	; 90	'Z'
      000176 0C                     421 	.db #0x0c	; 12
      000177 00                     422 	.db #0x00	; 0
      000178 5A                     423 	.db #0x5a	; 90	'Z'
      000179 00                     424 	.db #0x00	; 0
      00017A 00                     425 	.db #0x00	; 0
      00017B 5A                     426 	.db #0x5a	; 90	'Z'
      00017C 00                     427 	.db #0x00	; 0
      00017D 00                     428 	.db #0x00	; 0
      00017E 5A                     429 	.db #0x5a	; 90	'Z'
      00017F 00                     430 	.db #0x00	; 0
      000180 00                     431 	.db #0x00	; 0
      000181                        432 _P11:
      000181 5A                     433 	.db #0x5a	; 90	'Z'
      000182 00                     434 	.db #0x00	; 0
      000183 00                     435 	.db #0x00	; 0
      000184 5A                     436 	.db #0x5a	; 90	'Z'
      000185 00                     437 	.db #0x00	; 0
      000186 00                     438 	.db #0x00	; 0
      000187 17                     439 	.db #0x17	; 23
      000188 4C                     440 	.db #0x4c	; 76	'L'
      000189 08                     441 	.db #0x08	; 8
      00018A 5A                     442 	.db #0x5a	; 90	'Z'
      00018B 00                     443 	.db #0x00	; 0
      00018C 00                     444 	.db #0x00	; 0
      00018D 5A                     445 	.db #0x5a	; 90	'Z'
      00018E 0C                     446 	.db #0x0c	; 12
      00018F 00                     447 	.db #0x00	; 0
      000190 5A                     448 	.db #0x5a	; 90	'Z'
      000191 00                     449 	.db #0x00	; 0
      000192 00                     450 	.db #0x00	; 0
      000193 17                     451 	.db #0x17	; 23
      000194 4C                     452 	.db #0x4c	; 76	'L'
      000195 08                     453 	.db #0x08	; 8
      000196 5A                     454 	.db #0x5a	; 90	'Z'
      000197 00                     455 	.db #0x00	; 0
      000198 00                     456 	.db #0x00	; 0
      000199 5A                     457 	.db #0x5a	; 90	'Z'
      00019A 0C                     458 	.db #0x0c	; 12
      00019B 00                     459 	.db #0x00	; 0
      00019C 5A                     460 	.db #0x5a	; 90	'Z'
      00019D 00                     461 	.db #0x00	; 0
      00019E 00                     462 	.db #0x00	; 0
      00019F 17                     463 	.db #0x17	; 23
      0001A0 4C                     464 	.db #0x4c	; 76	'L'
      0001A1 08                     465 	.db #0x08	; 8
      0001A2 5A                     466 	.db #0x5a	; 90	'Z'
      0001A3 00                     467 	.db #0x00	; 0
      0001A4 00                     468 	.db #0x00	; 0
      0001A5 5A                     469 	.db #0x5a	; 90	'Z'
      0001A6 0C                     470 	.db #0x0c	; 12
      0001A7 00                     471 	.db #0x00	; 0
      0001A8 5A                     472 	.db #0x5a	; 90	'Z'
      0001A9 00                     473 	.db #0x00	; 0
      0001AA 00                     474 	.db #0x00	; 0
      0001AB 17                     475 	.db #0x17	; 23
      0001AC 4C                     476 	.db #0x4c	; 76	'L'
      0001AD 08                     477 	.db #0x08	; 8
      0001AE 5A                     478 	.db #0x5a	; 90	'Z'
      0001AF 00                     479 	.db #0x00	; 0
      0001B0 00                     480 	.db #0x00	; 0
      0001B1 5A                     481 	.db #0x5a	; 90	'Z'
      0001B2 0C                     482 	.db #0x0c	; 12
      0001B3 00                     483 	.db #0x00	; 0
      0001B4 5A                     484 	.db #0x5a	; 90	'Z'
      0001B5 00                     485 	.db #0x00	; 0
      0001B6 00                     486 	.db #0x00	; 0
      0001B7 17                     487 	.db #0x17	; 23
      0001B8 4C                     488 	.db #0x4c	; 76	'L'
      0001B9 08                     489 	.db #0x08	; 8
      0001BA 5A                     490 	.db #0x5a	; 90	'Z'
      0001BB 00                     491 	.db #0x00	; 0
      0001BC 00                     492 	.db #0x00	; 0
      0001BD 5A                     493 	.db #0x5a	; 90	'Z'
      0001BE 0C                     494 	.db #0x0c	; 12
      0001BF 00                     495 	.db #0x00	; 0
      0001C0 5A                     496 	.db #0x5a	; 90	'Z'
      0001C1 00                     497 	.db #0x00	; 0
      0001C2 00                     498 	.db #0x00	; 0
      0001C3 17                     499 	.db #0x17	; 23
      0001C4 4C                     500 	.db #0x4c	; 76	'L'
      0001C5 08                     501 	.db #0x08	; 8
      0001C6 5A                     502 	.db #0x5a	; 90	'Z'
      0001C7 00                     503 	.db #0x00	; 0
      0001C8 00                     504 	.db #0x00	; 0
      0001C9 5A                     505 	.db #0x5a	; 90	'Z'
      0001CA 0C                     506 	.db #0x0c	; 12
      0001CB 00                     507 	.db #0x00	; 0
      0001CC 5A                     508 	.db #0x5a	; 90	'Z'
      0001CD 00                     509 	.db #0x00	; 0
      0001CE 00                     510 	.db #0x00	; 0
      0001CF 17                     511 	.db #0x17	; 23
      0001D0 4C                     512 	.db #0x4c	; 76	'L'
      0001D1 08                     513 	.db #0x08	; 8
      0001D2 5A                     514 	.db #0x5a	; 90	'Z'
      0001D3 00                     515 	.db #0x00	; 0
      0001D4 00                     516 	.db #0x00	; 0
      0001D5 5A                     517 	.db #0x5a	; 90	'Z'
      0001D6 0C                     518 	.db #0x0c	; 12
      0001D7 00                     519 	.db #0x00	; 0
      0001D8 5A                     520 	.db #0x5a	; 90	'Z'
      0001D9 00                     521 	.db #0x00	; 0
      0001DA 00                     522 	.db #0x00	; 0
      0001DB 17                     523 	.db #0x17	; 23
      0001DC 4C                     524 	.db #0x4c	; 76	'L'
      0001DD 08                     525 	.db #0x08	; 8
      0001DE 5A                     526 	.db #0x5a	; 90	'Z'
      0001DF 00                     527 	.db #0x00	; 0
      0001E0 00                     528 	.db #0x00	; 0
      0001E1 5A                     529 	.db #0x5a	; 90	'Z'
      0001E2 0C                     530 	.db #0x0c	; 12
      0001E3 00                     531 	.db #0x00	; 0
      0001E4 5A                     532 	.db #0x5a	; 90	'Z'
      0001E5 00                     533 	.db #0x00	; 0
      0001E6 00                     534 	.db #0x00	; 0
      0001E7 13                     535 	.db #0x13	; 19
      0001E8 4C                     536 	.db #0x4c	; 76	'L'
      0001E9 08                     537 	.db #0x08	; 8
      0001EA 5A                     538 	.db #0x5a	; 90	'Z'
      0001EB 00                     539 	.db #0x00	; 0
      0001EC 00                     540 	.db #0x00	; 0
      0001ED 5A                     541 	.db #0x5a	; 90	'Z'
      0001EE 0C                     542 	.db #0x0c	; 12
      0001EF 00                     543 	.db #0x00	; 0
      0001F0 5A                     544 	.db #0x5a	; 90	'Z'
      0001F1 00                     545 	.db #0x00	; 0
      0001F2 00                     546 	.db #0x00	; 0
      0001F3 13                     547 	.db #0x13	; 19
      0001F4 4C                     548 	.db #0x4c	; 76	'L'
      0001F5 08                     549 	.db #0x08	; 8
      0001F6 5A                     550 	.db #0x5a	; 90	'Z'
      0001F7 00                     551 	.db #0x00	; 0
      0001F8 00                     552 	.db #0x00	; 0
      0001F9 5A                     553 	.db #0x5a	; 90	'Z'
      0001FA 0C                     554 	.db #0x0c	; 12
      0001FB 00                     555 	.db #0x00	; 0
      0001FC 5A                     556 	.db #0x5a	; 90	'Z'
      0001FD 00                     557 	.db #0x00	; 0
      0001FE 00                     558 	.db #0x00	; 0
      0001FF 13                     559 	.db #0x13	; 19
      000200 4C                     560 	.db #0x4c	; 76	'L'
      000201 08                     561 	.db #0x08	; 8
      000202 5A                     562 	.db #0x5a	; 90	'Z'
      000203 00                     563 	.db #0x00	; 0
      000204 00                     564 	.db #0x00	; 0
      000205 5A                     565 	.db #0x5a	; 90	'Z'
      000206 0C                     566 	.db #0x0c	; 12
      000207 00                     567 	.db #0x00	; 0
      000208 5A                     568 	.db #0x5a	; 90	'Z'
      000209 00                     569 	.db #0x00	; 0
      00020A 00                     570 	.db #0x00	; 0
      00020B 13                     571 	.db #0x13	; 19
      00020C 4C                     572 	.db #0x4c	; 76	'L'
      00020D 08                     573 	.db #0x08	; 8
      00020E 5A                     574 	.db #0x5a	; 90	'Z'
      00020F 00                     575 	.db #0x00	; 0
      000210 00                     576 	.db #0x00	; 0
      000211 5A                     577 	.db #0x5a	; 90	'Z'
      000212 0C                     578 	.db #0x0c	; 12
      000213 00                     579 	.db #0x00	; 0
      000214 5A                     580 	.db #0x5a	; 90	'Z'
      000215 00                     581 	.db #0x00	; 0
      000216 00                     582 	.db #0x00	; 0
      000217 13                     583 	.db #0x13	; 19
      000218 4C                     584 	.db #0x4c	; 76	'L'
      000219 08                     585 	.db #0x08	; 8
      00021A 5A                     586 	.db #0x5a	; 90	'Z'
      00021B 00                     587 	.db #0x00	; 0
      00021C 00                     588 	.db #0x00	; 0
      00021D 5A                     589 	.db #0x5a	; 90	'Z'
      00021E 0C                     590 	.db #0x0c	; 12
      00021F 00                     591 	.db #0x00	; 0
      000220 5A                     592 	.db #0x5a	; 90	'Z'
      000221 00                     593 	.db #0x00	; 0
      000222 00                     594 	.db #0x00	; 0
      000223 13                     595 	.db #0x13	; 19
      000224 4C                     596 	.db #0x4c	; 76	'L'
      000225 08                     597 	.db #0x08	; 8
      000226 5A                     598 	.db #0x5a	; 90	'Z'
      000227 00                     599 	.db #0x00	; 0
      000228 00                     600 	.db #0x00	; 0
      000229 5A                     601 	.db #0x5a	; 90	'Z'
      00022A 0C                     602 	.db #0x0c	; 12
      00022B 00                     603 	.db #0x00	; 0
      00022C 5A                     604 	.db #0x5a	; 90	'Z'
      00022D 00                     605 	.db #0x00	; 0
      00022E 00                     606 	.db #0x00	; 0
      00022F 13                     607 	.db #0x13	; 19
      000230 4C                     608 	.db #0x4c	; 76	'L'
      000231 08                     609 	.db #0x08	; 8
      000232 5A                     610 	.db #0x5a	; 90	'Z'
      000233 00                     611 	.db #0x00	; 0
      000234 00                     612 	.db #0x00	; 0
      000235 5A                     613 	.db #0x5a	; 90	'Z'
      000236 0C                     614 	.db #0x0c	; 12
      000237 00                     615 	.db #0x00	; 0
      000238 5A                     616 	.db #0x5a	; 90	'Z'
      000239 00                     617 	.db #0x00	; 0
      00023A 00                     618 	.db #0x00	; 0
      00023B 13                     619 	.db #0x13	; 19
      00023C 4C                     620 	.db #0x4c	; 76	'L'
      00023D 08                     621 	.db #0x08	; 8
      00023E 5A                     622 	.db #0x5a	; 90	'Z'
      00023F 00                     623 	.db #0x00	; 0
      000240 00                     624 	.db #0x00	; 0
      000241                        625 _P12:
      000241 17                     626 	.db #0x17	; 23
      000242 EC                     627 	.db #0xec	; 236
      000243 09                     628 	.db #0x09	; 9
      000244 5A                     629 	.db #0x5a	; 90	'Z'
      000245 00                     630 	.db #0x00	; 0
      000246 00                     631 	.db #0x00	; 0
      000247 5A                     632 	.db #0x5a	; 90	'Z'
      000248 0C                     633 	.db #0x0c	; 12
      000249 00                     634 	.db #0x00	; 0
      00024A 5A                     635 	.db #0x5a	; 90	'Z'
      00024B 00                     636 	.db #0x00	; 0
      00024C 00                     637 	.db #0x00	; 0
      00024D 17                     638 	.db #0x17	; 23
      00024E EC                     639 	.db #0xec	; 236
      00024F 09                     640 	.db #0x09	; 9
      000250 5A                     641 	.db #0x5a	; 90	'Z'
      000251 00                     642 	.db #0x00	; 0
      000252 00                     643 	.db #0x00	; 0
      000253 5A                     644 	.db #0x5a	; 90	'Z'
      000254 0C                     645 	.db #0x0c	; 12
      000255 00                     646 	.db #0x00	; 0
      000256 5A                     647 	.db #0x5a	; 90	'Z'
      000257 00                     648 	.db #0x00	; 0
      000258 00                     649 	.db #0x00	; 0
      000259 17                     650 	.db #0x17	; 23
      00025A EC                     651 	.db #0xec	; 236
      00025B 09                     652 	.db #0x09	; 9
      00025C 5A                     653 	.db #0x5a	; 90	'Z'
      00025D 00                     654 	.db #0x00	; 0
      00025E 00                     655 	.db #0x00	; 0
      00025F 5A                     656 	.db #0x5a	; 90	'Z'
      000260 0C                     657 	.db #0x0c	; 12
      000261 00                     658 	.db #0x00	; 0
      000262 5A                     659 	.db #0x5a	; 90	'Z'
      000263 00                     660 	.db #0x00	; 0
      000264 00                     661 	.db #0x00	; 0
      000265 17                     662 	.db #0x17	; 23
      000266 EC                     663 	.db #0xec	; 236
      000267 09                     664 	.db #0x09	; 9
      000268 5A                     665 	.db #0x5a	; 90	'Z'
      000269 00                     666 	.db #0x00	; 0
      00026A 00                     667 	.db #0x00	; 0
      00026B 5A                     668 	.db #0x5a	; 90	'Z'
      00026C 0C                     669 	.db #0x0c	; 12
      00026D 00                     670 	.db #0x00	; 0
      00026E 5A                     671 	.db #0x5a	; 90	'Z'
      00026F 00                     672 	.db #0x00	; 0
      000270 00                     673 	.db #0x00	; 0
      000271 17                     674 	.db #0x17	; 23
      000272 EC                     675 	.db #0xec	; 236
      000273 09                     676 	.db #0x09	; 9
      000274 5A                     677 	.db #0x5a	; 90	'Z'
      000275 00                     678 	.db #0x00	; 0
      000276 00                     679 	.db #0x00	; 0
      000277 5A                     680 	.db #0x5a	; 90	'Z'
      000278 0C                     681 	.db #0x0c	; 12
      000279 00                     682 	.db #0x00	; 0
      00027A 5A                     683 	.db #0x5a	; 90	'Z'
      00027B 00                     684 	.db #0x00	; 0
      00027C 00                     685 	.db #0x00	; 0
      00027D 17                     686 	.db #0x17	; 23
      00027E EC                     687 	.db #0xec	; 236
      00027F 09                     688 	.db #0x09	; 9
      000280 5A                     689 	.db #0x5a	; 90	'Z'
      000281 00                     690 	.db #0x00	; 0
      000282 00                     691 	.db #0x00	; 0
      000283 5A                     692 	.db #0x5a	; 90	'Z'
      000284 0C                     693 	.db #0x0c	; 12
      000285 00                     694 	.db #0x00	; 0
      000286 5A                     695 	.db #0x5a	; 90	'Z'
      000287 00                     696 	.db #0x00	; 0
      000288 00                     697 	.db #0x00	; 0
      000289 17                     698 	.db #0x17	; 23
      00028A EC                     699 	.db #0xec	; 236
      00028B 09                     700 	.db #0x09	; 9
      00028C 5A                     701 	.db #0x5a	; 90	'Z'
      00028D 00                     702 	.db #0x00	; 0
      00028E 00                     703 	.db #0x00	; 0
      00028F 5A                     704 	.db #0x5a	; 90	'Z'
      000290 0C                     705 	.db #0x0c	; 12
      000291 00                     706 	.db #0x00	; 0
      000292 5A                     707 	.db #0x5a	; 90	'Z'
      000293 00                     708 	.db #0x00	; 0
      000294 00                     709 	.db #0x00	; 0
      000295 17                     710 	.db #0x17	; 23
      000296 EC                     711 	.db #0xec	; 236
      000297 09                     712 	.db #0x09	; 9
      000298 5A                     713 	.db #0x5a	; 90	'Z'
      000299 00                     714 	.db #0x00	; 0
      00029A 00                     715 	.db #0x00	; 0
      00029B 5A                     716 	.db #0x5a	; 90	'Z'
      00029C 0C                     717 	.db #0x0c	; 12
      00029D 00                     718 	.db #0x00	; 0
      00029E 5A                     719 	.db #0x5a	; 90	'Z'
      00029F 00                     720 	.db #0x00	; 0
      0002A0 00                     721 	.db #0x00	; 0
      0002A1 13                     722 	.db #0x13	; 19
      0002A2 EC                     723 	.db #0xec	; 236
      0002A3 09                     724 	.db #0x09	; 9
      0002A4 5A                     725 	.db #0x5a	; 90	'Z'
      0002A5 00                     726 	.db #0x00	; 0
      0002A6 00                     727 	.db #0x00	; 0
      0002A7 5A                     728 	.db #0x5a	; 90	'Z'
      0002A8 0C                     729 	.db #0x0c	; 12
      0002A9 00                     730 	.db #0x00	; 0
      0002AA 5A                     731 	.db #0x5a	; 90	'Z'
      0002AB 00                     732 	.db #0x00	; 0
      0002AC 00                     733 	.db #0x00	; 0
      0002AD 13                     734 	.db #0x13	; 19
      0002AE EC                     735 	.db #0xec	; 236
      0002AF 09                     736 	.db #0x09	; 9
      0002B0 5A                     737 	.db #0x5a	; 90	'Z'
      0002B1 00                     738 	.db #0x00	; 0
      0002B2 00                     739 	.db #0x00	; 0
      0002B3 5A                     740 	.db #0x5a	; 90	'Z'
      0002B4 0C                     741 	.db #0x0c	; 12
      0002B5 00                     742 	.db #0x00	; 0
      0002B6 5A                     743 	.db #0x5a	; 90	'Z'
      0002B7 00                     744 	.db #0x00	; 0
      0002B8 00                     745 	.db #0x00	; 0
      0002B9 13                     746 	.db #0x13	; 19
      0002BA EC                     747 	.db #0xec	; 236
      0002BB 09                     748 	.db #0x09	; 9
      0002BC 5A                     749 	.db #0x5a	; 90	'Z'
      0002BD 00                     750 	.db #0x00	; 0
      0002BE 00                     751 	.db #0x00	; 0
      0002BF 5A                     752 	.db #0x5a	; 90	'Z'
      0002C0 0C                     753 	.db #0x0c	; 12
      0002C1 00                     754 	.db #0x00	; 0
      0002C2 5A                     755 	.db #0x5a	; 90	'Z'
      0002C3 00                     756 	.db #0x00	; 0
      0002C4 00                     757 	.db #0x00	; 0
      0002C5 13                     758 	.db #0x13	; 19
      0002C6 EC                     759 	.db #0xec	; 236
      0002C7 09                     760 	.db #0x09	; 9
      0002C8 5A                     761 	.db #0x5a	; 90	'Z'
      0002C9 00                     762 	.db #0x00	; 0
      0002CA 00                     763 	.db #0x00	; 0
      0002CB 5A                     764 	.db #0x5a	; 90	'Z'
      0002CC 0C                     765 	.db #0x0c	; 12
      0002CD 00                     766 	.db #0x00	; 0
      0002CE 5A                     767 	.db #0x5a	; 90	'Z'
      0002CF 00                     768 	.db #0x00	; 0
      0002D0 00                     769 	.db #0x00	; 0
      0002D1 13                     770 	.db #0x13	; 19
      0002D2 EC                     771 	.db #0xec	; 236
      0002D3 09                     772 	.db #0x09	; 9
      0002D4 5A                     773 	.db #0x5a	; 90	'Z'
      0002D5 00                     774 	.db #0x00	; 0
      0002D6 00                     775 	.db #0x00	; 0
      0002D7 5A                     776 	.db #0x5a	; 90	'Z'
      0002D8 0C                     777 	.db #0x0c	; 12
      0002D9 00                     778 	.db #0x00	; 0
      0002DA 5A                     779 	.db #0x5a	; 90	'Z'
      0002DB 00                     780 	.db #0x00	; 0
      0002DC 00                     781 	.db #0x00	; 0
      0002DD 13                     782 	.db #0x13	; 19
      0002DE EC                     783 	.db #0xec	; 236
      0002DF 09                     784 	.db #0x09	; 9
      0002E0 5A                     785 	.db #0x5a	; 90	'Z'
      0002E1 00                     786 	.db #0x00	; 0
      0002E2 00                     787 	.db #0x00	; 0
      0002E3 5A                     788 	.db #0x5a	; 90	'Z'
      0002E4 0C                     789 	.db #0x0c	; 12
      0002E5 00                     790 	.db #0x00	; 0
      0002E6 5A                     791 	.db #0x5a	; 90	'Z'
      0002E7 00                     792 	.db #0x00	; 0
      0002E8 00                     793 	.db #0x00	; 0
      0002E9 13                     794 	.db #0x13	; 19
      0002EA EC                     795 	.db #0xec	; 236
      0002EB 09                     796 	.db #0x09	; 9
      0002EC 5A                     797 	.db #0x5a	; 90	'Z'
      0002ED 00                     798 	.db #0x00	; 0
      0002EE 00                     799 	.db #0x00	; 0
      0002EF 5A                     800 	.db #0x5a	; 90	'Z'
      0002F0 0C                     801 	.db #0x0c	; 12
      0002F1 00                     802 	.db #0x00	; 0
      0002F2 5A                     803 	.db #0x5a	; 90	'Z'
      0002F3 00                     804 	.db #0x00	; 0
      0002F4 00                     805 	.db #0x00	; 0
      0002F5 13                     806 	.db #0x13	; 19
      0002F6 EC                     807 	.db #0xec	; 236
      0002F7 09                     808 	.db #0x09	; 9
      0002F8 5A                     809 	.db #0x5a	; 90	'Z'
      0002F9 00                     810 	.db #0x00	; 0
      0002FA 00                     811 	.db #0x00	; 0
      0002FB 5A                     812 	.db #0x5a	; 90	'Z'
      0002FC 0C                     813 	.db #0x0c	; 12
      0002FD 00                     814 	.db #0x00	; 0
      0002FE 5A                     815 	.db #0x5a	; 90	'Z'
      0002FF 00                     816 	.db #0x00	; 0
      000300 00                     817 	.db #0x00	; 0
      000301                        818 _order1:
      000301rC1r00                  819 	.dw _P10
      000303                        820 _order2:
      000303r81r01                  821 	.dw _P11
      000305                        822 _order3:
      000305r41r02                  823 	.dw _P12
      000307                        824 _order4:
      000307r01r00                  825 	.dw _P3
      000309                        826 _duty_instruments:
      000309 08                     827 	.db #0x08	; 8
      00030A 40                     828 	.db #0x40	; 64
      00030B F0                     829 	.db #0xf0	; 240
      00030C 00 00                  830 	.dw #0x0000
      00030E 80                     831 	.db #0x80	; 128
      00030F 08                     832 	.db #0x08	; 8
      000310 80                     833 	.db #0x80	; 128
      000311 F0                     834 	.db #0xf0	; 240
      000312 00 00                  835 	.dw #0x0000
      000314 80                     836 	.db #0x80	; 128
      000315 08                     837 	.db #0x08	; 8
      000316 C0                     838 	.db #0xc0	; 192
      000317 F0                     839 	.db #0xf0	; 240
      000318 00 00                  840 	.dw #0x0000
      00031A 80                     841 	.db #0x80	; 128
      00031B 08                     842 	.db #0x08	; 8
      00031C 00                     843 	.db #0x00	; 0
      00031D F0                     844 	.db #0xf0	; 240
      00031E 00 00                  845 	.dw #0x0000
      000320 80                     846 	.db #0x80	; 128
      000321 08                     847 	.db #0x08	; 8
      000322 80                     848 	.db #0x80	; 128
      000323 F0                     849 	.db #0xf0	; 240
      000324 00 00                  850 	.dw #0x0000
      000326 80                     851 	.db #0x80	; 128
      000327 08                     852 	.db #0x08	; 8
      000328 80                     853 	.db #0x80	; 128
      000329 F0                     854 	.db #0xf0	; 240
      00032A 00 00                  855 	.dw #0x0000
      00032C 80                     856 	.db #0x80	; 128
      00032D 08                     857 	.db #0x08	; 8
      00032E 80                     858 	.db #0x80	; 128
      00032F F0                     859 	.db #0xf0	; 240
      000330 00 00                  860 	.dw #0x0000
      000332 80                     861 	.db #0x80	; 128
      000333 08                     862 	.db #0x08	; 8
      000334 80                     863 	.db #0x80	; 128
      000335 F0                     864 	.db #0xf0	; 240
      000336 00 00                  865 	.dw #0x0000
      000338 80                     866 	.db #0x80	; 128
      000339 08                     867 	.db #0x08	; 8
      00033A 80                     868 	.db #0x80	; 128
      00033B F0                     869 	.db #0xf0	; 240
      00033C 00 00                  870 	.dw #0x0000
      00033E 80                     871 	.db #0x80	; 128
      00033F 08                     872 	.db #0x08	; 8
      000340 80                     873 	.db #0x80	; 128
      000341 F0                     874 	.db #0xf0	; 240
      000342 00 00                  875 	.dw #0x0000
      000344 80                     876 	.db #0x80	; 128
      000345 08                     877 	.db #0x08	; 8
      000346 80                     878 	.db #0x80	; 128
      000347 F0                     879 	.db #0xf0	; 240
      000348 00 00                  880 	.dw #0x0000
      00034A 80                     881 	.db #0x80	; 128
      00034B 08                     882 	.db #0x08	; 8
      00034C 80                     883 	.db #0x80	; 128
      00034D F0                     884 	.db #0xf0	; 240
      00034E 00 00                  885 	.dw #0x0000
      000350 80                     886 	.db #0x80	; 128
      000351 08                     887 	.db #0x08	; 8
      000352 80                     888 	.db #0x80	; 128
      000353 F0                     889 	.db #0xf0	; 240
      000354 00 00                  890 	.dw #0x0000
      000356 80                     891 	.db #0x80	; 128
      000357 08                     892 	.db #0x08	; 8
      000358 80                     893 	.db #0x80	; 128
      000359 F0                     894 	.db #0xf0	; 240
      00035A 00 00                  895 	.dw #0x0000
      00035C 80                     896 	.db #0x80	; 128
      00035D 08                     897 	.db #0x08	; 8
      00035E 80                     898 	.db #0x80	; 128
      00035F F0                     899 	.db #0xf0	; 240
      000360 00 00                  900 	.dw #0x0000
      000362 80                     901 	.db #0x80	; 128
      000363                        902 _wave_instruments:
      000363 00                     903 	.db #0x00	; 0
      000364 20                     904 	.db #0x20	; 32
      000365 00                     905 	.db #0x00	; 0
      000366 00 00                  906 	.dw #0x0000
      000368 80                     907 	.db #0x80	; 128
      000369 00                     908 	.db #0x00	; 0
      00036A 20                     909 	.db #0x20	; 32
      00036B 01                     910 	.db #0x01	; 1
      00036C 00 00                  911 	.dw #0x0000
      00036E 80                     912 	.db #0x80	; 128
      00036F 00                     913 	.db #0x00	; 0
      000370 20                     914 	.db #0x20	; 32
      000371 02                     915 	.db #0x02	; 2
      000372 00 00                  916 	.dw #0x0000
      000374 80                     917 	.db #0x80	; 128
      000375 00                     918 	.db #0x00	; 0
      000376 20                     919 	.db #0x20	; 32
      000377 03                     920 	.db #0x03	; 3
      000378 00 00                  921 	.dw #0x0000
      00037A 80                     922 	.db #0x80	; 128
      00037B 00                     923 	.db #0x00	; 0
      00037C 20                     924 	.db #0x20	; 32
      00037D 04                     925 	.db #0x04	; 4
      00037E 00 00                  926 	.dw #0x0000
      000380 80                     927 	.db #0x80	; 128
      000381 00                     928 	.db #0x00	; 0
      000382 20                     929 	.db #0x20	; 32
      000383 05                     930 	.db #0x05	; 5
      000384 00 00                  931 	.dw #0x0000
      000386 80                     932 	.db #0x80	; 128
      000387 00                     933 	.db #0x00	; 0
      000388 20                     934 	.db #0x20	; 32
      000389 06                     935 	.db #0x06	; 6
      00038A 00 00                  936 	.dw #0x0000
      00038C 80                     937 	.db #0x80	; 128
      00038D 00                     938 	.db #0x00	; 0
      00038E 20                     939 	.db #0x20	; 32
      00038F 00                     940 	.db #0x00	; 0
      000390 00 00                  941 	.dw #0x0000
      000392 80                     942 	.db #0x80	; 128
      000393 00                     943 	.db #0x00	; 0
      000394 20                     944 	.db #0x20	; 32
      000395 01                     945 	.db #0x01	; 1
      000396 00 00                  946 	.dw #0x0000
      000398 80                     947 	.db #0x80	; 128
      000399 00                     948 	.db #0x00	; 0
      00039A 20                     949 	.db #0x20	; 32
      00039B 02                     950 	.db #0x02	; 2
      00039C 00 00                  951 	.dw #0x0000
      00039E 80                     952 	.db #0x80	; 128
      00039F 00                     953 	.db #0x00	; 0
      0003A0 20                     954 	.db #0x20	; 32
      0003A1 03                     955 	.db #0x03	; 3
      0003A2 00 00                  956 	.dw #0x0000
      0003A4 80                     957 	.db #0x80	; 128
      0003A5 00                     958 	.db #0x00	; 0
      0003A6 20                     959 	.db #0x20	; 32
      0003A7 04                     960 	.db #0x04	; 4
      0003A8 00 00                  961 	.dw #0x0000
      0003AA 80                     962 	.db #0x80	; 128
      0003AB 00                     963 	.db #0x00	; 0
      0003AC 20                     964 	.db #0x20	; 32
      0003AD 05                     965 	.db #0x05	; 5
      0003AE 00 00                  966 	.dw #0x0000
      0003B0 80                     967 	.db #0x80	; 128
      0003B1 00                     968 	.db #0x00	; 0
      0003B2 20                     969 	.db #0x20	; 32
      0003B3 06                     970 	.db #0x06	; 6
      0003B4 00 00                  971 	.dw #0x0000
      0003B6 80                     972 	.db #0x80	; 128
      0003B7 00                     973 	.db #0x00	; 0
      0003B8 20                     974 	.db #0x20	; 32
      0003B9 07                     975 	.db #0x07	; 7
      0003BA 00 00                  976 	.dw #0x0000
      0003BC 80                     977 	.db #0x80	; 128
      0003BD                        978 _noise_instruments:
      0003BD F0                     979 	.db #0xf0	; 240
      0003BE 00 00                  980 	.dw #0x0000
      0003C0 00                     981 	.db #0x00	; 0
      0003C1 00                     982 	.db #0x00	; 0
      0003C2 00                     983 	.db #0x00	; 0
      0003C3 F0                     984 	.db #0xf0	; 240
      0003C4 00 00                  985 	.dw #0x0000
      0003C6 00                     986 	.db #0x00	; 0
      0003C7 00                     987 	.db #0x00	; 0
      0003C8 00                     988 	.db #0x00	; 0
      0003C9 F0                     989 	.db #0xf0	; 240
      0003CA 00 00                  990 	.dw #0x0000
      0003CC 00                     991 	.db #0x00	; 0
      0003CD 00                     992 	.db #0x00	; 0
      0003CE 00                     993 	.db #0x00	; 0
      0003CF F0                     994 	.db #0xf0	; 240
      0003D0 00 00                  995 	.dw #0x0000
      0003D2 00                     996 	.db #0x00	; 0
      0003D3 00                     997 	.db #0x00	; 0
      0003D4 00                     998 	.db #0x00	; 0
      0003D5 F0                     999 	.db #0xf0	; 240
      0003D6 00 00                 1000 	.dw #0x0000
      0003D8 00                    1001 	.db #0x00	; 0
      0003D9 00                    1002 	.db #0x00	; 0
      0003DA 00                    1003 	.db #0x00	; 0
      0003DB F0                    1004 	.db #0xf0	; 240
      0003DC 00 00                 1005 	.dw #0x0000
      0003DE 00                    1006 	.db #0x00	; 0
      0003DF 00                    1007 	.db #0x00	; 0
      0003E0 00                    1008 	.db #0x00	; 0
      0003E1 F0                    1009 	.db #0xf0	; 240
      0003E2 00 00                 1010 	.dw #0x0000
      0003E4 00                    1011 	.db #0x00	; 0
      0003E5 00                    1012 	.db #0x00	; 0
      0003E6 00                    1013 	.db #0x00	; 0
      0003E7 F0                    1014 	.db #0xf0	; 240
      0003E8 00 00                 1015 	.dw #0x0000
      0003EA 00                    1016 	.db #0x00	; 0
      0003EB 00                    1017 	.db #0x00	; 0
      0003EC 00                    1018 	.db #0x00	; 0
      0003ED F0                    1019 	.db #0xf0	; 240
      0003EE 00 00                 1020 	.dw #0x0000
      0003F0 00                    1021 	.db #0x00	; 0
      0003F1 00                    1022 	.db #0x00	; 0
      0003F2 00                    1023 	.db #0x00	; 0
      0003F3 F0                    1024 	.db #0xf0	; 240
      0003F4 00 00                 1025 	.dw #0x0000
      0003F6 00                    1026 	.db #0x00	; 0
      0003F7 00                    1027 	.db #0x00	; 0
      0003F8 00                    1028 	.db #0x00	; 0
      0003F9 F0                    1029 	.db #0xf0	; 240
      0003FA 00 00                 1030 	.dw #0x0000
      0003FC 00                    1031 	.db #0x00	; 0
      0003FD 00                    1032 	.db #0x00	; 0
      0003FE 00                    1033 	.db #0x00	; 0
      0003FF F0                    1034 	.db #0xf0	; 240
      000400 00 00                 1035 	.dw #0x0000
      000402 00                    1036 	.db #0x00	; 0
      000403 00                    1037 	.db #0x00	; 0
      000404 00                    1038 	.db #0x00	; 0
      000405 F0                    1039 	.db #0xf0	; 240
      000406 00 00                 1040 	.dw #0x0000
      000408 00                    1041 	.db #0x00	; 0
      000409 00                    1042 	.db #0x00	; 0
      00040A 00                    1043 	.db #0x00	; 0
      00040B F0                    1044 	.db #0xf0	; 240
      00040C 00 00                 1045 	.dw #0x0000
      00040E 00                    1046 	.db #0x00	; 0
      00040F 00                    1047 	.db #0x00	; 0
      000410 00                    1048 	.db #0x00	; 0
      000411 F0                    1049 	.db #0xf0	; 240
      000412 00 00                 1050 	.dw #0x0000
      000414 00                    1051 	.db #0x00	; 0
      000415 00                    1052 	.db #0x00	; 0
      000416 00                    1053 	.db #0x00	; 0
      000417                       1054 _waves:
      000417 A5                    1055 	.db #0xa5	; 165
      000418 D7                    1056 	.db #0xd7	; 215
      000419 C9                    1057 	.db #0xc9	; 201
      00041A E1                    1058 	.db #0xe1	; 225
      00041B BC                    1059 	.db #0xbc	; 188
      00041C 9A                    1060 	.db #0x9a	; 154
      00041D 76                    1061 	.db #0x76	; 118	'v'
      00041E 31                    1062 	.db #0x31	; 49	'1'
      00041F 0C                    1063 	.db #0x0c	; 12
      000420 BA                    1064 	.db #0xba	; 186
      000421 DE                    1065 	.db #0xde	; 222
      000422 60                    1066 	.db #0x60	; 96
      000423 1B                    1067 	.db #0x1b	; 27
      000424 CA                    1068 	.db #0xca	; 202
      000425 03                    1069 	.db #0x03	; 3
      000426 93                    1070 	.db #0x93	; 147
      000427 F0                    1071 	.db #0xf0	; 240
      000428 E1                    1072 	.db #0xe1	; 225
      000429 D2                    1073 	.db #0xd2	; 210
      00042A C3                    1074 	.db #0xc3	; 195
      00042B B4                    1075 	.db #0xb4	; 180
      00042C A5                    1076 	.db #0xa5	; 165
      00042D 96                    1077 	.db #0x96	; 150
      00042E 87                    1078 	.db #0x87	; 135
      00042F 78                    1079 	.db #0x78	; 120	'x'
      000430 69                    1080 	.db #0x69	; 105	'i'
      000431 5A                    1081 	.db #0x5a	; 90	'Z'
      000432 4B                    1082 	.db #0x4b	; 75	'K'
      000433 3C                    1083 	.db #0x3c	; 60
      000434 2D                    1084 	.db #0x2d	; 45
      000435 1E                    1085 	.db #0x1e	; 30
      000436 0F                    1086 	.db #0x0f	; 15
      000437 FD                    1087 	.db #0xfd	; 253
      000438 EC                    1088 	.db #0xec	; 236
      000439 DB                    1089 	.db #0xdb	; 219
      00043A CA                    1090 	.db #0xca	; 202
      00043B B9                    1091 	.db #0xb9	; 185
      00043C A8                    1092 	.db #0xa8	; 168
      00043D 97                    1093 	.db #0x97	; 151
      00043E 86                    1094 	.db #0x86	; 134
      00043F 79                    1095 	.db #0x79	; 121	'y'
      000440 68                    1096 	.db #0x68	; 104	'h'
      000441 57                    1097 	.db #0x57	; 87	'W'
      000442 46                    1098 	.db #0x46	; 70	'F'
      000443 35                    1099 	.db #0x35	; 53	'5'
      000444 24                    1100 	.db #0x24	; 36
      000445 13                    1101 	.db #0x13	; 19
      000446 02                    1102 	.db #0x02	; 2
      000447 DE                    1103 	.db #0xde	; 222
      000448 FE                    1104 	.db #0xfe	; 254
      000449 DC                    1105 	.db #0xdc	; 220
      00044A BA                    1106 	.db #0xba	; 186
      00044B 9A                    1107 	.db #0x9a	; 154
      00044C A9                    1108 	.db #0xa9	; 169
      00044D 87                    1109 	.db #0x87	; 135
      00044E 77                    1110 	.db #0x77	; 119	'w'
      00044F 88                    1111 	.db #0x88	; 136
      000450 87                    1112 	.db #0x87	; 135
      000451 65                    1113 	.db #0x65	; 101	'e'
      000452 56                    1114 	.db #0x56	; 86	'V'
      000453 54                    1115 	.db #0x54	; 84	'T'
      000454 32                    1116 	.db #0x32	; 50	'2'
      000455 10                    1117 	.db #0x10	; 16
      000456 12                    1118 	.db #0x12	; 18
      000457 AB                    1119 	.db #0xab	; 171
      000458 CD                    1120 	.db #0xcd	; 205
      000459 EF                    1121 	.db #0xef	; 239
      00045A ED                    1122 	.db #0xed	; 237
      00045B CB                    1123 	.db #0xcb	; 203
      00045C A0                    1124 	.db #0xa0	; 160
      00045D 12                    1125 	.db #0x12	; 18
      00045E 3E                    1126 	.db #0x3e	; 62
      00045F DC                    1127 	.db #0xdc	; 220
      000460 BA                    1128 	.db #0xba	; 186
      000461 BC                    1129 	.db #0xbc	; 188
      000462 DE                    1130 	.db #0xde	; 222
      000463 FE                    1131 	.db #0xfe	; 254
      000464 DC                    1132 	.db #0xdc	; 220
      000465 32                    1133 	.db #0x32	; 50	'2'
      000466 10                    1134 	.db #0x10	; 16
      000467 FF                    1135 	.db #0xff	; 255
      000468 EE                    1136 	.db #0xee	; 238
      000469 DD                    1137 	.db #0xdd	; 221
      00046A CC                    1138 	.db #0xcc	; 204
      00046B BB                    1139 	.db #0xbb	; 187
      00046C AA                    1140 	.db #0xaa	; 170
      00046D 99                    1141 	.db #0x99	; 153
      00046E 88                    1142 	.db #0x88	; 136
      00046F 77                    1143 	.db #0x77	; 119	'w'
      000470 66                    1144 	.db #0x66	; 102	'f'
      000471 55                    1145 	.db #0x55	; 85	'U'
      000472 44                    1146 	.db #0x44	; 68	'D'
      000473 33                    1147 	.db #0x33	; 51	'3'
      000474 22                    1148 	.db #0x22	; 34
      000475 11                    1149 	.db #0x11	; 17
      000476 00                    1150 	.db #0x00	; 0
      000477 FF                    1151 	.db #0xff	; 255
      000478 FF                    1152 	.db #0xff	; 255
      000479 FF                    1153 	.db #0xff	; 255
      00047A FF                    1154 	.db #0xff	; 255
      00047B FF                    1155 	.db #0xff	; 255
      00047C FF                    1156 	.db #0xff	; 255
      00047D FF                    1157 	.db #0xff	; 255
      00047E FF                    1158 	.db #0xff	; 255
      00047F 00                    1159 	.db #0x00	; 0
      000480 00                    1160 	.db #0x00	; 0
      000481 00                    1161 	.db #0x00	; 0
      000482 00                    1162 	.db #0x00	; 0
      000483 00                    1163 	.db #0x00	; 0
      000484 00                    1164 	.db #0x00	; 0
      000485 00                    1165 	.db #0x00	; 0
      000486 00                    1166 	.db #0x00	; 0
      000487 79                    1167 	.db #0x79	; 121	'y'
      000488 BC                    1168 	.db #0xbc	; 188
      000489 DE                    1169 	.db #0xde	; 222
      00048A EF                    1170 	.db #0xef	; 239
      00048B FF                    1171 	.db #0xff	; 255
      00048C EE                    1172 	.db #0xee	; 238
      00048D DC                    1173 	.db #0xdc	; 220
      00048E B9                    1174 	.db #0xb9	; 185
      00048F 75                    1175 	.db #0x75	; 117	'u'
      000490 43                    1176 	.db #0x43	; 67	'C'
      000491 21                    1177 	.db #0x21	; 33
      000492 10                    1178 	.db #0x10	; 16
      000493 00                    1179 	.db #0x00	; 0
      000494 11                    1180 	.db #0x11	; 17
      000495 23                    1181 	.db #0x23	; 35
      000496 45                    1182 	.db #0x45	; 69	'E'
      000497 07                    1183 	.db #0x07	; 7
      000498 37                    1184 	.db #0x37	; 55	'7'
      000499 2D                    1185 	.db #0x2d	; 45
      00049A 72                    1186 	.db #0x72	; 114	'r'
      00049B 59                    1187 	.db #0x59	; 89	'Y'
      00049C 87                    1188 	.db #0x87	; 135
      00049D 81                    1189 	.db #0x81	; 129
      00049E E9                    1190 	.db #0xe9	; 233
      00049F 6B                    1191 	.db #0x6b	; 107	'k'
      0004A0 E2                    1192 	.db #0xe2	; 226
      0004A1 C9                    1193 	.db #0xc9	; 201
      0004A2 90                    1194 	.db #0x90	; 144
      0004A3 B2                    1195 	.db #0xb2	; 178
      0004A4 83                    1196 	.db #0x83	; 131
      0004A5 EE                    1197 	.db #0xee	; 238
      0004A6 3E                    1198 	.db #0x3e	; 62
      0004A7 58                    1199 	.db #0x58	; 88	'X'
      0004A8 51                    1200 	.db #0x51	; 81	'Q'
      0004A9 83                    1201 	.db #0x83	; 131
      0004AA 36                    1202 	.db #0x36	; 54	'6'
      0004AB 7D                    1203 	.db #0x7d	; 125
      0004AC 60                    1204 	.db #0x60	; 96
      0004AD 2E                    1205 	.db #0x2e	; 46
      0004AE 20                    1206 	.db #0x20	; 32
      0004AF 47                    1207 	.db #0x47	; 71	'G'
      0004B0 33                    1208 	.db #0x33	; 51	'3'
      0004B1 3E                    1209 	.db #0x3e	; 62
      0004B2 78                    1210 	.db #0x78	; 120	'x'
      0004B3 D0                    1211 	.db #0xd0	; 208
      0004B4 8C                    1212 	.db #0x8c	; 140
      0004B5 9C                    1213 	.db #0x9c	; 156
      0004B6 AB                    1214 	.db #0xab	; 171
      0004B7 B2                    1215 	.db #0xb2	; 178
      0004B8 19                    1216 	.db #0x19	; 25
      0004B9 0C                    1217 	.db #0x0c	; 12
      0004BA A2                    1218 	.db #0xa2	; 162
      0004BB 9D                    1219 	.db #0x9d	; 157
      0004BC 02                    1220 	.db #0x02	; 2
      0004BD DC                    1221 	.db #0xdc	; 220
      0004BE 9E                    1222 	.db #0x9e	; 158
      0004BF 94                    1223 	.db #0x94	; 148
      0004C0 EB                    1224 	.db #0xeb	; 235
      0004C1 B4                    1225 	.db #0xb4	; 180
      0004C2 64                    1226 	.db #0x64	; 100	'd'
      0004C3 39                    1227 	.db #0x39	; 57	'9'
      0004C4 85                    1228 	.db #0x85	; 133
      0004C5 64                    1229 	.db #0x64	; 100	'd'
      0004C6 C9                    1230 	.db #0xc9	; 201
      0004C7 02                    1231 	.db #0x02	; 2
      0004C8 07                    1232 	.db #0x07	; 7
      0004C9 50                    1233 	.db #0x50	; 80	'P'
      0004CA 92                    1234 	.db #0x92	; 146
      0004CB 89                    1235 	.db #0x89	; 137
      0004CC 15                    1236 	.db #0x15	; 21
      0004CD 97                    1237 	.db #0x97	; 151
      0004CE 4D                    1238 	.db #0x4d	; 77	'M'
      0004CF 7C                    1239 	.db #0x7c	; 124
      0004D0 8E                    1240 	.db #0x8e	; 142
      0004D1 5E                    1241 	.db #0x5e	; 94
      0004D2 58                    1242 	.db #0x58	; 88	'X'
      0004D3 3C                    1243 	.db #0x3c	; 60
      0004D4 28                    1244 	.db #0x28	; 40
      0004D5 95                    1245 	.db #0x95	; 149
      0004D6 C4                    1246 	.db #0xc4	; 196
      0004D7 7E                    1247 	.db #0x7e	; 126
      0004D8 D0                    1248 	.db #0xd0	; 208
      0004D9 7A                    1249 	.db #0x7a	; 122	'z'
      0004DA 2E                    1250 	.db #0x2e	; 46
      0004DB 24                    1251 	.db #0x24	; 36
      0004DC 77                    1252 	.db #0x77	; 119	'w'
      0004DD 1D                    1253 	.db #0x1d	; 29
      0004DE A6                    1254 	.db #0xa6	; 166
      0004DF 83                    1255 	.db #0x83	; 131
      0004E0 8D                    1256 	.db #0x8d	; 141
      0004E1 B0                    1257 	.db #0xb0	; 176
      0004E2 8C                    1258 	.db #0x8c	; 140
      0004E3 18                    1259 	.db #0x18	; 24
      0004E4 D9                    1260 	.db #0xd9	; 217
      0004E5 3C                    1261 	.db #0x3c	; 60
      0004E6 B5                    1262 	.db #0xb5	; 181
      0004E7 45                    1263 	.db #0x45	; 69	'E'
      0004E8 B1                    1264 	.db #0xb1	; 177
      0004E9 5D                    1265 	.db #0x5d	; 93
      0004EA 37                    1266 	.db #0x37	; 55	'7'
      0004EB 72                    1267 	.db #0x72	; 114	'r'
      0004EC 6E                    1268 	.db #0x6e	; 110	'n'
      0004ED 4D                    1269 	.db #0x4d	; 77	'M'
      0004EE 93                    1270 	.db #0x93	; 147
      0004EF BE                    1271 	.db #0xbe	; 190
      0004F0 E4                    1272 	.db #0xe4	; 228
      0004F1 D8                    1273 	.db #0xd8	; 216
      0004F2 74                    1274 	.db #0x74	; 116	't'
      0004F3 36                    1275 	.db #0x36	; 54	'6'
      0004F4 D3                    1276 	.db #0xd3	; 211
      0004F5 B8                    1277 	.db #0xb8	; 184
      0004F6 74                    1278 	.db #0x74	; 116	't'
      0004F7 CB                    1279 	.db #0xcb	; 203
      0004F8 16                    1280 	.db #0x16	; 22
      0004F9 AB                    1281 	.db #0xab	; 171
      0004FA 6E                    1282 	.db #0x6e	; 110	'n'
      0004FB 8D                    1283 	.db #0x8d	; 141
      0004FC 8B                    1284 	.db #0x8b	; 139
      0004FD 8B                    1285 	.db #0x8b	; 139
      0004FE C0                    1286 	.db #0xc0	; 192
      0004FF 3B                    1287 	.db #0x3b	; 59
      000500 30                    1288 	.db #0x30	; 48	'0'
      000501 E4                    1289 	.db #0xe4	; 228
      000502 32                    1290 	.db #0x32	; 50	'2'
      000503 E8                    1291 	.db #0xe8	; 232
      000504 0E                    1292 	.db #0x0e	; 14
      000505 E8                    1293 	.db #0xe8	; 232
      000506 BE                    1294 	.db #0xbe	; 190
      000507 C5                    1295 	.db #0xc5	; 197
      000508 83                    1296 	.db #0x83	; 131
      000509 71                    1297 	.db #0x71	; 113	'q'
      00050A 5C                    1298 	.db #0x5c	; 92
      00050B 7B                    1299 	.db #0x7b	; 123
      00050C 23                    1300 	.db #0x23	; 35
      00050D 64                    1301 	.db #0x64	; 100	'd'
      00050E 27                    1302 	.db #0x27	; 39
      00050F B4                    1303 	.db #0xb4	; 180
      000510 DC                    1304 	.db #0xdc	; 220
      000511 34                    1305 	.db #0x34	; 52	'4'
      000512 BE                    1306 	.db #0xbe	; 190
      000513 85                    1307 	.db #0x85	; 133
      000514 34                    1308 	.db #0x34	; 52	'4'
      000515 EA                    1309 	.db #0xea	; 234
      000516 1D                    1310 	.db #0x1d	; 29
      000517                       1311 _bownlyTheWhiteSong:
      000517 06                    1312 	.db #0x06	; 6
      000518r00r00                 1313 	.dw _order_cnt
      00051Ar01r03                 1314 	.dw _order1
      00051Cr03r03                 1315 	.dw _order2
      00051Er05r03                 1316 	.dw _order3
      000520r07r03                 1317 	.dw _order4
      000522r09r03                 1318 	.dw _duty_instruments
      000524r63r03                 1319 	.dw _wave_instruments
      000526rBDr03                 1320 	.dw _noise_instruments
      000528 00 00                 1321 	.dw #0x0000
      00052Ar17r04                 1322 	.dw _waves
                                   1323 	.area _INITIALIZER
                                   1324 	.area _CABS (ABS)
