                                      1 ;--------------------------------------------------------
                                      2 ; File Created by SDCC : free open source ANSI-C Compiler
                                      3 ; Version 4.1.6 #12539 (MINGW32)
                                      4 ;--------------------------------------------------------
                                      5 	.module bownlyMP5HeartTiles
                                      6 	.optsdcc -mgbz80
                                      7 	
                                      8 ;--------------------------------------------------------
                                      9 ; Public variables in this module
                                     10 ;--------------------------------------------------------
                                     11 	.globl _bownlyMP5HeartTiles
                                     12 ;--------------------------------------------------------
                                     13 ; special function registers
                                     14 ;--------------------------------------------------------
                                     15 ;--------------------------------------------------------
                                     16 ; ram data
                                     17 ;--------------------------------------------------------
                                     18 	.area _DATA
                                     19 ;--------------------------------------------------------
                                     20 ; ram data
                                     21 ;--------------------------------------------------------
                                     22 	.area _INITIALIZED
                                     23 ;--------------------------------------------------------
                                     24 ; absolute external ram data
                                     25 ;--------------------------------------------------------
                                     26 	.area _DABS (ABS)
                                     27 ;--------------------------------------------------------
                                     28 ; global & static initialisations
                                     29 ;--------------------------------------------------------
                                     30 	.area _HOME
                                     31 	.area _GSINIT
                                     32 	.area _GSFINAL
                                     33 	.area _GSINIT
                                     34 ;--------------------------------------------------------
                                     35 ; Home
                                     36 ;--------------------------------------------------------
                                     37 	.area _HOME
                                     38 	.area _HOME
                                     39 ;--------------------------------------------------------
                                     40 ; code
                                     41 ;--------------------------------------------------------
                                     42 	.area _CODE_2
                                     43 	.area _CODE_2
      000000                         44 _bownlyMP5HeartTiles:
      000000 00                      45 	.db #0x00	; 0
      000001 00                      46 	.db #0x00	; 0
      000002 6C                      47 	.db #0x6c	; 108	'l'
      000003 6C                      48 	.db #0x6c	; 108	'l'
      000004 92                      49 	.db #0x92	; 146
      000005 FE                      50 	.db #0xfe	; 254
      000006 A2                      51 	.db #0xa2	; 162
      000007 DE                      52 	.db #0xde	; 222
      000008 82                      53 	.db #0x82	; 130
      000009 FE                      54 	.db #0xfe	; 254
      00000A 44                      55 	.db #0x44	; 68	'D'
      00000B 7C                      56 	.db #0x7c	; 124
      00000C 28                      57 	.db #0x28	; 40
      00000D 38                      58 	.db #0x38	; 56	'8'
      00000E 10                      59 	.db #0x10	; 16
      00000F 10                      60 	.db #0x10	; 16
      000010 00                      61 	.db #0x00	; 0
      000011 00                      62 	.db #0x00	; 0
      000012 6C                      63 	.db #0x6c	; 108	'l'
      000013 6C                      64 	.db #0x6c	; 108	'l'
      000014 FE                      65 	.db #0xfe	; 254
      000015 92                      66 	.db #0x92	; 146
      000016 FE                      67 	.db #0xfe	; 254
      000017 82                      68 	.db #0x82	; 130
      000018 FE                      69 	.db #0xfe	; 254
      000019 82                      70 	.db #0x82	; 130
      00001A 7C                      71 	.db #0x7c	; 124
      00001B 44                      72 	.db #0x44	; 68	'D'
      00001C 38                      73 	.db #0x38	; 56	'8'
      00001D 28                      74 	.db #0x28	; 40
      00001E 10                      75 	.db #0x10	; 16
      00001F 10                      76 	.db #0x10	; 16
                                     77 	.area _INITIALIZER
                                     78 	.area _CABS (ABS)
