                                      1 ;--------------------------------------------------------
                                      2 ; File Created by SDCC : free open source ANSI-C Compiler
                                      3 ; Version 4.1.6 #12539 (MINGW32)
                                      4 ;--------------------------------------------------------
                                      5 	.module bownlyMP5StageTopMap
                                      6 	.optsdcc -mgbz80
                                      7 	
                                      8 ;--------------------------------------------------------
                                      9 ; Public variables in this module
                                     10 ;--------------------------------------------------------
                                     11 	.globl _bownlyMP5StageTopMap
                                     12 ;--------------------------------------------------------
                                     13 ; special function registers
                                     14 ;--------------------------------------------------------
                                     15 ;--------------------------------------------------------
                                     16 ; ram data
                                     17 ;--------------------------------------------------------
                                     18 	.area _DATA
                                     19 ;--------------------------------------------------------
                                     20 ; ram data
                                     21 ;--------------------------------------------------------
                                     22 	.area _INITIALIZED
                                     23 ;--------------------------------------------------------
                                     24 ; absolute external ram data
                                     25 ;--------------------------------------------------------
                                     26 	.area _DABS (ABS)
                                     27 ;--------------------------------------------------------
                                     28 ; global & static initialisations
                                     29 ;--------------------------------------------------------
                                     30 	.area _HOME
                                     31 	.area _GSINIT
                                     32 	.area _GSFINAL
                                     33 	.area _GSINIT
                                     34 ;--------------------------------------------------------
                                     35 ; Home
                                     36 ;--------------------------------------------------------
                                     37 	.area _HOME
                                     38 	.area _HOME
                                     39 ;--------------------------------------------------------
                                     40 ; code
                                     41 ;--------------------------------------------------------
                                     42 	.area _CODE_2
                                     43 	.area _CODE_2
      000000                         44 _bownlyMP5StageTopMap:
      000000 44                      45 	.db #0x44	; 68	'D'
      000001 46                      46 	.db #0x46	; 70	'F'
      000002 44                      47 	.db #0x44	; 68	'D'
      000003 46                      48 	.db #0x46	; 70	'F'
      000004 44                      49 	.db #0x44	; 68	'D'
      000005 46                      50 	.db #0x46	; 70	'F'
      000006 44                      51 	.db #0x44	; 68	'D'
      000007 46                      52 	.db #0x46	; 70	'F'
      000008 44                      53 	.db #0x44	; 68	'D'
      000009 46                      54 	.db #0x46	; 70	'F'
      00000A 44                      55 	.db #0x44	; 68	'D'
      00000B 46                      56 	.db #0x46	; 70	'F'
      00000C 44                      57 	.db #0x44	; 68	'D'
      00000D 46                      58 	.db #0x46	; 70	'F'
      00000E 44                      59 	.db #0x44	; 68	'D'
      00000F 46                      60 	.db #0x46	; 70	'F'
      000010 44                      61 	.db #0x44	; 68	'D'
      000011 46                      62 	.db #0x46	; 70	'F'
      000012 44                      63 	.db #0x44	; 68	'D'
      000013 46                      64 	.db #0x46	; 70	'F'
      000014 49                      65 	.db #0x49	; 73	'I'
      000015 4B                      66 	.db #0x4b	; 75	'K'
      000016 45                      67 	.db #0x45	; 69	'E'
      000017 47                      68 	.db #0x47	; 71	'G'
      000018 45                      69 	.db #0x45	; 69	'E'
      000019 47                      70 	.db #0x47	; 71	'G'
      00001A 45                      71 	.db #0x45	; 69	'E'
      00001B 47                      72 	.db #0x47	; 71	'G'
      00001C 45                      73 	.db #0x45	; 69	'E'
      00001D 47                      74 	.db #0x47	; 71	'G'
      00001E 45                      75 	.db #0x45	; 69	'E'
      00001F 47                      76 	.db #0x47	; 71	'G'
      000020 45                      77 	.db #0x45	; 69	'E'
      000021 47                      78 	.db #0x47	; 71	'G'
      000022 45                      79 	.db #0x45	; 69	'E'
      000023 47                      80 	.db #0x47	; 71	'G'
      000024 45                      81 	.db #0x45	; 69	'E'
      000025 47                      82 	.db #0x47	; 71	'G'
      000026 49                      83 	.db #0x49	; 73	'I'
      000027 4B                      84 	.db #0x4b	; 75	'K'
                                     85 	.area _INITIALIZER
                                     86 	.area _CABS (ABS)
