                                      1 ;--------------------------------------------------------
                                      2 ; File Created by SDCC : free open source ANSI-C Compiler
                                      3 ; Version 4.1.6 #12539 (MINGW32)
                                      4 ;--------------------------------------------------------
                                      5 	.module bownlyPastelTreeTiles
                                      6 	.optsdcc -mgbz80
                                      7 	
                                      8 ;--------------------------------------------------------
                                      9 ; Public variables in this module
                                     10 ;--------------------------------------------------------
                                     11 	.globl _bownlyPastelTreeTiles
                                     12 ;--------------------------------------------------------
                                     13 ; special function registers
                                     14 ;--------------------------------------------------------
                                     15 ;--------------------------------------------------------
                                     16 ; ram data
                                     17 ;--------------------------------------------------------
                                     18 	.area _DATA
                                     19 ;--------------------------------------------------------
                                     20 ; ram data
                                     21 ;--------------------------------------------------------
                                     22 	.area _INITIALIZED
                                     23 ;--------------------------------------------------------
                                     24 ; absolute external ram data
                                     25 ;--------------------------------------------------------
                                     26 	.area _DABS (ABS)
                                     27 ;--------------------------------------------------------
                                     28 ; global & static initialisations
                                     29 ;--------------------------------------------------------
                                     30 	.area _HOME
                                     31 	.area _GSINIT
                                     32 	.area _GSFINAL
                                     33 	.area _GSINIT
                                     34 ;--------------------------------------------------------
                                     35 ; Home
                                     36 ;--------------------------------------------------------
                                     37 	.area _HOME
                                     38 	.area _HOME
                                     39 ;--------------------------------------------------------
                                     40 ; code
                                     41 ;--------------------------------------------------------
                                     42 	.area _CODE_2
                                     43 	.area _CODE_2
      000000                         44 _bownlyPastelTreeTiles:
      000000 FF                      45 	.db #0xff	; 255
      000001 FF                      46 	.db #0xff	; 255
      000002 FF                      47 	.db #0xff	; 255
      000003 FF                      48 	.db #0xff	; 255
      000004 FF                      49 	.db #0xff	; 255
      000005 FF                      50 	.db #0xff	; 255
      000006 FF                      51 	.db #0xff	; 255
      000007 FF                      52 	.db #0xff	; 255
      000008 FF                      53 	.db #0xff	; 255
      000009 FF                      54 	.db #0xff	; 255
      00000A FF                      55 	.db #0xff	; 255
      00000B FF                      56 	.db #0xff	; 255
      00000C FF                      57 	.db #0xff	; 255
      00000D FE                      58 	.db #0xfe	; 254
      00000E FF                      59 	.db #0xff	; 255
      00000F FE                      60 	.db #0xfe	; 254
      000010 FF                      61 	.db #0xff	; 255
      000011 FF                      62 	.db #0xff	; 255
      000012 FF                      63 	.db #0xff	; 255
      000013 FF                      64 	.db #0xff	; 255
      000014 FF                      65 	.db #0xff	; 255
      000015 FF                      66 	.db #0xff	; 255
      000016 FF                      67 	.db #0xff	; 255
      000017 7F                      68 	.db #0x7f	; 127
      000018 FF                      69 	.db #0xff	; 255
      000019 7F                      70 	.db #0x7f	; 127
      00001A FF                      71 	.db #0xff	; 255
      00001B 7F                      72 	.db #0x7f	; 127
      00001C 7F                      73 	.db #0x7f	; 127
      00001D FF                      74 	.db #0xff	; 255
      00001E 7F                      75 	.db #0x7f	; 127
      00001F FF                      76 	.db #0xff	; 255
      000020 FF                      77 	.db #0xff	; 255
      000021 FE                      78 	.db #0xfe	; 254
      000022 EF                      79 	.db #0xef	; 239
      000023 FF                      80 	.db #0xff	; 255
      000024 E7                      81 	.db #0xe7	; 231
      000025 FF                      82 	.db #0xff	; 255
      000026 F1                      83 	.db #0xf1	; 241
      000027 FF                      84 	.db #0xff	; 255
      000028 FA                      85 	.db #0xfa	; 250
      000029 FD                      86 	.db #0xfd	; 253
      00002A EF                      87 	.db #0xef	; 239
      00002B FC                      88 	.db #0xfc	; 252
      00002C E6                      89 	.db #0xe6	; 230
      00002D FA                      90 	.db #0xfa	; 250
      00002E F7                      91 	.db #0xf7	; 247
      00002F F8                      92 	.db #0xf8	; 248
      000030 7F                      93 	.db #0x7f	; 127
      000031 FF                      94 	.db #0xff	; 255
      000032 7F                      95 	.db #0x7f	; 127
      000033 FF                      96 	.db #0xff	; 255
      000034 7F                      97 	.db #0x7f	; 127
      000035 FF                      98 	.db #0xff	; 255
      000036 5F                      99 	.db #0x5f	; 95
      000037 7F                     100 	.db #0x7f	; 127
      000038 1F                     101 	.db #0x1f	; 31
      000039 7F                     102 	.db #0x7f	; 127
      00003A BF                     103 	.db #0xbf	; 191
      00003B 5F                     104 	.db #0x5f	; 95
      00003C 7B                     105 	.db #0x7b	; 123
      00003D 3F                     106 	.db #0x3f	; 63
      00003E E7                     107 	.db #0xe7	; 231
      00003F 3F                     108 	.db #0x3f	; 63
      000040 F8                     109 	.db #0xf8	; 248
      000041 FF                     110 	.db #0xff	; 255
      000042 7E                     111 	.db #0x7e	; 126
      000043 F6                     112 	.db #0xf6	; 246
      000044 3F                     113 	.db #0x3f	; 63
      000045 F0                     114 	.db #0xf0	; 240
      000046 00                     115 	.db #0x00	; 0
      000047 FF                     116 	.db #0xff	; 255
      000048 81                     117 	.db #0x81	; 129
      000049 FE                     118 	.db #0xfe	; 254
      00004A C3                     119 	.db #0xc3	; 195
      00004B FC                     120 	.db #0xfc	; 252
      00004C E7                     121 	.db #0xe7	; 231
      00004D F8                     122 	.db #0xf8	; 248
      00004E F0                     123 	.db #0xf0	; 240
      00004F CF                     124 	.db #0xcf	; 207
      000050 47                     125 	.db #0x47	; 71	'G'
      000051 7F                     126 	.db #0x7f	; 127
      000052 0F                     127 	.db #0x0f	; 15
      000053 7F                     128 	.db #0x7f	; 127
      000054 1F                     129 	.db #0x1f	; 31
      000055 7F                     130 	.db #0x7f	; 127
      000056 1B                     131 	.db #0x1b	; 27
      000057 7F                     132 	.db #0x7f	; 127
      000058 A3                     133 	.db #0xa3	; 163
      000059 5F                     134 	.db #0x5f	; 95
      00005A E3                     135 	.db #0xe3	; 227
      00005B 1F                     136 	.db #0x1f	; 31
      00005C C7                     137 	.db #0xc7	; 199
      00005D 3F                     138 	.db #0x3f	; 63
      00005E 4F                     139 	.db #0x4f	; 79	'O'
      00005F 3F                     140 	.db #0x3f	; 63
      000060 FF                     141 	.db #0xff	; 255
      000061 FF                     142 	.db #0xff	; 255
      000062 FF                     143 	.db #0xff	; 255
      000063 FF                     144 	.db #0xff	; 255
      000064 FF                     145 	.db #0xff	; 255
      000065 FF                     146 	.db #0xff	; 255
      000066 FF                     147 	.db #0xff	; 255
      000067 FF                     148 	.db #0xff	; 255
      000068 FF                     149 	.db #0xff	; 255
      000069 FF                     150 	.db #0xff	; 255
      00006A FF                     151 	.db #0xff	; 255
      00006B FF                     152 	.db #0xff	; 255
      00006C FF                     153 	.db #0xff	; 255
      00006D FF                     154 	.db #0xff	; 255
      00006E 9F                     155 	.db #0x9f	; 159
      00006F FF                     156 	.db #0xff	; 255
      000070 FF                     157 	.db #0xff	; 255
      000071 FF                     158 	.db #0xff	; 255
      000072 FF                     159 	.db #0xff	; 255
      000073 FC                     160 	.db #0xfc	; 252
      000074 FF                     161 	.db #0xff	; 255
      000075 FC                     162 	.db #0xfc	; 252
      000076 FF                     163 	.db #0xff	; 255
      000077 FC                     164 	.db #0xfc	; 252
      000078 FF                     165 	.db #0xff	; 255
      000079 FF                     166 	.db #0xff	; 255
      00007A FF                     167 	.db #0xff	; 255
      00007B FF                     168 	.db #0xff	; 255
      00007C FE                     169 	.db #0xfe	; 254
      00007D FF                     170 	.db #0xff	; 255
      00007E FC                     171 	.db #0xfc	; 252
      00007F FF                     172 	.db #0xff	; 255
      000080 FC                     173 	.db #0xfc	; 252
      000081 E3                     174 	.db #0xe3	; 227
      000082 FF                     175 	.db #0xff	; 255
      000083 F0                     176 	.db #0xf0	; 240
      000084 FF                     177 	.db #0xff	; 255
      000085 38                     178 	.db #0x38	; 56	'8'
      000086 F9                     179 	.db #0xf9	; 249
      000087 06                     180 	.db #0x06	; 6
      000088 FE                     181 	.db #0xfe	; 254
      000089 00                     182 	.db #0x00	; 0
      00008A FF                     183 	.db #0xff	; 255
      00008B 00                     184 	.db #0x00	; 0
      00008C FF                     185 	.db #0xff	; 255
      00008D 80                     186 	.db #0x80	; 128
      00008E 1F                     187 	.db #0x1f	; 31
      00008F E0                     188 	.db #0xe0	; 224
      000090 1E                     189 	.db #0x1e	; 30
      000091 7F                     190 	.db #0x7f	; 127
      000092 3C                     191 	.db #0x3c	; 60
      000093 7F                     192 	.db #0x7f	; 127
      000094 B0                     193 	.db #0xb0	; 176
      000095 7F                     194 	.db #0x7f	; 127
      000096 E4                     195 	.db #0xe4	; 228
      000097 1B                     196 	.db #0x1b	; 27
      000098 0C                     197 	.db #0x0c	; 12
      000099 73                     198 	.db #0x73	; 115	's'
      00009A 78                     199 	.db #0x78	; 120	'x'
      00009B 07                     200 	.db #0x07	; 7
      00009C FB                     201 	.db #0xfb	; 251
      00009D 07                     202 	.db #0x07	; 7
      00009E FF                     203 	.db #0xff	; 255
      00009F 03                     204 	.db #0x03	; 3
      0000A0 1F                     205 	.db #0x1f	; 31
      0000A1 FF                     206 	.db #0xff	; 255
      0000A2 3F                     207 	.db #0x3f	; 63
      0000A3 FF                     208 	.db #0xff	; 255
      0000A4 3F                     209 	.db #0x3f	; 63
      0000A5 FF                     210 	.db #0xff	; 255
      0000A6 7F                     211 	.db #0x7f	; 127
      0000A7 FF                     212 	.db #0xff	; 255
      0000A8 7F                     213 	.db #0x7f	; 127
      0000A9 FF                     214 	.db #0xff	; 255
      0000AA FF                     215 	.db #0xff	; 255
      0000AB FF                     216 	.db #0xff	; 255
      0000AC FF                     217 	.db #0xff	; 255
      0000AD FF                     218 	.db #0xff	; 255
      0000AE FF                     219 	.db #0xff	; 255
      0000AF FF                     220 	.db #0xff	; 255
      0000B0 F8                     221 	.db #0xf8	; 248
      0000B1 FF                     222 	.db #0xff	; 255
      0000B2 F8                     223 	.db #0xf8	; 248
      0000B3 FF                     224 	.db #0xff	; 255
      0000B4 FF                     225 	.db #0xff	; 255
      0000B5 FE                     226 	.db #0xfe	; 254
      0000B6 F7                     227 	.db #0xf7	; 247
      0000B7 FE                     228 	.db #0xfe	; 254
      0000B8 F3                     229 	.db #0xf3	; 243
      0000B9 FF                     230 	.db #0xff	; 255
      0000BA F9                     231 	.db #0xf9	; 249
      0000BB FF                     232 	.db #0xff	; 255
      0000BC F8                     233 	.db #0xf8	; 248
      0000BD FF                     234 	.db #0xff	; 255
      0000BE F8                     235 	.db #0xf8	; 248
      0000BF FF                     236 	.db #0xff	; 255
      0000C0 0F                     237 	.db #0x0f	; 15
      0000C1 F0                     238 	.db #0xf0	; 240
      0000C2 01                     239 	.db #0x01	; 1
      0000C3 FE                     240 	.db #0xfe	; 254
      0000C4 0C                     241 	.db #0x0c	; 12
      0000C5 F2                     242 	.db #0xf2	; 242
      0000C6 8E                     243 	.db #0x8e	; 142
      0000C7 70                     244 	.db #0x70	; 112	'p'
      0000C8 C6                     245 	.db #0xc6	; 198
      0000C9 38                     246 	.db #0x38	; 56	'8'
      0000CA FB                     247 	.db #0xfb	; 251
      0000CB 04                     248 	.db #0x04	; 4
      0000CC FF                     249 	.db #0xff	; 255
      0000CD 00                     250 	.db #0x00	; 0
      0000CE 7F                     251 	.db #0x7f	; 127
      0000CF 80                     252 	.db #0x80	; 128
      0000D0 BF                     253 	.db #0xbf	; 191
      0000D1 43                     254 	.db #0x43	; 67	'C'
      0000D2 BE                     255 	.db #0xbe	; 190
      0000D3 73                     256 	.db #0x73	; 115	's'
      0000D4 30                     257 	.db #0x30	; 48	'0'
      0000D5 4F                     258 	.db #0x4f	; 79	'O'
      0000D6 63                     259 	.db #0x63	; 99	'c'
      0000D7 1C                     260 	.db #0x1c	; 28
      0000D8 66                     261 	.db #0x66	; 102	'f'
      0000D9 19                     262 	.db #0x19	; 25
      0000DA FF                     263 	.db #0xff	; 255
      0000DB 00                     264 	.db #0x00	; 0
      0000DC FF                     265 	.db #0xff	; 255
      0000DD 00                     266 	.db #0x00	; 0
      0000DE FF                     267 	.db #0xff	; 255
      0000DF 00                     268 	.db #0x00	; 0
      0000E0 7F                     269 	.db #0x7f	; 127
      0000E1 FF                     270 	.db #0xff	; 255
      0000E2 7F                     271 	.db #0x7f	; 127
      0000E3 FF                     272 	.db #0xff	; 255
      0000E4 7F                     273 	.db #0x7f	; 127
      0000E5 E7                     274 	.db #0xe7	; 231
      0000E6 7F                     275 	.db #0x7f	; 127
      0000E7 C7                     276 	.db #0xc7	; 199
      0000E8 FF                     277 	.db #0xff	; 255
      0000E9 8F                     278 	.db #0x8f	; 143
      0000EA FD                     279 	.db #0xfd	; 253
      0000EB 0F                     280 	.db #0x0f	; 15
      0000EC F9                     281 	.db #0xf9	; 249
      0000ED 1F                     282 	.db #0x1f	; 31
      0000EE E1                     283 	.db #0xe1	; 225
      0000EF 7F                     284 	.db #0x7f	; 127
      0000F0 FC                     285 	.db #0xfc	; 252
      0000F1 FF                     286 	.db #0xff	; 255
      0000F2 FC                     287 	.db #0xfc	; 252
      0000F3 FF                     288 	.db #0xff	; 255
      0000F4 FE                     289 	.db #0xfe	; 254
      0000F5 FF                     290 	.db #0xff	; 255
      0000F6 FF                     291 	.db #0xff	; 255
      0000F7 FF                     292 	.db #0xff	; 255
      0000F8 DF                     293 	.db #0xdf	; 223
      0000F9 FF                     294 	.db #0xff	; 255
      0000FA 9F                     295 	.db #0x9f	; 159
      0000FB FF                     296 	.db #0xff	; 255
      0000FC C1                     297 	.db #0xc1	; 193
      0000FD FF                     298 	.db #0xff	; 255
      0000FE C0                     299 	.db #0xc0	; 192
      0000FF FF                     300 	.db #0xff	; 255
      000100 1F                     301 	.db #0x1f	; 31
      000101 E0                     302 	.db #0xe0	; 224
      000102 0F                     303 	.db #0x0f	; 15
      000103 F0                     304 	.db #0xf0	; 240
      000104 83                     305 	.db #0x83	; 131
      000105 7C                     306 	.db #0x7c	; 124
      000106 F0                     307 	.db #0xf0	; 240
      000107 0E                     308 	.db #0x0e	; 14
      000108 FB                     309 	.db #0xfb	; 251
      000109 04                     310 	.db #0x04	; 4
      00010A FD                     311 	.db #0xfd	; 253
      00010B 82                     312 	.db #0x82	; 130
      00010C FF                     313 	.db #0xff	; 255
      00010D C0                     314 	.db #0xc0	; 192
      00010E 3F                     315 	.db #0x3f	; 63
      00010F E0                     316 	.db #0xe0	; 224
      000110 FF                     317 	.db #0xff	; 255
      000111 00                     318 	.db #0x00	; 0
      000112 FC                     319 	.db #0xfc	; 252
      000113 03                     320 	.db #0x03	; 3
      000114 C0                     321 	.db #0xc0	; 192
      000115 3F                     322 	.db #0x3f	; 63
      000116 09                     323 	.db #0x09	; 9
      000117 76                     324 	.db #0x76	; 118	'v'
      000118 0B                     325 	.db #0x0b	; 11
      000119 74                     326 	.db #0x74	; 116	't'
      00011A FF                     327 	.db #0xff	; 255
      00011B 00                     328 	.db #0x00	; 0
      00011C FF                     329 	.db #0xff	; 255
      00011D 00                     330 	.db #0x00	; 0
      00011E FF                     331 	.db #0xff	; 255
      00011F 00                     332 	.db #0x00	; 0
      000120 01                     333 	.db #0x01	; 1
      000121 FF                     334 	.db #0xff	; 255
      000122 23                     335 	.db #0x23	; 35
      000123 DF                     336 	.db #0xdf	; 223
      000124 EF                     337 	.db #0xef	; 239
      000125 1F                     338 	.db #0x1f	; 31
      000126 DF                     339 	.db #0xdf	; 223
      000127 3F                     340 	.db #0x3f	; 63
      000128 FF                     341 	.db #0xff	; 255
      000129 67                     342 	.db #0x67	; 103	'g'
      00012A FF                     343 	.db #0xff	; 255
      00012B 0F                     344 	.db #0x0f	; 15
      00012C FF                     345 	.db #0xff	; 255
      00012D 1F                     346 	.db #0x1f	; 31
      00012E FF                     347 	.db #0xff	; 255
      00012F 3F                     348 	.db #0x3f	; 63
      000130 FF                     349 	.db #0xff	; 255
      000131 FF                     350 	.db #0xff	; 255
      000132 FF                     351 	.db #0xff	; 255
      000133 FF                     352 	.db #0xff	; 255
      000134 FF                     353 	.db #0xff	; 255
      000135 FF                     354 	.db #0xff	; 255
      000136 FF                     355 	.db #0xff	; 255
      000137 FF                     356 	.db #0xff	; 255
      000138 FF                     357 	.db #0xff	; 255
      000139 FF                     358 	.db #0xff	; 255
      00013A FF                     359 	.db #0xff	; 255
      00013B FF                     360 	.db #0xff	; 255
      00013C FF                     361 	.db #0xff	; 255
      00013D FF                     362 	.db #0xff	; 255
      00013E F7                     363 	.db #0xf7	; 247
      00013F FD                     364 	.db #0xfd	; 253
      000140 C0                     365 	.db #0xc0	; 192
      000141 FF                     366 	.db #0xff	; 255
      000142 E0                     367 	.db #0xe0	; 224
      000143 FF                     368 	.db #0xff	; 255
      000144 F0                     369 	.db #0xf0	; 240
      000145 FF                     370 	.db #0xff	; 255
      000146 F8                     371 	.db #0xf8	; 248
      000147 FF                     372 	.db #0xff	; 255
      000148 F8                     373 	.db #0xf8	; 248
      000149 BF                     374 	.db #0xbf	; 191
      00014A FF                     375 	.db #0xff	; 255
      00014B 80                     376 	.db #0x80	; 128
      00014C FF                     377 	.db #0xff	; 255
      00014D C0                     378 	.db #0xc0	; 192
      00014E FF                     379 	.db #0xff	; 255
      00014F F0                     380 	.db #0xf0	; 240
      000150 FF                     381 	.db #0xff	; 255
      000151 00                     382 	.db #0x00	; 0
      000152 1F                     383 	.db #0x1f	; 31
      000153 E0                     384 	.db #0xe0	; 224
      000154 00                     385 	.db #0x00	; 0
      000155 FE                     386 	.db #0xfe	; 254
      000156 01                     387 	.db #0x01	; 1
      000157 FE                     388 	.db #0xfe	; 254
      000158 1F                     389 	.db #0x1f	; 31
      000159 E0                     390 	.db #0xe0	; 224
      00015A FF                     391 	.db #0xff	; 255
      00015B 00                     392 	.db #0x00	; 0
      00015C FF                     393 	.db #0xff	; 255
      00015D 00                     394 	.db #0x00	; 0
      00015E FF                     395 	.db #0xff	; 255
      00015F 00                     396 	.db #0x00	; 0
      000160 FF                     397 	.db #0xff	; 255
      000161 00                     398 	.db #0x00	; 0
      000162 81                     399 	.db #0x81	; 129
      000163 7F                     400 	.db #0x7f	; 127
      000164 C7                     401 	.db #0xc7	; 199
      000165 3F                     402 	.db #0x3f	; 63
      000166 F0                     403 	.db #0xf0	; 240
      000167 0F                     404 	.db #0x0f	; 15
      000168 FE                     405 	.db #0xfe	; 254
      000169 01                     406 	.db #0x01	; 1
      00016A FF                     407 	.db #0xff	; 255
      00016B 00                     408 	.db #0x00	; 0
      00016C FF                     409 	.db #0xff	; 255
      00016D 00                     410 	.db #0x00	; 0
      00016E FF                     411 	.db #0xff	; 255
      00016F 00                     412 	.db #0x00	; 0
      000170 F7                     413 	.db #0xf7	; 247
      000171 FF                     414 	.db #0xff	; 255
      000172 E7                     415 	.db #0xe7	; 231
      000173 FF                     416 	.db #0xff	; 255
      000174 97                     417 	.db #0x97	; 151
      000175 FF                     418 	.db #0xff	; 255
      000176 27                     419 	.db #0x27	; 39
      000177 FF                     420 	.db #0xff	; 255
      000178 0F                     421 	.db #0x0f	; 15
      000179 FF                     422 	.db #0xff	; 255
      00017A FF                     423 	.db #0xff	; 255
      00017B 01                     424 	.db #0x01	; 1
      00017C FF                     425 	.db #0xff	; 255
      00017D 0F                     426 	.db #0x0f	; 15
      00017E FC                     427 	.db #0xfc	; 252
      00017F 3F                     428 	.db #0x3f	; 63
      000180 FF                     429 	.db #0xff	; 255
      000181 FF                     430 	.db #0xff	; 255
      000182 FF                     431 	.db #0xff	; 255
      000183 FF                     432 	.db #0xff	; 255
      000184 FF                     433 	.db #0xff	; 255
      000185 FF                     434 	.db #0xff	; 255
      000186 FF                     435 	.db #0xff	; 255
      000187 FF                     436 	.db #0xff	; 255
      000188 FF                     437 	.db #0xff	; 255
      000189 FF                     438 	.db #0xff	; 255
      00018A FF                     439 	.db #0xff	; 255
      00018B FF                     440 	.db #0xff	; 255
      00018C 7F                     441 	.db #0x7f	; 127
      00018D FF                     442 	.db #0xff	; 255
      00018E 7F                     443 	.db #0x7f	; 127
      00018F FF                     444 	.db #0xff	; 255
      000190 F3                     445 	.db #0xf3	; 243
      000191 FC                     446 	.db #0xfc	; 252
      000192 F1                     447 	.db #0xf1	; 241
      000193 FE                     448 	.db #0xfe	; 254
      000194 F0                     449 	.db #0xf0	; 240
      000195 FF                     450 	.db #0xff	; 255
      000196 F0                     451 	.db #0xf0	; 240
      000197 FF                     452 	.db #0xff	; 255
      000198 F0                     453 	.db #0xf0	; 240
      000199 FF                     454 	.db #0xff	; 255
      00019A F0                     455 	.db #0xf0	; 240
      00019B FF                     456 	.db #0xff	; 255
      00019C F8                     457 	.db #0xf8	; 248
      00019D FF                     458 	.db #0xff	; 255
      00019E F8                     459 	.db #0xf8	; 248
      00019F FF                     460 	.db #0xff	; 255
      0001A0 FF                     461 	.db #0xff	; 255
      0001A1 FE                     462 	.db #0xfe	; 254
      0001A2 FF                     463 	.db #0xff	; 255
      0001A3 2F                     464 	.db #0x2f	; 47
      0001A4 FE                     465 	.db #0xfe	; 254
      0001A5 07                     466 	.db #0x07	; 7
      0001A6 7F                     467 	.db #0x7f	; 127
      0001A7 81                     468 	.db #0x81	; 129
      0001A8 3F                     469 	.db #0x3f	; 63
      0001A9 C0                     470 	.db #0xc0	; 192
      0001AA 0F                     471 	.db #0x0f	; 15
      0001AB F0                     472 	.db #0xf0	; 240
      0001AC 07                     473 	.db #0x07	; 7
      0001AD F8                     474 	.db #0xf8	; 248
      0001AE 0E                     475 	.db #0x0e	; 14
      0001AF F1                     476 	.db #0xf1	; 241
      0001B0 FF                     477 	.db #0xff	; 255
      0001B1 00                     478 	.db #0x00	; 0
      0001B2 FF                     479 	.db #0xff	; 255
      0001B3 C0                     480 	.db #0xc0	; 192
      0001B4 20                     481 	.db #0x20	; 32
      0001B5 FE                     482 	.db #0xfe	; 254
      0001B6 80                     483 	.db #0x80	; 128
      0001B7 FE                     484 	.db #0xfe	; 254
      0001B8 FF                     485 	.db #0xff	; 255
      0001B9 00                     486 	.db #0x00	; 0
      0001BA FF                     487 	.db #0xff	; 255
      0001BB 00                     488 	.db #0x00	; 0
      0001BC FF                     489 	.db #0xff	; 255
      0001BD 00                     490 	.db #0x00	; 0
      0001BE FF                     491 	.db #0xff	; 255
      0001BF 00                     492 	.db #0x00	; 0
      0001C0 FF                     493 	.db #0xff	; 255
      0001C1 00                     494 	.db #0x00	; 0
      0001C2 87                     495 	.db #0x87	; 135
      0001C3 7F                     496 	.db #0x7f	; 127
      0001C4 08                     497 	.db #0x08	; 8
      0001C5 7F                     498 	.db #0x7f	; 127
      0001C6 07                     499 	.db #0x07	; 7
      0001C7 78                     500 	.db #0x78	; 120	'x'
      0001C8 FF                     501 	.db #0xff	; 255
      0001C9 00                     502 	.db #0x00	; 0
      0001CA FF                     503 	.db #0xff	; 255
      0001CB 00                     504 	.db #0x00	; 0
      0001CC FF                     505 	.db #0xff	; 255
      0001CD 00                     506 	.db #0x00	; 0
      0001CE FF                     507 	.db #0xff	; 255
      0001CF 01                     508 	.db #0x01	; 1
      0001D0 F1                     509 	.db #0xf1	; 241
      0001D1 FE                     510 	.db #0xfe	; 254
      0001D2 83                     511 	.db #0x83	; 131
      0001D3 FD                     512 	.db #0xfd	; 253
      0001D4 7E                     513 	.db #0x7e	; 126
      0001D5 81                     514 	.db #0x81	; 129
      0001D6 FF                     515 	.db #0xff	; 255
      0001D7 00                     516 	.db #0x00	; 0
      0001D8 FF                     517 	.db #0xff	; 255
      0001D9 00                     518 	.db #0x00	; 0
      0001DA FF                     519 	.db #0xff	; 255
      0001DB 07                     520 	.db #0x07	; 7
      0001DC FF                     521 	.db #0xff	; 255
      0001DD 33                     522 	.db #0x33	; 51	'3'
      0001DE FF                     523 	.db #0xff	; 255
      0001DF FE                     524 	.db #0xfe	; 254
      0001E0 FF                     525 	.db #0xff	; 255
      0001E1 FF                     526 	.db #0xff	; 255
      0001E2 3F                     527 	.db #0x3f	; 63
      0001E3 FF                     528 	.db #0xff	; 255
      0001E4 FF                     529 	.db #0xff	; 255
      0001E5 FF                     530 	.db #0xff	; 255
      0001E6 FF                     531 	.db #0xff	; 255
      0001E7 FF                     532 	.db #0xff	; 255
      0001E8 FF                     533 	.db #0xff	; 255
      0001E9 7F                     534 	.db #0x7f	; 127
      0001EA FF                     535 	.db #0xff	; 255
      0001EB F7                     536 	.db #0xf7	; 247
      0001EC FF                     537 	.db #0xff	; 255
      0001ED 87                     538 	.db #0x87	; 135
      0001EE FF                     539 	.db #0xff	; 255
      0001EF 1F                     540 	.db #0x1f	; 31
      0001F0 FC                     541 	.db #0xfc	; 252
      0001F1 FF                     542 	.db #0xff	; 255
      0001F2 FE                     543 	.db #0xfe	; 254
      0001F3 FF                     544 	.db #0xff	; 255
      0001F4 FF                     545 	.db #0xff	; 255
      0001F5 FF                     546 	.db #0xff	; 255
      0001F6 FF                     547 	.db #0xff	; 255
      0001F7 FC                     548 	.db #0xfc	; 252
      0001F8 FF                     549 	.db #0xff	; 255
      0001F9 FE                     550 	.db #0xfe	; 254
      0001FA FF                     551 	.db #0xff	; 255
      0001FB FF                     552 	.db #0xff	; 255
      0001FC FF                     553 	.db #0xff	; 255
      0001FD FF                     554 	.db #0xff	; 255
      0001FE FF                     555 	.db #0xff	; 255
      0001FF FF                     556 	.db #0xff	; 255
      000200 60                     557 	.db #0x60	; 96
      000201 9F                     558 	.db #0x9f	; 159
      000202 1C                     559 	.db #0x1c	; 28
      000203 E3                     560 	.db #0xe3	; 227
      000204 83                     561 	.db #0x83	; 131
      000205 FC                     562 	.db #0xfc	; 252
      000206 C0                     563 	.db #0xc0	; 192
      000207 FF                     564 	.db #0xff	; 255
      000208 FF                     565 	.db #0xff	; 255
      000209 00                     566 	.db #0x00	; 0
      00020A FF                     567 	.db #0xff	; 255
      00020B 00                     568 	.db #0x00	; 0
      00020C FF                     569 	.db #0xff	; 255
      00020D E0                     570 	.db #0xe0	; 224
      00020E FF                     571 	.db #0xff	; 255
      00020F F8                     572 	.db #0xf8	; 248
      000210 07                     573 	.db #0x07	; 7
      000211 F8                     574 	.db #0xf8	; 248
      000212 00                     575 	.db #0x00	; 0
      000213 FC                     576 	.db #0xfc	; 252
      000214 FF                     577 	.db #0xff	; 255
      000215 00                     578 	.db #0x00	; 0
      000216 3F                     579 	.db #0x3f	; 63
      000217 C0                     580 	.db #0xc0	; 192
      000218 FF                     581 	.db #0xff	; 255
      000219 00                     582 	.db #0x00	; 0
      00021A FF                     583 	.db #0xff	; 255
      00021B 00                     584 	.db #0x00	; 0
      00021C FD                     585 	.db #0xfd	; 253
      00021D 02                     586 	.db #0x02	; 2
      00021E C2                     587 	.db #0xc2	; 194
      00021F 3D                     588 	.db #0x3d	; 61
      000220 FF                     589 	.db #0xff	; 255
      000221 0E                     590 	.db #0x0e	; 14
      000222 7F                     591 	.db #0x7f	; 127
      000223 00                     592 	.db #0x00	; 0
      000224 E0                     593 	.db #0xe0	; 224
      000225 1F                     594 	.db #0x1f	; 31
      000226 FD                     595 	.db #0xfd	; 253
      000227 02                     596 	.db #0x02	; 2
      000228 FF                     597 	.db #0xff	; 255
      000229 00                     598 	.db #0x00	; 0
      00022A FE                     599 	.db #0xfe	; 254
      00022B 01                     600 	.db #0x01	; 1
      00022C 47                     601 	.db #0x47	; 71	'G'
      00022D B8                     602 	.db #0xb8	; 184
      00022E 49                     603 	.db #0x49	; 73	'I'
      00022F BE                     604 	.db #0xbe	; 190
      000230 FF                     605 	.db #0xff	; 255
      000231 00                     606 	.db #0x00	; 0
      000232 FF                     607 	.db #0xff	; 255
      000233 01                     608 	.db #0x01	; 1
      000234 FF                     609 	.db #0xff	; 255
      000235 0F                     610 	.db #0x0f	; 15
      000236 BF                     611 	.db #0xbf	; 191
      000237 7F                     612 	.db #0x7f	; 127
      000238 FF                     613 	.db #0xff	; 255
      000239 0F                     614 	.db #0x0f	; 15
      00023A 0F                     615 	.db #0x0f	; 15
      00023B FB                     616 	.db #0xfb	; 251
      00023C 9F                     617 	.db #0x9f	; 159
      00023D 67                     618 	.db #0x67	; 103	'g'
      00023E E3                     619 	.db #0xe3	; 227
      00023F 1F                     620 	.db #0x1f	; 31
      000240 FE                     621 	.db #0xfe	; 254
      000241 FF                     622 	.db #0xff	; 255
      000242 F0                     623 	.db #0xf0	; 240
      000243 FF                     624 	.db #0xff	; 255
      000244 87                     625 	.db #0x87	; 135
      000245 FF                     626 	.db #0xff	; 255
      000246 FF                     627 	.db #0xff	; 255
      000247 FC                     628 	.db #0xfc	; 252
      000248 FF                     629 	.db #0xff	; 255
      000249 F3                     630 	.db #0xf3	; 243
      00024A FF                     631 	.db #0xff	; 255
      00024B FF                     632 	.db #0xff	; 255
      00024C FF                     633 	.db #0xff	; 255
      00024D FF                     634 	.db #0xff	; 255
      00024E FF                     635 	.db #0xff	; 255
      00024F FF                     636 	.db #0xff	; 255
      000250 06                     637 	.db #0x06	; 6
      000251 F8                     638 	.db #0xf8	; 248
      000252 0C                     639 	.db #0x0c	; 12
      000253 F0                     640 	.db #0xf0	; 240
      000254 F8                     641 	.db #0xf8	; 248
      000255 84                     642 	.db #0x84	; 132
      000256 F8                     643 	.db #0xf8	; 248
      000257 3C                     644 	.db #0x3c	; 60
      000258 F0                     645 	.db #0xf0	; 240
      000259 FC                     646 	.db #0xfc	; 252
      00025A E4                     647 	.db #0xe4	; 228
      00025B FC                     648 	.db #0xfc	; 252
      00025C D8                     649 	.db #0xd8	; 216
      00025D F8                     650 	.db #0xf8	; 248
      00025E F8                     651 	.db #0xf8	; 248
      00025F F8                     652 	.db #0xf8	; 248
      000260 2F                     653 	.db #0x2f	; 47
      000261 1F                     654 	.db #0x1f	; 31
      000262 31                     655 	.db #0x31	; 49	'1'
      000263 0F                     656 	.db #0x0f	; 15
      000264 0F                     657 	.db #0x0f	; 15
      000265 37                     658 	.db #0x37	; 55	'7'
      000266 27                     659 	.db #0x27	; 39
      000267 18                     660 	.db #0x18	; 24
      000268 30                     661 	.db #0x30	; 48	'0'
      000269 0F                     662 	.db #0x0f	; 15
      00026A 3F                     663 	.db #0x3f	; 63
      00026B 67                     664 	.db #0x67	; 103	'g'
      00026C 3F                     665 	.db #0x3f	; 63
      00026D 7F                     666 	.db #0x7f	; 127
      00026E 3F                     667 	.db #0x3f	; 63
      00026F FF                     668 	.db #0xff	; 255
      000270 7C                     669 	.db #0x7c	; 124
      000271 83                     670 	.db #0x83	; 131
      000272 80                     671 	.db #0x80	; 128
      000273 FF                     672 	.db #0xff	; 255
      000274 E0                     673 	.db #0xe0	; 224
      000275 FF                     674 	.db #0xff	; 255
      000276 FF                     675 	.db #0xff	; 255
      000277 7F                     676 	.db #0x7f	; 127
      000278 BF                     677 	.db #0xbf	; 191
      000279 7F                     678 	.db #0x7f	; 127
      00027A FF                     679 	.db #0xff	; 255
      00027B FF                     680 	.db #0xff	; 255
      00027C FF                     681 	.db #0xff	; 255
      00027D FF                     682 	.db #0xff	; 255
      00027E FF                     683 	.db #0xff	; 255
      00027F FF                     684 	.db #0xff	; 255
      000280 7F                     685 	.db #0x7f	; 127
      000281 FF                     686 	.db #0xff	; 255
      000282 7F                     687 	.db #0x7f	; 127
      000283 FF                     688 	.db #0xff	; 255
      000284 FF                     689 	.db #0xff	; 255
      000285 FF                     690 	.db #0xff	; 255
      000286 FF                     691 	.db #0xff	; 255
      000287 FF                     692 	.db #0xff	; 255
      000288 FF                     693 	.db #0xff	; 255
      000289 FF                     694 	.db #0xff	; 255
      00028A FF                     695 	.db #0xff	; 255
      00028B FF                     696 	.db #0xff	; 255
      00028C FF                     697 	.db #0xff	; 255
      00028D FF                     698 	.db #0xff	; 255
      00028E FF                     699 	.db #0xff	; 255
      00028F FF                     700 	.db #0xff	; 255
      000290 FF                     701 	.db #0xff	; 255
      000291 7F                     702 	.db #0x7f	; 127
      000292 FF                     703 	.db #0xff	; 255
      000293 FF                     704 	.db #0xff	; 255
      000294 FF                     705 	.db #0xff	; 255
      000295 FF                     706 	.db #0xff	; 255
      000296 FF                     707 	.db #0xff	; 255
      000297 FF                     708 	.db #0xff	; 255
      000298 FF                     709 	.db #0xff	; 255
      000299 FF                     710 	.db #0xff	; 255
      00029A FF                     711 	.db #0xff	; 255
      00029B FF                     712 	.db #0xff	; 255
      00029C FF                     713 	.db #0xff	; 255
      00029D FF                     714 	.db #0xff	; 255
      00029E FF                     715 	.db #0xff	; 255
      00029F FF                     716 	.db #0xff	; 255
      0002A0 00                     717 	.db #0x00	; 0
      0002A1 00                     718 	.db #0x00	; 0
      0002A2 00                     719 	.db #0x00	; 0
      0002A3 00                     720 	.db #0x00	; 0
      0002A4 00                     721 	.db #0x00	; 0
      0002A5 00                     722 	.db #0x00	; 0
      0002A6 00                     723 	.db #0x00	; 0
      0002A7 00                     724 	.db #0x00	; 0
      0002A8 00                     725 	.db #0x00	; 0
      0002A9 00                     726 	.db #0x00	; 0
      0002AA 00                     727 	.db #0x00	; 0
      0002AB 00                     728 	.db #0x00	; 0
      0002AC 00                     729 	.db #0x00	; 0
      0002AD 00                     730 	.db #0x00	; 0
      0002AE 00                     731 	.db #0x00	; 0
      0002AF 00                     732 	.db #0x00	; 0
                                    733 	.area _INITIALIZER
                                    734 	.area _CABS (ABS)
