                                      1 ;--------------------------------------------------------
                                      2 ; File Created by SDCC : free open source ANSI-C Compiler
                                      3 ; Version 4.1.6 #12539 (MINGW32)
                                      4 ;--------------------------------------------------------
                                      5 	.module bownlyMP5DiceTiles
                                      6 	.optsdcc -mgbz80
                                      7 	
                                      8 ;--------------------------------------------------------
                                      9 ; Public variables in this module
                                     10 ;--------------------------------------------------------
                                     11 	.globl _bownlyMP5DiceTiles
                                     12 ;--------------------------------------------------------
                                     13 ; special function registers
                                     14 ;--------------------------------------------------------
                                     15 ;--------------------------------------------------------
                                     16 ; ram data
                                     17 ;--------------------------------------------------------
                                     18 	.area _DATA
                                     19 ;--------------------------------------------------------
                                     20 ; ram data
                                     21 ;--------------------------------------------------------
                                     22 	.area _INITIALIZED
                                     23 ;--------------------------------------------------------
                                     24 ; absolute external ram data
                                     25 ;--------------------------------------------------------
                                     26 	.area _DABS (ABS)
                                     27 ;--------------------------------------------------------
                                     28 ; global & static initialisations
                                     29 ;--------------------------------------------------------
                                     30 	.area _HOME
                                     31 	.area _GSINIT
                                     32 	.area _GSFINAL
                                     33 	.area _GSINIT
                                     34 ;--------------------------------------------------------
                                     35 ; Home
                                     36 ;--------------------------------------------------------
                                     37 	.area _HOME
                                     38 	.area _HOME
                                     39 ;--------------------------------------------------------
                                     40 ; code
                                     41 ;--------------------------------------------------------
                                     42 	.area _CODE_2
                                     43 	.area _CODE_2
      000000                         44 _bownlyMP5DiceTiles:
      000000 3F                      45 	.db #0x3f	; 63
      000001 3F                      46 	.db #0x3f	; 63
      000002 7F                      47 	.db #0x7f	; 127
      000003 40                      48 	.db #0x40	; 64
      000004 FF                      49 	.db #0xff	; 255
      000005 FF                      50 	.db #0xff	; 255
      000006 80                      51 	.db #0x80	; 128
      000007 80                      52 	.db #0x80	; 128
      000008 80                      53 	.db #0x80	; 128
      000009 80                      54 	.db #0x80	; 128
      00000A 80                      55 	.db #0x80	; 128
      00000B 80                      56 	.db #0x80	; 128
      00000C 80                      57 	.db #0x80	; 128
      00000D 80                      58 	.db #0x80	; 128
      00000E 80                      59 	.db #0x80	; 128
      00000F 80                      60 	.db #0x80	; 128
      000010 83                      61 	.db #0x83	; 131
      000011 83                      62 	.db #0x83	; 131
      000012 83                      63 	.db #0x83	; 131
      000013 83                      64 	.db #0x83	; 131
      000014 80                      65 	.db #0x80	; 128
      000015 80                      66 	.db #0x80	; 128
      000016 80                      67 	.db #0x80	; 128
      000017 80                      68 	.db #0x80	; 128
      000018 80                      69 	.db #0x80	; 128
      000019 80                      70 	.db #0x80	; 128
      00001A 80                      71 	.db #0x80	; 128
      00001B 80                      72 	.db #0x80	; 128
      00001C 80                      73 	.db #0x80	; 128
      00001D 80                      74 	.db #0x80	; 128
      00001E 7F                      75 	.db #0x7f	; 127
      00001F 7F                      76 	.db #0x7f	; 127
      000020 FE                      77 	.db #0xfe	; 254
      000021 FE                      78 	.db #0xfe	; 254
      000022 FF                      79 	.db #0xff	; 255
      000023 03                      80 	.db #0x03	; 3
      000024 FD                      81 	.db #0xfd	; 253
      000025 FF                      82 	.db #0xff	; 255
      000026 05                      83 	.db #0x05	; 5
      000027 07                      84 	.db #0x07	; 7
      000028 05                      85 	.db #0x05	; 5
      000029 07                      86 	.db #0x07	; 7
      00002A 05                      87 	.db #0x05	; 5
      00002B 07                      88 	.db #0x07	; 7
      00002C 05                      89 	.db #0x05	; 5
      00002D 07                      90 	.db #0x07	; 7
      00002E 05                      91 	.db #0x05	; 5
      00002F 07                      92 	.db #0x07	; 7
      000030 05                      93 	.db #0x05	; 5
      000031 07                      94 	.db #0x07	; 7
      000032 05                      95 	.db #0x05	; 5
      000033 07                      96 	.db #0x07	; 7
      000034 05                      97 	.db #0x05	; 5
      000035 07                      98 	.db #0x07	; 7
      000036 05                      99 	.db #0x05	; 5
      000037 07                     100 	.db #0x07	; 7
      000038 05                     101 	.db #0x05	; 5
      000039 07                     102 	.db #0x07	; 7
      00003A 05                     103 	.db #0x05	; 5
      00003B 07                     104 	.db #0x07	; 7
      00003C 06                     105 	.db #0x06	; 6
      00003D 06                     106 	.db #0x06	; 6
      00003E FC                     107 	.db #0xfc	; 252
      00003F FC                     108 	.db #0xfc	; 252
      000040 3F                     109 	.db #0x3f	; 63
      000041 3F                     110 	.db #0x3f	; 63
      000042 7F                     111 	.db #0x7f	; 127
      000043 40                     112 	.db #0x40	; 64
      000044 FF                     113 	.db #0xff	; 255
      000045 FF                     114 	.db #0xff	; 255
      000046 80                     115 	.db #0x80	; 128
      000047 80                     116 	.db #0x80	; 128
      000048 80                     117 	.db #0x80	; 128
      000049 80                     118 	.db #0x80	; 128
      00004A 80                     119 	.db #0x80	; 128
      00004B 80                     120 	.db #0x80	; 128
      00004C 8C                     121 	.db #0x8c	; 140
      00004D 8C                     122 	.db #0x8c	; 140
      00004E 8C                     123 	.db #0x8c	; 140
      00004F 8C                     124 	.db #0x8c	; 140
      000050 80                     125 	.db #0x80	; 128
      000051 80                     126 	.db #0x80	; 128
      000052 80                     127 	.db #0x80	; 128
      000053 80                     128 	.db #0x80	; 128
      000054 80                     129 	.db #0x80	; 128
      000055 80                     130 	.db #0x80	; 128
      000056 80                     131 	.db #0x80	; 128
      000057 80                     132 	.db #0x80	; 128
      000058 80                     133 	.db #0x80	; 128
      000059 80                     134 	.db #0x80	; 128
      00005A 80                     135 	.db #0x80	; 128
      00005B 80                     136 	.db #0x80	; 128
      00005C 80                     137 	.db #0x80	; 128
      00005D 80                     138 	.db #0x80	; 128
      00005E 7F                     139 	.db #0x7f	; 127
      00005F 7F                     140 	.db #0x7f	; 127
      000060 FE                     141 	.db #0xfe	; 254
      000061 FE                     142 	.db #0xfe	; 254
      000062 FF                     143 	.db #0xff	; 255
      000063 03                     144 	.db #0x03	; 3
      000064 FD                     145 	.db #0xfd	; 253
      000065 FF                     146 	.db #0xff	; 255
      000066 05                     147 	.db #0x05	; 5
      000067 07                     148 	.db #0x07	; 7
      000068 05                     149 	.db #0x05	; 5
      000069 07                     150 	.db #0x07	; 7
      00006A 05                     151 	.db #0x05	; 5
      00006B 07                     152 	.db #0x07	; 7
      00006C 05                     153 	.db #0x05	; 5
      00006D 07                     154 	.db #0x07	; 7
      00006E 05                     155 	.db #0x05	; 5
      00006F 07                     156 	.db #0x07	; 7
      000070 05                     157 	.db #0x05	; 5
      000071 07                     158 	.db #0x07	; 7
      000072 05                     159 	.db #0x05	; 5
      000073 07                     160 	.db #0x07	; 7
      000074 C5                     161 	.db #0xc5	; 197
      000075 C7                     162 	.db #0xc7	; 199
      000076 C5                     163 	.db #0xc5	; 197
      000077 C7                     164 	.db #0xc7	; 199
      000078 05                     165 	.db #0x05	; 5
      000079 07                     166 	.db #0x07	; 7
      00007A 05                     167 	.db #0x05	; 5
      00007B 07                     168 	.db #0x07	; 7
      00007C 06                     169 	.db #0x06	; 6
      00007D 06                     170 	.db #0x06	; 6
      00007E FC                     171 	.db #0xfc	; 252
      00007F FC                     172 	.db #0xfc	; 252
      000080 3F                     173 	.db #0x3f	; 63
      000081 3F                     174 	.db #0x3f	; 63
      000082 7F                     175 	.db #0x7f	; 127
      000083 40                     176 	.db #0x40	; 64
      000084 FF                     177 	.db #0xff	; 255
      000085 FF                     178 	.db #0xff	; 255
      000086 80                     179 	.db #0x80	; 128
      000087 80                     180 	.db #0x80	; 128
      000088 80                     181 	.db #0x80	; 128
      000089 80                     182 	.db #0x80	; 128
      00008A 80                     183 	.db #0x80	; 128
      00008B 80                     184 	.db #0x80	; 128
      00008C 80                     185 	.db #0x80	; 128
      00008D 80                     186 	.db #0x80	; 128
      00008E 80                     187 	.db #0x80	; 128
      00008F 80                     188 	.db #0x80	; 128
      000090 83                     189 	.db #0x83	; 131
      000091 83                     190 	.db #0x83	; 131
      000092 83                     191 	.db #0x83	; 131
      000093 83                     192 	.db #0x83	; 131
      000094 80                     193 	.db #0x80	; 128
      000095 80                     194 	.db #0x80	; 128
      000096 98                     195 	.db #0x98	; 152
      000097 98                     196 	.db #0x98	; 152
      000098 98                     197 	.db #0x98	; 152
      000099 98                     198 	.db #0x98	; 152
      00009A 80                     199 	.db #0x80	; 128
      00009B 80                     200 	.db #0x80	; 128
      00009C 80                     201 	.db #0x80	; 128
      00009D 80                     202 	.db #0x80	; 128
      00009E 7F                     203 	.db #0x7f	; 127
      00009F 7F                     204 	.db #0x7f	; 127
      0000A0 FE                     205 	.db #0xfe	; 254
      0000A1 FE                     206 	.db #0xfe	; 254
      0000A2 FF                     207 	.db #0xff	; 255
      0000A3 03                     208 	.db #0x03	; 3
      0000A4 FD                     209 	.db #0xfd	; 253
      0000A5 FF                     210 	.db #0xff	; 255
      0000A6 05                     211 	.db #0x05	; 5
      0000A7 07                     212 	.db #0x07	; 7
      0000A8 05                     213 	.db #0x05	; 5
      0000A9 07                     214 	.db #0x07	; 7
      0000AA 65                     215 	.db #0x65	; 101	'e'
      0000AB 67                     216 	.db #0x67	; 103	'g'
      0000AC 65                     217 	.db #0x65	; 101	'e'
      0000AD 67                     218 	.db #0x67	; 103	'g'
      0000AE 05                     219 	.db #0x05	; 5
      0000AF 07                     220 	.db #0x07	; 7
      0000B0 05                     221 	.db #0x05	; 5
      0000B1 07                     222 	.db #0x07	; 7
      0000B2 05                     223 	.db #0x05	; 5
      0000B3 07                     224 	.db #0x07	; 7
      0000B4 05                     225 	.db #0x05	; 5
      0000B5 07                     226 	.db #0x07	; 7
      0000B6 05                     227 	.db #0x05	; 5
      0000B7 07                     228 	.db #0x07	; 7
      0000B8 05                     229 	.db #0x05	; 5
      0000B9 07                     230 	.db #0x07	; 7
      0000BA 05                     231 	.db #0x05	; 5
      0000BB 07                     232 	.db #0x07	; 7
      0000BC 06                     233 	.db #0x06	; 6
      0000BD 06                     234 	.db #0x06	; 6
      0000BE FC                     235 	.db #0xfc	; 252
      0000BF FC                     236 	.db #0xfc	; 252
      0000C0 3F                     237 	.db #0x3f	; 63
      0000C1 3F                     238 	.db #0x3f	; 63
      0000C2 7F                     239 	.db #0x7f	; 127
      0000C3 40                     240 	.db #0x40	; 64
      0000C4 FF                     241 	.db #0xff	; 255
      0000C5 FF                     242 	.db #0xff	; 255
      0000C6 80                     243 	.db #0x80	; 128
      0000C7 80                     244 	.db #0x80	; 128
      0000C8 80                     245 	.db #0x80	; 128
      0000C9 80                     246 	.db #0x80	; 128
      0000CA 80                     247 	.db #0x80	; 128
      0000CB 80                     248 	.db #0x80	; 128
      0000CC 8C                     249 	.db #0x8c	; 140
      0000CD 8C                     250 	.db #0x8c	; 140
      0000CE 8C                     251 	.db #0x8c	; 140
      0000CF 8C                     252 	.db #0x8c	; 140
      0000D0 80                     253 	.db #0x80	; 128
      0000D1 80                     254 	.db #0x80	; 128
      0000D2 80                     255 	.db #0x80	; 128
      0000D3 80                     256 	.db #0x80	; 128
      0000D4 8C                     257 	.db #0x8c	; 140
      0000D5 8C                     258 	.db #0x8c	; 140
      0000D6 8C                     259 	.db #0x8c	; 140
      0000D7 8C                     260 	.db #0x8c	; 140
      0000D8 80                     261 	.db #0x80	; 128
      0000D9 80                     262 	.db #0x80	; 128
      0000DA 80                     263 	.db #0x80	; 128
      0000DB 80                     264 	.db #0x80	; 128
      0000DC 80                     265 	.db #0x80	; 128
      0000DD 80                     266 	.db #0x80	; 128
      0000DE 7F                     267 	.db #0x7f	; 127
      0000DF 7F                     268 	.db #0x7f	; 127
      0000E0 FE                     269 	.db #0xfe	; 254
      0000E1 FE                     270 	.db #0xfe	; 254
      0000E2 FF                     271 	.db #0xff	; 255
      0000E3 03                     272 	.db #0x03	; 3
      0000E4 FD                     273 	.db #0xfd	; 253
      0000E5 FF                     274 	.db #0xff	; 255
      0000E6 05                     275 	.db #0x05	; 5
      0000E7 07                     276 	.db #0x07	; 7
      0000E8 05                     277 	.db #0x05	; 5
      0000E9 07                     278 	.db #0x07	; 7
      0000EA 05                     279 	.db #0x05	; 5
      0000EB 07                     280 	.db #0x07	; 7
      0000EC C5                     281 	.db #0xc5	; 197
      0000ED C7                     282 	.db #0xc7	; 199
      0000EE C5                     283 	.db #0xc5	; 197
      0000EF C7                     284 	.db #0xc7	; 199
      0000F0 05                     285 	.db #0x05	; 5
      0000F1 07                     286 	.db #0x07	; 7
      0000F2 05                     287 	.db #0x05	; 5
      0000F3 07                     288 	.db #0x07	; 7
      0000F4 C5                     289 	.db #0xc5	; 197
      0000F5 C7                     290 	.db #0xc7	; 199
      0000F6 C5                     291 	.db #0xc5	; 197
      0000F7 C7                     292 	.db #0xc7	; 199
      0000F8 05                     293 	.db #0x05	; 5
      0000F9 07                     294 	.db #0x07	; 7
      0000FA 05                     295 	.db #0x05	; 5
      0000FB 07                     296 	.db #0x07	; 7
      0000FC 06                     297 	.db #0x06	; 6
      0000FD 06                     298 	.db #0x06	; 6
      0000FE FC                     299 	.db #0xfc	; 252
      0000FF FC                     300 	.db #0xfc	; 252
      000100 3F                     301 	.db #0x3f	; 63
      000101 3F                     302 	.db #0x3f	; 63
      000102 7F                     303 	.db #0x7f	; 127
      000103 40                     304 	.db #0x40	; 64
      000104 FF                     305 	.db #0xff	; 255
      000105 FF                     306 	.db #0xff	; 255
      000106 80                     307 	.db #0x80	; 128
      000107 80                     308 	.db #0x80	; 128
      000108 80                     309 	.db #0x80	; 128
      000109 80                     310 	.db #0x80	; 128
      00010A 98                     311 	.db #0x98	; 152
      00010B 98                     312 	.db #0x98	; 152
      00010C 98                     313 	.db #0x98	; 152
      00010D 98                     314 	.db #0x98	; 152
      00010E 80                     315 	.db #0x80	; 128
      00010F 80                     316 	.db #0x80	; 128
      000110 83                     317 	.db #0x83	; 131
      000111 83                     318 	.db #0x83	; 131
      000112 83                     319 	.db #0x83	; 131
      000113 83                     320 	.db #0x83	; 131
      000114 80                     321 	.db #0x80	; 128
      000115 80                     322 	.db #0x80	; 128
      000116 98                     323 	.db #0x98	; 152
      000117 98                     324 	.db #0x98	; 152
      000118 98                     325 	.db #0x98	; 152
      000119 98                     326 	.db #0x98	; 152
      00011A 80                     327 	.db #0x80	; 128
      00011B 80                     328 	.db #0x80	; 128
      00011C 80                     329 	.db #0x80	; 128
      00011D 80                     330 	.db #0x80	; 128
      00011E 7F                     331 	.db #0x7f	; 127
      00011F 7F                     332 	.db #0x7f	; 127
      000120 FE                     333 	.db #0xfe	; 254
      000121 FE                     334 	.db #0xfe	; 254
      000122 FF                     335 	.db #0xff	; 255
      000123 03                     336 	.db #0x03	; 3
      000124 FD                     337 	.db #0xfd	; 253
      000125 FF                     338 	.db #0xff	; 255
      000126 05                     339 	.db #0x05	; 5
      000127 07                     340 	.db #0x07	; 7
      000128 05                     341 	.db #0x05	; 5
      000129 07                     342 	.db #0x07	; 7
      00012A 65                     343 	.db #0x65	; 101	'e'
      00012B 67                     344 	.db #0x67	; 103	'g'
      00012C 65                     345 	.db #0x65	; 101	'e'
      00012D 67                     346 	.db #0x67	; 103	'g'
      00012E 05                     347 	.db #0x05	; 5
      00012F 07                     348 	.db #0x07	; 7
      000130 05                     349 	.db #0x05	; 5
      000131 07                     350 	.db #0x07	; 7
      000132 05                     351 	.db #0x05	; 5
      000133 07                     352 	.db #0x07	; 7
      000134 05                     353 	.db #0x05	; 5
      000135 07                     354 	.db #0x07	; 7
      000136 65                     355 	.db #0x65	; 101	'e'
      000137 67                     356 	.db #0x67	; 103	'g'
      000138 65                     357 	.db #0x65	; 101	'e'
      000139 67                     358 	.db #0x67	; 103	'g'
      00013A 05                     359 	.db #0x05	; 5
      00013B 07                     360 	.db #0x07	; 7
      00013C 06                     361 	.db #0x06	; 6
      00013D 06                     362 	.db #0x06	; 6
      00013E FC                     363 	.db #0xfc	; 252
      00013F FC                     364 	.db #0xfc	; 252
      000140 3F                     365 	.db #0x3f	; 63
      000141 3F                     366 	.db #0x3f	; 63
      000142 7F                     367 	.db #0x7f	; 127
      000143 40                     368 	.db #0x40	; 64
      000144 FF                     369 	.db #0xff	; 255
      000145 FF                     370 	.db #0xff	; 255
      000146 80                     371 	.db #0x80	; 128
      000147 80                     372 	.db #0x80	; 128
      000148 98                     373 	.db #0x98	; 152
      000149 98                     374 	.db #0x98	; 152
      00014A BC                     375 	.db #0xbc	; 188
      00014B A4                     376 	.db #0xa4	; 164
      00014C B3                     377 	.db #0xb3	; 179
      00014D AF                     378 	.db #0xaf	; 175
      00014E 90                     379 	.db #0x90	; 144
      00014F 9F                     380 	.db #0x9f	; 159
      000150 88                     381 	.db #0x88	; 136
      000151 8F                     382 	.db #0x8f	; 143
      000152 88                     383 	.db #0x88	; 136
      000153 8F                     384 	.db #0x8f	; 143
      000154 98                     385 	.db #0x98	; 152
      000155 97                     386 	.db #0x97	; 151
      000156 B3                     387 	.db #0xb3	; 179
      000157 AF                     388 	.db #0xaf	; 175
      000158 A4                     389 	.db #0xa4	; 164
      000159 BC                     390 	.db #0xbc	; 188
      00015A 98                     391 	.db #0x98	; 152
      00015B 98                     392 	.db #0x98	; 152
      00015C 80                     393 	.db #0x80	; 128
      00015D 80                     394 	.db #0x80	; 128
      00015E FF                     395 	.db #0xff	; 255
      00015F FF                     396 	.db #0xff	; 255
      000160 FE                     397 	.db #0xfe	; 254
      000161 FE                     398 	.db #0xfe	; 254
      000162 FF                     399 	.db #0xff	; 255
      000163 03                     400 	.db #0x03	; 3
      000164 FD                     401 	.db #0xfd	; 253
      000165 FF                     402 	.db #0xff	; 255
      000166 05                     403 	.db #0x05	; 5
      000167 07                     404 	.db #0x07	; 7
      000168 65                     405 	.db #0x65	; 101	'e'
      000169 67                     406 	.db #0x67	; 103	'g'
      00016A D5                     407 	.db #0xd5	; 213
      00016B B7                     408 	.db #0xb7	; 183
      00016C 95                     409 	.db #0x95	; 149
      00016D 77                     410 	.db #0x77	; 119	'w'
      00016E 25                     411 	.db #0x25	; 37
      00016F E7                     412 	.db #0xe7	; 231
      000170 45                     413 	.db #0x45	; 69	'E'
      000171 C7                     414 	.db #0xc7	; 199
      000172 45                     415 	.db #0x45	; 69	'E'
      000173 C7                     416 	.db #0xc7	; 199
      000174 25                     417 	.db #0x25	; 37
      000175 E7                     418 	.db #0xe7	; 231
      000176 15                     419 	.db #0x15	; 21
      000177 F7                     420 	.db #0xf7	; 247
      000178 95                     421 	.db #0x95	; 149
      000179 F7                     422 	.db #0xf7	; 247
      00017A 65                     423 	.db #0x65	; 101	'e'
      00017B 67                     424 	.db #0x67	; 103	'g'
      00017C 06                     425 	.db #0x06	; 6
      00017D 06                     426 	.db #0x06	; 6
      00017E FC                     427 	.db #0xfc	; 252
      00017F FC                     428 	.db #0xfc	; 252
      000180 3F                     429 	.db #0x3f	; 63
      000181 3F                     430 	.db #0x3f	; 63
      000182 7F                     431 	.db #0x7f	; 127
      000183 40                     432 	.db #0x40	; 64
      000184 FF                     433 	.db #0xff	; 255
      000185 FF                     434 	.db #0xff	; 255
      000186 80                     435 	.db #0x80	; 128
      000187 80                     436 	.db #0x80	; 128
      000188 86                     437 	.db #0x86	; 134
      000189 86                     438 	.db #0x86	; 134
      00018A 89                     439 	.db #0x89	; 137
      00018B 89                     440 	.db #0x89	; 137
      00018C 8A                     441 	.db #0x8a	; 138
      00018D 8A                     442 	.db #0x8a	; 138
      00018E 8B                     443 	.db #0x8b	; 139
      00018F 8B                     444 	.db #0x8b	; 139
      000190 8A                     445 	.db #0x8a	; 138
      000191 88                     446 	.db #0x88	; 136
      000192 8B                     447 	.db #0x8b	; 139
      000193 8A                     448 	.db #0x8a	; 138
      000194 9F                     449 	.db #0x9f	; 159
      000195 9F                     450 	.db #0x9f	; 159
      000196 8F                     451 	.db #0x8f	; 143
      000197 8F                     452 	.db #0x8f	; 143
      000198 8F                     453 	.db #0x8f	; 143
      000199 80                     454 	.db #0x80	; 128
      00019A 8F                     455 	.db #0x8f	; 143
      00019B 8F                     456 	.db #0x8f	; 143
      00019C 80                     457 	.db #0x80	; 128
      00019D 80                     458 	.db #0x80	; 128
      00019E 7F                     459 	.db #0x7f	; 127
      00019F 7F                     460 	.db #0x7f	; 127
      0001A0 FE                     461 	.db #0xfe	; 254
      0001A1 FE                     462 	.db #0xfe	; 254
      0001A2 FF                     463 	.db #0xff	; 255
      0001A3 03                     464 	.db #0x03	; 3
      0001A4 FD                     465 	.db #0xfd	; 253
      0001A5 FF                     466 	.db #0xff	; 255
      0001A6 05                     467 	.db #0x05	; 5
      0001A7 07                     468 	.db #0x07	; 7
      0001A8 05                     469 	.db #0x05	; 5
      0001A9 07                     470 	.db #0x07	; 7
      0001AA 65                     471 	.db #0x65	; 101	'e'
      0001AB 67                     472 	.db #0x67	; 103	'g'
      0001AC 95                     473 	.db #0x95	; 149
      0001AD 97                     474 	.db #0x97	; 151
      0001AE A5                     475 	.db #0xa5	; 165
      0001AF A7                     476 	.db #0xa7	; 167
      0001B0 A5                     477 	.db #0xa5	; 165
      0001B1 27                     478 	.db #0x27	; 39
      0001B2 A5                     479 	.db #0xa5	; 165
      0001B3 A7                     480 	.db #0xa7	; 167
      0001B4 F5                     481 	.db #0xf5	; 245
      0001B5 F7                     482 	.db #0xf7	; 247
      0001B6 E5                     483 	.db #0xe5	; 229
      0001B7 E7                     484 	.db #0xe7	; 231
      0001B8 E5                     485 	.db #0xe5	; 229
      0001B9 07                     486 	.db #0x07	; 7
      0001BA E5                     487 	.db #0xe5	; 229
      0001BB E7                     488 	.db #0xe7	; 231
      0001BC 06                     489 	.db #0x06	; 6
      0001BD 06                     490 	.db #0x06	; 6
      0001BE FC                     491 	.db #0xfc	; 252
      0001BF FC                     492 	.db #0xfc	; 252
      0001C0 3F                     493 	.db #0x3f	; 63
      0001C1 3F                     494 	.db #0x3f	; 63
      0001C2 7F                     495 	.db #0x7f	; 127
      0001C3 40                     496 	.db #0x40	; 64
      0001C4 FF                     497 	.db #0xff	; 255
      0001C5 80                     498 	.db #0x80	; 128
      0001C6 FF                     499 	.db #0xff	; 255
      0001C7 80                     500 	.db #0x80	; 128
      0001C8 FF                     501 	.db #0xff	; 255
      0001C9 80                     502 	.db #0x80	; 128
      0001CA FF                     503 	.db #0xff	; 255
      0001CB 80                     504 	.db #0x80	; 128
      0001CC FF                     505 	.db #0xff	; 255
      0001CD 80                     506 	.db #0x80	; 128
      0001CE FF                     507 	.db #0xff	; 255
      0001CF 80                     508 	.db #0x80	; 128
      0001D0 FF                     509 	.db #0xff	; 255
      0001D1 80                     510 	.db #0x80	; 128
      0001D2 FF                     511 	.db #0xff	; 255
      0001D3 80                     512 	.db #0x80	; 128
      0001D4 FF                     513 	.db #0xff	; 255
      0001D5 FF                     514 	.db #0xff	; 255
      0001D6 40                     515 	.db #0x40	; 64
      0001D7 7F                     516 	.db #0x7f	; 127
      0001D8 20                     517 	.db #0x20	; 32
      0001D9 3F                     518 	.db #0x3f	; 63
      0001DA 10                     519 	.db #0x10	; 16
      0001DB 1F                     520 	.db #0x1f	; 31
      0001DC 0F                     521 	.db #0x0f	; 15
      0001DD 0F                     522 	.db #0x0f	; 15
      0001DE 00                     523 	.db #0x00	; 0
      0001DF 00                     524 	.db #0x00	; 0
      0001E0 E0                     525 	.db #0xe0	; 224
      0001E1 E0                     526 	.db #0xe0	; 224
      0001E2 F0                     527 	.db #0xf0	; 240
      0001E3 30                     528 	.db #0x30	; 48	'0'
      0001E4 E8                     529 	.db #0xe8	; 232
      0001E5 28                     530 	.db #0x28	; 40
      0001E6 E4                     531 	.db #0xe4	; 228
      0001E7 24                     532 	.db #0x24	; 36
      0001E8 E2                     533 	.db #0xe2	; 226
      0001E9 22                     534 	.db #0x22	; 34
      0001EA E2                     535 	.db #0xe2	; 226
      0001EB 22                     536 	.db #0x22	; 34
      0001EC E2                     537 	.db #0xe2	; 226
      0001ED 22                     538 	.db #0x22	; 34
      0001EE E2                     539 	.db #0xe2	; 226
      0001EF 22                     540 	.db #0x22	; 34
      0001F0 E2                     541 	.db #0xe2	; 226
      0001F1 22                     542 	.db #0x22	; 34
      0001F2 E2                     543 	.db #0xe2	; 226
      0001F3 22                     544 	.db #0x22	; 34
      0001F4 E2                     545 	.db #0xe2	; 226
      0001F5 E2                     546 	.db #0xe2	; 226
      0001F6 12                     547 	.db #0x12	; 18
      0001F7 F2                     548 	.db #0xf2	; 242
      0001F8 0A                     549 	.db #0x0a	; 10
      0001F9 FA                     550 	.db #0xfa	; 250
      0001FA 04                     551 	.db #0x04	; 4
      0001FB FC                     552 	.db #0xfc	; 252
      0001FC F8                     553 	.db #0xf8	; 248
      0001FD F8                     554 	.db #0xf8	; 248
      0001FE 00                     555 	.db #0x00	; 0
      0001FF 00                     556 	.db #0x00	; 0
      000200 07                     557 	.db #0x07	; 7
      000201 07                     558 	.db #0x07	; 7
      000202 0C                     559 	.db #0x0c	; 12
      000203 0C                     560 	.db #0x0c	; 12
      000204 14                     561 	.db #0x14	; 20
      000205 1C                     562 	.db #0x1c	; 28
      000206 24                     563 	.db #0x24	; 36
      000207 3C                     564 	.db #0x3c	; 60
      000208 44                     565 	.db #0x44	; 68	'D'
      000209 7C                     566 	.db #0x7c	; 124
      00020A 44                     567 	.db #0x44	; 68	'D'
      00020B 7C                     568 	.db #0x7c	; 124
      00020C 44                     569 	.db #0x44	; 68	'D'
      00020D 7C                     570 	.db #0x7c	; 124
      00020E 44                     571 	.db #0x44	; 68	'D'
      00020F 7C                     572 	.db #0x7c	; 124
      000210 44                     573 	.db #0x44	; 68	'D'
      000211 7C                     574 	.db #0x7c	; 124
      000212 44                     575 	.db #0x44	; 68	'D'
      000213 7C                     576 	.db #0x7c	; 124
      000214 47                     577 	.db #0x47	; 71	'G'
      000215 7F                     578 	.db #0x7f	; 127
      000216 4F                     579 	.db #0x4f	; 79	'O'
      000217 78                     580 	.db #0x78	; 120	'x'
      000218 5F                     581 	.db #0x5f	; 95
      000219 70                     582 	.db #0x70	; 112	'p'
      00021A 3F                     583 	.db #0x3f	; 63
      00021B 20                     584 	.db #0x20	; 32
      00021C 1F                     585 	.db #0x1f	; 31
      00021D 1F                     586 	.db #0x1f	; 31
      00021E 00                     587 	.db #0x00	; 0
      00021F 00                     588 	.db #0x00	; 0
      000220 FC                     589 	.db #0xfc	; 252
      000221 FC                     590 	.db #0xfc	; 252
      000222 02                     591 	.db #0x02	; 2
      000223 02                     592 	.db #0x02	; 2
      000224 01                     593 	.db #0x01	; 1
      000225 01                     594 	.db #0x01	; 1
      000226 01                     595 	.db #0x01	; 1
      000227 01                     596 	.db #0x01	; 1
      000228 01                     597 	.db #0x01	; 1
      000229 01                     598 	.db #0x01	; 1
      00022A 01                     599 	.db #0x01	; 1
      00022B 01                     600 	.db #0x01	; 1
      00022C 01                     601 	.db #0x01	; 1
      00022D 01                     602 	.db #0x01	; 1
      00022E 01                     603 	.db #0x01	; 1
      00022F 01                     604 	.db #0x01	; 1
      000230 01                     605 	.db #0x01	; 1
      000231 01                     606 	.db #0x01	; 1
      000232 01                     607 	.db #0x01	; 1
      000233 01                     608 	.db #0x01	; 1
      000234 FF                     609 	.db #0xff	; 255
      000235 FF                     610 	.db #0xff	; 255
      000236 FE                     611 	.db #0xfe	; 254
      000237 02                     612 	.db #0x02	; 2
      000238 FC                     613 	.db #0xfc	; 252
      000239 04                     614 	.db #0x04	; 4
      00023A F8                     615 	.db #0xf8	; 248
      00023B 08                     616 	.db #0x08	; 8
      00023C F0                     617 	.db #0xf0	; 240
      00023D F0                     618 	.db #0xf0	; 240
      00023E 00                     619 	.db #0x00	; 0
      00023F 00                     620 	.db #0x00	; 0
                                    621 	.area _INITIALIZER
                                    622 	.area _CABS (ABS)
