                                      1 ;--------------------------------------------------------
                                      2 ; File Created by SDCC : free open source ANSI-C Compiler
                                      3 ; Version 4.1.6 #12539 (MINGW32)
                                      4 ;--------------------------------------------------------
                                      5 	.module bownlyMP5PanelMaps
                                      6 	.optsdcc -mgbz80
                                      7 	
                                      8 ;--------------------------------------------------------
                                      9 ; Public variables in this module
                                     10 ;--------------------------------------------------------
                                     11 	.globl _panelFlip2Map
                                     12 	.globl _panelFlip1Map
                                     13 	.globl _panelPointMap
                                     14 	.globl _panelXMap
                                     15 	.globl _panel4Map
                                     16 	.globl _panel3Map
                                     17 	.globl _panel2Map
                                     18 	.globl _panel1Map
                                     19 	.globl _panel0Map
                                     20 ;--------------------------------------------------------
                                     21 ; special function registers
                                     22 ;--------------------------------------------------------
                                     23 ;--------------------------------------------------------
                                     24 ; ram data
                                     25 ;--------------------------------------------------------
                                     26 	.area _DATA
                                     27 ;--------------------------------------------------------
                                     28 ; ram data
                                     29 ;--------------------------------------------------------
                                     30 	.area _INITIALIZED
                                     31 ;--------------------------------------------------------
                                     32 ; absolute external ram data
                                     33 ;--------------------------------------------------------
                                     34 	.area _DABS (ABS)
                                     35 ;--------------------------------------------------------
                                     36 ; global & static initialisations
                                     37 ;--------------------------------------------------------
                                     38 	.area _HOME
                                     39 	.area _GSINIT
                                     40 	.area _GSFINAL
                                     41 	.area _GSINIT
                                     42 ;--------------------------------------------------------
                                     43 ; Home
                                     44 ;--------------------------------------------------------
                                     45 	.area _HOME
                                     46 	.area _HOME
                                     47 ;--------------------------------------------------------
                                     48 ; code
                                     49 ;--------------------------------------------------------
                                     50 	.area _CODE_2
                                     51 	.area _CODE_2
      000000                         52 _panel0Map:
      000000 50                      53 	.db #0x50	; 80	'P'
      000001 52                      54 	.db #0x52	; 82	'R'
      000002 51                      55 	.db #0x51	; 81	'Q'
      000003 53                      56 	.db #0x53	; 83	'S'
      000004                         57 _panel1Map:
      000004 54                      58 	.db #0x54	; 84	'T'
      000005 56                      59 	.db #0x56	; 86	'V'
      000006 55                      60 	.db #0x55	; 85	'U'
      000007 57                      61 	.db #0x57	; 87	'W'
      000008                         62 _panel2Map:
      000008 58                      63 	.db #0x58	; 88	'X'
      000009 5A                      64 	.db #0x5a	; 90	'Z'
      00000A 59                      65 	.db #0x59	; 89	'Y'
      00000B 5B                      66 	.db #0x5b	; 91
      00000C                         67 _panel3Map:
      00000C 5C                      68 	.db #0x5c	; 92
      00000D 5E                      69 	.db #0x5e	; 94
      00000E 5D                      70 	.db #0x5d	; 93
      00000F 5F                      71 	.db #0x5f	; 95
      000010                         72 _panel4Map:
      000010 60                      73 	.db #0x60	; 96
      000011 62                      74 	.db #0x62	; 98	'b'
      000012 61                      75 	.db #0x61	; 97	'a'
      000013 63                      76 	.db #0x63	; 99	'c'
      000014                         77 _panelXMap:
      000014 64                      78 	.db #0x64	; 100	'd'
      000015 66                      79 	.db #0x66	; 102	'f'
      000016 65                      80 	.db #0x65	; 101	'e'
      000017 67                      81 	.db #0x67	; 103	'g'
      000018                         82 _panelPointMap:
      000018 68                      83 	.db #0x68	; 104	'h'
      000019 6A                      84 	.db #0x6a	; 106	'j'
      00001A 69                      85 	.db #0x69	; 105	'i'
      00001B 6B                      86 	.db #0x6b	; 107	'k'
      00001C                         87 _panelFlip1Map:
      00001C 6C                      88 	.db #0x6c	; 108	'l'
      00001D 6E                      89 	.db #0x6e	; 110	'n'
      00001E 6D                      90 	.db #0x6d	; 109	'm'
      00001F 6F                      91 	.db #0x6f	; 111	'o'
      000020                         92 _panelFlip2Map:
      000020 70                      93 	.db #0x70	; 112	'p'
      000021 72                      94 	.db #0x72	; 114	'r'
      000022 71                      95 	.db #0x71	; 113	'q'
      000023 73                      96 	.db #0x73	; 115	's'
                                     97 	.area _INITIALIZER
                                     98 	.area _CABS (ABS)
