                                      1 ;--------------------------------------------------------
                                      2 ; File Created by SDCC : free open source ANSI-C Compiler
                                      3 ; Version 4.1.6 #12539 (MINGW32)
                                      4 ;--------------------------------------------------------
                                      5 	.module bownlyPastelBkg2Map
                                      6 	.optsdcc -mgbz80
                                      7 	
                                      8 ;--------------------------------------------------------
                                      9 ; Public variables in this module
                                     10 ;--------------------------------------------------------
                                     11 	.globl _bownlyPastelBkg2Map
                                     12 ;--------------------------------------------------------
                                     13 ; special function registers
                                     14 ;--------------------------------------------------------
                                     15 ;--------------------------------------------------------
                                     16 ; ram data
                                     17 ;--------------------------------------------------------
                                     18 	.area _DATA
                                     19 ;--------------------------------------------------------
                                     20 ; ram data
                                     21 ;--------------------------------------------------------
                                     22 	.area _INITIALIZED
                                     23 ;--------------------------------------------------------
                                     24 ; absolute external ram data
                                     25 ;--------------------------------------------------------
                                     26 	.area _DABS (ABS)
                                     27 ;--------------------------------------------------------
                                     28 ; global & static initialisations
                                     29 ;--------------------------------------------------------
                                     30 	.area _HOME
                                     31 	.area _GSINIT
                                     32 	.area _GSFINAL
                                     33 	.area _GSINIT
                                     34 ;--------------------------------------------------------
                                     35 ; Home
                                     36 ;--------------------------------------------------------
                                     37 	.area _HOME
                                     38 	.area _HOME
                                     39 ;--------------------------------------------------------
                                     40 ; code
                                     41 ;--------------------------------------------------------
                                     42 	.area _CODE_2
                                     43 	.area _CODE_2
      000000                         44 _bownlyPastelBkg2Map:
      000000 40                      45 	.db #0x40	; 64
      000001 46                      46 	.db #0x46	; 70	'F'
      000002 44                      47 	.db #0x44	; 68	'D'
      000003 42                      48 	.db #0x42	; 66	'B'
      000004 49                      49 	.db #0x49	; 73	'I'
      000005 4E                      50 	.db #0x4e	; 78	'N'
      000006 3F                      51 	.db #0x3f	; 63
      000007 3F                      52 	.db #0x3f	; 63
      000008 3F                      53 	.db #0x3f	; 63
      000009 51                      54 	.db #0x51	; 81	'Q'
      00000A 4B                      55 	.db #0x4b	; 75	'K'
      00000B 3F                      56 	.db #0x3f	; 63
      00000C 3F                      57 	.db #0x3f	; 63
      00000D 3F                      58 	.db #0x3f	; 63
      00000E 52                      59 	.db #0x52	; 82	'R'
      00000F 4D                      60 	.db #0x4d	; 77	'M'
      000010 3F                      61 	.db #0x3f	; 63
      000011 3F                      62 	.db #0x3f	; 63
      000012 3F                      63 	.db #0x3f	; 63
      000013 55                      64 	.db #0x55	; 85	'U'
      000014 4C                      65 	.db #0x4c	; 76	'L'
      000015 3F                      66 	.db #0x3f	; 63
      000016 3F                      67 	.db #0x3f	; 63
      000017 3F                      68 	.db #0x3f	; 63
      000018 56                      69 	.db #0x56	; 86	'V'
      000019 50                      70 	.db #0x50	; 80	'P'
      00001A 58                      71 	.db #0x58	; 88	'X'
      00001B 59                      72 	.db #0x59	; 89	'Y'
      00001C 5A                      73 	.db #0x5a	; 90	'Z'
      00001D 57                      74 	.db #0x57	; 87	'W'
                                     75 	.area _INITIALIZER
                                     76 	.area _CABS (ABS)
