                                      1 ;--------------------------------------------------------
                                      2 ; File Created by SDCC : free open source ANSI-C Compiler
                                      3 ; Version 4.1.6 #12539 (MINGW32)
                                      4 ;--------------------------------------------------------
                                      5 	.module bownlyVictoryLapSong
                                      6 	.optsdcc -mgbz80
                                      7 	
                                      8 ;--------------------------------------------------------
                                      9 ; Public variables in this module
                                     10 ;--------------------------------------------------------
                                     11 	.globl _bownlyVictoryLapSong
                                     12 ;--------------------------------------------------------
                                     13 ; special function registers
                                     14 ;--------------------------------------------------------
                                     15 ;--------------------------------------------------------
                                     16 ; ram data
                                     17 ;--------------------------------------------------------
                                     18 	.area _DATA
                                     19 ;--------------------------------------------------------
                                     20 ; ram data
                                     21 ;--------------------------------------------------------
                                     22 	.area _INITIALIZED
                                     23 ;--------------------------------------------------------
                                     24 ; absolute external ram data
                                     25 ;--------------------------------------------------------
                                     26 	.area _DABS (ABS)
                                     27 ;--------------------------------------------------------
                                     28 ; global & static initialisations
                                     29 ;--------------------------------------------------------
                                     30 	.area _HOME
                                     31 	.area _GSINIT
                                     32 	.area _GSFINAL
                                     33 	.area _GSINIT
                                     34 ;--------------------------------------------------------
                                     35 ; Home
                                     36 ;--------------------------------------------------------
                                     37 	.area _HOME
                                     38 	.area _HOME
                                     39 ;--------------------------------------------------------
                                     40 ; code
                                     41 ;--------------------------------------------------------
                                     42 	.area _CODE_2
                                     43 	.area _CODE_2
      000000                         44 _order_cnt:
      000000 02                      45 	.db #0x02	; 2
      000001                         46 _P0:
      000001 19                      47 	.db #0x19	; 25
      000002 1C                      48 	.db #0x1c	; 28
      000003 0B                      49 	.db #0x0b	; 11
      000004 19                      50 	.db #0x19	; 25
      000005 1C                      51 	.db #0x1c	; 28
      000006 01                      52 	.db #0x01	; 1
      000007 19                      53 	.db #0x19	; 25
      000008 1C                      54 	.db #0x1c	; 28
      000009 0B                      55 	.db #0x0b	; 11
      00000A 19                      56 	.db #0x19	; 25
      00000B 1C                      57 	.db #0x1c	; 28
      00000C 01                      58 	.db #0x01	; 1
      00000D 1B                      59 	.db #0x1b	; 27
      00000E 1C                      60 	.db #0x1c	; 28
      00000F 0B                      61 	.db #0x0b	; 11
      000010 1B                      62 	.db #0x1b	; 27
      000011 1C                      63 	.db #0x1c	; 28
      000012 01                      64 	.db #0x01	; 1
      000013 19                      65 	.db #0x19	; 25
      000014 1C                      66 	.db #0x1c	; 28
      000015 0B                      67 	.db #0x0b	; 11
      000016 19                      68 	.db #0x19	; 25
      000017 1C                      69 	.db #0x1c	; 28
      000018 01                      70 	.db #0x01	; 1
      000019 1D                      71 	.db #0x1d	; 29
      00001A 1C                      72 	.db #0x1c	; 28
      00001B 0B                      73 	.db #0x0b	; 11
      00001C 1E                      74 	.db #0x1e	; 30
      00001D 1C                      75 	.db #0x1c	; 28
      00001E 0B                      76 	.db #0x0b	; 11
      00001F 1E                      77 	.db #0x1e	; 30
      000020 1C                      78 	.db #0x1c	; 28
      000021 01                      79 	.db #0x01	; 1
      000022 20                      80 	.db #0x20	; 32
      000023 1C                      81 	.db #0x1c	; 28
      000024 0B                      82 	.db #0x0b	; 11
      000025 20                      83 	.db #0x20	; 32
      000026 1C                      84 	.db #0x1c	; 28
      000027 01                      85 	.db #0x01	; 1
      000028 20                      86 	.db #0x20	; 32
      000029 1C                      87 	.db #0x1c	; 28
      00002A 0B                      88 	.db #0x0b	; 11
      00002B 22                      89 	.db #0x22	; 34
      00002C 1C                      90 	.db #0x1c	; 28
      00002D 0B                      91 	.db #0x0b	; 11
      00002E 20                      92 	.db #0x20	; 32
      00002F 1C                      93 	.db #0x1c	; 28
      000030 0B                      94 	.db #0x0b	; 11
      000031 25                      95 	.db #0x25	; 37
      000032 1C                      96 	.db #0x1c	; 28
      000033 0B                      97 	.db #0x0b	; 11
      000034 25                      98 	.db #0x25	; 37
      000035 1C                      99 	.db #0x1c	; 28
      000036 01                     100 	.db #0x01	; 1
      000037 22                     101 	.db #0x22	; 34
      000038 1C                     102 	.db #0x1c	; 28
      000039 0B                     103 	.db #0x0b	; 11
      00003A 22                     104 	.db #0x22	; 34
      00003B 1C                     105 	.db #0x1c	; 28
      00003C 01                     106 	.db #0x01	; 1
      00003D 20                     107 	.db #0x20	; 32
      00003E 1C                     108 	.db #0x1c	; 28
      00003F 0B                     109 	.db #0x0b	; 11
      000040 20                     110 	.db #0x20	; 32
      000041 1C                     111 	.db #0x1c	; 28
      000042 01                     112 	.db #0x01	; 1
      000043 22                     113 	.db #0x22	; 34
      000044 1C                     114 	.db #0x1c	; 28
      000045 0B                     115 	.db #0x0b	; 11
      000046 22                     116 	.db #0x22	; 34
      000047 1C                     117 	.db #0x1c	; 28
      000048 01                     118 	.db #0x01	; 1
      000049 1D                     119 	.db #0x1d	; 29
      00004A 1C                     120 	.db #0x1c	; 28
      00004B 0B                     121 	.db #0x0b	; 11
      00004C 19                     122 	.db #0x19	; 25
      00004D 1C                     123 	.db #0x1c	; 28
      00004E 0B                     124 	.db #0x0b	; 11
      00004F 19                     125 	.db #0x19	; 25
      000050 1C                     126 	.db #0x1c	; 28
      000051 01                     127 	.db #0x01	; 1
      000052 16                     128 	.db #0x16	; 22
      000053 1C                     129 	.db #0x1c	; 28
      000054 0B                     130 	.db #0x0b	; 11
      000055 16                     131 	.db #0x16	; 22
      000056 1C                     132 	.db #0x1c	; 28
      000057 01                     133 	.db #0x01	; 1
      000058 14                     134 	.db #0x14	; 20
      000059 1C                     135 	.db #0x1c	; 28
      00005A 0B                     136 	.db #0x0b	; 11
      00005B 16                     137 	.db #0x16	; 22
      00005C 1C                     138 	.db #0x1c	; 28
      00005D 0B                     139 	.db #0x0b	; 11
      00005E 14                     140 	.db #0x14	; 20
      00005F 1C                     141 	.db #0x1c	; 28
      000060 0B                     142 	.db #0x0b	; 11
      000061 19                     143 	.db #0x19	; 25
      000062 1C                     144 	.db #0x1c	; 28
      000063 0B                     145 	.db #0x0b	; 11
      000064 19                     146 	.db #0x19	; 25
      000065 1C                     147 	.db #0x1c	; 28
      000066 01                     148 	.db #0x01	; 1
      000067 5A                     149 	.db #0x5a	; 90	'Z'
      000068 00                     150 	.db #0x00	; 0
      000069 00                     151 	.db #0x00	; 0
      00006A 5A                     152 	.db #0x5a	; 90	'Z'
      00006B 00                     153 	.db #0x00	; 0
      00006C 00                     154 	.db #0x00	; 0
      00006D 5A                     155 	.db #0x5a	; 90	'Z'
      00006E 00                     156 	.db #0x00	; 0
      00006F 00                     157 	.db #0x00	; 0
      000070 5A                     158 	.db #0x5a	; 90	'Z'
      000071 00                     159 	.db #0x00	; 0
      000072 00                     160 	.db #0x00	; 0
      000073 5A                     161 	.db #0x5a	; 90	'Z'
      000074 00                     162 	.db #0x00	; 0
      000075 00                     163 	.db #0x00	; 0
      000076 5A                     164 	.db #0x5a	; 90	'Z'
      000077 00                     165 	.db #0x00	; 0
      000078 00                     166 	.db #0x00	; 0
      000079 5A                     167 	.db #0x5a	; 90	'Z'
      00007A 00                     168 	.db #0x00	; 0
      00007B 00                     169 	.db #0x00	; 0
      00007C 5A                     170 	.db #0x5a	; 90	'Z'
      00007D 00                     171 	.db #0x00	; 0
      00007E 00                     172 	.db #0x00	; 0
      00007F 5A                     173 	.db #0x5a	; 90	'Z'
      000080 00                     174 	.db #0x00	; 0
      000081 00                     175 	.db #0x00	; 0
      000082 5A                     176 	.db #0x5a	; 90	'Z'
      000083 00                     177 	.db #0x00	; 0
      000084 00                     178 	.db #0x00	; 0
      000085 5A                     179 	.db #0x5a	; 90	'Z'
      000086 00                     180 	.db #0x00	; 0
      000087 00                     181 	.db #0x00	; 0
      000088 14                     182 	.db #0x14	; 20
      000089 1C                     183 	.db #0x1c	; 28
      00008A 0B                     184 	.db #0x0b	; 11
      00008B 16                     185 	.db #0x16	; 22
      00008C 1C                     186 	.db #0x1c	; 28
      00008D 0B                     187 	.db #0x0b	; 11
      00008E 14                     188 	.db #0x14	; 20
      00008F 1C                     189 	.db #0x1c	; 28
      000090 0B                     190 	.db #0x0b	; 11
      000091 0D                     191 	.db #0x0d	; 13
      000092 1C                     192 	.db #0x1c	; 28
      000093 0B                     193 	.db #0x0b	; 11
      000094 0D                     194 	.db #0x0d	; 13
      000095 1C                     195 	.db #0x1c	; 28
      000096 01                     196 	.db #0x01	; 1
      000097 5A                     197 	.db #0x5a	; 90	'Z'
      000098 00                     198 	.db #0x00	; 0
      000099 00                     199 	.db #0x00	; 0
      00009A 5A                     200 	.db #0x5a	; 90	'Z'
      00009B 00                     201 	.db #0x00	; 0
      00009C 00                     202 	.db #0x00	; 0
      00009D 5A                     203 	.db #0x5a	; 90	'Z'
      00009E 00                     204 	.db #0x00	; 0
      00009F 00                     205 	.db #0x00	; 0
      0000A0 5A                     206 	.db #0x5a	; 90	'Z'
      0000A1 00                     207 	.db #0x00	; 0
      0000A2 00                     208 	.db #0x00	; 0
      0000A3 5A                     209 	.db #0x5a	; 90	'Z'
      0000A4 00                     210 	.db #0x00	; 0
      0000A5 00                     211 	.db #0x00	; 0
      0000A6 5A                     212 	.db #0x5a	; 90	'Z'
      0000A7 00                     213 	.db #0x00	; 0
      0000A8 00                     214 	.db #0x00	; 0
      0000A9 5A                     215 	.db #0x5a	; 90	'Z'
      0000AA 00                     216 	.db #0x00	; 0
      0000AB 00                     217 	.db #0x00	; 0
      0000AC 5A                     218 	.db #0x5a	; 90	'Z'
      0000AD 00                     219 	.db #0x00	; 0
      0000AE 00                     220 	.db #0x00	; 0
      0000AF 5A                     221 	.db #0x5a	; 90	'Z'
      0000B0 00                     222 	.db #0x00	; 0
      0000B1 00                     223 	.db #0x00	; 0
      0000B2 5A                     224 	.db #0x5a	; 90	'Z'
      0000B3 00                     225 	.db #0x00	; 0
      0000B4 00                     226 	.db #0x00	; 0
      0000B5 5A                     227 	.db #0x5a	; 90	'Z'
      0000B6 00                     228 	.db #0x00	; 0
      0000B7 00                     229 	.db #0x00	; 0
      0000B8 5A                     230 	.db #0x5a	; 90	'Z'
      0000B9 00                     231 	.db #0x00	; 0
      0000BA 00                     232 	.db #0x00	; 0
      0000BB 5A                     233 	.db #0x5a	; 90	'Z'
      0000BC 00                     234 	.db #0x00	; 0
      0000BD 00                     235 	.db #0x00	; 0
      0000BE 5A                     236 	.db #0x5a	; 90	'Z'
      0000BF 00                     237 	.db #0x00	; 0
      0000C0 00                     238 	.db #0x00	; 0
      0000C1                        239 _P1:
      0000C1 5A                     240 	.db #0x5a	; 90	'Z'
      0000C2 00                     241 	.db #0x00	; 0
      0000C3 00                     242 	.db #0x00	; 0
      0000C4 5A                     243 	.db #0x5a	; 90	'Z'
      0000C5 00                     244 	.db #0x00	; 0
      0000C6 00                     245 	.db #0x00	; 0
      0000C7 5A                     246 	.db #0x5a	; 90	'Z'
      0000C8 00                     247 	.db #0x00	; 0
      0000C9 00                     248 	.db #0x00	; 0
      0000CA 5A                     249 	.db #0x5a	; 90	'Z'
      0000CB 00                     250 	.db #0x00	; 0
      0000CC 00                     251 	.db #0x00	; 0
      0000CD 5A                     252 	.db #0x5a	; 90	'Z'
      0000CE 00                     253 	.db #0x00	; 0
      0000CF 00                     254 	.db #0x00	; 0
      0000D0 5A                     255 	.db #0x5a	; 90	'Z'
      0000D1 00                     256 	.db #0x00	; 0
      0000D2 00                     257 	.db #0x00	; 0
      0000D3 5A                     258 	.db #0x5a	; 90	'Z'
      0000D4 00                     259 	.db #0x00	; 0
      0000D5 00                     260 	.db #0x00	; 0
      0000D6 5A                     261 	.db #0x5a	; 90	'Z'
      0000D7 00                     262 	.db #0x00	; 0
      0000D8 00                     263 	.db #0x00	; 0
      0000D9 5A                     264 	.db #0x5a	; 90	'Z'
      0000DA 00                     265 	.db #0x00	; 0
      0000DB 00                     266 	.db #0x00	; 0
      0000DC 5A                     267 	.db #0x5a	; 90	'Z'
      0000DD 00                     268 	.db #0x00	; 0
      0000DE 00                     269 	.db #0x00	; 0
      0000DF 5A                     270 	.db #0x5a	; 90	'Z'
      0000E0 00                     271 	.db #0x00	; 0
      0000E1 00                     272 	.db #0x00	; 0
      0000E2 5A                     273 	.db #0x5a	; 90	'Z'
      0000E3 00                     274 	.db #0x00	; 0
      0000E4 00                     275 	.db #0x00	; 0
      0000E5 5A                     276 	.db #0x5a	; 90	'Z'
      0000E6 00                     277 	.db #0x00	; 0
      0000E7 00                     278 	.db #0x00	; 0
      0000E8 5A                     279 	.db #0x5a	; 90	'Z'
      0000E9 00                     280 	.db #0x00	; 0
      0000EA 00                     281 	.db #0x00	; 0
      0000EB 5A                     282 	.db #0x5a	; 90	'Z'
      0000EC 00                     283 	.db #0x00	; 0
      0000ED 00                     284 	.db #0x00	; 0
      0000EE 5A                     285 	.db #0x5a	; 90	'Z'
      0000EF 00                     286 	.db #0x00	; 0
      0000F0 00                     287 	.db #0x00	; 0
      0000F1 5A                     288 	.db #0x5a	; 90	'Z'
      0000F2 00                     289 	.db #0x00	; 0
      0000F3 00                     290 	.db #0x00	; 0
      0000F4 5A                     291 	.db #0x5a	; 90	'Z'
      0000F5 00                     292 	.db #0x00	; 0
      0000F6 00                     293 	.db #0x00	; 0
      0000F7 5A                     294 	.db #0x5a	; 90	'Z'
      0000F8 00                     295 	.db #0x00	; 0
      0000F9 00                     296 	.db #0x00	; 0
      0000FA 5A                     297 	.db #0x5a	; 90	'Z'
      0000FB 00                     298 	.db #0x00	; 0
      0000FC 00                     299 	.db #0x00	; 0
      0000FD 5A                     300 	.db #0x5a	; 90	'Z'
      0000FE 00                     301 	.db #0x00	; 0
      0000FF 00                     302 	.db #0x00	; 0
      000100 5A                     303 	.db #0x5a	; 90	'Z'
      000101 00                     304 	.db #0x00	; 0
      000102 00                     305 	.db #0x00	; 0
      000103 5A                     306 	.db #0x5a	; 90	'Z'
      000104 00                     307 	.db #0x00	; 0
      000105 00                     308 	.db #0x00	; 0
      000106 5A                     309 	.db #0x5a	; 90	'Z'
      000107 00                     310 	.db #0x00	; 0
      000108 00                     311 	.db #0x00	; 0
      000109 5A                     312 	.db #0x5a	; 90	'Z'
      00010A 00                     313 	.db #0x00	; 0
      00010B 00                     314 	.db #0x00	; 0
      00010C 5A                     315 	.db #0x5a	; 90	'Z'
      00010D 00                     316 	.db #0x00	; 0
      00010E 00                     317 	.db #0x00	; 0
      00010F 5A                     318 	.db #0x5a	; 90	'Z'
      000110 00                     319 	.db #0x00	; 0
      000111 00                     320 	.db #0x00	; 0
      000112 5A                     321 	.db #0x5a	; 90	'Z'
      000113 00                     322 	.db #0x00	; 0
      000114 00                     323 	.db #0x00	; 0
      000115 5A                     324 	.db #0x5a	; 90	'Z'
      000116 00                     325 	.db #0x00	; 0
      000117 00                     326 	.db #0x00	; 0
      000118 5A                     327 	.db #0x5a	; 90	'Z'
      000119 00                     328 	.db #0x00	; 0
      00011A 00                     329 	.db #0x00	; 0
      00011B 5A                     330 	.db #0x5a	; 90	'Z'
      00011C 00                     331 	.db #0x00	; 0
      00011D 00                     332 	.db #0x00	; 0
      00011E 5A                     333 	.db #0x5a	; 90	'Z'
      00011F 00                     334 	.db #0x00	; 0
      000120 00                     335 	.db #0x00	; 0
      000121 5A                     336 	.db #0x5a	; 90	'Z'
      000122 00                     337 	.db #0x00	; 0
      000123 00                     338 	.db #0x00	; 0
      000124 5A                     339 	.db #0x5a	; 90	'Z'
      000125 00                     340 	.db #0x00	; 0
      000126 00                     341 	.db #0x00	; 0
      000127 5A                     342 	.db #0x5a	; 90	'Z'
      000128 00                     343 	.db #0x00	; 0
      000129 00                     344 	.db #0x00	; 0
      00012A 5A                     345 	.db #0x5a	; 90	'Z'
      00012B 00                     346 	.db #0x00	; 0
      00012C 00                     347 	.db #0x00	; 0
      00012D 5A                     348 	.db #0x5a	; 90	'Z'
      00012E 00                     349 	.db #0x00	; 0
      00012F 00                     350 	.db #0x00	; 0
      000130 5A                     351 	.db #0x5a	; 90	'Z'
      000131 00                     352 	.db #0x00	; 0
      000132 00                     353 	.db #0x00	; 0
      000133 5A                     354 	.db #0x5a	; 90	'Z'
      000134 00                     355 	.db #0x00	; 0
      000135 00                     356 	.db #0x00	; 0
      000136 5A                     357 	.db #0x5a	; 90	'Z'
      000137 00                     358 	.db #0x00	; 0
      000138 00                     359 	.db #0x00	; 0
      000139 5A                     360 	.db #0x5a	; 90	'Z'
      00013A 00                     361 	.db #0x00	; 0
      00013B 00                     362 	.db #0x00	; 0
      00013C 5A                     363 	.db #0x5a	; 90	'Z'
      00013D 00                     364 	.db #0x00	; 0
      00013E 00                     365 	.db #0x00	; 0
      00013F 5A                     366 	.db #0x5a	; 90	'Z'
      000140 00                     367 	.db #0x00	; 0
      000141 00                     368 	.db #0x00	; 0
      000142 5A                     369 	.db #0x5a	; 90	'Z'
      000143 00                     370 	.db #0x00	; 0
      000144 00                     371 	.db #0x00	; 0
      000145 5A                     372 	.db #0x5a	; 90	'Z'
      000146 00                     373 	.db #0x00	; 0
      000147 00                     374 	.db #0x00	; 0
      000148 5A                     375 	.db #0x5a	; 90	'Z'
      000149 00                     376 	.db #0x00	; 0
      00014A 00                     377 	.db #0x00	; 0
      00014B 5A                     378 	.db #0x5a	; 90	'Z'
      00014C 00                     379 	.db #0x00	; 0
      00014D 00                     380 	.db #0x00	; 0
      00014E 5A                     381 	.db #0x5a	; 90	'Z'
      00014F 00                     382 	.db #0x00	; 0
      000150 00                     383 	.db #0x00	; 0
      000151 5A                     384 	.db #0x5a	; 90	'Z'
      000152 00                     385 	.db #0x00	; 0
      000153 00                     386 	.db #0x00	; 0
      000154 5A                     387 	.db #0x5a	; 90	'Z'
      000155 00                     388 	.db #0x00	; 0
      000156 00                     389 	.db #0x00	; 0
      000157 5A                     390 	.db #0x5a	; 90	'Z'
      000158 00                     391 	.db #0x00	; 0
      000159 00                     392 	.db #0x00	; 0
      00015A 5A                     393 	.db #0x5a	; 90	'Z'
      00015B 00                     394 	.db #0x00	; 0
      00015C 00                     395 	.db #0x00	; 0
      00015D 5A                     396 	.db #0x5a	; 90	'Z'
      00015E 00                     397 	.db #0x00	; 0
      00015F 00                     398 	.db #0x00	; 0
      000160 5A                     399 	.db #0x5a	; 90	'Z'
      000161 00                     400 	.db #0x00	; 0
      000162 00                     401 	.db #0x00	; 0
      000163 5A                     402 	.db #0x5a	; 90	'Z'
      000164 00                     403 	.db #0x00	; 0
      000165 00                     404 	.db #0x00	; 0
      000166 5A                     405 	.db #0x5a	; 90	'Z'
      000167 00                     406 	.db #0x00	; 0
      000168 00                     407 	.db #0x00	; 0
      000169 5A                     408 	.db #0x5a	; 90	'Z'
      00016A 00                     409 	.db #0x00	; 0
      00016B 00                     410 	.db #0x00	; 0
      00016C 5A                     411 	.db #0x5a	; 90	'Z'
      00016D 00                     412 	.db #0x00	; 0
      00016E 00                     413 	.db #0x00	; 0
      00016F 5A                     414 	.db #0x5a	; 90	'Z'
      000170 00                     415 	.db #0x00	; 0
      000171 00                     416 	.db #0x00	; 0
      000172 5A                     417 	.db #0x5a	; 90	'Z'
      000173 00                     418 	.db #0x00	; 0
      000174 00                     419 	.db #0x00	; 0
      000175 5A                     420 	.db #0x5a	; 90	'Z'
      000176 00                     421 	.db #0x00	; 0
      000177 00                     422 	.db #0x00	; 0
      000178 5A                     423 	.db #0x5a	; 90	'Z'
      000179 00                     424 	.db #0x00	; 0
      00017A 00                     425 	.db #0x00	; 0
      00017B 5A                     426 	.db #0x5a	; 90	'Z'
      00017C 00                     427 	.db #0x00	; 0
      00017D 00                     428 	.db #0x00	; 0
      00017E 5A                     429 	.db #0x5a	; 90	'Z'
      00017F 00                     430 	.db #0x00	; 0
      000180 00                     431 	.db #0x00	; 0
      000181                        432 _P2:
      000181 12                     433 	.db #0x12	; 18
      000182 FC                     434 	.db #0xfc	; 252
      000183 0B                     435 	.db #0x0b	; 11
      000184 12                     436 	.db #0x12	; 18
      000185 FC                     437 	.db #0xfc	; 252
      000186 01                     438 	.db #0x01	; 1
      000187 1E                     439 	.db #0x1e	; 30
      000188 FC                     440 	.db #0xfc	; 252
      000189 0B                     441 	.db #0x0b	; 11
      00018A 1E                     442 	.db #0x1e	; 30
      00018B FC                     443 	.db #0xfc	; 252
      00018C 01                     444 	.db #0x01	; 1
      00018D 12                     445 	.db #0x12	; 18
      00018E FC                     446 	.db #0xfc	; 252
      00018F 0B                     447 	.db #0x0b	; 11
      000190 12                     448 	.db #0x12	; 18
      000191 FC                     449 	.db #0xfc	; 252
      000192 01                     450 	.db #0x01	; 1
      000193 1E                     451 	.db #0x1e	; 30
      000194 FC                     452 	.db #0xfc	; 252
      000195 0B                     453 	.db #0x0b	; 11
      000196 1E                     454 	.db #0x1e	; 30
      000197 FC                     455 	.db #0xfc	; 252
      000198 01                     456 	.db #0x01	; 1
      000199 19                     457 	.db #0x19	; 25
      00019A FC                     458 	.db #0xfc	; 252
      00019B 0B                     459 	.db #0x0b	; 11
      00019C 19                     460 	.db #0x19	; 25
      00019D FC                     461 	.db #0xfc	; 252
      00019E 01                     462 	.db #0x01	; 1
      00019F 25                     463 	.db #0x25	; 37
      0001A0 FC                     464 	.db #0xfc	; 252
      0001A1 0B                     465 	.db #0x0b	; 11
      0001A2 25                     466 	.db #0x25	; 37
      0001A3 FC                     467 	.db #0xfc	; 252
      0001A4 01                     468 	.db #0x01	; 1
      0001A5 19                     469 	.db #0x19	; 25
      0001A6 FC                     470 	.db #0xfc	; 252
      0001A7 0B                     471 	.db #0x0b	; 11
      0001A8 19                     472 	.db #0x19	; 25
      0001A9 FC                     473 	.db #0xfc	; 252
      0001AA 01                     474 	.db #0x01	; 1
      0001AB 25                     475 	.db #0x25	; 37
      0001AC FC                     476 	.db #0xfc	; 252
      0001AD 0B                     477 	.db #0x0b	; 11
      0001AE 25                     478 	.db #0x25	; 37
      0001AF FC                     479 	.db #0xfc	; 252
      0001B0 01                     480 	.db #0x01	; 1
      0001B1 12                     481 	.db #0x12	; 18
      0001B2 FC                     482 	.db #0xfc	; 252
      0001B3 0B                     483 	.db #0x0b	; 11
      0001B4 12                     484 	.db #0x12	; 18
      0001B5 FC                     485 	.db #0xfc	; 252
      0001B6 01                     486 	.db #0x01	; 1
      0001B7 1E                     487 	.db #0x1e	; 30
      0001B8 FC                     488 	.db #0xfc	; 252
      0001B9 0B                     489 	.db #0x0b	; 11
      0001BA 1E                     490 	.db #0x1e	; 30
      0001BB FC                     491 	.db #0xfc	; 252
      0001BC 01                     492 	.db #0x01	; 1
      0001BD 12                     493 	.db #0x12	; 18
      0001BE FC                     494 	.db #0xfc	; 252
      0001BF 0B                     495 	.db #0x0b	; 11
      0001C0 12                     496 	.db #0x12	; 18
      0001C1 FC                     497 	.db #0xfc	; 252
      0001C2 01                     498 	.db #0x01	; 1
      0001C3 1E                     499 	.db #0x1e	; 30
      0001C4 FC                     500 	.db #0xfc	; 252
      0001C5 0B                     501 	.db #0x0b	; 11
      0001C6 1E                     502 	.db #0x1e	; 30
      0001C7 FC                     503 	.db #0xfc	; 252
      0001C8 01                     504 	.db #0x01	; 1
      0001C9 17                     505 	.db #0x17	; 23
      0001CA FC                     506 	.db #0xfc	; 252
      0001CB 0B                     507 	.db #0x0b	; 11
      0001CC 17                     508 	.db #0x17	; 23
      0001CD FC                     509 	.db #0xfc	; 252
      0001CE 01                     510 	.db #0x01	; 1
      0001CF 23                     511 	.db #0x23	; 35
      0001D0 FC                     512 	.db #0xfc	; 252
      0001D1 0B                     513 	.db #0x0b	; 11
      0001D2 23                     514 	.db #0x23	; 35
      0001D3 FC                     515 	.db #0xfc	; 252
      0001D4 01                     516 	.db #0x01	; 1
      0001D5 17                     517 	.db #0x17	; 23
      0001D6 FC                     518 	.db #0xfc	; 252
      0001D7 0B                     519 	.db #0x0b	; 11
      0001D8 17                     520 	.db #0x17	; 23
      0001D9 FC                     521 	.db #0xfc	; 252
      0001DA 01                     522 	.db #0x01	; 1
      0001DB 23                     523 	.db #0x23	; 35
      0001DC FC                     524 	.db #0xfc	; 252
      0001DD 0B                     525 	.db #0x0b	; 11
      0001DE 23                     526 	.db #0x23	; 35
      0001DF FC                     527 	.db #0xfc	; 252
      0001E0 01                     528 	.db #0x01	; 1
      0001E1 12                     529 	.db #0x12	; 18
      0001E2 FC                     530 	.db #0xfc	; 252
      0001E3 0B                     531 	.db #0x0b	; 11
      0001E4 12                     532 	.db #0x12	; 18
      0001E5 FC                     533 	.db #0xfc	; 252
      0001E6 01                     534 	.db #0x01	; 1
      0001E7 1E                     535 	.db #0x1e	; 30
      0001E8 FC                     536 	.db #0xfc	; 252
      0001E9 0B                     537 	.db #0x0b	; 11
      0001EA 1E                     538 	.db #0x1e	; 30
      0001EB FC                     539 	.db #0xfc	; 252
      0001EC 01                     540 	.db #0x01	; 1
      0001ED 12                     541 	.db #0x12	; 18
      0001EE FC                     542 	.db #0xfc	; 252
      0001EF 0B                     543 	.db #0x0b	; 11
      0001F0 12                     544 	.db #0x12	; 18
      0001F1 FC                     545 	.db #0xfc	; 252
      0001F2 01                     546 	.db #0x01	; 1
      0001F3 1E                     547 	.db #0x1e	; 30
      0001F4 FC                     548 	.db #0xfc	; 252
      0001F5 0B                     549 	.db #0x0b	; 11
      0001F6 1E                     550 	.db #0x1e	; 30
      0001F7 FC                     551 	.db #0xfc	; 252
      0001F8 01                     552 	.db #0x01	; 1
      0001F9 19                     553 	.db #0x19	; 25
      0001FA FC                     554 	.db #0xfc	; 252
      0001FB 0B                     555 	.db #0x0b	; 11
      0001FC 19                     556 	.db #0x19	; 25
      0001FD FC                     557 	.db #0xfc	; 252
      0001FE 01                     558 	.db #0x01	; 1
      0001FF 25                     559 	.db #0x25	; 37
      000200 FC                     560 	.db #0xfc	; 252
      000201 0B                     561 	.db #0x0b	; 11
      000202 25                     562 	.db #0x25	; 37
      000203 FC                     563 	.db #0xfc	; 252
      000204 01                     564 	.db #0x01	; 1
      000205 19                     565 	.db #0x19	; 25
      000206 FC                     566 	.db #0xfc	; 252
      000207 0B                     567 	.db #0x0b	; 11
      000208 19                     568 	.db #0x19	; 25
      000209 FC                     569 	.db #0xfc	; 252
      00020A 01                     570 	.db #0x01	; 1
      00020B 25                     571 	.db #0x25	; 37
      00020C FC                     572 	.db #0xfc	; 252
      00020D 0B                     573 	.db #0x0b	; 11
      00020E 25                     574 	.db #0x25	; 37
      00020F FC                     575 	.db #0xfc	; 252
      000210 01                     576 	.db #0x01	; 1
      000211 12                     577 	.db #0x12	; 18
      000212 FC                     578 	.db #0xfc	; 252
      000213 0B                     579 	.db #0x0b	; 11
      000214 12                     580 	.db #0x12	; 18
      000215 FC                     581 	.db #0xfc	; 252
      000216 01                     582 	.db #0x01	; 1
      000217 1E                     583 	.db #0x1e	; 30
      000218 FC                     584 	.db #0xfc	; 252
      000219 0B                     585 	.db #0x0b	; 11
      00021A 1E                     586 	.db #0x1e	; 30
      00021B FC                     587 	.db #0xfc	; 252
      00021C 01                     588 	.db #0x01	; 1
      00021D 12                     589 	.db #0x12	; 18
      00021E FC                     590 	.db #0xfc	; 252
      00021F 0B                     591 	.db #0x0b	; 11
      000220 12                     592 	.db #0x12	; 18
      000221 FC                     593 	.db #0xfc	; 252
      000222 01                     594 	.db #0x01	; 1
      000223 1E                     595 	.db #0x1e	; 30
      000224 FC                     596 	.db #0xfc	; 252
      000225 0B                     597 	.db #0x0b	; 11
      000226 1E                     598 	.db #0x1e	; 30
      000227 FC                     599 	.db #0xfc	; 252
      000228 01                     600 	.db #0x01	; 1
      000229 1E                     601 	.db #0x1e	; 30
      00022A FC                     602 	.db #0xfc	; 252
      00022B 0B                     603 	.db #0x0b	; 11
      00022C 1E                     604 	.db #0x1e	; 30
      00022D FC                     605 	.db #0xfc	; 252
      00022E 01                     606 	.db #0x01	; 1
      00022F 12                     607 	.db #0x12	; 18
      000230 FC                     608 	.db #0xfc	; 252
      000231 0B                     609 	.db #0x0b	; 11
      000232 12                     610 	.db #0x12	; 18
      000233 FC                     611 	.db #0xfc	; 252
      000234 01                     612 	.db #0x01	; 1
      000235 1E                     613 	.db #0x1e	; 30
      000236 FC                     614 	.db #0xfc	; 252
      000237 0B                     615 	.db #0x0b	; 11
      000238 1E                     616 	.db #0x1e	; 30
      000239 FC                     617 	.db #0xfc	; 252
      00023A 01                     618 	.db #0x01	; 1
      00023B 12                     619 	.db #0x12	; 18
      00023C FC                     620 	.db #0xfc	; 252
      00023D 0B                     621 	.db #0x0b	; 11
      00023E 12                     622 	.db #0x12	; 18
      00023F FC                     623 	.db #0xfc	; 252
      000240 01                     624 	.db #0x01	; 1
      000241                        625 _P3:
      000241 5A                     626 	.db #0x5a	; 90	'Z'
      000242 00                     627 	.db #0x00	; 0
      000243 00                     628 	.db #0x00	; 0
      000244 5A                     629 	.db #0x5a	; 90	'Z'
      000245 00                     630 	.db #0x00	; 0
      000246 00                     631 	.db #0x00	; 0
      000247 5A                     632 	.db #0x5a	; 90	'Z'
      000248 00                     633 	.db #0x00	; 0
      000249 00                     634 	.db #0x00	; 0
      00024A 5A                     635 	.db #0x5a	; 90	'Z'
      00024B 00                     636 	.db #0x00	; 0
      00024C 00                     637 	.db #0x00	; 0
      00024D 5A                     638 	.db #0x5a	; 90	'Z'
      00024E 00                     639 	.db #0x00	; 0
      00024F 00                     640 	.db #0x00	; 0
      000250 5A                     641 	.db #0x5a	; 90	'Z'
      000251 00                     642 	.db #0x00	; 0
      000252 00                     643 	.db #0x00	; 0
      000253 5A                     644 	.db #0x5a	; 90	'Z'
      000254 00                     645 	.db #0x00	; 0
      000255 00                     646 	.db #0x00	; 0
      000256 5A                     647 	.db #0x5a	; 90	'Z'
      000257 00                     648 	.db #0x00	; 0
      000258 00                     649 	.db #0x00	; 0
      000259 5A                     650 	.db #0x5a	; 90	'Z'
      00025A 00                     651 	.db #0x00	; 0
      00025B 00                     652 	.db #0x00	; 0
      00025C 5A                     653 	.db #0x5a	; 90	'Z'
      00025D 00                     654 	.db #0x00	; 0
      00025E 00                     655 	.db #0x00	; 0
      00025F 5A                     656 	.db #0x5a	; 90	'Z'
      000260 00                     657 	.db #0x00	; 0
      000261 00                     658 	.db #0x00	; 0
      000262 5A                     659 	.db #0x5a	; 90	'Z'
      000263 00                     660 	.db #0x00	; 0
      000264 00                     661 	.db #0x00	; 0
      000265 5A                     662 	.db #0x5a	; 90	'Z'
      000266 00                     663 	.db #0x00	; 0
      000267 00                     664 	.db #0x00	; 0
      000268 5A                     665 	.db #0x5a	; 90	'Z'
      000269 00                     666 	.db #0x00	; 0
      00026A 00                     667 	.db #0x00	; 0
      00026B 5A                     668 	.db #0x5a	; 90	'Z'
      00026C 00                     669 	.db #0x00	; 0
      00026D 00                     670 	.db #0x00	; 0
      00026E 5A                     671 	.db #0x5a	; 90	'Z'
      00026F 00                     672 	.db #0x00	; 0
      000270 00                     673 	.db #0x00	; 0
      000271 5A                     674 	.db #0x5a	; 90	'Z'
      000272 00                     675 	.db #0x00	; 0
      000273 00                     676 	.db #0x00	; 0
      000274 5A                     677 	.db #0x5a	; 90	'Z'
      000275 00                     678 	.db #0x00	; 0
      000276 00                     679 	.db #0x00	; 0
      000277 5A                     680 	.db #0x5a	; 90	'Z'
      000278 00                     681 	.db #0x00	; 0
      000279 00                     682 	.db #0x00	; 0
      00027A 5A                     683 	.db #0x5a	; 90	'Z'
      00027B 00                     684 	.db #0x00	; 0
      00027C 00                     685 	.db #0x00	; 0
      00027D 5A                     686 	.db #0x5a	; 90	'Z'
      00027E 00                     687 	.db #0x00	; 0
      00027F 00                     688 	.db #0x00	; 0
      000280 5A                     689 	.db #0x5a	; 90	'Z'
      000281 00                     690 	.db #0x00	; 0
      000282 00                     691 	.db #0x00	; 0
      000283 5A                     692 	.db #0x5a	; 90	'Z'
      000284 00                     693 	.db #0x00	; 0
      000285 00                     694 	.db #0x00	; 0
      000286 5A                     695 	.db #0x5a	; 90	'Z'
      000287 00                     696 	.db #0x00	; 0
      000288 00                     697 	.db #0x00	; 0
      000289 5A                     698 	.db #0x5a	; 90	'Z'
      00028A 00                     699 	.db #0x00	; 0
      00028B 00                     700 	.db #0x00	; 0
      00028C 5A                     701 	.db #0x5a	; 90	'Z'
      00028D 00                     702 	.db #0x00	; 0
      00028E 00                     703 	.db #0x00	; 0
      00028F 5A                     704 	.db #0x5a	; 90	'Z'
      000290 00                     705 	.db #0x00	; 0
      000291 00                     706 	.db #0x00	; 0
      000292 5A                     707 	.db #0x5a	; 90	'Z'
      000293 00                     708 	.db #0x00	; 0
      000294 00                     709 	.db #0x00	; 0
      000295 5A                     710 	.db #0x5a	; 90	'Z'
      000296 00                     711 	.db #0x00	; 0
      000297 00                     712 	.db #0x00	; 0
      000298 5A                     713 	.db #0x5a	; 90	'Z'
      000299 00                     714 	.db #0x00	; 0
      00029A 00                     715 	.db #0x00	; 0
      00029B 5A                     716 	.db #0x5a	; 90	'Z'
      00029C 00                     717 	.db #0x00	; 0
      00029D 00                     718 	.db #0x00	; 0
      00029E 5A                     719 	.db #0x5a	; 90	'Z'
      00029F 00                     720 	.db #0x00	; 0
      0002A0 00                     721 	.db #0x00	; 0
      0002A1 5A                     722 	.db #0x5a	; 90	'Z'
      0002A2 00                     723 	.db #0x00	; 0
      0002A3 00                     724 	.db #0x00	; 0
      0002A4 5A                     725 	.db #0x5a	; 90	'Z'
      0002A5 00                     726 	.db #0x00	; 0
      0002A6 00                     727 	.db #0x00	; 0
      0002A7 5A                     728 	.db #0x5a	; 90	'Z'
      0002A8 00                     729 	.db #0x00	; 0
      0002A9 00                     730 	.db #0x00	; 0
      0002AA 5A                     731 	.db #0x5a	; 90	'Z'
      0002AB 00                     732 	.db #0x00	; 0
      0002AC 00                     733 	.db #0x00	; 0
      0002AD 5A                     734 	.db #0x5a	; 90	'Z'
      0002AE 00                     735 	.db #0x00	; 0
      0002AF 00                     736 	.db #0x00	; 0
      0002B0 5A                     737 	.db #0x5a	; 90	'Z'
      0002B1 00                     738 	.db #0x00	; 0
      0002B2 00                     739 	.db #0x00	; 0
      0002B3 5A                     740 	.db #0x5a	; 90	'Z'
      0002B4 00                     741 	.db #0x00	; 0
      0002B5 00                     742 	.db #0x00	; 0
      0002B6 5A                     743 	.db #0x5a	; 90	'Z'
      0002B7 00                     744 	.db #0x00	; 0
      0002B8 00                     745 	.db #0x00	; 0
      0002B9 5A                     746 	.db #0x5a	; 90	'Z'
      0002BA 00                     747 	.db #0x00	; 0
      0002BB 00                     748 	.db #0x00	; 0
      0002BC 5A                     749 	.db #0x5a	; 90	'Z'
      0002BD 00                     750 	.db #0x00	; 0
      0002BE 00                     751 	.db #0x00	; 0
      0002BF 5A                     752 	.db #0x5a	; 90	'Z'
      0002C0 00                     753 	.db #0x00	; 0
      0002C1 00                     754 	.db #0x00	; 0
      0002C2 5A                     755 	.db #0x5a	; 90	'Z'
      0002C3 00                     756 	.db #0x00	; 0
      0002C4 00                     757 	.db #0x00	; 0
      0002C5 5A                     758 	.db #0x5a	; 90	'Z'
      0002C6 00                     759 	.db #0x00	; 0
      0002C7 00                     760 	.db #0x00	; 0
      0002C8 5A                     761 	.db #0x5a	; 90	'Z'
      0002C9 00                     762 	.db #0x00	; 0
      0002CA 00                     763 	.db #0x00	; 0
      0002CB 5A                     764 	.db #0x5a	; 90	'Z'
      0002CC 00                     765 	.db #0x00	; 0
      0002CD 00                     766 	.db #0x00	; 0
      0002CE 5A                     767 	.db #0x5a	; 90	'Z'
      0002CF 00                     768 	.db #0x00	; 0
      0002D0 00                     769 	.db #0x00	; 0
      0002D1 5A                     770 	.db #0x5a	; 90	'Z'
      0002D2 00                     771 	.db #0x00	; 0
      0002D3 00                     772 	.db #0x00	; 0
      0002D4 5A                     773 	.db #0x5a	; 90	'Z'
      0002D5 00                     774 	.db #0x00	; 0
      0002D6 00                     775 	.db #0x00	; 0
      0002D7 5A                     776 	.db #0x5a	; 90	'Z'
      0002D8 00                     777 	.db #0x00	; 0
      0002D9 00                     778 	.db #0x00	; 0
      0002DA 5A                     779 	.db #0x5a	; 90	'Z'
      0002DB 00                     780 	.db #0x00	; 0
      0002DC 00                     781 	.db #0x00	; 0
      0002DD 5A                     782 	.db #0x5a	; 90	'Z'
      0002DE 00                     783 	.db #0x00	; 0
      0002DF 00                     784 	.db #0x00	; 0
      0002E0 5A                     785 	.db #0x5a	; 90	'Z'
      0002E1 00                     786 	.db #0x00	; 0
      0002E2 00                     787 	.db #0x00	; 0
      0002E3 5A                     788 	.db #0x5a	; 90	'Z'
      0002E4 00                     789 	.db #0x00	; 0
      0002E5 00                     790 	.db #0x00	; 0
      0002E6 5A                     791 	.db #0x5a	; 90	'Z'
      0002E7 00                     792 	.db #0x00	; 0
      0002E8 00                     793 	.db #0x00	; 0
      0002E9 5A                     794 	.db #0x5a	; 90	'Z'
      0002EA 00                     795 	.db #0x00	; 0
      0002EB 00                     796 	.db #0x00	; 0
      0002EC 5A                     797 	.db #0x5a	; 90	'Z'
      0002ED 00                     798 	.db #0x00	; 0
      0002EE 00                     799 	.db #0x00	; 0
      0002EF 5A                     800 	.db #0x5a	; 90	'Z'
      0002F0 00                     801 	.db #0x00	; 0
      0002F1 00                     802 	.db #0x00	; 0
      0002F2 5A                     803 	.db #0x5a	; 90	'Z'
      0002F3 00                     804 	.db #0x00	; 0
      0002F4 00                     805 	.db #0x00	; 0
      0002F5 5A                     806 	.db #0x5a	; 90	'Z'
      0002F6 00                     807 	.db #0x00	; 0
      0002F7 00                     808 	.db #0x00	; 0
      0002F8 5A                     809 	.db #0x5a	; 90	'Z'
      0002F9 00                     810 	.db #0x00	; 0
      0002FA 00                     811 	.db #0x00	; 0
      0002FB 5A                     812 	.db #0x5a	; 90	'Z'
      0002FC 00                     813 	.db #0x00	; 0
      0002FD 00                     814 	.db #0x00	; 0
      0002FE 5A                     815 	.db #0x5a	; 90	'Z'
      0002FF 00                     816 	.db #0x00	; 0
      000300 00                     817 	.db #0x00	; 0
      000301                        818 _order1:
      000301r01r00                  819 	.dw _P0
      000303                        820 _order2:
      000303rC1r00                  821 	.dw _P1
      000305                        822 _order3:
      000305r81r01                  823 	.dw _P2
      000307                        824 _order4:
      000307r41r02                  825 	.dw _P3
      000309                        826 _duty_instruments:
      000309 08                     827 	.db #0x08	; 8
      00030A 40                     828 	.db #0x40	; 64
      00030B F0                     829 	.db #0xf0	; 240
      00030C 00 00                  830 	.dw #0x0000
      00030E 80                     831 	.db #0x80	; 128
      00030F 08                     832 	.db #0x08	; 8
      000310 80                     833 	.db #0x80	; 128
      000311 F0                     834 	.db #0xf0	; 240
      000312 00 00                  835 	.dw #0x0000
      000314 80                     836 	.db #0x80	; 128
      000315 08                     837 	.db #0x08	; 8
      000316 C0                     838 	.db #0xc0	; 192
      000317 F0                     839 	.db #0xf0	; 240
      000318 00 00                  840 	.dw #0x0000
      00031A 80                     841 	.db #0x80	; 128
      00031B 08                     842 	.db #0x08	; 8
      00031C 00                     843 	.db #0x00	; 0
      00031D F0                     844 	.db #0xf0	; 240
      00031E 00 00                  845 	.dw #0x0000
      000320 80                     846 	.db #0x80	; 128
      000321 08                     847 	.db #0x08	; 8
      000322 80                     848 	.db #0x80	; 128
      000323 F0                     849 	.db #0xf0	; 240
      000324 00 00                  850 	.dw #0x0000
      000326 80                     851 	.db #0x80	; 128
      000327 08                     852 	.db #0x08	; 8
      000328 80                     853 	.db #0x80	; 128
      000329 F0                     854 	.db #0xf0	; 240
      00032A 00 00                  855 	.dw #0x0000
      00032C 80                     856 	.db #0x80	; 128
      00032D 08                     857 	.db #0x08	; 8
      00032E 80                     858 	.db #0x80	; 128
      00032F F0                     859 	.db #0xf0	; 240
      000330 00 00                  860 	.dw #0x0000
      000332 80                     861 	.db #0x80	; 128
      000333 08                     862 	.db #0x08	; 8
      000334 80                     863 	.db #0x80	; 128
      000335 F0                     864 	.db #0xf0	; 240
      000336 00 00                  865 	.dw #0x0000
      000338 80                     866 	.db #0x80	; 128
      000339 08                     867 	.db #0x08	; 8
      00033A 80                     868 	.db #0x80	; 128
      00033B F0                     869 	.db #0xf0	; 240
      00033C 00 00                  870 	.dw #0x0000
      00033E 80                     871 	.db #0x80	; 128
      00033F 08                     872 	.db #0x08	; 8
      000340 80                     873 	.db #0x80	; 128
      000341 F0                     874 	.db #0xf0	; 240
      000342 00 00                  875 	.dw #0x0000
      000344 80                     876 	.db #0x80	; 128
      000345 08                     877 	.db #0x08	; 8
      000346 80                     878 	.db #0x80	; 128
      000347 F0                     879 	.db #0xf0	; 240
      000348 00 00                  880 	.dw #0x0000
      00034A 80                     881 	.db #0x80	; 128
      00034B 08                     882 	.db #0x08	; 8
      00034C 80                     883 	.db #0x80	; 128
      00034D F0                     884 	.db #0xf0	; 240
      00034E 00 00                  885 	.dw #0x0000
      000350 80                     886 	.db #0x80	; 128
      000351 08                     887 	.db #0x08	; 8
      000352 80                     888 	.db #0x80	; 128
      000353 F0                     889 	.db #0xf0	; 240
      000354 00 00                  890 	.dw #0x0000
      000356 80                     891 	.db #0x80	; 128
      000357 08                     892 	.db #0x08	; 8
      000358 80                     893 	.db #0x80	; 128
      000359 F0                     894 	.db #0xf0	; 240
      00035A 00 00                  895 	.dw #0x0000
      00035C 80                     896 	.db #0x80	; 128
      00035D 08                     897 	.db #0x08	; 8
      00035E 80                     898 	.db #0x80	; 128
      00035F F0                     899 	.db #0xf0	; 240
      000360 00 00                  900 	.dw #0x0000
      000362 80                     901 	.db #0x80	; 128
      000363                        902 _wave_instruments:
      000363 00                     903 	.db #0x00	; 0
      000364 20                     904 	.db #0x20	; 32
      000365 00                     905 	.db #0x00	; 0
      000366 00 00                  906 	.dw #0x0000
      000368 80                     907 	.db #0x80	; 128
      000369 00                     908 	.db #0x00	; 0
      00036A 20                     909 	.db #0x20	; 32
      00036B 01                     910 	.db #0x01	; 1
      00036C 00 00                  911 	.dw #0x0000
      00036E 80                     912 	.db #0x80	; 128
      00036F 00                     913 	.db #0x00	; 0
      000370 20                     914 	.db #0x20	; 32
      000371 02                     915 	.db #0x02	; 2
      000372 00 00                  916 	.dw #0x0000
      000374 80                     917 	.db #0x80	; 128
      000375 00                     918 	.db #0x00	; 0
      000376 20                     919 	.db #0x20	; 32
      000377 03                     920 	.db #0x03	; 3
      000378 00 00                  921 	.dw #0x0000
      00037A 80                     922 	.db #0x80	; 128
      00037B 00                     923 	.db #0x00	; 0
      00037C 20                     924 	.db #0x20	; 32
      00037D 04                     925 	.db #0x04	; 4
      00037E 00 00                  926 	.dw #0x0000
      000380 80                     927 	.db #0x80	; 128
      000381 00                     928 	.db #0x00	; 0
      000382 20                     929 	.db #0x20	; 32
      000383 05                     930 	.db #0x05	; 5
      000384 00 00                  931 	.dw #0x0000
      000386 80                     932 	.db #0x80	; 128
      000387 00                     933 	.db #0x00	; 0
      000388 20                     934 	.db #0x20	; 32
      000389 06                     935 	.db #0x06	; 6
      00038A 00 00                  936 	.dw #0x0000
      00038C 80                     937 	.db #0x80	; 128
      00038D 00                     938 	.db #0x00	; 0
      00038E 20                     939 	.db #0x20	; 32
      00038F 00                     940 	.db #0x00	; 0
      000390 00 00                  941 	.dw #0x0000
      000392 80                     942 	.db #0x80	; 128
      000393 00                     943 	.db #0x00	; 0
      000394 20                     944 	.db #0x20	; 32
      000395 01                     945 	.db #0x01	; 1
      000396 00 00                  946 	.dw #0x0000
      000398 80                     947 	.db #0x80	; 128
      000399 00                     948 	.db #0x00	; 0
      00039A 20                     949 	.db #0x20	; 32
      00039B 02                     950 	.db #0x02	; 2
      00039C 00 00                  951 	.dw #0x0000
      00039E 80                     952 	.db #0x80	; 128
      00039F 00                     953 	.db #0x00	; 0
      0003A0 20                     954 	.db #0x20	; 32
      0003A1 03                     955 	.db #0x03	; 3
      0003A2 00 00                  956 	.dw #0x0000
      0003A4 80                     957 	.db #0x80	; 128
      0003A5 00                     958 	.db #0x00	; 0
      0003A6 20                     959 	.db #0x20	; 32
      0003A7 04                     960 	.db #0x04	; 4
      0003A8 00 00                  961 	.dw #0x0000
      0003AA 80                     962 	.db #0x80	; 128
      0003AB 00                     963 	.db #0x00	; 0
      0003AC 20                     964 	.db #0x20	; 32
      0003AD 05                     965 	.db #0x05	; 5
      0003AE 00 00                  966 	.dw #0x0000
      0003B0 80                     967 	.db #0x80	; 128
      0003B1 00                     968 	.db #0x00	; 0
      0003B2 20                     969 	.db #0x20	; 32
      0003B3 06                     970 	.db #0x06	; 6
      0003B4 00 00                  971 	.dw #0x0000
      0003B6 80                     972 	.db #0x80	; 128
      0003B7 00                     973 	.db #0x00	; 0
      0003B8 20                     974 	.db #0x20	; 32
      0003B9 07                     975 	.db #0x07	; 7
      0003BA 00 00                  976 	.dw #0x0000
      0003BC 80                     977 	.db #0x80	; 128
      0003BD                        978 _noise_instruments:
      0003BD F0                     979 	.db #0xf0	; 240
      0003BE 00 00                  980 	.dw #0x0000
      0003C0 00                     981 	.db #0x00	; 0
      0003C1 00                     982 	.db #0x00	; 0
      0003C2 00                     983 	.db #0x00	; 0
      0003C3 F0                     984 	.db #0xf0	; 240
      0003C4 00 00                  985 	.dw #0x0000
      0003C6 00                     986 	.db #0x00	; 0
      0003C7 00                     987 	.db #0x00	; 0
      0003C8 00                     988 	.db #0x00	; 0
      0003C9 F0                     989 	.db #0xf0	; 240
      0003CA 00 00                  990 	.dw #0x0000
      0003CC 00                     991 	.db #0x00	; 0
      0003CD 00                     992 	.db #0x00	; 0
      0003CE 00                     993 	.db #0x00	; 0
      0003CF F0                     994 	.db #0xf0	; 240
      0003D0 00 00                  995 	.dw #0x0000
      0003D2 00                     996 	.db #0x00	; 0
      0003D3 00                     997 	.db #0x00	; 0
      0003D4 00                     998 	.db #0x00	; 0
      0003D5 F0                     999 	.db #0xf0	; 240
      0003D6 00 00                 1000 	.dw #0x0000
      0003D8 00                    1001 	.db #0x00	; 0
      0003D9 00                    1002 	.db #0x00	; 0
      0003DA 00                    1003 	.db #0x00	; 0
      0003DB F0                    1004 	.db #0xf0	; 240
      0003DC 00 00                 1005 	.dw #0x0000
      0003DE 00                    1006 	.db #0x00	; 0
      0003DF 00                    1007 	.db #0x00	; 0
      0003E0 00                    1008 	.db #0x00	; 0
      0003E1 F0                    1009 	.db #0xf0	; 240
      0003E2 00 00                 1010 	.dw #0x0000
      0003E4 00                    1011 	.db #0x00	; 0
      0003E5 00                    1012 	.db #0x00	; 0
      0003E6 00                    1013 	.db #0x00	; 0
      0003E7 F0                    1014 	.db #0xf0	; 240
      0003E8 00 00                 1015 	.dw #0x0000
      0003EA 00                    1016 	.db #0x00	; 0
      0003EB 00                    1017 	.db #0x00	; 0
      0003EC 00                    1018 	.db #0x00	; 0
      0003ED F0                    1019 	.db #0xf0	; 240
      0003EE 00 00                 1020 	.dw #0x0000
      0003F0 00                    1021 	.db #0x00	; 0
      0003F1 00                    1022 	.db #0x00	; 0
      0003F2 00                    1023 	.db #0x00	; 0
      0003F3 F0                    1024 	.db #0xf0	; 240
      0003F4 00 00                 1025 	.dw #0x0000
      0003F6 00                    1026 	.db #0x00	; 0
      0003F7 00                    1027 	.db #0x00	; 0
      0003F8 00                    1028 	.db #0x00	; 0
      0003F9 F0                    1029 	.db #0xf0	; 240
      0003FA 00 00                 1030 	.dw #0x0000
      0003FC 00                    1031 	.db #0x00	; 0
      0003FD 00                    1032 	.db #0x00	; 0
      0003FE 00                    1033 	.db #0x00	; 0
      0003FF F0                    1034 	.db #0xf0	; 240
      000400 00 00                 1035 	.dw #0x0000
      000402 00                    1036 	.db #0x00	; 0
      000403 00                    1037 	.db #0x00	; 0
      000404 00                    1038 	.db #0x00	; 0
      000405 F0                    1039 	.db #0xf0	; 240
      000406 00 00                 1040 	.dw #0x0000
      000408 00                    1041 	.db #0x00	; 0
      000409 00                    1042 	.db #0x00	; 0
      00040A 00                    1043 	.db #0x00	; 0
      00040B F0                    1044 	.db #0xf0	; 240
      00040C 00 00                 1045 	.dw #0x0000
      00040E 00                    1046 	.db #0x00	; 0
      00040F 00                    1047 	.db #0x00	; 0
      000410 00                    1048 	.db #0x00	; 0
      000411 F0                    1049 	.db #0xf0	; 240
      000412 00 00                 1050 	.dw #0x0000
      000414 00                    1051 	.db #0x00	; 0
      000415 00                    1052 	.db #0x00	; 0
      000416 00                    1053 	.db #0x00	; 0
      000417                       1054 _waves:
      000417 A5                    1055 	.db #0xa5	; 165
      000418 D7                    1056 	.db #0xd7	; 215
      000419 C9                    1057 	.db #0xc9	; 201
      00041A E1                    1058 	.db #0xe1	; 225
      00041B BC                    1059 	.db #0xbc	; 188
      00041C 9A                    1060 	.db #0x9a	; 154
      00041D 76                    1061 	.db #0x76	; 118	'v'
      00041E 31                    1062 	.db #0x31	; 49	'1'
      00041F 0C                    1063 	.db #0x0c	; 12
      000420 BA                    1064 	.db #0xba	; 186
      000421 DE                    1065 	.db #0xde	; 222
      000422 60                    1066 	.db #0x60	; 96
      000423 1B                    1067 	.db #0x1b	; 27
      000424 CA                    1068 	.db #0xca	; 202
      000425 03                    1069 	.db #0x03	; 3
      000426 93                    1070 	.db #0x93	; 147
      000427 F0                    1071 	.db #0xf0	; 240
      000428 E1                    1072 	.db #0xe1	; 225
      000429 D2                    1073 	.db #0xd2	; 210
      00042A C3                    1074 	.db #0xc3	; 195
      00042B B4                    1075 	.db #0xb4	; 180
      00042C A5                    1076 	.db #0xa5	; 165
      00042D 96                    1077 	.db #0x96	; 150
      00042E 87                    1078 	.db #0x87	; 135
      00042F 78                    1079 	.db #0x78	; 120	'x'
      000430 69                    1080 	.db #0x69	; 105	'i'
      000431 5A                    1081 	.db #0x5a	; 90	'Z'
      000432 4B                    1082 	.db #0x4b	; 75	'K'
      000433 3C                    1083 	.db #0x3c	; 60
      000434 2D                    1084 	.db #0x2d	; 45
      000435 1E                    1085 	.db #0x1e	; 30
      000436 0F                    1086 	.db #0x0f	; 15
      000437 FD                    1087 	.db #0xfd	; 253
      000438 EC                    1088 	.db #0xec	; 236
      000439 DB                    1089 	.db #0xdb	; 219
      00043A CA                    1090 	.db #0xca	; 202
      00043B B9                    1091 	.db #0xb9	; 185
      00043C A8                    1092 	.db #0xa8	; 168
      00043D 97                    1093 	.db #0x97	; 151
      00043E 86                    1094 	.db #0x86	; 134
      00043F 79                    1095 	.db #0x79	; 121	'y'
      000440 68                    1096 	.db #0x68	; 104	'h'
      000441 57                    1097 	.db #0x57	; 87	'W'
      000442 46                    1098 	.db #0x46	; 70	'F'
      000443 35                    1099 	.db #0x35	; 53	'5'
      000444 24                    1100 	.db #0x24	; 36
      000445 13                    1101 	.db #0x13	; 19
      000446 02                    1102 	.db #0x02	; 2
      000447 DE                    1103 	.db #0xde	; 222
      000448 FE                    1104 	.db #0xfe	; 254
      000449 DC                    1105 	.db #0xdc	; 220
      00044A BA                    1106 	.db #0xba	; 186
      00044B 9A                    1107 	.db #0x9a	; 154
      00044C A9                    1108 	.db #0xa9	; 169
      00044D 87                    1109 	.db #0x87	; 135
      00044E 77                    1110 	.db #0x77	; 119	'w'
      00044F 88                    1111 	.db #0x88	; 136
      000450 87                    1112 	.db #0x87	; 135
      000451 65                    1113 	.db #0x65	; 101	'e'
      000452 56                    1114 	.db #0x56	; 86	'V'
      000453 54                    1115 	.db #0x54	; 84	'T'
      000454 32                    1116 	.db #0x32	; 50	'2'
      000455 10                    1117 	.db #0x10	; 16
      000456 12                    1118 	.db #0x12	; 18
      000457 AB                    1119 	.db #0xab	; 171
      000458 CD                    1120 	.db #0xcd	; 205
      000459 EF                    1121 	.db #0xef	; 239
      00045A ED                    1122 	.db #0xed	; 237
      00045B CB                    1123 	.db #0xcb	; 203
      00045C A0                    1124 	.db #0xa0	; 160
      00045D 12                    1125 	.db #0x12	; 18
      00045E 3E                    1126 	.db #0x3e	; 62
      00045F DC                    1127 	.db #0xdc	; 220
      000460 BA                    1128 	.db #0xba	; 186
      000461 BC                    1129 	.db #0xbc	; 188
      000462 DE                    1130 	.db #0xde	; 222
      000463 FE                    1131 	.db #0xfe	; 254
      000464 DC                    1132 	.db #0xdc	; 220
      000465 32                    1133 	.db #0x32	; 50	'2'
      000466 10                    1134 	.db #0x10	; 16
      000467 FF                    1135 	.db #0xff	; 255
      000468 EE                    1136 	.db #0xee	; 238
      000469 DD                    1137 	.db #0xdd	; 221
      00046A CC                    1138 	.db #0xcc	; 204
      00046B BB                    1139 	.db #0xbb	; 187
      00046C AA                    1140 	.db #0xaa	; 170
      00046D 99                    1141 	.db #0x99	; 153
      00046E 88                    1142 	.db #0x88	; 136
      00046F 77                    1143 	.db #0x77	; 119	'w'
      000470 66                    1144 	.db #0x66	; 102	'f'
      000471 55                    1145 	.db #0x55	; 85	'U'
      000472 44                    1146 	.db #0x44	; 68	'D'
      000473 33                    1147 	.db #0x33	; 51	'3'
      000474 22                    1148 	.db #0x22	; 34
      000475 11                    1149 	.db #0x11	; 17
      000476 00                    1150 	.db #0x00	; 0
      000477 FF                    1151 	.db #0xff	; 255
      000478 FF                    1152 	.db #0xff	; 255
      000479 FF                    1153 	.db #0xff	; 255
      00047A FF                    1154 	.db #0xff	; 255
      00047B FF                    1155 	.db #0xff	; 255
      00047C FF                    1156 	.db #0xff	; 255
      00047D FF                    1157 	.db #0xff	; 255
      00047E FF                    1158 	.db #0xff	; 255
      00047F 00                    1159 	.db #0x00	; 0
      000480 00                    1160 	.db #0x00	; 0
      000481 00                    1161 	.db #0x00	; 0
      000482 00                    1162 	.db #0x00	; 0
      000483 00                    1163 	.db #0x00	; 0
      000484 00                    1164 	.db #0x00	; 0
      000485 00                    1165 	.db #0x00	; 0
      000486 00                    1166 	.db #0x00	; 0
      000487 79                    1167 	.db #0x79	; 121	'y'
      000488 BC                    1168 	.db #0xbc	; 188
      000489 DE                    1169 	.db #0xde	; 222
      00048A EF                    1170 	.db #0xef	; 239
      00048B FF                    1171 	.db #0xff	; 255
      00048C EE                    1172 	.db #0xee	; 238
      00048D DC                    1173 	.db #0xdc	; 220
      00048E B9                    1174 	.db #0xb9	; 185
      00048F 75                    1175 	.db #0x75	; 117	'u'
      000490 43                    1176 	.db #0x43	; 67	'C'
      000491 21                    1177 	.db #0x21	; 33
      000492 10                    1178 	.db #0x10	; 16
      000493 00                    1179 	.db #0x00	; 0
      000494 11                    1180 	.db #0x11	; 17
      000495 23                    1181 	.db #0x23	; 35
      000496 45                    1182 	.db #0x45	; 69	'E'
      000497 BB                    1183 	.db #0xbb	; 187
      000498 E7                    1184 	.db #0xe7	; 231
      000499 98                    1185 	.db #0x98	; 152
      00049A AA                    1186 	.db #0xaa	; 170
      00049B 7D                    1187 	.db #0x7d	; 125
      00049C D4                    1188 	.db #0xd4	; 212
      00049D CD                    1189 	.db #0xcd	; 205
      00049E 76                    1190 	.db #0x76	; 118	'v'
      00049F AD                    1191 	.db #0xad	; 173
      0004A0 E9                    1192 	.db #0xe9	; 233
      0004A1 1A                    1193 	.db #0x1a	; 26
      0004A2 C0                    1194 	.db #0xc0	; 192
      0004A3 D4                    1195 	.db #0xd4	; 212
      0004A4 72                    1196 	.db #0x72	; 114	'r'
      0004A5 50                    1197 	.db #0x50	; 80	'P'
      0004A6 59                    1198 	.db #0x59	; 89	'Y'
      0004A7 48                    1199 	.db #0x48	; 72	'H'
      0004A8 CA                    1200 	.db #0xca	; 202
      0004A9 DC                    1201 	.db #0xdc	; 220
      0004AA AB                    1202 	.db #0xab	; 171
      0004AB 16                    1203 	.db #0x16	; 22
      0004AC 61                    1204 	.db #0x61	; 97	'a'
      0004AD 96                    1205 	.db #0x96	; 150
      0004AE 2C                    1206 	.db #0x2c	; 44
      0004AF 50                    1207 	.db #0x50	; 80	'P'
      0004B0 DE                    1208 	.db #0xde	; 222
      0004B1 BA                    1209 	.db #0xba	; 186
      0004B2 87                    1210 	.db #0x87	; 135
      0004B3 58                    1211 	.db #0x58	; 88	'X'
      0004B4 39                    1212 	.db #0x39	; 57	'9'
      0004B5 28                    1213 	.db #0x28	; 40
      0004B6 32                    1214 	.db #0x32	; 50	'2'
      0004B7 5A                    1215 	.db #0x5a	; 90	'Z'
      0004B8 00                    1216 	.db #0x00	; 0
      0004B9 41                    1217 	.db #0x41	; 65	'A'
      0004BA D6                    1218 	.db #0xd6	; 214
      0004BB C1                    1219 	.db #0xc1	; 193
      0004BC 6A                    1220 	.db #0x6a	; 106	'j'
      0004BD 47                    1221 	.db #0x47	; 71	'G'
      0004BE 14                    1222 	.db #0x14	; 20
      0004BF 93                    1223 	.db #0x93	; 147
      0004C0 EC                    1224 	.db #0xec	; 236
      0004C1 0A                    1225 	.db #0x0a	; 10
      0004C2 B6                    1226 	.db #0xb6	; 182
      0004C3 5E                    1227 	.db #0x5e	; 94
      0004C4 79                    1228 	.db #0x79	; 121	'y'
      0004C5 DA                    1229 	.db #0xda	; 218
      0004C6 31                    1230 	.db #0x31	; 49	'1'
      0004C7 ED                    1231 	.db #0xed	; 237
      0004C8 0E                    1232 	.db #0x0e	; 14
      0004C9 80                    1233 	.db #0x80	; 128
      0004CA 54                    1234 	.db #0x54	; 84	'T'
      0004CB 95                    1235 	.db #0x95	; 149
      0004CC 25                    1236 	.db #0x25	; 37
      0004CD BC                    1237 	.db #0xbc	; 188
      0004CE B3                    1238 	.db #0xb3	; 179
      0004CF EB                    1239 	.db #0xeb	; 235
      0004D0 9E                    1240 	.db #0x9e	; 158
      0004D1 76                    1241 	.db #0x76	; 118	'v'
      0004D2 6C                    1242 	.db #0x6c	; 108	'l'
      0004D3 BC                    1243 	.db #0xbc	; 188
      0004D4 B6                    1244 	.db #0xb6	; 182
      0004D5 93                    1245 	.db #0x93	; 147
      0004D6 15                    1246 	.db #0x15	; 21
      0004D7 77                    1247 	.db #0x77	; 119	'w'
      0004D8 9D                    1248 	.db #0x9d	; 157
      0004D9 20                    1249 	.db #0x20	; 32
      0004DA 79                    1250 	.db #0x79	; 121	'y'
      0004DB 1E                    1251 	.db #0x1e	; 30
      0004DC C8                    1252 	.db #0xc8	; 200
      0004DD 10                    1253 	.db #0x10	; 16
      0004DE 6A                    1254 	.db #0x6a	; 106	'j'
      0004DF CE                    1255 	.db #0xce	; 206
      0004E0 D8                    1256 	.db #0xd8	; 216
      0004E1 0D                    1257 	.db #0x0d	; 13
      0004E2 A2                    1258 	.db #0xa2	; 162
      0004E3 DE                    1259 	.db #0xde	; 222
      0004E4 AA                    1260 	.db #0xaa	; 170
      0004E5 D7                    1261 	.db #0xd7	; 215
      0004E6 E2                    1262 	.db #0xe2	; 226
      0004E7 7A                    1263 	.db #0x7a	; 122	'z'
      0004E8 CB                    1264 	.db #0xcb	; 203
      0004E9 53                    1265 	.db #0x53	; 83	'S'
      0004EA 99                    1266 	.db #0x99	; 153
      0004EB 35                    1267 	.db #0x35	; 53	'5'
      0004EC E8                    1268 	.db #0xe8	; 232
      0004ED D3                    1269 	.db #0xd3	; 211
      0004EE 62                    1270 	.db #0x62	; 98	'b'
      0004EF 5C                    1271 	.db #0x5c	; 92
      0004F0 DA                    1272 	.db #0xda	; 218
      0004F1 10                    1273 	.db #0x10	; 16
      0004F2 53                    1274 	.db #0x53	; 83	'S'
      0004F3 69                    1275 	.db #0x69	; 105	'i'
      0004F4 98                    1276 	.db #0x98	; 152
      0004F5 7C                    1277 	.db #0x7c	; 124
      0004F6 CA                    1278 	.db #0xca	; 202
      0004F7 EC                    1279 	.db #0xec	; 236
      0004F8 C9                    1280 	.db #0xc9	; 201
      0004F9 93                    1281 	.db #0x93	; 147
      0004FA C7                    1282 	.db #0xc7	; 199
      0004FB 96                    1283 	.db #0x96	; 150
      0004FC EB                    1284 	.db #0xeb	; 235
      0004FD 5E                    1285 	.db #0x5e	; 94
      0004FE 32                    1286 	.db #0x32	; 50	'2'
      0004FF CC                    1287 	.db #0xcc	; 204
      000500 81                    1288 	.db #0x81	; 129
      000501 A5                    1289 	.db #0xa5	; 165
      000502 33                    1290 	.db #0x33	; 51	'3'
      000503 2D                    1291 	.db #0x2d	; 45
      000504 24                    1292 	.db #0x24	; 36
      000505 E0                    1293 	.db #0xe0	; 224
      000506 E8                    1294 	.db #0xe8	; 232
      000507 02                    1295 	.db #0x02	; 2
      000508 9A                    1296 	.db #0x9a	; 154
      000509 32                    1297 	.db #0x32	; 50	'2'
      00050A D0                    1298 	.db #0xd0	; 208
      00050B AD                    1299 	.db #0xad	; 173
      00050C 01                    1300 	.db #0x01	; 1
      00050D A7                    1301 	.db #0xa7	; 167
      00050E 26                    1302 	.db #0x26	; 38
      00050F 3A                    1303 	.db #0x3a	; 58
      000510 E2                    1304 	.db #0xe2	; 226
      000511 57                    1305 	.db #0x57	; 87	'W'
      000512 E7                    1306 	.db #0xe7	; 231
      000513 D4                    1307 	.db #0xd4	; 212
      000514 B0                    1308 	.db #0xb0	; 176
      000515 65                    1309 	.db #0x65	; 101	'e'
      000516 0B                    1310 	.db #0x0b	; 11
      000517                       1311 _bownlyVictoryLapSong:
      000517 07                    1312 	.db #0x07	; 7
      000518r00r00                 1313 	.dw _order_cnt
      00051Ar01r03                 1314 	.dw _order1
      00051Cr03r03                 1315 	.dw _order2
      00051Er05r03                 1316 	.dw _order3
      000520r07r03                 1317 	.dw _order4
      000522r09r03                 1318 	.dw _duty_instruments
      000524r63r03                 1319 	.dw _wave_instruments
      000526rBDr03                 1320 	.dw _noise_instruments
      000528 00 00                 1321 	.dw #0x0000
      00052Ar17r04                 1322 	.dw _waves
                                   1323 	.area _INITIALIZER
                                   1324 	.area _CABS (ABS)
