                                      1 ;--------------------------------------------------------
                                      2 ; File Created by SDCC : free open source ANSI-C Compiler
                                      3 ; Version 4.1.6 #12539 (MINGW32)
                                      4 ;--------------------------------------------------------
                                      5 	.module borderTiles
                                      6 	.optsdcc -mgbz80
                                      7 	
                                      8 ;--------------------------------------------------------
                                      9 ; Public variables in this module
                                     10 ;--------------------------------------------------------
                                     11 	.globl _borderTiles
                                     12 ;--------------------------------------------------------
                                     13 ; special function registers
                                     14 ;--------------------------------------------------------
                                     15 ;--------------------------------------------------------
                                     16 ; ram data
                                     17 ;--------------------------------------------------------
                                     18 	.area _DATA
                                     19 ;--------------------------------------------------------
                                     20 ; ram data
                                     21 ;--------------------------------------------------------
                                     22 	.area _INITIALIZED
                                     23 ;--------------------------------------------------------
                                     24 ; absolute external ram data
                                     25 ;--------------------------------------------------------
                                     26 	.area _DABS (ABS)
                                     27 ;--------------------------------------------------------
                                     28 ; global & static initialisations
                                     29 ;--------------------------------------------------------
                                     30 	.area _HOME
                                     31 	.area _GSINIT
                                     32 	.area _GSFINAL
                                     33 	.area _GSINIT
                                     34 ;--------------------------------------------------------
                                     35 ; Home
                                     36 ;--------------------------------------------------------
                                     37 	.area _HOME
                                     38 	.area _HOME
                                     39 ;--------------------------------------------------------
                                     40 ; code
                                     41 ;--------------------------------------------------------
                                     42 	.area _CODE
                                     43 	.area _CODE
      000000                         44 _borderTiles:
      000000 00                      45 	.db #0x00	; 0
      000001 00                      46 	.db #0x00	; 0
      000002 1F                      47 	.db #0x1f	; 31
      000003 1F                      48 	.db #0x1f	; 31
      000004 20                      49 	.db #0x20	; 32
      000005 20                      50 	.db #0x20	; 32
      000006 40                      51 	.db #0x40	; 64
      000007 40                      52 	.db #0x40	; 64
      000008 40                      53 	.db #0x40	; 64
      000009 40                      54 	.db #0x40	; 64
      00000A 40                      55 	.db #0x40	; 64
      00000B 40                      56 	.db #0x40	; 64
      00000C 40                      57 	.db #0x40	; 64
      00000D 40                      58 	.db #0x40	; 64
      00000E 40                      59 	.db #0x40	; 64
      00000F 40                      60 	.db #0x40	; 64
      000010 00                      61 	.db #0x00	; 0
      000011 00                      62 	.db #0x00	; 0
      000012 FF                      63 	.db #0xff	; 255
      000013 FF                      64 	.db #0xff	; 255
      000014 00                      65 	.db #0x00	; 0
      000015 00                      66 	.db #0x00	; 0
      000016 00                      67 	.db #0x00	; 0
      000017 00                      68 	.db #0x00	; 0
      000018 00                      69 	.db #0x00	; 0
      000019 00                      70 	.db #0x00	; 0
      00001A 00                      71 	.db #0x00	; 0
      00001B 00                      72 	.db #0x00	; 0
      00001C 00                      73 	.db #0x00	; 0
      00001D 00                      74 	.db #0x00	; 0
      00001E 00                      75 	.db #0x00	; 0
      00001F 00                      76 	.db #0x00	; 0
      000020 00                      77 	.db #0x00	; 0
      000021 00                      78 	.db #0x00	; 0
      000022 F8                      79 	.db #0xf8	; 248
      000023 F8                      80 	.db #0xf8	; 248
      000024 04                      81 	.db #0x04	; 4
      000025 04                      82 	.db #0x04	; 4
      000026 02                      83 	.db #0x02	; 2
      000027 02                      84 	.db #0x02	; 2
      000028 02                      85 	.db #0x02	; 2
      000029 02                      86 	.db #0x02	; 2
      00002A 02                      87 	.db #0x02	; 2
      00002B 02                      88 	.db #0x02	; 2
      00002C 02                      89 	.db #0x02	; 2
      00002D 02                      90 	.db #0x02	; 2
      00002E 02                      91 	.db #0x02	; 2
      00002F 02                      92 	.db #0x02	; 2
      000030 40                      93 	.db #0x40	; 64
      000031 40                      94 	.db #0x40	; 64
      000032 40                      95 	.db #0x40	; 64
      000033 40                      96 	.db #0x40	; 64
      000034 40                      97 	.db #0x40	; 64
      000035 40                      98 	.db #0x40	; 64
      000036 40                      99 	.db #0x40	; 64
      000037 40                     100 	.db #0x40	; 64
      000038 40                     101 	.db #0x40	; 64
      000039 40                     102 	.db #0x40	; 64
      00003A 40                     103 	.db #0x40	; 64
      00003B 40                     104 	.db #0x40	; 64
      00003C 40                     105 	.db #0x40	; 64
      00003D 40                     106 	.db #0x40	; 64
      00003E 40                     107 	.db #0x40	; 64
      00003F 40                     108 	.db #0x40	; 64
      000040 02                     109 	.db #0x02	; 2
      000041 02                     110 	.db #0x02	; 2
      000042 02                     111 	.db #0x02	; 2
      000043 02                     112 	.db #0x02	; 2
      000044 02                     113 	.db #0x02	; 2
      000045 02                     114 	.db #0x02	; 2
      000046 02                     115 	.db #0x02	; 2
      000047 02                     116 	.db #0x02	; 2
      000048 02                     117 	.db #0x02	; 2
      000049 02                     118 	.db #0x02	; 2
      00004A 02                     119 	.db #0x02	; 2
      00004B 02                     120 	.db #0x02	; 2
      00004C 02                     121 	.db #0x02	; 2
      00004D 02                     122 	.db #0x02	; 2
      00004E 02                     123 	.db #0x02	; 2
      00004F 02                     124 	.db #0x02	; 2
      000050 40                     125 	.db #0x40	; 64
      000051 40                     126 	.db #0x40	; 64
      000052 40                     127 	.db #0x40	; 64
      000053 40                     128 	.db #0x40	; 64
      000054 40                     129 	.db #0x40	; 64
      000055 40                     130 	.db #0x40	; 64
      000056 40                     131 	.db #0x40	; 64
      000057 40                     132 	.db #0x40	; 64
      000058 40                     133 	.db #0x40	; 64
      000059 40                     134 	.db #0x40	; 64
      00005A 20                     135 	.db #0x20	; 32
      00005B 20                     136 	.db #0x20	; 32
      00005C 1F                     137 	.db #0x1f	; 31
      00005D 1F                     138 	.db #0x1f	; 31
      00005E 00                     139 	.db #0x00	; 0
      00005F 00                     140 	.db #0x00	; 0
      000060 00                     141 	.db #0x00	; 0
      000061 00                     142 	.db #0x00	; 0
      000062 00                     143 	.db #0x00	; 0
      000063 00                     144 	.db #0x00	; 0
      000064 00                     145 	.db #0x00	; 0
      000065 00                     146 	.db #0x00	; 0
      000066 00                     147 	.db #0x00	; 0
      000067 00                     148 	.db #0x00	; 0
      000068 00                     149 	.db #0x00	; 0
      000069 00                     150 	.db #0x00	; 0
      00006A 00                     151 	.db #0x00	; 0
      00006B 00                     152 	.db #0x00	; 0
      00006C FF                     153 	.db #0xff	; 255
      00006D FF                     154 	.db #0xff	; 255
      00006E 00                     155 	.db #0x00	; 0
      00006F 00                     156 	.db #0x00	; 0
      000070 02                     157 	.db #0x02	; 2
      000071 02                     158 	.db #0x02	; 2
      000072 02                     159 	.db #0x02	; 2
      000073 02                     160 	.db #0x02	; 2
      000074 02                     161 	.db #0x02	; 2
      000075 02                     162 	.db #0x02	; 2
      000076 02                     163 	.db #0x02	; 2
      000077 02                     164 	.db #0x02	; 2
      000078 02                     165 	.db #0x02	; 2
      000079 02                     166 	.db #0x02	; 2
      00007A 04                     167 	.db #0x04	; 4
      00007B 04                     168 	.db #0x04	; 4
      00007C F8                     169 	.db #0xf8	; 248
      00007D F8                     170 	.db #0xf8	; 248
      00007E 00                     171 	.db #0x00	; 0
      00007F 00                     172 	.db #0x00	; 0
                                    173 	.area _INITIALIZER
                                    174 	.area _CABS (ABS)
