                                      1 ;--------------------------------------------------------
                                      2 ; File Created by SDCC : free open source ANSI-C Compiler
                                      3 ; Version 4.1.6 #12539 (MINGW32)
                                      4 ;--------------------------------------------------------
                                      5 	.module lostJingle
                                      6 	.optsdcc -mgbz80
                                      7 	
                                      8 ;--------------------------------------------------------
                                      9 ; Public variables in this module
                                     10 ;--------------------------------------------------------
                                     11 	.globl _lostJingle
                                     12 ;--------------------------------------------------------
                                     13 ; special function registers
                                     14 ;--------------------------------------------------------
                                     15 ;--------------------------------------------------------
                                     16 ; ram data
                                     17 ;--------------------------------------------------------
                                     18 	.area _DATA
                                     19 ;--------------------------------------------------------
                                     20 ; ram data
                                     21 ;--------------------------------------------------------
                                     22 	.area _INITIALIZED
                                     23 ;--------------------------------------------------------
                                     24 ; absolute external ram data
                                     25 ;--------------------------------------------------------
                                     26 	.area _DABS (ABS)
                                     27 ;--------------------------------------------------------
                                     28 ; global & static initialisations
                                     29 ;--------------------------------------------------------
                                     30 	.area _HOME
                                     31 	.area _GSINIT
                                     32 	.area _GSFINAL
                                     33 	.area _GSINIT
                                     34 ;--------------------------------------------------------
                                     35 ; Home
                                     36 ;--------------------------------------------------------
                                     37 	.area _HOME
                                     38 	.area _HOME
                                     39 ;--------------------------------------------------------
                                     40 ; code
                                     41 ;--------------------------------------------------------
                                     42 	.area _CODE_1
                                     43 	.area _CODE_1
      000000                         44 _order_cnt:
      000000 02                      45 	.db #0x02	; 2
      000001                         46 _P0:
      000001 5A                      47 	.db #0x5a	; 90	'Z'
      000002 00                      48 	.db #0x00	; 0
      000003 00                      49 	.db #0x00	; 0
      000004 5A                      50 	.db #0x5a	; 90	'Z'
      000005 00                      51 	.db #0x00	; 0
      000006 00                      52 	.db #0x00	; 0
      000007 5A                      53 	.db #0x5a	; 90	'Z'
      000008 00                      54 	.db #0x00	; 0
      000009 00                      55 	.db #0x00	; 0
      00000A 5A                      56 	.db #0x5a	; 90	'Z'
      00000B 00                      57 	.db #0x00	; 0
      00000C 00                      58 	.db #0x00	; 0
      00000D 5A                      59 	.db #0x5a	; 90	'Z'
      00000E 00                      60 	.db #0x00	; 0
      00000F 00                      61 	.db #0x00	; 0
      000010 5A                      62 	.db #0x5a	; 90	'Z'
      000011 00                      63 	.db #0x00	; 0
      000012 00                      64 	.db #0x00	; 0
      000013 5A                      65 	.db #0x5a	; 90	'Z'
      000014 00                      66 	.db #0x00	; 0
      000015 00                      67 	.db #0x00	; 0
      000016 5A                      68 	.db #0x5a	; 90	'Z'
      000017 00                      69 	.db #0x00	; 0
      000018 00                      70 	.db #0x00	; 0
      000019 5A                      71 	.db #0x5a	; 90	'Z'
      00001A 00                      72 	.db #0x00	; 0
      00001B 00                      73 	.db #0x00	; 0
      00001C 5A                      74 	.db #0x5a	; 90	'Z'
      00001D 00                      75 	.db #0x00	; 0
      00001E 00                      76 	.db #0x00	; 0
      00001F 5A                      77 	.db #0x5a	; 90	'Z'
      000020 00                      78 	.db #0x00	; 0
      000021 00                      79 	.db #0x00	; 0
      000022 5A                      80 	.db #0x5a	; 90	'Z'
      000023 00                      81 	.db #0x00	; 0
      000024 00                      82 	.db #0x00	; 0
      000025 5A                      83 	.db #0x5a	; 90	'Z'
      000026 00                      84 	.db #0x00	; 0
      000027 00                      85 	.db #0x00	; 0
      000028 5A                      86 	.db #0x5a	; 90	'Z'
      000029 00                      87 	.db #0x00	; 0
      00002A 00                      88 	.db #0x00	; 0
      00002B 5A                      89 	.db #0x5a	; 90	'Z'
      00002C 00                      90 	.db #0x00	; 0
      00002D 00                      91 	.db #0x00	; 0
      00002E 5A                      92 	.db #0x5a	; 90	'Z'
      00002F 00                      93 	.db #0x00	; 0
      000030 00                      94 	.db #0x00	; 0
      000031 5A                      95 	.db #0x5a	; 90	'Z'
      000032 00                      96 	.db #0x00	; 0
      000033 00                      97 	.db #0x00	; 0
      000034 5A                      98 	.db #0x5a	; 90	'Z'
      000035 00                      99 	.db #0x00	; 0
      000036 00                     100 	.db #0x00	; 0
      000037 5A                     101 	.db #0x5a	; 90	'Z'
      000038 00                     102 	.db #0x00	; 0
      000039 00                     103 	.db #0x00	; 0
      00003A 5A                     104 	.db #0x5a	; 90	'Z'
      00003B 00                     105 	.db #0x00	; 0
      00003C 00                     106 	.db #0x00	; 0
      00003D 5A                     107 	.db #0x5a	; 90	'Z'
      00003E 00                     108 	.db #0x00	; 0
      00003F 00                     109 	.db #0x00	; 0
      000040 5A                     110 	.db #0x5a	; 90	'Z'
      000041 00                     111 	.db #0x00	; 0
      000042 00                     112 	.db #0x00	; 0
      000043 5A                     113 	.db #0x5a	; 90	'Z'
      000044 00                     114 	.db #0x00	; 0
      000045 00                     115 	.db #0x00	; 0
      000046 5A                     116 	.db #0x5a	; 90	'Z'
      000047 00                     117 	.db #0x00	; 0
      000048 00                     118 	.db #0x00	; 0
      000049 5A                     119 	.db #0x5a	; 90	'Z'
      00004A 00                     120 	.db #0x00	; 0
      00004B 00                     121 	.db #0x00	; 0
      00004C 5A                     122 	.db #0x5a	; 90	'Z'
      00004D 00                     123 	.db #0x00	; 0
      00004E 00                     124 	.db #0x00	; 0
      00004F 5A                     125 	.db #0x5a	; 90	'Z'
      000050 00                     126 	.db #0x00	; 0
      000051 00                     127 	.db #0x00	; 0
      000052 5A                     128 	.db #0x5a	; 90	'Z'
      000053 00                     129 	.db #0x00	; 0
      000054 00                     130 	.db #0x00	; 0
      000055 5A                     131 	.db #0x5a	; 90	'Z'
      000056 00                     132 	.db #0x00	; 0
      000057 00                     133 	.db #0x00	; 0
      000058 5A                     134 	.db #0x5a	; 90	'Z'
      000059 00                     135 	.db #0x00	; 0
      00005A 00                     136 	.db #0x00	; 0
      00005B 5A                     137 	.db #0x5a	; 90	'Z'
      00005C 00                     138 	.db #0x00	; 0
      00005D 00                     139 	.db #0x00	; 0
      00005E 5A                     140 	.db #0x5a	; 90	'Z'
      00005F 00                     141 	.db #0x00	; 0
      000060 00                     142 	.db #0x00	; 0
      000061 5A                     143 	.db #0x5a	; 90	'Z'
      000062 00                     144 	.db #0x00	; 0
      000063 00                     145 	.db #0x00	; 0
      000064 5A                     146 	.db #0x5a	; 90	'Z'
      000065 00                     147 	.db #0x00	; 0
      000066 00                     148 	.db #0x00	; 0
      000067 5A                     149 	.db #0x5a	; 90	'Z'
      000068 00                     150 	.db #0x00	; 0
      000069 00                     151 	.db #0x00	; 0
      00006A 5A                     152 	.db #0x5a	; 90	'Z'
      00006B 00                     153 	.db #0x00	; 0
      00006C 00                     154 	.db #0x00	; 0
      00006D 5A                     155 	.db #0x5a	; 90	'Z'
      00006E 00                     156 	.db #0x00	; 0
      00006F 00                     157 	.db #0x00	; 0
      000070 5A                     158 	.db #0x5a	; 90	'Z'
      000071 00                     159 	.db #0x00	; 0
      000072 00                     160 	.db #0x00	; 0
      000073 5A                     161 	.db #0x5a	; 90	'Z'
      000074 00                     162 	.db #0x00	; 0
      000075 00                     163 	.db #0x00	; 0
      000076 5A                     164 	.db #0x5a	; 90	'Z'
      000077 00                     165 	.db #0x00	; 0
      000078 00                     166 	.db #0x00	; 0
      000079 5A                     167 	.db #0x5a	; 90	'Z'
      00007A 00                     168 	.db #0x00	; 0
      00007B 00                     169 	.db #0x00	; 0
      00007C 5A                     170 	.db #0x5a	; 90	'Z'
      00007D 00                     171 	.db #0x00	; 0
      00007E 00                     172 	.db #0x00	; 0
      00007F 5A                     173 	.db #0x5a	; 90	'Z'
      000080 00                     174 	.db #0x00	; 0
      000081 00                     175 	.db #0x00	; 0
      000082 5A                     176 	.db #0x5a	; 90	'Z'
      000083 00                     177 	.db #0x00	; 0
      000084 00                     178 	.db #0x00	; 0
      000085 5A                     179 	.db #0x5a	; 90	'Z'
      000086 00                     180 	.db #0x00	; 0
      000087 00                     181 	.db #0x00	; 0
      000088 5A                     182 	.db #0x5a	; 90	'Z'
      000089 00                     183 	.db #0x00	; 0
      00008A 00                     184 	.db #0x00	; 0
      00008B 5A                     185 	.db #0x5a	; 90	'Z'
      00008C 00                     186 	.db #0x00	; 0
      00008D 00                     187 	.db #0x00	; 0
      00008E 5A                     188 	.db #0x5a	; 90	'Z'
      00008F 00                     189 	.db #0x00	; 0
      000090 00                     190 	.db #0x00	; 0
      000091 5A                     191 	.db #0x5a	; 90	'Z'
      000092 00                     192 	.db #0x00	; 0
      000093 00                     193 	.db #0x00	; 0
      000094 5A                     194 	.db #0x5a	; 90	'Z'
      000095 00                     195 	.db #0x00	; 0
      000096 00                     196 	.db #0x00	; 0
      000097 5A                     197 	.db #0x5a	; 90	'Z'
      000098 00                     198 	.db #0x00	; 0
      000099 00                     199 	.db #0x00	; 0
      00009A 5A                     200 	.db #0x5a	; 90	'Z'
      00009B 00                     201 	.db #0x00	; 0
      00009C 00                     202 	.db #0x00	; 0
      00009D 5A                     203 	.db #0x5a	; 90	'Z'
      00009E 00                     204 	.db #0x00	; 0
      00009F 00                     205 	.db #0x00	; 0
      0000A0 5A                     206 	.db #0x5a	; 90	'Z'
      0000A1 00                     207 	.db #0x00	; 0
      0000A2 00                     208 	.db #0x00	; 0
      0000A3 5A                     209 	.db #0x5a	; 90	'Z'
      0000A4 00                     210 	.db #0x00	; 0
      0000A5 00                     211 	.db #0x00	; 0
      0000A6 5A                     212 	.db #0x5a	; 90	'Z'
      0000A7 00                     213 	.db #0x00	; 0
      0000A8 00                     214 	.db #0x00	; 0
      0000A9 5A                     215 	.db #0x5a	; 90	'Z'
      0000AA 00                     216 	.db #0x00	; 0
      0000AB 00                     217 	.db #0x00	; 0
      0000AC 5A                     218 	.db #0x5a	; 90	'Z'
      0000AD 00                     219 	.db #0x00	; 0
      0000AE 00                     220 	.db #0x00	; 0
      0000AF 5A                     221 	.db #0x5a	; 90	'Z'
      0000B0 00                     222 	.db #0x00	; 0
      0000B1 00                     223 	.db #0x00	; 0
      0000B2 5A                     224 	.db #0x5a	; 90	'Z'
      0000B3 00                     225 	.db #0x00	; 0
      0000B4 00                     226 	.db #0x00	; 0
      0000B5 5A                     227 	.db #0x5a	; 90	'Z'
      0000B6 00                     228 	.db #0x00	; 0
      0000B7 00                     229 	.db #0x00	; 0
      0000B8 5A                     230 	.db #0x5a	; 90	'Z'
      0000B9 00                     231 	.db #0x00	; 0
      0000BA 00                     232 	.db #0x00	; 0
      0000BB 5A                     233 	.db #0x5a	; 90	'Z'
      0000BC 00                     234 	.db #0x00	; 0
      0000BD 00                     235 	.db #0x00	; 0
      0000BE 5A                     236 	.db #0x5a	; 90	'Z'
      0000BF 00                     237 	.db #0x00	; 0
      0000C0 00                     238 	.db #0x00	; 0
      0000C1                        239 _P2:
      0000C1 5A                     240 	.db #0x5a	; 90	'Z'
      0000C2 00                     241 	.db #0x00	; 0
      0000C3 00                     242 	.db #0x00	; 0
      0000C4 5A                     243 	.db #0x5a	; 90	'Z'
      0000C5 00                     244 	.db #0x00	; 0
      0000C6 00                     245 	.db #0x00	; 0
      0000C7 5A                     246 	.db #0x5a	; 90	'Z'
      0000C8 00                     247 	.db #0x00	; 0
      0000C9 00                     248 	.db #0x00	; 0
      0000CA 5A                     249 	.db #0x5a	; 90	'Z'
      0000CB 00                     250 	.db #0x00	; 0
      0000CC 00                     251 	.db #0x00	; 0
      0000CD 5A                     252 	.db #0x5a	; 90	'Z'
      0000CE 00                     253 	.db #0x00	; 0
      0000CF 00                     254 	.db #0x00	; 0
      0000D0 5A                     255 	.db #0x5a	; 90	'Z'
      0000D1 00                     256 	.db #0x00	; 0
      0000D2 00                     257 	.db #0x00	; 0
      0000D3 5A                     258 	.db #0x5a	; 90	'Z'
      0000D4 00                     259 	.db #0x00	; 0
      0000D5 00                     260 	.db #0x00	; 0
      0000D6 5A                     261 	.db #0x5a	; 90	'Z'
      0000D7 00                     262 	.db #0x00	; 0
      0000D8 00                     263 	.db #0x00	; 0
      0000D9 5A                     264 	.db #0x5a	; 90	'Z'
      0000DA 00                     265 	.db #0x00	; 0
      0000DB 00                     266 	.db #0x00	; 0
      0000DC 5A                     267 	.db #0x5a	; 90	'Z'
      0000DD 00                     268 	.db #0x00	; 0
      0000DE 00                     269 	.db #0x00	; 0
      0000DF 5A                     270 	.db #0x5a	; 90	'Z'
      0000E0 00                     271 	.db #0x00	; 0
      0000E1 00                     272 	.db #0x00	; 0
      0000E2 5A                     273 	.db #0x5a	; 90	'Z'
      0000E3 00                     274 	.db #0x00	; 0
      0000E4 00                     275 	.db #0x00	; 0
      0000E5 5A                     276 	.db #0x5a	; 90	'Z'
      0000E6 00                     277 	.db #0x00	; 0
      0000E7 00                     278 	.db #0x00	; 0
      0000E8 5A                     279 	.db #0x5a	; 90	'Z'
      0000E9 00                     280 	.db #0x00	; 0
      0000EA 00                     281 	.db #0x00	; 0
      0000EB 5A                     282 	.db #0x5a	; 90	'Z'
      0000EC 00                     283 	.db #0x00	; 0
      0000ED 00                     284 	.db #0x00	; 0
      0000EE 5A                     285 	.db #0x5a	; 90	'Z'
      0000EF 00                     286 	.db #0x00	; 0
      0000F0 00                     287 	.db #0x00	; 0
      0000F1 5A                     288 	.db #0x5a	; 90	'Z'
      0000F2 00                     289 	.db #0x00	; 0
      0000F3 00                     290 	.db #0x00	; 0
      0000F4 5A                     291 	.db #0x5a	; 90	'Z'
      0000F5 00                     292 	.db #0x00	; 0
      0000F6 00                     293 	.db #0x00	; 0
      0000F7 5A                     294 	.db #0x5a	; 90	'Z'
      0000F8 00                     295 	.db #0x00	; 0
      0000F9 00                     296 	.db #0x00	; 0
      0000FA 5A                     297 	.db #0x5a	; 90	'Z'
      0000FB 00                     298 	.db #0x00	; 0
      0000FC 00                     299 	.db #0x00	; 0
      0000FD 5A                     300 	.db #0x5a	; 90	'Z'
      0000FE 00                     301 	.db #0x00	; 0
      0000FF 00                     302 	.db #0x00	; 0
      000100 5A                     303 	.db #0x5a	; 90	'Z'
      000101 00                     304 	.db #0x00	; 0
      000102 00                     305 	.db #0x00	; 0
      000103 5A                     306 	.db #0x5a	; 90	'Z'
      000104 00                     307 	.db #0x00	; 0
      000105 00                     308 	.db #0x00	; 0
      000106 5A                     309 	.db #0x5a	; 90	'Z'
      000107 00                     310 	.db #0x00	; 0
      000108 00                     311 	.db #0x00	; 0
      000109 5A                     312 	.db #0x5a	; 90	'Z'
      00010A 00                     313 	.db #0x00	; 0
      00010B 00                     314 	.db #0x00	; 0
      00010C 5A                     315 	.db #0x5a	; 90	'Z'
      00010D 00                     316 	.db #0x00	; 0
      00010E 00                     317 	.db #0x00	; 0
      00010F 5A                     318 	.db #0x5a	; 90	'Z'
      000110 00                     319 	.db #0x00	; 0
      000111 00                     320 	.db #0x00	; 0
      000112 5A                     321 	.db #0x5a	; 90	'Z'
      000113 00                     322 	.db #0x00	; 0
      000114 00                     323 	.db #0x00	; 0
      000115 5A                     324 	.db #0x5a	; 90	'Z'
      000116 00                     325 	.db #0x00	; 0
      000117 00                     326 	.db #0x00	; 0
      000118 5A                     327 	.db #0x5a	; 90	'Z'
      000119 00                     328 	.db #0x00	; 0
      00011A 00                     329 	.db #0x00	; 0
      00011B 5A                     330 	.db #0x5a	; 90	'Z'
      00011C 00                     331 	.db #0x00	; 0
      00011D 00                     332 	.db #0x00	; 0
      00011E 5A                     333 	.db #0x5a	; 90	'Z'
      00011F 00                     334 	.db #0x00	; 0
      000120 00                     335 	.db #0x00	; 0
      000121 5A                     336 	.db #0x5a	; 90	'Z'
      000122 00                     337 	.db #0x00	; 0
      000123 00                     338 	.db #0x00	; 0
      000124 5A                     339 	.db #0x5a	; 90	'Z'
      000125 00                     340 	.db #0x00	; 0
      000126 00                     341 	.db #0x00	; 0
      000127 5A                     342 	.db #0x5a	; 90	'Z'
      000128 00                     343 	.db #0x00	; 0
      000129 00                     344 	.db #0x00	; 0
      00012A 5A                     345 	.db #0x5a	; 90	'Z'
      00012B 00                     346 	.db #0x00	; 0
      00012C 00                     347 	.db #0x00	; 0
      00012D 5A                     348 	.db #0x5a	; 90	'Z'
      00012E 00                     349 	.db #0x00	; 0
      00012F 00                     350 	.db #0x00	; 0
      000130 5A                     351 	.db #0x5a	; 90	'Z'
      000131 00                     352 	.db #0x00	; 0
      000132 00                     353 	.db #0x00	; 0
      000133 5A                     354 	.db #0x5a	; 90	'Z'
      000134 00                     355 	.db #0x00	; 0
      000135 00                     356 	.db #0x00	; 0
      000136 5A                     357 	.db #0x5a	; 90	'Z'
      000137 00                     358 	.db #0x00	; 0
      000138 00                     359 	.db #0x00	; 0
      000139 5A                     360 	.db #0x5a	; 90	'Z'
      00013A 00                     361 	.db #0x00	; 0
      00013B 00                     362 	.db #0x00	; 0
      00013C 5A                     363 	.db #0x5a	; 90	'Z'
      00013D 00                     364 	.db #0x00	; 0
      00013E 00                     365 	.db #0x00	; 0
      00013F 5A                     366 	.db #0x5a	; 90	'Z'
      000140 00                     367 	.db #0x00	; 0
      000141 00                     368 	.db #0x00	; 0
      000142 5A                     369 	.db #0x5a	; 90	'Z'
      000143 00                     370 	.db #0x00	; 0
      000144 00                     371 	.db #0x00	; 0
      000145 5A                     372 	.db #0x5a	; 90	'Z'
      000146 00                     373 	.db #0x00	; 0
      000147 00                     374 	.db #0x00	; 0
      000148 5A                     375 	.db #0x5a	; 90	'Z'
      000149 00                     376 	.db #0x00	; 0
      00014A 00                     377 	.db #0x00	; 0
      00014B 5A                     378 	.db #0x5a	; 90	'Z'
      00014C 00                     379 	.db #0x00	; 0
      00014D 00                     380 	.db #0x00	; 0
      00014E 5A                     381 	.db #0x5a	; 90	'Z'
      00014F 00                     382 	.db #0x00	; 0
      000150 00                     383 	.db #0x00	; 0
      000151 5A                     384 	.db #0x5a	; 90	'Z'
      000152 00                     385 	.db #0x00	; 0
      000153 00                     386 	.db #0x00	; 0
      000154 5A                     387 	.db #0x5a	; 90	'Z'
      000155 00                     388 	.db #0x00	; 0
      000156 00                     389 	.db #0x00	; 0
      000157 5A                     390 	.db #0x5a	; 90	'Z'
      000158 00                     391 	.db #0x00	; 0
      000159 00                     392 	.db #0x00	; 0
      00015A 5A                     393 	.db #0x5a	; 90	'Z'
      00015B 00                     394 	.db #0x00	; 0
      00015C 00                     395 	.db #0x00	; 0
      00015D 5A                     396 	.db #0x5a	; 90	'Z'
      00015E 00                     397 	.db #0x00	; 0
      00015F 00                     398 	.db #0x00	; 0
      000160 5A                     399 	.db #0x5a	; 90	'Z'
      000161 00                     400 	.db #0x00	; 0
      000162 00                     401 	.db #0x00	; 0
      000163 5A                     402 	.db #0x5a	; 90	'Z'
      000164 00                     403 	.db #0x00	; 0
      000165 00                     404 	.db #0x00	; 0
      000166 5A                     405 	.db #0x5a	; 90	'Z'
      000167 00                     406 	.db #0x00	; 0
      000168 00                     407 	.db #0x00	; 0
      000169 5A                     408 	.db #0x5a	; 90	'Z'
      00016A 00                     409 	.db #0x00	; 0
      00016B 00                     410 	.db #0x00	; 0
      00016C 5A                     411 	.db #0x5a	; 90	'Z'
      00016D 00                     412 	.db #0x00	; 0
      00016E 00                     413 	.db #0x00	; 0
      00016F 5A                     414 	.db #0x5a	; 90	'Z'
      000170 00                     415 	.db #0x00	; 0
      000171 00                     416 	.db #0x00	; 0
      000172 5A                     417 	.db #0x5a	; 90	'Z'
      000173 00                     418 	.db #0x00	; 0
      000174 00                     419 	.db #0x00	; 0
      000175 5A                     420 	.db #0x5a	; 90	'Z'
      000176 00                     421 	.db #0x00	; 0
      000177 00                     422 	.db #0x00	; 0
      000178 5A                     423 	.db #0x5a	; 90	'Z'
      000179 00                     424 	.db #0x00	; 0
      00017A 00                     425 	.db #0x00	; 0
      00017B 5A                     426 	.db #0x5a	; 90	'Z'
      00017C 00                     427 	.db #0x00	; 0
      00017D 00                     428 	.db #0x00	; 0
      00017E 5A                     429 	.db #0x5a	; 90	'Z'
      00017F 00                     430 	.db #0x00	; 0
      000180 00                     431 	.db #0x00	; 0
      000181                        432 _P3:
      000181 29                     433 	.db #0x29	; 41
      000182 1C                     434 	.db #0x1c	; 28
      000183 0F                     435 	.db #0x0f	; 15
      000184 29                     436 	.db #0x29	; 41
      000185 1C                     437 	.db #0x1c	; 28
      000186 0E                     438 	.db #0x0e	; 14
      000187 29                     439 	.db #0x29	; 41
      000188 1C                     440 	.db #0x1c	; 28
      000189 0D                     441 	.db #0x0d	; 13
      00018A 29                     442 	.db #0x29	; 41
      00018B 1C                     443 	.db #0x1c	; 28
      00018C 0C                     444 	.db #0x0c	; 12
      00018D 29                     445 	.db #0x29	; 41
      00018E 1C                     446 	.db #0x1c	; 28
      00018F 0B                     447 	.db #0x0b	; 11
      000190 29                     448 	.db #0x29	; 41
      000191 1C                     449 	.db #0x1c	; 28
      000192 0A                     450 	.db #0x0a	; 10
      000193 29                     451 	.db #0x29	; 41
      000194 1C                     452 	.db #0x1c	; 28
      000195 09                     453 	.db #0x09	; 9
      000196 29                     454 	.db #0x29	; 41
      000197 1C                     455 	.db #0x1c	; 28
      000198 08                     456 	.db #0x08	; 8
      000199 29                     457 	.db #0x29	; 41
      00019A 1C                     458 	.db #0x1c	; 28
      00019B 07                     459 	.db #0x07	; 7
      00019C 29                     460 	.db #0x29	; 41
      00019D 1C                     461 	.db #0x1c	; 28
      00019E 06                     462 	.db #0x06	; 6
      00019F 29                     463 	.db #0x29	; 41
      0001A0 1C                     464 	.db #0x1c	; 28
      0001A1 05                     465 	.db #0x05	; 5
      0001A2 25                     466 	.db #0x25	; 37
      0001A3 1C                     467 	.db #0x1c	; 28
      0001A4 04                     468 	.db #0x04	; 4
      0001A5 25                     469 	.db #0x25	; 37
      0001A6 1C                     470 	.db #0x1c	; 28
      0001A7 03                     471 	.db #0x03	; 3
      0001A8 25                     472 	.db #0x25	; 37
      0001A9 1C                     473 	.db #0x1c	; 28
      0001AA 03                     474 	.db #0x03	; 3
      0001AB 25                     475 	.db #0x25	; 37
      0001AC 1C                     476 	.db #0x1c	; 28
      0001AD 02                     477 	.db #0x02	; 2
      0001AE 25                     478 	.db #0x25	; 37
      0001AF 1C                     479 	.db #0x1c	; 28
      0001B0 02                     480 	.db #0x02	; 2
      0001B1 25                     481 	.db #0x25	; 37
      0001B2 1C                     482 	.db #0x1c	; 28
      0001B3 01                     483 	.db #0x01	; 1
      0001B4 25                     484 	.db #0x25	; 37
      0001B5 1C                     485 	.db #0x1c	; 28
      0001B6 00                     486 	.db #0x00	; 0
      0001B7 5A                     487 	.db #0x5a	; 90	'Z'
      0001B8 0E                     488 	.db #0x0e	; 14
      0001B9 00                     489 	.db #0x00	; 0
      0001BA 5A                     490 	.db #0x5a	; 90	'Z'
      0001BB 00                     491 	.db #0x00	; 0
      0001BC 00                     492 	.db #0x00	; 0
      0001BD 5A                     493 	.db #0x5a	; 90	'Z'
      0001BE 00                     494 	.db #0x00	; 0
      0001BF 00                     495 	.db #0x00	; 0
      0001C0 5A                     496 	.db #0x5a	; 90	'Z'
      0001C1 00                     497 	.db #0x00	; 0
      0001C2 00                     498 	.db #0x00	; 0
      0001C3 5A                     499 	.db #0x5a	; 90	'Z'
      0001C4 00                     500 	.db #0x00	; 0
      0001C5 00                     501 	.db #0x00	; 0
      0001C6 5A                     502 	.db #0x5a	; 90	'Z'
      0001C7 00                     503 	.db #0x00	; 0
      0001C8 00                     504 	.db #0x00	; 0
      0001C9 5A                     505 	.db #0x5a	; 90	'Z'
      0001CA 00                     506 	.db #0x00	; 0
      0001CB 00                     507 	.db #0x00	; 0
      0001CC 5A                     508 	.db #0x5a	; 90	'Z'
      0001CD 00                     509 	.db #0x00	; 0
      0001CE 00                     510 	.db #0x00	; 0
      0001CF 5A                     511 	.db #0x5a	; 90	'Z'
      0001D0 00                     512 	.db #0x00	; 0
      0001D1 00                     513 	.db #0x00	; 0
      0001D2 5A                     514 	.db #0x5a	; 90	'Z'
      0001D3 00                     515 	.db #0x00	; 0
      0001D4 00                     516 	.db #0x00	; 0
      0001D5 5A                     517 	.db #0x5a	; 90	'Z'
      0001D6 00                     518 	.db #0x00	; 0
      0001D7 00                     519 	.db #0x00	; 0
      0001D8 5A                     520 	.db #0x5a	; 90	'Z'
      0001D9 00                     521 	.db #0x00	; 0
      0001DA 00                     522 	.db #0x00	; 0
      0001DB 5A                     523 	.db #0x5a	; 90	'Z'
      0001DC 00                     524 	.db #0x00	; 0
      0001DD 00                     525 	.db #0x00	; 0
      0001DE 5A                     526 	.db #0x5a	; 90	'Z'
      0001DF 00                     527 	.db #0x00	; 0
      0001E0 00                     528 	.db #0x00	; 0
      0001E1 5A                     529 	.db #0x5a	; 90	'Z'
      0001E2 00                     530 	.db #0x00	; 0
      0001E3 00                     531 	.db #0x00	; 0
      0001E4 5A                     532 	.db #0x5a	; 90	'Z'
      0001E5 00                     533 	.db #0x00	; 0
      0001E6 00                     534 	.db #0x00	; 0
      0001E7 5A                     535 	.db #0x5a	; 90	'Z'
      0001E8 00                     536 	.db #0x00	; 0
      0001E9 00                     537 	.db #0x00	; 0
      0001EA 5A                     538 	.db #0x5a	; 90	'Z'
      0001EB 00                     539 	.db #0x00	; 0
      0001EC 00                     540 	.db #0x00	; 0
      0001ED 5A                     541 	.db #0x5a	; 90	'Z'
      0001EE 00                     542 	.db #0x00	; 0
      0001EF 00                     543 	.db #0x00	; 0
      0001F0 5A                     544 	.db #0x5a	; 90	'Z'
      0001F1 00                     545 	.db #0x00	; 0
      0001F2 00                     546 	.db #0x00	; 0
      0001F3 5A                     547 	.db #0x5a	; 90	'Z'
      0001F4 00                     548 	.db #0x00	; 0
      0001F5 00                     549 	.db #0x00	; 0
      0001F6 5A                     550 	.db #0x5a	; 90	'Z'
      0001F7 00                     551 	.db #0x00	; 0
      0001F8 00                     552 	.db #0x00	; 0
      0001F9 5A                     553 	.db #0x5a	; 90	'Z'
      0001FA 00                     554 	.db #0x00	; 0
      0001FB 00                     555 	.db #0x00	; 0
      0001FC 5A                     556 	.db #0x5a	; 90	'Z'
      0001FD 00                     557 	.db #0x00	; 0
      0001FE 00                     558 	.db #0x00	; 0
      0001FF 5A                     559 	.db #0x5a	; 90	'Z'
      000200 00                     560 	.db #0x00	; 0
      000201 00                     561 	.db #0x00	; 0
      000202 5A                     562 	.db #0x5a	; 90	'Z'
      000203 00                     563 	.db #0x00	; 0
      000204 00                     564 	.db #0x00	; 0
      000205 5A                     565 	.db #0x5a	; 90	'Z'
      000206 00                     566 	.db #0x00	; 0
      000207 00                     567 	.db #0x00	; 0
      000208 5A                     568 	.db #0x5a	; 90	'Z'
      000209 00                     569 	.db #0x00	; 0
      00020A 00                     570 	.db #0x00	; 0
      00020B 5A                     571 	.db #0x5a	; 90	'Z'
      00020C 00                     572 	.db #0x00	; 0
      00020D 00                     573 	.db #0x00	; 0
      00020E 5A                     574 	.db #0x5a	; 90	'Z'
      00020F 00                     575 	.db #0x00	; 0
      000210 00                     576 	.db #0x00	; 0
      000211 5A                     577 	.db #0x5a	; 90	'Z'
      000212 00                     578 	.db #0x00	; 0
      000213 00                     579 	.db #0x00	; 0
      000214 5A                     580 	.db #0x5a	; 90	'Z'
      000215 00                     581 	.db #0x00	; 0
      000216 00                     582 	.db #0x00	; 0
      000217 5A                     583 	.db #0x5a	; 90	'Z'
      000218 00                     584 	.db #0x00	; 0
      000219 00                     585 	.db #0x00	; 0
      00021A 5A                     586 	.db #0x5a	; 90	'Z'
      00021B 00                     587 	.db #0x00	; 0
      00021C 00                     588 	.db #0x00	; 0
      00021D 5A                     589 	.db #0x5a	; 90	'Z'
      00021E 00                     590 	.db #0x00	; 0
      00021F 00                     591 	.db #0x00	; 0
      000220 5A                     592 	.db #0x5a	; 90	'Z'
      000221 00                     593 	.db #0x00	; 0
      000222 00                     594 	.db #0x00	; 0
      000223 5A                     595 	.db #0x5a	; 90	'Z'
      000224 00                     596 	.db #0x00	; 0
      000225 00                     597 	.db #0x00	; 0
      000226 5A                     598 	.db #0x5a	; 90	'Z'
      000227 00                     599 	.db #0x00	; 0
      000228 00                     600 	.db #0x00	; 0
      000229 5A                     601 	.db #0x5a	; 90	'Z'
      00022A 00                     602 	.db #0x00	; 0
      00022B 00                     603 	.db #0x00	; 0
      00022C 5A                     604 	.db #0x5a	; 90	'Z'
      00022D 00                     605 	.db #0x00	; 0
      00022E 00                     606 	.db #0x00	; 0
      00022F 5A                     607 	.db #0x5a	; 90	'Z'
      000230 00                     608 	.db #0x00	; 0
      000231 00                     609 	.db #0x00	; 0
      000232 5A                     610 	.db #0x5a	; 90	'Z'
      000233 00                     611 	.db #0x00	; 0
      000234 00                     612 	.db #0x00	; 0
      000235 5A                     613 	.db #0x5a	; 90	'Z'
      000236 00                     614 	.db #0x00	; 0
      000237 00                     615 	.db #0x00	; 0
      000238 5A                     616 	.db #0x5a	; 90	'Z'
      000239 00                     617 	.db #0x00	; 0
      00023A 00                     618 	.db #0x00	; 0
      00023B 5A                     619 	.db #0x5a	; 90	'Z'
      00023C 00                     620 	.db #0x00	; 0
      00023D 00                     621 	.db #0x00	; 0
      00023E 5A                     622 	.db #0x5a	; 90	'Z'
      00023F 00                     623 	.db #0x00	; 0
      000240 00                     624 	.db #0x00	; 0
      000241                        625 _order1:
      000241r01r00                  626 	.dw _P0
      000243                        627 _order2:
      000243r01r00                  628 	.dw _P0
      000245                        629 _order3:
      000245rC1r00                  630 	.dw _P2
      000247                        631 _order4:
      000247r81r01                  632 	.dw _P3
      000249                        633 _duty_instruments:
      000249 08                     634 	.db #0x08	; 8
      00024A 40                     635 	.db #0x40	; 64
      00024B F0                     636 	.db #0xf0	; 240
      00024C 00 00                  637 	.dw #0x0000
      00024E 80                     638 	.db #0x80	; 128
      00024F 08                     639 	.db #0x08	; 8
      000250 80                     640 	.db #0x80	; 128
      000251 F0                     641 	.db #0xf0	; 240
      000252 00 00                  642 	.dw #0x0000
      000254 80                     643 	.db #0x80	; 128
      000255 08                     644 	.db #0x08	; 8
      000256 C0                     645 	.db #0xc0	; 192
      000257 F0                     646 	.db #0xf0	; 240
      000258 00 00                  647 	.dw #0x0000
      00025A 80                     648 	.db #0x80	; 128
      00025B 08                     649 	.db #0x08	; 8
      00025C 00                     650 	.db #0x00	; 0
      00025D F0                     651 	.db #0xf0	; 240
      00025E 00 00                  652 	.dw #0x0000
      000260 80                     653 	.db #0x80	; 128
      000261 08                     654 	.db #0x08	; 8
      000262 80                     655 	.db #0x80	; 128
      000263 F0                     656 	.db #0xf0	; 240
      000264 00 00                  657 	.dw #0x0000
      000266 80                     658 	.db #0x80	; 128
      000267 08                     659 	.db #0x08	; 8
      000268 80                     660 	.db #0x80	; 128
      000269 F0                     661 	.db #0xf0	; 240
      00026A 00 00                  662 	.dw #0x0000
      00026C 80                     663 	.db #0x80	; 128
      00026D 08                     664 	.db #0x08	; 8
      00026E 80                     665 	.db #0x80	; 128
      00026F F0                     666 	.db #0xf0	; 240
      000270 00 00                  667 	.dw #0x0000
      000272 80                     668 	.db #0x80	; 128
      000273 08                     669 	.db #0x08	; 8
      000274 80                     670 	.db #0x80	; 128
      000275 F0                     671 	.db #0xf0	; 240
      000276 00 00                  672 	.dw #0x0000
      000278 80                     673 	.db #0x80	; 128
      000279 08                     674 	.db #0x08	; 8
      00027A 80                     675 	.db #0x80	; 128
      00027B F0                     676 	.db #0xf0	; 240
      00027C 00 00                  677 	.dw #0x0000
      00027E 80                     678 	.db #0x80	; 128
      00027F 08                     679 	.db #0x08	; 8
      000280 80                     680 	.db #0x80	; 128
      000281 F0                     681 	.db #0xf0	; 240
      000282 00 00                  682 	.dw #0x0000
      000284 80                     683 	.db #0x80	; 128
      000285 08                     684 	.db #0x08	; 8
      000286 80                     685 	.db #0x80	; 128
      000287 F0                     686 	.db #0xf0	; 240
      000288 00 00                  687 	.dw #0x0000
      00028A 80                     688 	.db #0x80	; 128
      00028B 08                     689 	.db #0x08	; 8
      00028C 80                     690 	.db #0x80	; 128
      00028D F0                     691 	.db #0xf0	; 240
      00028E 00 00                  692 	.dw #0x0000
      000290 80                     693 	.db #0x80	; 128
      000291 08                     694 	.db #0x08	; 8
      000292 80                     695 	.db #0x80	; 128
      000293 F0                     696 	.db #0xf0	; 240
      000294 00 00                  697 	.dw #0x0000
      000296 80                     698 	.db #0x80	; 128
      000297 08                     699 	.db #0x08	; 8
      000298 80                     700 	.db #0x80	; 128
      000299 F0                     701 	.db #0xf0	; 240
      00029A 00 00                  702 	.dw #0x0000
      00029C 80                     703 	.db #0x80	; 128
      00029D 08                     704 	.db #0x08	; 8
      00029E 80                     705 	.db #0x80	; 128
      00029F F0                     706 	.db #0xf0	; 240
      0002A0 00 00                  707 	.dw #0x0000
      0002A2 80                     708 	.db #0x80	; 128
      0002A3                        709 _wave_instruments:
      0002A3 00                     710 	.db #0x00	; 0
      0002A4 20                     711 	.db #0x20	; 32
      0002A5 00                     712 	.db #0x00	; 0
      0002A6 00 00                  713 	.dw #0x0000
      0002A8 80                     714 	.db #0x80	; 128
      0002A9 00                     715 	.db #0x00	; 0
      0002AA 20                     716 	.db #0x20	; 32
      0002AB 01                     717 	.db #0x01	; 1
      0002AC 00 00                  718 	.dw #0x0000
      0002AE 80                     719 	.db #0x80	; 128
      0002AF 00                     720 	.db #0x00	; 0
      0002B0 20                     721 	.db #0x20	; 32
      0002B1 02                     722 	.db #0x02	; 2
      0002B2 00 00                  723 	.dw #0x0000
      0002B4 80                     724 	.db #0x80	; 128
      0002B5 00                     725 	.db #0x00	; 0
      0002B6 20                     726 	.db #0x20	; 32
      0002B7 03                     727 	.db #0x03	; 3
      0002B8 00 00                  728 	.dw #0x0000
      0002BA 80                     729 	.db #0x80	; 128
      0002BB 00                     730 	.db #0x00	; 0
      0002BC 20                     731 	.db #0x20	; 32
      0002BD 04                     732 	.db #0x04	; 4
      0002BE 00 00                  733 	.dw #0x0000
      0002C0 80                     734 	.db #0x80	; 128
      0002C1 00                     735 	.db #0x00	; 0
      0002C2 20                     736 	.db #0x20	; 32
      0002C3 05                     737 	.db #0x05	; 5
      0002C4 00 00                  738 	.dw #0x0000
      0002C6 80                     739 	.db #0x80	; 128
      0002C7 00                     740 	.db #0x00	; 0
      0002C8 20                     741 	.db #0x20	; 32
      0002C9 06                     742 	.db #0x06	; 6
      0002CA 00 00                  743 	.dw #0x0000
      0002CC 80                     744 	.db #0x80	; 128
      0002CD 00                     745 	.db #0x00	; 0
      0002CE 20                     746 	.db #0x20	; 32
      0002CF 00                     747 	.db #0x00	; 0
      0002D0 00 00                  748 	.dw #0x0000
      0002D2 80                     749 	.db #0x80	; 128
      0002D3 00                     750 	.db #0x00	; 0
      0002D4 20                     751 	.db #0x20	; 32
      0002D5 01                     752 	.db #0x01	; 1
      0002D6 00 00                  753 	.dw #0x0000
      0002D8 80                     754 	.db #0x80	; 128
      0002D9 00                     755 	.db #0x00	; 0
      0002DA 20                     756 	.db #0x20	; 32
      0002DB 02                     757 	.db #0x02	; 2
      0002DC 00 00                  758 	.dw #0x0000
      0002DE 80                     759 	.db #0x80	; 128
      0002DF 00                     760 	.db #0x00	; 0
      0002E0 20                     761 	.db #0x20	; 32
      0002E1 03                     762 	.db #0x03	; 3
      0002E2 00 00                  763 	.dw #0x0000
      0002E4 80                     764 	.db #0x80	; 128
      0002E5 00                     765 	.db #0x00	; 0
      0002E6 20                     766 	.db #0x20	; 32
      0002E7 04                     767 	.db #0x04	; 4
      0002E8 00 00                  768 	.dw #0x0000
      0002EA 80                     769 	.db #0x80	; 128
      0002EB 00                     770 	.db #0x00	; 0
      0002EC 20                     771 	.db #0x20	; 32
      0002ED 05                     772 	.db #0x05	; 5
      0002EE 00 00                  773 	.dw #0x0000
      0002F0 80                     774 	.db #0x80	; 128
      0002F1 00                     775 	.db #0x00	; 0
      0002F2 20                     776 	.db #0x20	; 32
      0002F3 06                     777 	.db #0x06	; 6
      0002F4 00 00                  778 	.dw #0x0000
      0002F6 80                     779 	.db #0x80	; 128
      0002F7 00                     780 	.db #0x00	; 0
      0002F8 20                     781 	.db #0x20	; 32
      0002F9 07                     782 	.db #0x07	; 7
      0002FA 00 00                  783 	.dw #0x0000
      0002FC 80                     784 	.db #0x80	; 128
      0002FD                        785 _noise_instruments:
      0002FD F0                     786 	.db #0xf0	; 240
      0002FE 00 00                  787 	.dw #0x0000
      000300 00                     788 	.db #0x00	; 0
      000301 00                     789 	.db #0x00	; 0
      000302 00                     790 	.db #0x00	; 0
      000303 F0                     791 	.db #0xf0	; 240
      000304 00 00                  792 	.dw #0x0000
      000306 00                     793 	.db #0x00	; 0
      000307 00                     794 	.db #0x00	; 0
      000308 00                     795 	.db #0x00	; 0
      000309 F0                     796 	.db #0xf0	; 240
      00030A 00 00                  797 	.dw #0x0000
      00030C 00                     798 	.db #0x00	; 0
      00030D 00                     799 	.db #0x00	; 0
      00030E 00                     800 	.db #0x00	; 0
      00030F F0                     801 	.db #0xf0	; 240
      000310 00 00                  802 	.dw #0x0000
      000312 00                     803 	.db #0x00	; 0
      000313 00                     804 	.db #0x00	; 0
      000314 00                     805 	.db #0x00	; 0
      000315 F0                     806 	.db #0xf0	; 240
      000316 00 00                  807 	.dw #0x0000
      000318 00                     808 	.db #0x00	; 0
      000319 00                     809 	.db #0x00	; 0
      00031A 00                     810 	.db #0x00	; 0
      00031B F0                     811 	.db #0xf0	; 240
      00031C 00 00                  812 	.dw #0x0000
      00031E 00                     813 	.db #0x00	; 0
      00031F 00                     814 	.db #0x00	; 0
      000320 00                     815 	.db #0x00	; 0
      000321 F0                     816 	.db #0xf0	; 240
      000322 00 00                  817 	.dw #0x0000
      000324 00                     818 	.db #0x00	; 0
      000325 00                     819 	.db #0x00	; 0
      000326 00                     820 	.db #0x00	; 0
      000327 F0                     821 	.db #0xf0	; 240
      000328 00 00                  822 	.dw #0x0000
      00032A 00                     823 	.db #0x00	; 0
      00032B 00                     824 	.db #0x00	; 0
      00032C 00                     825 	.db #0x00	; 0
      00032D F0                     826 	.db #0xf0	; 240
      00032E 00 00                  827 	.dw #0x0000
      000330 00                     828 	.db #0x00	; 0
      000331 00                     829 	.db #0x00	; 0
      000332 00                     830 	.db #0x00	; 0
      000333 F0                     831 	.db #0xf0	; 240
      000334 00 00                  832 	.dw #0x0000
      000336 00                     833 	.db #0x00	; 0
      000337 00                     834 	.db #0x00	; 0
      000338 00                     835 	.db #0x00	; 0
      000339 F0                     836 	.db #0xf0	; 240
      00033A 00 00                  837 	.dw #0x0000
      00033C 00                     838 	.db #0x00	; 0
      00033D 00                     839 	.db #0x00	; 0
      00033E 00                     840 	.db #0x00	; 0
      00033F F0                     841 	.db #0xf0	; 240
      000340 00 00                  842 	.dw #0x0000
      000342 00                     843 	.db #0x00	; 0
      000343 00                     844 	.db #0x00	; 0
      000344 00                     845 	.db #0x00	; 0
      000345 F0                     846 	.db #0xf0	; 240
      000346 00 00                  847 	.dw #0x0000
      000348 00                     848 	.db #0x00	; 0
      000349 00                     849 	.db #0x00	; 0
      00034A 00                     850 	.db #0x00	; 0
      00034B F0                     851 	.db #0xf0	; 240
      00034C 00 00                  852 	.dw #0x0000
      00034E 00                     853 	.db #0x00	; 0
      00034F 00                     854 	.db #0x00	; 0
      000350 00                     855 	.db #0x00	; 0
      000351 F0                     856 	.db #0xf0	; 240
      000352 00 00                  857 	.dw #0x0000
      000354 00                     858 	.db #0x00	; 0
      000355 00                     859 	.db #0x00	; 0
      000356 00                     860 	.db #0x00	; 0
      000357                        861 _waves:
      000357 A5                     862 	.db #0xa5	; 165
      000358 D7                     863 	.db #0xd7	; 215
      000359 C9                     864 	.db #0xc9	; 201
      00035A E1                     865 	.db #0xe1	; 225
      00035B BC                     866 	.db #0xbc	; 188
      00035C 9A                     867 	.db #0x9a	; 154
      00035D 76                     868 	.db #0x76	; 118	'v'
      00035E 31                     869 	.db #0x31	; 49	'1'
      00035F 0C                     870 	.db #0x0c	; 12
      000360 BA                     871 	.db #0xba	; 186
      000361 DE                     872 	.db #0xde	; 222
      000362 60                     873 	.db #0x60	; 96
      000363 1B                     874 	.db #0x1b	; 27
      000364 CA                     875 	.db #0xca	; 202
      000365 03                     876 	.db #0x03	; 3
      000366 93                     877 	.db #0x93	; 147
      000367 F0                     878 	.db #0xf0	; 240
      000368 E1                     879 	.db #0xe1	; 225
      000369 D2                     880 	.db #0xd2	; 210
      00036A C3                     881 	.db #0xc3	; 195
      00036B B4                     882 	.db #0xb4	; 180
      00036C A5                     883 	.db #0xa5	; 165
      00036D 96                     884 	.db #0x96	; 150
      00036E 87                     885 	.db #0x87	; 135
      00036F 78                     886 	.db #0x78	; 120	'x'
      000370 69                     887 	.db #0x69	; 105	'i'
      000371 5A                     888 	.db #0x5a	; 90	'Z'
      000372 4B                     889 	.db #0x4b	; 75	'K'
      000373 3C                     890 	.db #0x3c	; 60
      000374 2D                     891 	.db #0x2d	; 45
      000375 1E                     892 	.db #0x1e	; 30
      000376 0F                     893 	.db #0x0f	; 15
      000377 FD                     894 	.db #0xfd	; 253
      000378 EC                     895 	.db #0xec	; 236
      000379 DB                     896 	.db #0xdb	; 219
      00037A CA                     897 	.db #0xca	; 202
      00037B B9                     898 	.db #0xb9	; 185
      00037C A8                     899 	.db #0xa8	; 168
      00037D 97                     900 	.db #0x97	; 151
      00037E 86                     901 	.db #0x86	; 134
      00037F 79                     902 	.db #0x79	; 121	'y'
      000380 68                     903 	.db #0x68	; 104	'h'
      000381 57                     904 	.db #0x57	; 87	'W'
      000382 46                     905 	.db #0x46	; 70	'F'
      000383 35                     906 	.db #0x35	; 53	'5'
      000384 24                     907 	.db #0x24	; 36
      000385 13                     908 	.db #0x13	; 19
      000386 02                     909 	.db #0x02	; 2
      000387 DE                     910 	.db #0xde	; 222
      000388 FE                     911 	.db #0xfe	; 254
      000389 DC                     912 	.db #0xdc	; 220
      00038A BA                     913 	.db #0xba	; 186
      00038B 9A                     914 	.db #0x9a	; 154
      00038C A9                     915 	.db #0xa9	; 169
      00038D 87                     916 	.db #0x87	; 135
      00038E 77                     917 	.db #0x77	; 119	'w'
      00038F 88                     918 	.db #0x88	; 136
      000390 87                     919 	.db #0x87	; 135
      000391 65                     920 	.db #0x65	; 101	'e'
      000392 56                     921 	.db #0x56	; 86	'V'
      000393 54                     922 	.db #0x54	; 84	'T'
      000394 32                     923 	.db #0x32	; 50	'2'
      000395 10                     924 	.db #0x10	; 16
      000396 12                     925 	.db #0x12	; 18
      000397 AB                     926 	.db #0xab	; 171
      000398 CD                     927 	.db #0xcd	; 205
      000399 EF                     928 	.db #0xef	; 239
      00039A ED                     929 	.db #0xed	; 237
      00039B CB                     930 	.db #0xcb	; 203
      00039C A0                     931 	.db #0xa0	; 160
      00039D 12                     932 	.db #0x12	; 18
      00039E 3E                     933 	.db #0x3e	; 62
      00039F DC                     934 	.db #0xdc	; 220
      0003A0 BA                     935 	.db #0xba	; 186
      0003A1 BC                     936 	.db #0xbc	; 188
      0003A2 DE                     937 	.db #0xde	; 222
      0003A3 FE                     938 	.db #0xfe	; 254
      0003A4 DC                     939 	.db #0xdc	; 220
      0003A5 32                     940 	.db #0x32	; 50	'2'
      0003A6 10                     941 	.db #0x10	; 16
      0003A7 FF                     942 	.db #0xff	; 255
      0003A8 EE                     943 	.db #0xee	; 238
      0003A9 DD                     944 	.db #0xdd	; 221
      0003AA CC                     945 	.db #0xcc	; 204
      0003AB BB                     946 	.db #0xbb	; 187
      0003AC AA                     947 	.db #0xaa	; 170
      0003AD 99                     948 	.db #0x99	; 153
      0003AE 88                     949 	.db #0x88	; 136
      0003AF 77                     950 	.db #0x77	; 119	'w'
      0003B0 66                     951 	.db #0x66	; 102	'f'
      0003B1 55                     952 	.db #0x55	; 85	'U'
      0003B2 44                     953 	.db #0x44	; 68	'D'
      0003B3 33                     954 	.db #0x33	; 51	'3'
      0003B4 22                     955 	.db #0x22	; 34
      0003B5 11                     956 	.db #0x11	; 17
      0003B6 00                     957 	.db #0x00	; 0
      0003B7 FF                     958 	.db #0xff	; 255
      0003B8 FF                     959 	.db #0xff	; 255
      0003B9 FF                     960 	.db #0xff	; 255
      0003BA FF                     961 	.db #0xff	; 255
      0003BB FF                     962 	.db #0xff	; 255
      0003BC FF                     963 	.db #0xff	; 255
      0003BD FF                     964 	.db #0xff	; 255
      0003BE FF                     965 	.db #0xff	; 255
      0003BF 00                     966 	.db #0x00	; 0
      0003C0 00                     967 	.db #0x00	; 0
      0003C1 00                     968 	.db #0x00	; 0
      0003C2 00                     969 	.db #0x00	; 0
      0003C3 00                     970 	.db #0x00	; 0
      0003C4 00                     971 	.db #0x00	; 0
      0003C5 00                     972 	.db #0x00	; 0
      0003C6 00                     973 	.db #0x00	; 0
      0003C7 79                     974 	.db #0x79	; 121	'y'
      0003C8 BC                     975 	.db #0xbc	; 188
      0003C9 DE                     976 	.db #0xde	; 222
      0003CA EF                     977 	.db #0xef	; 239
      0003CB FF                     978 	.db #0xff	; 255
      0003CC EE                     979 	.db #0xee	; 238
      0003CD DC                     980 	.db #0xdc	; 220
      0003CE B9                     981 	.db #0xb9	; 185
      0003CF 75                     982 	.db #0x75	; 117	'u'
      0003D0 43                     983 	.db #0x43	; 67	'C'
      0003D1 21                     984 	.db #0x21	; 33
      0003D2 10                     985 	.db #0x10	; 16
      0003D3 00                     986 	.db #0x00	; 0
      0003D4 11                     987 	.db #0x11	; 17
      0003D5 23                     988 	.db #0x23	; 35
      0003D6 45                     989 	.db #0x45	; 69	'E'
      0003D7 28                     990 	.db #0x28	; 40
      0003D8 78                     991 	.db #0x78	; 120	'x'
      0003D9 5E                     992 	.db #0x5e	; 94
      0003DA D7                     993 	.db #0xd7	; 215
      0003DB 98                     994 	.db #0x98	; 152
      0003DC 25                     995 	.db #0x25	; 37
      0003DD AB                     996 	.db #0xab	; 171
      0003DE 1B                     997 	.db #0x1b	; 27
      0003DF DC                     998 	.db #0xdc	; 220
      0003E0 2D                     999 	.db #0x2d	; 45
      0003E1 7D                    1000 	.db #0x7d	; 125
      0003E2 53                    1001 	.db #0x53	; 83	'S'
      0003E3 B1                    1002 	.db #0xb1	; 177
      0003E4 E5                    1003 	.db #0xe5	; 229
      0003E5 DB                    1004 	.db #0xdb	; 219
      0003E6 82                    1005 	.db #0x82	; 130
      0003E7 6C                    1006 	.db #0x6c	; 108	'l'
      0003E8 94                    1007 	.db #0x94	; 148
      0003E9 4E                    1008 	.db #0x4e	; 78	'N'
      0003EA 44                    1009 	.db #0x44	; 68	'D'
      0003EB 42                    1010 	.db #0x42	; 66	'B'
      0003EC 15                    1011 	.db #0x15	; 21
      0003ED 5E                    1012 	.db #0x5e	; 94
      0003EE 29                    1013 	.db #0x29	; 41
      0003EF B9                    1014 	.db #0xb9	; 185
      0003F0 3B                    1015 	.db #0x3b	; 59
      0003F1 BC                    1016 	.db #0xbc	; 188
      0003F2 34                    1017 	.db #0x34	; 52	'4'
      0003F3 A7                    1018 	.db #0xa7	; 167
      0003F4 31                    1019 	.db #0x31	; 49	'1'
      0003F5 47                    1020 	.db #0x47	; 71	'G'
      0003F6 77                    1021 	.db #0x77	; 119	'w'
      0003F7 08                    1022 	.db #0x08	; 8
      0003F8 94                    1023 	.db #0x94	; 148
      0003F9 4A                    1024 	.db #0x4a	; 74	'J'
      0003FA 03                    1025 	.db #0x03	; 3
      0003FB C0                    1026 	.db #0xc0	; 192
      0003FC 67                    1027 	.db #0x67	; 103	'g'
      0003FD 88                    1028 	.db #0x88	; 136
      0003FE 85                    1029 	.db #0x85	; 133
      0003FF BA                    1030 	.db #0xba	; 186
      000400 98                    1031 	.db #0x98	; 152
      000401 18                    1032 	.db #0x18	; 24
      000402 96                    1033 	.db #0x96	; 150
      000403 C2                    1034 	.db #0xc2	; 194
      000404 8E                    1035 	.db #0x8e	; 142
      000405 A9                    1036 	.db #0xa9	; 169
      000406 A8                    1037 	.db #0xa8	; 168
      000407 A1                    1038 	.db #0xa1	; 161
      000408 6C                    1039 	.db #0x6c	; 108	'l'
      000409 9C                    1040 	.db #0x9c	; 156
      00040A D2                    1041 	.db #0xd2	; 210
      00040B 0A                    1042 	.db #0x0a	; 10
      00040C EA                    1043 	.db #0xea	; 234
      00040D D8                    1044 	.db #0xd8	; 216
      00040E 58                    1045 	.db #0x58	; 88	'X'
      00040F 82                    1046 	.db #0x82	; 130
      000410 06                    1047 	.db #0x06	; 6
      000411 6A                    1048 	.db #0x6a	; 106	'j'
      000412 44                    1049 	.db #0x44	; 68	'D'
      000413 A5                    1050 	.db #0xa5	; 165
      000414 EA                    1051 	.db #0xea	; 234
      000415 25                    1052 	.db #0x25	; 37
      000416 B5                    1053 	.db #0xb5	; 181
      000417 8E                    1054 	.db #0x8e	; 142
      000418 7B                    1055 	.db #0x7b	; 123
      000419 4B                    1056 	.db #0x4b	; 75	'K'
      00041A CB                    1057 	.db #0xcb	; 203
      00041B 3E                    1058 	.db #0x3e	; 62
      00041C 19                    1059 	.db #0x19	; 25
      00041D 82                    1060 	.db #0x82	; 130
      00041E 89                    1061 	.db #0x89	; 137
      00041F E1                    1062 	.db #0xe1	; 225
      000420 CC                    1063 	.db #0xcc	; 204
      000421 04                    1064 	.db #0x04	; 4
      000422 12                    1065 	.db #0x12	; 18
      000423 7D                    1066 	.db #0x7d	; 125
      000424 A3                    1067 	.db #0xa3	; 163
      000425 55                    1068 	.db #0x55	; 85	'U'
      000426 05                    1069 	.db #0x05	; 5
      000427 78                    1070 	.db #0x78	; 120	'x'
      000428 D0                    1071 	.db #0xd0	; 208
      000429 0A                    1072 	.db #0x0a	; 10
      00042A DB                    1073 	.db #0xdb	; 219
      00042B 3D                    1074 	.db #0x3d	; 61
      00042C 68                    1075 	.db #0x68	; 104	'h'
      00042D A3                    1076 	.db #0xa3	; 163
      00042E 62                    1077 	.db #0x62	; 98	'b'
      00042F 4C                    1078 	.db #0x4c	; 76	'L'
      000430 20                    1079 	.db #0x20	; 32
      000431 B3                    1080 	.db #0xb3	; 179
      000432 90                    1081 	.db #0x90	; 144
      000433 BA                    1082 	.db #0xba	; 186
      000434 EA                    1083 	.db #0xea	; 234
      000435 E7                    1084 	.db #0xe7	; 231
      000436 8B                    1085 	.db #0x8b	; 139
      000437 78                    1086 	.db #0x78	; 120	'x'
      000438 89                    1087 	.db #0x89	; 137
      000439 34                    1088 	.db #0x34	; 52	'4'
      00043A D4                    1089 	.db #0xd4	; 212
      00043B 16                    1090 	.db #0x16	; 22
      00043C CD                    1091 	.db #0xcd	; 205
      00043D 10                    1092 	.db #0x10	; 16
      00043E 22                    1093 	.db #0x22	; 34
      00043F 00                    1094 	.db #0x00	; 0
      000440 B1                    1095 	.db #0xb1	; 177
      000441 5C                    1096 	.db #0x5c	; 92
      000442 C6                    1097 	.db #0xc6	; 198
      000443 EA                    1098 	.db #0xea	; 234
      000444 10                    1099 	.db #0x10	; 16
      000445 39                    1100 	.db #0x39	; 57	'9'
      000446 13                    1101 	.db #0x13	; 19
      000447 B3                    1102 	.db #0xb3	; 179
      000448 82                    1103 	.db #0x82	; 130
      000449 41                    1104 	.db #0x41	; 65	'A'
      00044A 4E                    1105 	.db #0x4e	; 78	'N'
      00044B 16                    1106 	.db #0x16	; 22
      00044C A8                    1107 	.db #0xa8	; 168
      00044D 7E                    1108 	.db #0x7e	; 126
      00044E 2B                    1109 	.db #0x2b	; 43
      00044F CA                    1110 	.db #0xca	; 202
      000450 5D                    1111 	.db #0x5d	; 93
      000451 3E                    1112 	.db #0x3e	; 62
      000452 BC                    1113 	.db #0xbc	; 188
      000453 25                    1114 	.db #0x25	; 37
      000454 4E                    1115 	.db #0x4e	; 78	'N'
      000455 D3                    1116 	.db #0xd3	; 211
      000456 35                    1117 	.db #0x35	; 53	'5'
      000457                       1118 _lostJingle:
      000457 07                    1119 	.db #0x07	; 7
      000458r00r00                 1120 	.dw _order_cnt
      00045Ar41r02                 1121 	.dw _order1
      00045Cr43r02                 1122 	.dw _order2
      00045Er45r02                 1123 	.dw _order3
      000460r47r02                 1124 	.dw _order4
      000462r49r02                 1125 	.dw _duty_instruments
      000464rA3r02                 1126 	.dw _wave_instruments
      000466rFDr02                 1127 	.dw _noise_instruments
      000468 00 00                 1128 	.dw #0x0000
      00046Ar57r03                 1129 	.dw _waves
                                   1130 	.area _INITIALIZER
                                   1131 	.area _CABS (ABS)
