                                      1 ;--------------------------------------------------------
                                      2 ; File Created by SDCC : free open source ANSI-C Compiler
                                      3 ; Version 4.1.6 #12539 (MINGW32)
                                      4 ;--------------------------------------------------------
                                      5 	.module microgameData
                                      6 	.optsdcc -mgbz80
                                      7 	
                                      8 ;--------------------------------------------------------
                                      9 ; Public variables in this module
                                     10 ;--------------------------------------------------------
                                     11 	.globl _microgameDex
                                     12 ;--------------------------------------------------------
                                     13 ; special function registers
                                     14 ;--------------------------------------------------------
                                     15 ;--------------------------------------------------------
                                     16 ; ram data
                                     17 ;--------------------------------------------------------
                                     18 	.area _DATA
                                     19 ;--------------------------------------------------------
                                     20 ; ram data
                                     21 ;--------------------------------------------------------
                                     22 	.area _INITIALIZED
                                     23 ;--------------------------------------------------------
                                     24 ; absolute external ram data
                                     25 ;--------------------------------------------------------
                                     26 	.area _DABS (ABS)
                                     27 ;--------------------------------------------------------
                                     28 ; global & static initialisations
                                     29 ;--------------------------------------------------------
                                     30 	.area _HOME
                                     31 	.area _GSINIT
                                     32 	.area _GSFINAL
                                     33 	.area _GSINIT
                                     34 ;--------------------------------------------------------
                                     35 ; Home
                                     36 ;--------------------------------------------------------
                                     37 	.area _HOME
                                     38 	.area _HOME
                                     39 ;--------------------------------------------------------
                                     40 ; code
                                     41 ;--------------------------------------------------------
                                     42 	.area _CODE
                                     43 	.area _CODE
      000000                         44 _microgameDex:
      000000 00                      45 	.db #0x00	; 0
      000001 01                      46 	.db #0x01	; 1
      000002 03                      47 	.db #0x03	; 3
      000003r84r03                   48 	.dw __str_0
      000005r97r03                   49 	.dw __str_1
      000007rA4r03                   50 	.dw __str_2
      000009 01                      51 	.db #0x01	; 1
      00000A 02                      52 	.db #0x02	; 2
      00000B 04                      53 	.db #0x04	; 4
      00000CrB0r03                   54 	.dw __str_3
      00000ErB4r03                   55 	.dw __str_4
      000010rBBr03                   56 	.dw __str_5
      000012 02                      57 	.db #0x02	; 2
      000013 02                      58 	.db #0x02	; 2
      000014 04                      59 	.db #0x04	; 4
      000015rC1r03                   60 	.dw __str_6
      000017rB4r03                   61 	.dw __str_4
      000019rCEr03                   62 	.dw __str_7
      00001B 03                      63 	.db #0x03	; 3
      00001C 02                      64 	.db #0x02	; 2
      00001D 04                      65 	.db #0x04	; 4
      00001ErDCr03                   66 	.dw __str_8
      000020rB4r03                   67 	.dw __str_4
      000022rE3r03                   68 	.dw __str_9
      000024 04                      69 	.db #0x04	; 4
      000025 08                      70 	.db #0x08	; 8
      000026 03                      71 	.db #0x03	; 3
      000027rF3r03                   72 	.dw __str_10
      000029r03r04                   73 	.dw __str_11
      00002Br09r04                   74 	.dw __str_12
      00002D 00                      75 	.db 0x00
      00002E 00                      76 	.db 0x00
      00002F 00                      77 	.db 0x00
      000030 00                      78 	.db 0x00
      000031 00                      79 	.db 0x00
      000032 00                      80 	.db 0x00
      000033 00                      81 	.db 0x00
      000034 00                      82 	.db 0x00
      000035 00                      83 	.db 0x00
      000036 00                      84 	.db 0x00
      000037 00                      85 	.db 0x00
      000038 00                      86 	.db 0x00
      000039 00                      87 	.db 0x00
      00003A 00                      88 	.db 0x00
      00003B 00                      89 	.db 0x00
      00003C 00                      90 	.db 0x00
      00003D 00                      91 	.db 0x00
      00003E 00                      92 	.db 0x00
      00003F 00                      93 	.db 0x00
      000040 00                      94 	.db 0x00
      000041 00                      95 	.db 0x00
      000042 00                      96 	.db 0x00
      000043 00                      97 	.db 0x00
      000044 00                      98 	.db 0x00
      000045 00                      99 	.db 0x00
      000046 00                     100 	.db 0x00
      000047 00                     101 	.db 0x00
      000048 00                     102 	.db 0x00
      000049 00                     103 	.db 0x00
      00004A 00                     104 	.db 0x00
      00004B 00                     105 	.db 0x00
      00004C 00                     106 	.db 0x00
      00004D 00                     107 	.db 0x00
      00004E 00                     108 	.db 0x00
      00004F 00                     109 	.db 0x00
      000050 00                     110 	.db 0x00
      000051 00                     111 	.db 0x00
      000052 00                     112 	.db 0x00
      000053 00                     113 	.db 0x00
      000054 00                     114 	.db 0x00
      000055 00                     115 	.db 0x00
      000056 00                     116 	.db 0x00
      000057 00                     117 	.db 0x00
      000058 00                     118 	.db 0x00
      000059 00                     119 	.db 0x00
      00005A 00                     120 	.db 0x00
      00005B 00                     121 	.db 0x00
      00005C 00                     122 	.db 0x00
      00005D 00                     123 	.db 0x00
      00005E 00                     124 	.db 0x00
      00005F 00                     125 	.db 0x00
      000060 00                     126 	.db 0x00
      000061 00                     127 	.db 0x00
      000062 00                     128 	.db 0x00
      000063 00                     129 	.db 0x00
      000064 00                     130 	.db 0x00
      000065 00                     131 	.db 0x00
      000066 00                     132 	.db 0x00
      000067 00                     133 	.db 0x00
      000068 00                     134 	.db 0x00
      000069 00                     135 	.db 0x00
      00006A 00                     136 	.db 0x00
      00006B 00                     137 	.db 0x00
      00006C 00                     138 	.db 0x00
      00006D 00                     139 	.db 0x00
      00006E 00                     140 	.db 0x00
      00006F 00                     141 	.db 0x00
      000070 00                     142 	.db 0x00
      000071 00                     143 	.db 0x00
      000072 00                     144 	.db 0x00
      000073 00                     145 	.db 0x00
      000074 00                     146 	.db 0x00
      000075 00                     147 	.db 0x00
      000076 00                     148 	.db 0x00
      000077 00                     149 	.db 0x00
      000078 00                     150 	.db 0x00
      000079 00                     151 	.db 0x00
      00007A 00                     152 	.db 0x00
      00007B 00                     153 	.db 0x00
      00007C 00                     154 	.db 0x00
      00007D 00                     155 	.db 0x00
      00007E 00                     156 	.db 0x00
      00007F 00                     157 	.db 0x00
      000080 00                     158 	.db 0x00
      000081 00                     159 	.db 0x00
      000082 00                     160 	.db 0x00
      000083 00                     161 	.db 0x00
      000084 00                     162 	.db 0x00
      000085 00                     163 	.db 0x00
      000086 00                     164 	.db 0x00
      000087 00                     165 	.db 0x00
      000088 00                     166 	.db 0x00
      000089 00                     167 	.db 0x00
      00008A 00                     168 	.db 0x00
      00008B 00                     169 	.db 0x00
      00008C 00                     170 	.db 0x00
      00008D 00                     171 	.db 0x00
      00008E 00                     172 	.db 0x00
      00008F 00                     173 	.db 0x00
      000090 00                     174 	.db 0x00
      000091 00                     175 	.db 0x00
      000092 00                     176 	.db 0x00
      000093 00                     177 	.db 0x00
      000094 00                     178 	.db 0x00
      000095 00                     179 	.db 0x00
      000096 00                     180 	.db 0x00
      000097 00                     181 	.db 0x00
      000098 00                     182 	.db 0x00
      000099 00                     183 	.db 0x00
      00009A 00                     184 	.db 0x00
      00009B 00                     185 	.db 0x00
      00009C 00                     186 	.db 0x00
      00009D 00                     187 	.db 0x00
      00009E 00                     188 	.db 0x00
      00009F 00                     189 	.db 0x00
      0000A0 00                     190 	.db 0x00
      0000A1 00                     191 	.db 0x00
      0000A2 00                     192 	.db 0x00
      0000A3 00                     193 	.db 0x00
      0000A4 00                     194 	.db 0x00
      0000A5 00                     195 	.db 0x00
      0000A6 00                     196 	.db 0x00
      0000A7 00                     197 	.db 0x00
      0000A8 00                     198 	.db 0x00
      0000A9 00                     199 	.db 0x00
      0000AA 00                     200 	.db 0x00
      0000AB 00                     201 	.db 0x00
      0000AC 00                     202 	.db 0x00
      0000AD 00                     203 	.db 0x00
      0000AE 00                     204 	.db 0x00
      0000AF 00                     205 	.db 0x00
      0000B0 00                     206 	.db 0x00
      0000B1 00                     207 	.db 0x00
      0000B2 00                     208 	.db 0x00
      0000B3 00                     209 	.db 0x00
      0000B4 00                     210 	.db 0x00
      0000B5 00                     211 	.db 0x00
      0000B6 00                     212 	.db 0x00
      0000B7 00                     213 	.db 0x00
      0000B8 00                     214 	.db 0x00
      0000B9 00                     215 	.db 0x00
      0000BA 00                     216 	.db 0x00
      0000BB 00                     217 	.db 0x00
      0000BC 00                     218 	.db 0x00
      0000BD 00                     219 	.db 0x00
      0000BE 00                     220 	.db 0x00
      0000BF 00                     221 	.db 0x00
      0000C0 00                     222 	.db 0x00
      0000C1 00                     223 	.db 0x00
      0000C2 00                     224 	.db 0x00
      0000C3 00                     225 	.db 0x00
      0000C4 00                     226 	.db 0x00
      0000C5 00                     227 	.db 0x00
      0000C6 00                     228 	.db 0x00
      0000C7 00                     229 	.db 0x00
      0000C8 00                     230 	.db 0x00
      0000C9 00                     231 	.db 0x00
      0000CA 00                     232 	.db 0x00
      0000CB 00                     233 	.db 0x00
      0000CC 00                     234 	.db 0x00
      0000CD 00                     235 	.db 0x00
      0000CE 00                     236 	.db 0x00
      0000CF 00                     237 	.db 0x00
      0000D0 00                     238 	.db 0x00
      0000D1 00                     239 	.db 0x00
      0000D2 00                     240 	.db 0x00
      0000D3 00                     241 	.db 0x00
      0000D4 00                     242 	.db 0x00
      0000D5 00                     243 	.db 0x00
      0000D6 00                     244 	.db 0x00
      0000D7 00                     245 	.db 0x00
      0000D8 00                     246 	.db 0x00
      0000D9 00                     247 	.db 0x00
      0000DA 00                     248 	.db 0x00
      0000DB 00                     249 	.db 0x00
      0000DC 00                     250 	.db 0x00
      0000DD 00                     251 	.db 0x00
      0000DE 00                     252 	.db 0x00
      0000DF 00                     253 	.db 0x00
      0000E0 00                     254 	.db 0x00
      0000E1 00                     255 	.db 0x00
      0000E2 00                     256 	.db 0x00
      0000E3 00                     257 	.db 0x00
      0000E4 00                     258 	.db 0x00
      0000E5 00                     259 	.db 0x00
      0000E6 00                     260 	.db 0x00
      0000E7 00                     261 	.db 0x00
      0000E8 00                     262 	.db 0x00
      0000E9 00                     263 	.db 0x00
      0000EA 00                     264 	.db 0x00
      0000EB 00                     265 	.db 0x00
      0000EC 00                     266 	.db 0x00
      0000ED 00                     267 	.db 0x00
      0000EE 00                     268 	.db 0x00
      0000EF 00                     269 	.db 0x00
      0000F0 00                     270 	.db 0x00
      0000F1 00                     271 	.db 0x00
      0000F2 00                     272 	.db 0x00
      0000F3 00                     273 	.db 0x00
      0000F4 00                     274 	.db 0x00
      0000F5 00                     275 	.db 0x00
      0000F6 00                     276 	.db 0x00
      0000F7 00                     277 	.db 0x00
      0000F8 00                     278 	.db 0x00
      0000F9 00                     279 	.db 0x00
      0000FA 00                     280 	.db 0x00
      0000FB 00                     281 	.db 0x00
      0000FC 00                     282 	.db 0x00
      0000FD 00                     283 	.db 0x00
      0000FE 00                     284 	.db 0x00
      0000FF 00                     285 	.db 0x00
      000100 00                     286 	.db 0x00
      000101 00                     287 	.db 0x00
      000102 00                     288 	.db 0x00
      000103 00                     289 	.db 0x00
      000104 00                     290 	.db 0x00
      000105 00                     291 	.db 0x00
      000106 00                     292 	.db 0x00
      000107 00                     293 	.db 0x00
      000108 00                     294 	.db 0x00
      000109 00                     295 	.db 0x00
      00010A 00                     296 	.db 0x00
      00010B 00                     297 	.db 0x00
      00010C 00                     298 	.db 0x00
      00010D 00                     299 	.db 0x00
      00010E 00                     300 	.db 0x00
      00010F 00                     301 	.db 0x00
      000110 00                     302 	.db 0x00
      000111 00                     303 	.db 0x00
      000112 00                     304 	.db 0x00
      000113 00                     305 	.db 0x00
      000114 00                     306 	.db 0x00
      000115 00                     307 	.db 0x00
      000116 00                     308 	.db 0x00
      000117 00                     309 	.db 0x00
      000118 00                     310 	.db 0x00
      000119 00                     311 	.db 0x00
      00011A 00                     312 	.db 0x00
      00011B 00                     313 	.db 0x00
      00011C 00                     314 	.db 0x00
      00011D 00                     315 	.db 0x00
      00011E 00                     316 	.db 0x00
      00011F 00                     317 	.db 0x00
      000120 00                     318 	.db 0x00
      000121 00                     319 	.db 0x00
      000122 00                     320 	.db 0x00
      000123 00                     321 	.db 0x00
      000124 00                     322 	.db 0x00
      000125 00                     323 	.db 0x00
      000126 00                     324 	.db 0x00
      000127 00                     325 	.db 0x00
      000128 00                     326 	.db 0x00
      000129 00                     327 	.db 0x00
      00012A 00                     328 	.db 0x00
      00012B 00                     329 	.db 0x00
      00012C 00                     330 	.db 0x00
      00012D 00                     331 	.db 0x00
      00012E 00                     332 	.db 0x00
      00012F 00                     333 	.db 0x00
      000130 00                     334 	.db 0x00
      000131 00                     335 	.db 0x00
      000132 00                     336 	.db 0x00
      000133 00                     337 	.db 0x00
      000134 00                     338 	.db 0x00
      000135 00                     339 	.db 0x00
      000136 00                     340 	.db 0x00
      000137 00                     341 	.db 0x00
      000138 00                     342 	.db 0x00
      000139 00                     343 	.db 0x00
      00013A 00                     344 	.db 0x00
      00013B 00                     345 	.db 0x00
      00013C 00                     346 	.db 0x00
      00013D 00                     347 	.db 0x00
      00013E 00                     348 	.db 0x00
      00013F 00                     349 	.db 0x00
      000140 00                     350 	.db 0x00
      000141 00                     351 	.db 0x00
      000142 00                     352 	.db 0x00
      000143 00                     353 	.db 0x00
      000144 00                     354 	.db 0x00
      000145 00                     355 	.db 0x00
      000146 00                     356 	.db 0x00
      000147 00                     357 	.db 0x00
      000148 00                     358 	.db 0x00
      000149 00                     359 	.db 0x00
      00014A 00                     360 	.db 0x00
      00014B 00                     361 	.db 0x00
      00014C 00                     362 	.db 0x00
      00014D 00                     363 	.db 0x00
      00014E 00                     364 	.db 0x00
      00014F 00                     365 	.db 0x00
      000150 00                     366 	.db 0x00
      000151 00                     367 	.db 0x00
      000152 00                     368 	.db 0x00
      000153 00                     369 	.db 0x00
      000154 00                     370 	.db 0x00
      000155 00                     371 	.db 0x00
      000156 00                     372 	.db 0x00
      000157 00                     373 	.db 0x00
      000158 00                     374 	.db 0x00
      000159 00                     375 	.db 0x00
      00015A 00                     376 	.db 0x00
      00015B 00                     377 	.db 0x00
      00015C 00                     378 	.db 0x00
      00015D 00                     379 	.db 0x00
      00015E 00                     380 	.db 0x00
      00015F 00                     381 	.db 0x00
      000160 00                     382 	.db 0x00
      000161 00                     383 	.db 0x00
      000162 00                     384 	.db 0x00
      000163 00                     385 	.db 0x00
      000164 00                     386 	.db 0x00
      000165 00                     387 	.db 0x00
      000166 00                     388 	.db 0x00
      000167 00                     389 	.db 0x00
      000168 00                     390 	.db 0x00
      000169 00                     391 	.db 0x00
      00016A 00                     392 	.db 0x00
      00016B 00                     393 	.db 0x00
      00016C 00                     394 	.db 0x00
      00016D 00                     395 	.db 0x00
      00016E 00                     396 	.db 0x00
      00016F 00                     397 	.db 0x00
      000170 00                     398 	.db 0x00
      000171 00                     399 	.db 0x00
      000172 00                     400 	.db 0x00
      000173 00                     401 	.db 0x00
      000174 00                     402 	.db 0x00
      000175 00                     403 	.db 0x00
      000176 00                     404 	.db 0x00
      000177 00                     405 	.db 0x00
      000178 00                     406 	.db 0x00
      000179 00                     407 	.db 0x00
      00017A 00                     408 	.db 0x00
      00017B 00                     409 	.db 0x00
      00017C 00                     410 	.db 0x00
      00017D 00                     411 	.db 0x00
      00017E 00                     412 	.db 0x00
      00017F 00                     413 	.db 0x00
      000180 00                     414 	.db 0x00
      000181 00                     415 	.db 0x00
      000182 00                     416 	.db 0x00
      000183 00                     417 	.db 0x00
      000184 00                     418 	.db 0x00
      000185 00                     419 	.db 0x00
      000186 00                     420 	.db 0x00
      000187 00                     421 	.db 0x00
      000188 00                     422 	.db 0x00
      000189 00                     423 	.db 0x00
      00018A 00                     424 	.db 0x00
      00018B 00                     425 	.db 0x00
      00018C 00                     426 	.db 0x00
      00018D 00                     427 	.db 0x00
      00018E 00                     428 	.db 0x00
      00018F 00                     429 	.db 0x00
      000190 00                     430 	.db 0x00
      000191 00                     431 	.db 0x00
      000192 00                     432 	.db 0x00
      000193 00                     433 	.db 0x00
      000194 00                     434 	.db 0x00
      000195 00                     435 	.db 0x00
      000196 00                     436 	.db 0x00
      000197 00                     437 	.db 0x00
      000198 00                     438 	.db 0x00
      000199 00                     439 	.db 0x00
      00019A 00                     440 	.db 0x00
      00019B 00                     441 	.db 0x00
      00019C 00                     442 	.db 0x00
      00019D 00                     443 	.db 0x00
      00019E 00                     444 	.db 0x00
      00019F 00                     445 	.db 0x00
      0001A0 00                     446 	.db 0x00
      0001A1 00                     447 	.db 0x00
      0001A2 00                     448 	.db 0x00
      0001A3 00                     449 	.db 0x00
      0001A4 00                     450 	.db 0x00
      0001A5 00                     451 	.db 0x00
      0001A6 00                     452 	.db 0x00
      0001A7 00                     453 	.db 0x00
      0001A8 00                     454 	.db 0x00
      0001A9 00                     455 	.db 0x00
      0001AA 00                     456 	.db 0x00
      0001AB 00                     457 	.db 0x00
      0001AC 00                     458 	.db 0x00
      0001AD 00                     459 	.db 0x00
      0001AE 00                     460 	.db 0x00
      0001AF 00                     461 	.db 0x00
      0001B0 00                     462 	.db 0x00
      0001B1 00                     463 	.db 0x00
      0001B2 00                     464 	.db 0x00
      0001B3 00                     465 	.db 0x00
      0001B4 00                     466 	.db 0x00
      0001B5 00                     467 	.db 0x00
      0001B6 00                     468 	.db 0x00
      0001B7 00                     469 	.db 0x00
      0001B8 00                     470 	.db 0x00
      0001B9 00                     471 	.db 0x00
      0001BA 00                     472 	.db 0x00
      0001BB 00                     473 	.db 0x00
      0001BC 00                     474 	.db 0x00
      0001BD 00                     475 	.db 0x00
      0001BE 00                     476 	.db 0x00
      0001BF 00                     477 	.db 0x00
      0001C0 00                     478 	.db 0x00
      0001C1 00                     479 	.db 0x00
      0001C2 00                     480 	.db 0x00
      0001C3 00                     481 	.db 0x00
      0001C4 00                     482 	.db 0x00
      0001C5 00                     483 	.db 0x00
      0001C6 00                     484 	.db 0x00
      0001C7 00                     485 	.db 0x00
      0001C8 00                     486 	.db 0x00
      0001C9 00                     487 	.db 0x00
      0001CA 00                     488 	.db 0x00
      0001CB 00                     489 	.db 0x00
      0001CC 00                     490 	.db 0x00
      0001CD 00                     491 	.db 0x00
      0001CE 00                     492 	.db 0x00
      0001CF 00                     493 	.db 0x00
      0001D0 00                     494 	.db 0x00
      0001D1 00                     495 	.db 0x00
      0001D2 00                     496 	.db 0x00
      0001D3 00                     497 	.db 0x00
      0001D4 00                     498 	.db 0x00
      0001D5 00                     499 	.db 0x00
      0001D6 00                     500 	.db 0x00
      0001D7 00                     501 	.db 0x00
      0001D8 00                     502 	.db 0x00
      0001D9 00                     503 	.db 0x00
      0001DA 00                     504 	.db 0x00
      0001DB 00                     505 	.db 0x00
      0001DC 00                     506 	.db 0x00
      0001DD 00                     507 	.db 0x00
      0001DE 00                     508 	.db 0x00
      0001DF 00                     509 	.db 0x00
      0001E0 00                     510 	.db 0x00
      0001E1 00                     511 	.db 0x00
      0001E2 00                     512 	.db 0x00
      0001E3 00                     513 	.db 0x00
      0001E4 00                     514 	.db 0x00
      0001E5 00                     515 	.db 0x00
      0001E6 00                     516 	.db 0x00
      0001E7 00                     517 	.db 0x00
      0001E8 00                     518 	.db 0x00
      0001E9 00                     519 	.db 0x00
      0001EA 00                     520 	.db 0x00
      0001EB 00                     521 	.db 0x00
      0001EC 00                     522 	.db 0x00
      0001ED 00                     523 	.db 0x00
      0001EE 00                     524 	.db 0x00
      0001EF 00                     525 	.db 0x00
      0001F0 00                     526 	.db 0x00
      0001F1 00                     527 	.db 0x00
      0001F2 00                     528 	.db 0x00
      0001F3 00                     529 	.db 0x00
      0001F4 00                     530 	.db 0x00
      0001F5 00                     531 	.db 0x00
      0001F6 00                     532 	.db 0x00
      0001F7 00                     533 	.db 0x00
      0001F8 00                     534 	.db 0x00
      0001F9 00                     535 	.db 0x00
      0001FA 00                     536 	.db 0x00
      0001FB 00                     537 	.db 0x00
      0001FC 00                     538 	.db 0x00
      0001FD 00                     539 	.db 0x00
      0001FE 00                     540 	.db 0x00
      0001FF 00                     541 	.db 0x00
      000200 00                     542 	.db 0x00
      000201 00                     543 	.db 0x00
      000202 00                     544 	.db 0x00
      000203 00                     545 	.db 0x00
      000204 00                     546 	.db 0x00
      000205 00                     547 	.db 0x00
      000206 00                     548 	.db 0x00
      000207 00                     549 	.db 0x00
      000208 00                     550 	.db 0x00
      000209 00                     551 	.db 0x00
      00020A 00                     552 	.db 0x00
      00020B 00                     553 	.db 0x00
      00020C 00                     554 	.db 0x00
      00020D 00                     555 	.db 0x00
      00020E 00                     556 	.db 0x00
      00020F 00                     557 	.db 0x00
      000210 00                     558 	.db 0x00
      000211 00                     559 	.db 0x00
      000212 00                     560 	.db 0x00
      000213 00                     561 	.db 0x00
      000214 00                     562 	.db 0x00
      000215 00                     563 	.db 0x00
      000216 00                     564 	.db 0x00
      000217 00                     565 	.db 0x00
      000218 00                     566 	.db 0x00
      000219 00                     567 	.db 0x00
      00021A 00                     568 	.db 0x00
      00021B 00                     569 	.db 0x00
      00021C 00                     570 	.db 0x00
      00021D 00                     571 	.db 0x00
      00021E 00                     572 	.db 0x00
      00021F 00                     573 	.db 0x00
      000220 00                     574 	.db 0x00
      000221 00                     575 	.db 0x00
      000222 00                     576 	.db 0x00
      000223 00                     577 	.db 0x00
      000224 00                     578 	.db 0x00
      000225 00                     579 	.db 0x00
      000226 00                     580 	.db 0x00
      000227 00                     581 	.db 0x00
      000228 00                     582 	.db 0x00
      000229 00                     583 	.db 0x00
      00022A 00                     584 	.db 0x00
      00022B 00                     585 	.db 0x00
      00022C 00                     586 	.db 0x00
      00022D 00                     587 	.db 0x00
      00022E 00                     588 	.db 0x00
      00022F 00                     589 	.db 0x00
      000230 00                     590 	.db 0x00
      000231 00                     591 	.db 0x00
      000232 00                     592 	.db 0x00
      000233 00                     593 	.db 0x00
      000234 00                     594 	.db 0x00
      000235 00                     595 	.db 0x00
      000236 00                     596 	.db 0x00
      000237 00                     597 	.db 0x00
      000238 00                     598 	.db 0x00
      000239 00                     599 	.db 0x00
      00023A 00                     600 	.db 0x00
      00023B 00                     601 	.db 0x00
      00023C 00                     602 	.db 0x00
      00023D 00                     603 	.db 0x00
      00023E 00                     604 	.db 0x00
      00023F 00                     605 	.db 0x00
      000240 00                     606 	.db 0x00
      000241 00                     607 	.db 0x00
      000242 00                     608 	.db 0x00
      000243 00                     609 	.db 0x00
      000244 00                     610 	.db 0x00
      000245 00                     611 	.db 0x00
      000246 00                     612 	.db 0x00
      000247 00                     613 	.db 0x00
      000248 00                     614 	.db 0x00
      000249 00                     615 	.db 0x00
      00024A 00                     616 	.db 0x00
      00024B 00                     617 	.db 0x00
      00024C 00                     618 	.db 0x00
      00024D 00                     619 	.db 0x00
      00024E 00                     620 	.db 0x00
      00024F 00                     621 	.db 0x00
      000250 00                     622 	.db 0x00
      000251 00                     623 	.db 0x00
      000252 00                     624 	.db 0x00
      000253 00                     625 	.db 0x00
      000254 00                     626 	.db 0x00
      000255 00                     627 	.db 0x00
      000256 00                     628 	.db 0x00
      000257 00                     629 	.db 0x00
      000258 00                     630 	.db 0x00
      000259 00                     631 	.db 0x00
      00025A 00                     632 	.db 0x00
      00025B 00                     633 	.db 0x00
      00025C 00                     634 	.db 0x00
      00025D 00                     635 	.db 0x00
      00025E 00                     636 	.db 0x00
      00025F 00                     637 	.db 0x00
      000260 00                     638 	.db 0x00
      000261 00                     639 	.db 0x00
      000262 00                     640 	.db 0x00
      000263 00                     641 	.db 0x00
      000264 00                     642 	.db 0x00
      000265 00                     643 	.db 0x00
      000266 00                     644 	.db 0x00
      000267 00                     645 	.db 0x00
      000268 00                     646 	.db 0x00
      000269 00                     647 	.db 0x00
      00026A 00                     648 	.db 0x00
      00026B 00                     649 	.db 0x00
      00026C 00                     650 	.db 0x00
      00026D 00                     651 	.db 0x00
      00026E 00                     652 	.db 0x00
      00026F 00                     653 	.db 0x00
      000270 00                     654 	.db 0x00
      000271 00                     655 	.db 0x00
      000272 00                     656 	.db 0x00
      000273 00                     657 	.db 0x00
      000274 00                     658 	.db 0x00
      000275 00                     659 	.db 0x00
      000276 00                     660 	.db 0x00
      000277 00                     661 	.db 0x00
      000278 00                     662 	.db 0x00
      000279 00                     663 	.db 0x00
      00027A 00                     664 	.db 0x00
      00027B 00                     665 	.db 0x00
      00027C 00                     666 	.db 0x00
      00027D 00                     667 	.db 0x00
      00027E 00                     668 	.db 0x00
      00027F 00                     669 	.db 0x00
      000280 00                     670 	.db 0x00
      000281 00                     671 	.db 0x00
      000282 00                     672 	.db 0x00
      000283 00                     673 	.db 0x00
      000284 00                     674 	.db 0x00
      000285 00                     675 	.db 0x00
      000286 00                     676 	.db 0x00
      000287 00                     677 	.db 0x00
      000288 00                     678 	.db 0x00
      000289 00                     679 	.db 0x00
      00028A 00                     680 	.db 0x00
      00028B 00                     681 	.db 0x00
      00028C 00                     682 	.db 0x00
      00028D 00                     683 	.db 0x00
      00028E 00                     684 	.db 0x00
      00028F 00                     685 	.db 0x00
      000290 00                     686 	.db 0x00
      000291 00                     687 	.db 0x00
      000292 00                     688 	.db 0x00
      000293 00                     689 	.db 0x00
      000294 00                     690 	.db 0x00
      000295 00                     691 	.db 0x00
      000296 00                     692 	.db 0x00
      000297 00                     693 	.db 0x00
      000298 00                     694 	.db 0x00
      000299 00                     695 	.db 0x00
      00029A 00                     696 	.db 0x00
      00029B 00                     697 	.db 0x00
      00029C 00                     698 	.db 0x00
      00029D 00                     699 	.db 0x00
      00029E 00                     700 	.db 0x00
      00029F 00                     701 	.db 0x00
      0002A0 00                     702 	.db 0x00
      0002A1 00                     703 	.db 0x00
      0002A2 00                     704 	.db 0x00
      0002A3 00                     705 	.db 0x00
      0002A4 00                     706 	.db 0x00
      0002A5 00                     707 	.db 0x00
      0002A6 00                     708 	.db 0x00
      0002A7 00                     709 	.db 0x00
      0002A8 00                     710 	.db 0x00
      0002A9 00                     711 	.db 0x00
      0002AA 00                     712 	.db 0x00
      0002AB 00                     713 	.db 0x00
      0002AC 00                     714 	.db 0x00
      0002AD 00                     715 	.db 0x00
      0002AE 00                     716 	.db 0x00
      0002AF 00                     717 	.db 0x00
      0002B0 00                     718 	.db 0x00
      0002B1 00                     719 	.db 0x00
      0002B2 00                     720 	.db 0x00
      0002B3 00                     721 	.db 0x00
      0002B4 00                     722 	.db 0x00
      0002B5 00                     723 	.db 0x00
      0002B6 00                     724 	.db 0x00
      0002B7 00                     725 	.db 0x00
      0002B8 00                     726 	.db 0x00
      0002B9 00                     727 	.db 0x00
      0002BA 00                     728 	.db 0x00
      0002BB 00                     729 	.db 0x00
      0002BC 00                     730 	.db 0x00
      0002BD 00                     731 	.db 0x00
      0002BE 00                     732 	.db 0x00
      0002BF 00                     733 	.db 0x00
      0002C0 00                     734 	.db 0x00
      0002C1 00                     735 	.db 0x00
      0002C2 00                     736 	.db 0x00
      0002C3 00                     737 	.db 0x00
      0002C4 00                     738 	.db 0x00
      0002C5 00                     739 	.db 0x00
      0002C6 00                     740 	.db 0x00
      0002C7 00                     741 	.db 0x00
      0002C8 00                     742 	.db 0x00
      0002C9 00                     743 	.db 0x00
      0002CA 00                     744 	.db 0x00
      0002CB 00                     745 	.db 0x00
      0002CC 00                     746 	.db 0x00
      0002CD 00                     747 	.db 0x00
      0002CE 00                     748 	.db 0x00
      0002CF 00                     749 	.db 0x00
      0002D0 00                     750 	.db 0x00
      0002D1 00                     751 	.db 0x00
      0002D2 00                     752 	.db 0x00
      0002D3 00                     753 	.db 0x00
      0002D4 00                     754 	.db 0x00
      0002D5 00                     755 	.db 0x00
      0002D6 00                     756 	.db 0x00
      0002D7 00                     757 	.db 0x00
      0002D8 00                     758 	.db 0x00
      0002D9 00                     759 	.db 0x00
      0002DA 00                     760 	.db 0x00
      0002DB 00                     761 	.db 0x00
      0002DC 00                     762 	.db 0x00
      0002DD 00                     763 	.db 0x00
      0002DE 00                     764 	.db 0x00
      0002DF 00                     765 	.db 0x00
      0002E0 00                     766 	.db 0x00
      0002E1 00                     767 	.db 0x00
      0002E2 00                     768 	.db 0x00
      0002E3 00                     769 	.db 0x00
      0002E4 00                     770 	.db 0x00
      0002E5 00                     771 	.db 0x00
      0002E6 00                     772 	.db 0x00
      0002E7 00                     773 	.db 0x00
      0002E8 00                     774 	.db 0x00
      0002E9 00                     775 	.db 0x00
      0002EA 00                     776 	.db 0x00
      0002EB 00                     777 	.db 0x00
      0002EC 00                     778 	.db 0x00
      0002ED 00                     779 	.db 0x00
      0002EE 00                     780 	.db 0x00
      0002EF 00                     781 	.db 0x00
      0002F0 00                     782 	.db 0x00
      0002F1 00                     783 	.db 0x00
      0002F2 00                     784 	.db 0x00
      0002F3 00                     785 	.db 0x00
      0002F4 00                     786 	.db 0x00
      0002F5 00                     787 	.db 0x00
      0002F6 00                     788 	.db 0x00
      0002F7 00                     789 	.db 0x00
      0002F8 00                     790 	.db 0x00
      0002F9 00                     791 	.db 0x00
      0002FA 00                     792 	.db 0x00
      0002FB 00                     793 	.db 0x00
      0002FC 00                     794 	.db 0x00
      0002FD 00                     795 	.db 0x00
      0002FE 00                     796 	.db 0x00
      0002FF 00                     797 	.db 0x00
      000300 00                     798 	.db 0x00
      000301 00                     799 	.db 0x00
      000302 00                     800 	.db 0x00
      000303 00                     801 	.db 0x00
      000304 00                     802 	.db 0x00
      000305 00                     803 	.db 0x00
      000306 00                     804 	.db 0x00
      000307 00                     805 	.db 0x00
      000308 00                     806 	.db 0x00
      000309 00                     807 	.db 0x00
      00030A 00                     808 	.db 0x00
      00030B 00                     809 	.db 0x00
      00030C 00                     810 	.db 0x00
      00030D 00                     811 	.db 0x00
      00030E 00                     812 	.db 0x00
      00030F 00                     813 	.db 0x00
      000310 00                     814 	.db 0x00
      000311 00                     815 	.db 0x00
      000312 00                     816 	.db 0x00
      000313 00                     817 	.db 0x00
      000314 00                     818 	.db 0x00
      000315 00                     819 	.db 0x00
      000316 00                     820 	.db 0x00
      000317 00                     821 	.db 0x00
      000318 00                     822 	.db 0x00
      000319 00                     823 	.db 0x00
      00031A 00                     824 	.db 0x00
      00031B 00                     825 	.db 0x00
      00031C 00                     826 	.db 0x00
      00031D 00                     827 	.db 0x00
      00031E 00                     828 	.db 0x00
      00031F 00                     829 	.db 0x00
      000320 00                     830 	.db 0x00
      000321 00                     831 	.db 0x00
      000322 00                     832 	.db 0x00
      000323 00                     833 	.db 0x00
      000324 00                     834 	.db 0x00
      000325 00                     835 	.db 0x00
      000326 00                     836 	.db 0x00
      000327 00                     837 	.db 0x00
      000328 00                     838 	.db 0x00
      000329 00                     839 	.db 0x00
      00032A 00                     840 	.db 0x00
      00032B 00                     841 	.db 0x00
      00032C 00                     842 	.db 0x00
      00032D 00                     843 	.db 0x00
      00032E 00                     844 	.db 0x00
      00032F 00                     845 	.db 0x00
      000330 00                     846 	.db 0x00
      000331 00                     847 	.db 0x00
      000332 00                     848 	.db 0x00
      000333 00                     849 	.db 0x00
      000334 00                     850 	.db 0x00
      000335 00                     851 	.db 0x00
      000336 00                     852 	.db 0x00
      000337 00                     853 	.db 0x00
      000338 00                     854 	.db 0x00
      000339 00                     855 	.db 0x00
      00033A 00                     856 	.db 0x00
      00033B 00                     857 	.db 0x00
      00033C 00                     858 	.db 0x00
      00033D 00                     859 	.db 0x00
      00033E 00                     860 	.db 0x00
      00033F 00                     861 	.db 0x00
      000340 00                     862 	.db 0x00
      000341 00                     863 	.db 0x00
      000342 00                     864 	.db 0x00
      000343 00                     865 	.db 0x00
      000344 00                     866 	.db 0x00
      000345 00                     867 	.db 0x00
      000346 00                     868 	.db 0x00
      000347 00                     869 	.db 0x00
      000348 00                     870 	.db 0x00
      000349 00                     871 	.db 0x00
      00034A 00                     872 	.db 0x00
      00034B 00                     873 	.db 0x00
      00034C 00                     874 	.db 0x00
      00034D 00                     875 	.db 0x00
      00034E 00                     876 	.db 0x00
      00034F 00                     877 	.db 0x00
      000350 00                     878 	.db 0x00
      000351 00                     879 	.db 0x00
      000352 00                     880 	.db 0x00
      000353 00                     881 	.db 0x00
      000354 00                     882 	.db 0x00
      000355 00                     883 	.db 0x00
      000356 00                     884 	.db 0x00
      000357 00                     885 	.db 0x00
      000358 00                     886 	.db 0x00
      000359 00                     887 	.db 0x00
      00035A 00                     888 	.db 0x00
      00035B 00                     889 	.db 0x00
      00035C 00                     890 	.db 0x00
      00035D 00                     891 	.db 0x00
      00035E 00                     892 	.db 0x00
      00035F 00                     893 	.db 0x00
      000360 00                     894 	.db 0x00
      000361 00                     895 	.db 0x00
      000362 00                     896 	.db 0x00
      000363 00                     897 	.db 0x00
      000364 00                     898 	.db 0x00
      000365 00                     899 	.db 0x00
      000366 00                     900 	.db 0x00
      000367 00                     901 	.db 0x00
      000368 00                     902 	.db 0x00
      000369 00                     903 	.db 0x00
      00036A 00                     904 	.db 0x00
      00036B 00                     905 	.db 0x00
      00036C 00                     906 	.db 0x00
      00036D 00                     907 	.db 0x00
      00036E 00                     908 	.db 0x00
      00036F 00                     909 	.db 0x00
      000370 00                     910 	.db 0x00
      000371 00                     911 	.db 0x00
      000372 00                     912 	.db 0x00
      000373 00                     913 	.db 0x00
      000374 00                     914 	.db 0x00
      000375 00                     915 	.db 0x00
      000376 00                     916 	.db 0x00
      000377 00                     917 	.db 0x00
      000378 00                     918 	.db 0x00
      000379 00                     919 	.db 0x00
      00037A 00                     920 	.db 0x00
      00037B 00                     921 	.db 0x00
      00037C 00                     922 	.db 0x00
      00037D 00                     923 	.db 0x00
      00037E 00                     924 	.db 0x00
      00037F 00                     925 	.db 0x00
      000380 00                     926 	.db 0x00
      000381 00                     927 	.db 0x00
      000382 00                     928 	.db 0x00
      000383 00                     929 	.db 0x00
      000384                        930 __str_0:
      000384 54 45 4D 50 4C 41 54   931 	.ascii "TEMPLATE FACE GAME"
             45 20 46 41 43 45 20
             47 41 4D 45
      000396 00                     932 	.db 0x00
      000397                        933 __str_1:
      000397 54 45 4D 50 4C 41 54   934 	.ascii "TEMPLATE DEV"
             45 20 44 45 56
      0003A3 00                     935 	.db 0x00
      0003A4                        936 __str_2:
      0003A4 4D 41 4B 45 20 48 41   937 	.ascii "MAKE HAPPY!"
             50 50 59 21
      0003AF 00                     938 	.db 0x00
      0003B0                        939 __str_3:
      0003B0 42 4F 57               940 	.ascii "BOW"
      0003B3 00                     941 	.db 0x00
      0003B4                        942 __str_4:
      0003B4 42 4F 57 4E 4C 59      943 	.ascii "BOWNLY"
      0003BA 00                     944 	.db 0x00
      0003BB                        945 __str_5:
      0003BB 53 48 4F 4F 54         946 	.ascii "SHOOT"
      0003C0 00                     947 	.db 0x00
      0003C1                        948 __str_6:
      0003C1 4D 41 47 49 50 41 4E   949 	.ascii "MAGIPANELS 5"
             45 4C 53 20 35
      0003CD 00                     950 	.db 0x00
      0003CE                        951 __str_7:
      0003CE 49 4E 43 52 45 41 53   952 	.ascii "INCREASE TO 5"
             45 20 54 4F 20 35
      0003DB 00                     953 	.db 0x00
      0003DC                        954 __str_8:
      0003DC 50 41 53 54 45 4C      955 	.ascii "PASTEL"
      0003E2 00                     956 	.db 0x00
      0003E3                        957 __str_9:
      0003E3 43 4F 4C 4C 45 43 54   958 	.ascii "COLLECT HEARTS!"
             20 48 45 41 52 54 53
             21
      0003F2 00                     959 	.db 0x00
      0003F3                        960 __str_10:
      0003F3 57 48 41 43 4B 20 54   961 	.ascii "WHACK THE MOLES"
             48 45 20 4D 4F 4C 45
             53
      000402 00                     962 	.db 0x00
      000403                        963 __str_11:
      000403 54 45 41 41 41         964 	.ascii "TEAAA"
      000408 00                     965 	.db 0x00
      000409                        966 __str_12:
      000409 48 41 4D 4D 45 52 21   967 	.ascii "HAMMER!"
      000410 00                     968 	.db 0x00
                                    969 	.area _INITIALIZER
                                    970 	.area _CABS (ABS)
