                                      1 ;--------------------------------------------------------
                                      2 ; File Created by SDCC : free open source ANSI-C Compiler
                                      3 ; Version 4.1.6 #12539 (MINGW32)
                                      4 ;--------------------------------------------------------
                                      5 	.module timerTiles
                                      6 	.optsdcc -mgbz80
                                      7 	
                                      8 ;--------------------------------------------------------
                                      9 ; Public variables in this module
                                     10 ;--------------------------------------------------------
                                     11 	.globl _timerTiles
                                     12 ;--------------------------------------------------------
                                     13 ; special function registers
                                     14 ;--------------------------------------------------------
                                     15 ;--------------------------------------------------------
                                     16 ; ram data
                                     17 ;--------------------------------------------------------
                                     18 	.area _DATA
                                     19 ;--------------------------------------------------------
                                     20 ; ram data
                                     21 ;--------------------------------------------------------
                                     22 	.area _INITIALIZED
                                     23 ;--------------------------------------------------------
                                     24 ; absolute external ram data
                                     25 ;--------------------------------------------------------
                                     26 	.area _DABS (ABS)
                                     27 ;--------------------------------------------------------
                                     28 ; global & static initialisations
                                     29 ;--------------------------------------------------------
                                     30 	.area _HOME
                                     31 	.area _GSINIT
                                     32 	.area _GSFINAL
                                     33 	.area _GSINIT
                                     34 ;--------------------------------------------------------
                                     35 ; Home
                                     36 ;--------------------------------------------------------
                                     37 	.area _HOME
                                     38 	.area _HOME
                                     39 ;--------------------------------------------------------
                                     40 ; code
                                     41 ;--------------------------------------------------------
                                     42 	.area _CODE
                                     43 	.area _CODE
      000000                         44 _timerTiles:
      000000 FF                      45 	.db #0xff	; 255
      000001 FF                      46 	.db #0xff	; 255
      000002 80                      47 	.db #0x80	; 128
      000003 80                      48 	.db #0x80	; 128
      000004 80                      49 	.db #0x80	; 128
      000005 80                      50 	.db #0x80	; 128
      000006 FF                      51 	.db #0xff	; 255
      000007 80                      52 	.db #0x80	; 128
      000008 FF                      53 	.db #0xff	; 255
      000009 80                      54 	.db #0x80	; 128
      00000A 80                      55 	.db #0x80	; 128
      00000B FF                      56 	.db #0xff	; 255
      00000C 80                      57 	.db #0x80	; 128
      00000D FF                      58 	.db #0xff	; 255
      00000E FF                      59 	.db #0xff	; 255
      00000F FF                      60 	.db #0xff	; 255
      000010 FF                      61 	.db #0xff	; 255
      000011 FF                      62 	.db #0xff	; 255
      000012 00                      63 	.db #0x00	; 0
      000013 00                      64 	.db #0x00	; 0
      000014 00                      65 	.db #0x00	; 0
      000015 00                      66 	.db #0x00	; 0
      000016 FF                      67 	.db #0xff	; 255
      000017 00                      68 	.db #0x00	; 0
      000018 FF                      69 	.db #0xff	; 255
      000019 00                      70 	.db #0x00	; 0
      00001A 00                      71 	.db #0x00	; 0
      00001B FF                      72 	.db #0xff	; 255
      00001C 00                      73 	.db #0x00	; 0
      00001D FF                      74 	.db #0xff	; 255
      00001E FF                      75 	.db #0xff	; 255
      00001F FF                      76 	.db #0xff	; 255
      000020 01                      77 	.db #0x01	; 1
      000021 01                      78 	.db #0x01	; 1
      000022 01                      79 	.db #0x01	; 1
      000023 01                      80 	.db #0x01	; 1
      000024 01                      81 	.db #0x01	; 1
      000025 01                      82 	.db #0x01	; 1
      000026 01                      83 	.db #0x01	; 1
      000027 01                      84 	.db #0x01	; 1
      000028 01                      85 	.db #0x01	; 1
      000029 01                      86 	.db #0x01	; 1
      00002A 01                      87 	.db #0x01	; 1
      00002B 01                      88 	.db #0x01	; 1
      00002C 01                      89 	.db #0x01	; 1
      00002D 01                      90 	.db #0x01	; 1
      00002E 01                      91 	.db #0x01	; 1
      00002F 01                      92 	.db #0x01	; 1
      000030 00                      93 	.db #0x00	; 0
      000031 00                      94 	.db #0x00	; 0
      000032 00                      95 	.db #0x00	; 0
      000033 00                      96 	.db #0x00	; 0
      000034 00                      97 	.db #0x00	; 0
      000035 00                      98 	.db #0x00	; 0
      000036 00                      99 	.db #0x00	; 0
      000037 00                     100 	.db #0x00	; 0
      000038 00                     101 	.db #0x00	; 0
      000039 00                     102 	.db #0x00	; 0
      00003A 00                     103 	.db #0x00	; 0
      00003B 00                     104 	.db #0x00	; 0
      00003C 00                     105 	.db #0x00	; 0
      00003D 00                     106 	.db #0x00	; 0
      00003E 00                     107 	.db #0x00	; 0
      00003F 00                     108 	.db #0x00	; 0
      000040 00                     109 	.db #0x00	; 0
      000041 00                     110 	.db #0x00	; 0
      000042 00                     111 	.db #0x00	; 0
      000043 00                     112 	.db #0x00	; 0
      000044 00                     113 	.db #0x00	; 0
      000045 00                     114 	.db #0x00	; 0
      000046 00                     115 	.db #0x00	; 0
      000047 00                     116 	.db #0x00	; 0
      000048 00                     117 	.db #0x00	; 0
      000049 00                     118 	.db #0x00	; 0
      00004A 00                     119 	.db #0x00	; 0
      00004B 00                     120 	.db #0x00	; 0
      00004C 00                     121 	.db #0x00	; 0
      00004D 00                     122 	.db #0x00	; 0
      00004E 00                     123 	.db #0x00	; 0
      00004F 00                     124 	.db #0x00	; 0
                                    125 	.area _INITIALIZER
                                    126 	.area _CABS (ABS)
