                                      1 ;--------------------------------------------------------
                                      2 ; File Created by SDCC : free open source ANSI-C Compiler
                                      3 ; Version 4.1.6 #12539 (MINGW32)
                                      4 ;--------------------------------------------------------
                                      5 	.module whackMolesBG
                                      6 	.optsdcc -mgbz80
                                      7 	
                                      8 ;--------------------------------------------------------
                                      9 ; Public variables in this module
                                     10 ;--------------------------------------------------------
                                     11 	.globl _whackMolesBGPLN0
                                     12 	.globl ___bank_whackMolesBGPLN0
                                     13 ;--------------------------------------------------------
                                     14 ; special function registers
                                     15 ;--------------------------------------------------------
                                     16 ;--------------------------------------------------------
                                     17 ; ram data
                                     18 ;--------------------------------------------------------
                                     19 	.area _DATA
                                     20 ;--------------------------------------------------------
                                     21 ; ram data
                                     22 ;--------------------------------------------------------
                                     23 	.area _INITIALIZED
                                     24 ;--------------------------------------------------------
                                     25 ; absolute external ram data
                                     26 ;--------------------------------------------------------
                                     27 	.area _DABS (ABS)
                                     28 ;--------------------------------------------------------
                                     29 ; global & static initialisations
                                     30 ;--------------------------------------------------------
                                     31 	.area _HOME
                                     32 	.area _GSINIT
                                     33 	.area _GSFINAL
                                     34 	.area _GSINIT
                                     35 ;--------------------------------------------------------
                                     36 ; Home
                                     37 ;--------------------------------------------------------
                                     38 	.area _HOME
                                     39 	.area _HOME
                                     40 ;--------------------------------------------------------
                                     41 ; code
                                     42 ;--------------------------------------------------------
                                     43 	.area _CODE_8
                                     44 	.area _CODE_8
                           000008    45 ___bank_whackMolesBGPLN0	=	0x0008
      000000                         46 _whackMolesBGPLN0:
      000000 32                      47 	.db #0x32	; 50	'2'
      000001 32                      48 	.db #0x32	; 50	'2'
      000002 32                      49 	.db #0x32	; 50	'2'
      000003 32                      50 	.db #0x32	; 50	'2'
      000004 32                      51 	.db #0x32	; 50	'2'
      000005 32                      52 	.db #0x32	; 50	'2'
      000006 32                      53 	.db #0x32	; 50	'2'
      000007 32                      54 	.db #0x32	; 50	'2'
      000008 32                      55 	.db #0x32	; 50	'2'
      000009 32                      56 	.db #0x32	; 50	'2'
      00000A 32                      57 	.db #0x32	; 50	'2'
      00000B 32                      58 	.db #0x32	; 50	'2'
      00000C 32                      59 	.db #0x32	; 50	'2'
      00000D 32                      60 	.db #0x32	; 50	'2'
      00000E 32                      61 	.db #0x32	; 50	'2'
      00000F 32                      62 	.db #0x32	; 50	'2'
      000010 32                      63 	.db #0x32	; 50	'2'
      000011 32                      64 	.db #0x32	; 50	'2'
      000012 32                      65 	.db #0x32	; 50	'2'
      000013 32                      66 	.db #0x32	; 50	'2'
      000014 32                      67 	.db #0x32	; 50	'2'
      000015 32                      68 	.db #0x32	; 50	'2'
      000016 32                      69 	.db #0x32	; 50	'2'
      000017 32                      70 	.db #0x32	; 50	'2'
      000018 32                      71 	.db #0x32	; 50	'2'
      000019 32                      72 	.db #0x32	; 50	'2'
      00001A 32                      73 	.db #0x32	; 50	'2'
      00001B 32                      74 	.db #0x32	; 50	'2'
      00001C 32                      75 	.db #0x32	; 50	'2'
      00001D 32                      76 	.db #0x32	; 50	'2'
      00001E 32                      77 	.db #0x32	; 50	'2'
      00001F 32                      78 	.db #0x32	; 50	'2'
      000020 32                      79 	.db #0x32	; 50	'2'
      000021 32                      80 	.db #0x32	; 50	'2'
      000022 32                      81 	.db #0x32	; 50	'2'
      000023 32                      82 	.db #0x32	; 50	'2'
      000024 32                      83 	.db #0x32	; 50	'2'
      000025 32                      84 	.db #0x32	; 50	'2'
      000026 32                      85 	.db #0x32	; 50	'2'
      000027 32                      86 	.db #0x32	; 50	'2'
      000028 32                      87 	.db #0x32	; 50	'2'
      000029 32                      88 	.db #0x32	; 50	'2'
      00002A 32                      89 	.db #0x32	; 50	'2'
      00002B 32                      90 	.db #0x32	; 50	'2'
      00002C 32                      91 	.db #0x32	; 50	'2'
      00002D 32                      92 	.db #0x32	; 50	'2'
      00002E 32                      93 	.db #0x32	; 50	'2'
      00002F 32                      94 	.db #0x32	; 50	'2'
      000030 32                      95 	.db #0x32	; 50	'2'
      000031 32                      96 	.db #0x32	; 50	'2'
      000032 32                      97 	.db #0x32	; 50	'2'
      000033 32                      98 	.db #0x32	; 50	'2'
      000034 32                      99 	.db #0x32	; 50	'2'
      000035 32                     100 	.db #0x32	; 50	'2'
      000036 32                     101 	.db #0x32	; 50	'2'
      000037 32                     102 	.db #0x32	; 50	'2'
      000038 32                     103 	.db #0x32	; 50	'2'
      000039 32                     104 	.db #0x32	; 50	'2'
      00003A 32                     105 	.db #0x32	; 50	'2'
      00003B 32                     106 	.db #0x32	; 50	'2'
      00003C 32                     107 	.db #0x32	; 50	'2'
      00003D 32                     108 	.db #0x32	; 50	'2'
      00003E 32                     109 	.db #0x32	; 50	'2'
      00003F 32                     110 	.db #0x32	; 50	'2'
      000040 32                     111 	.db #0x32	; 50	'2'
      000041 32                     112 	.db #0x32	; 50	'2'
      000042 32                     113 	.db #0x32	; 50	'2'
      000043 32                     114 	.db #0x32	; 50	'2'
      000044 32                     115 	.db #0x32	; 50	'2'
      000045 32                     116 	.db #0x32	; 50	'2'
      000046 32                     117 	.db #0x32	; 50	'2'
      000047 32                     118 	.db #0x32	; 50	'2'
      000048 32                     119 	.db #0x32	; 50	'2'
      000049 32                     120 	.db #0x32	; 50	'2'
      00004A 32                     121 	.db #0x32	; 50	'2'
      00004B 32                     122 	.db #0x32	; 50	'2'
      00004C 32                     123 	.db #0x32	; 50	'2'
      00004D 32                     124 	.db #0x32	; 50	'2'
      00004E 32                     125 	.db #0x32	; 50	'2'
      00004F 32                     126 	.db #0x32	; 50	'2'
      000050 32                     127 	.db #0x32	; 50	'2'
      000051 32                     128 	.db #0x32	; 50	'2'
      000052 32                     129 	.db #0x32	; 50	'2'
      000053 32                     130 	.db #0x32	; 50	'2'
      000054 32                     131 	.db #0x32	; 50	'2'
      000055 32                     132 	.db #0x32	; 50	'2'
      000056 33                     133 	.db #0x33	; 51	'3'
      000057 32                     134 	.db #0x32	; 50	'2'
      000058 32                     135 	.db #0x32	; 50	'2'
      000059 32                     136 	.db #0x32	; 50	'2'
      00005A 32                     137 	.db #0x32	; 50	'2'
      00005B 32                     138 	.db #0x32	; 50	'2'
      00005C 32                     139 	.db #0x32	; 50	'2'
      00005D 32                     140 	.db #0x32	; 50	'2'
      00005E 32                     141 	.db #0x32	; 50	'2'
      00005F 32                     142 	.db #0x32	; 50	'2'
      000060 32                     143 	.db #0x32	; 50	'2'
      000061 32                     144 	.db #0x32	; 50	'2'
      000062 32                     145 	.db #0x32	; 50	'2'
      000063 32                     146 	.db #0x32	; 50	'2'
      000064 32                     147 	.db #0x32	; 50	'2'
      000065 32                     148 	.db #0x32	; 50	'2'
      000066 32                     149 	.db #0x32	; 50	'2'
      000067 32                     150 	.db #0x32	; 50	'2'
      000068 32                     151 	.db #0x32	; 50	'2'
      000069 34                     152 	.db #0x34	; 52	'4'
      00006A 31                     153 	.db #0x31	; 49	'1'
      00006B 35                     154 	.db #0x35	; 53	'5'
      00006C 32                     155 	.db #0x32	; 50	'2'
      00006D 32                     156 	.db #0x32	; 50	'2'
      00006E 32                     157 	.db #0x32	; 50	'2'
      00006F 32                     158 	.db #0x32	; 50	'2'
      000070 32                     159 	.db #0x32	; 50	'2'
      000071 32                     160 	.db #0x32	; 50	'2'
      000072 32                     161 	.db #0x32	; 50	'2'
      000073 32                     162 	.db #0x32	; 50	'2'
      000074 32                     163 	.db #0x32	; 50	'2'
      000075 32                     164 	.db #0x32	; 50	'2'
      000076 32                     165 	.db #0x32	; 50	'2'
      000077 34                     166 	.db #0x34	; 52	'4'
      000078 32                     167 	.db #0x32	; 50	'2'
      000079 32                     168 	.db #0x32	; 50	'2'
      00007A 32                     169 	.db #0x32	; 50	'2'
      00007B 32                     170 	.db #0x32	; 50	'2'
      00007C 36                     171 	.db #0x36	; 54	'6'
      00007D 31                     172 	.db #0x31	; 49	'1'
      00007E 31                     173 	.db #0x31	; 49	'1'
      00007F 31                     174 	.db #0x31	; 49	'1'
      000080 37                     175 	.db #0x37	; 55	'7'
      000081 32                     176 	.db #0x32	; 50	'2'
      000082 32                     177 	.db #0x32	; 50	'2'
      000083 32                     178 	.db #0x32	; 50	'2'
      000084 33                     179 	.db #0x33	; 51	'3'
      000085 32                     180 	.db #0x32	; 50	'2'
      000086 32                     181 	.db #0x32	; 50	'2'
      000087 32                     182 	.db #0x32	; 50	'2'
      000088 32                     183 	.db #0x32	; 50	'2'
      000089 32                     184 	.db #0x32	; 50	'2'
      00008A 36                     185 	.db #0x36	; 54	'6'
      00008B 31                     186 	.db #0x31	; 49	'1'
      00008C 32                     187 	.db #0x32	; 50	'2'
      00008D 32                     188 	.db #0x32	; 50	'2'
      00008E 32                     189 	.db #0x32	; 50	'2'
      00008F 32                     190 	.db #0x32	; 50	'2'
      000090 38                     191 	.db #0x38	; 56	'8'
      000091 31                     192 	.db #0x31	; 49	'1'
      000092 31                     193 	.db #0x31	; 49	'1'
      000093 31                     194 	.db #0x31	; 49	'1'
      000094 39                     195 	.db #0x39	; 57	'9'
      000095 32                     196 	.db #0x32	; 50	'2'
      000096 32                     197 	.db #0x32	; 50	'2'
      000097 34                     198 	.db #0x34	; 52	'4'
      000098 31                     199 	.db #0x31	; 49	'1'
      000099 35                     200 	.db #0x35	; 53	'5'
      00009A 32                     201 	.db #0x32	; 50	'2'
      00009B 32                     202 	.db #0x32	; 50	'2'
      00009C 32                     203 	.db #0x32	; 50	'2'
      00009D 32                     204 	.db #0x32	; 50	'2'
      00009E 38                     205 	.db #0x38	; 56	'8'
      00009F 31                     206 	.db #0x31	; 49	'1'
      0000A0 3A                     207 	.db #0x3a	; 58
      0000A1 32                     208 	.db #0x32	; 50	'2'
      0000A2 32                     209 	.db #0x32	; 50	'2'
      0000A3 3B                     210 	.db #0x3b	; 59
      0000A4 31                     211 	.db #0x31	; 49	'1'
      0000A5 31                     212 	.db #0x31	; 49	'1'
      0000A6 31                     213 	.db #0x31	; 49	'1'
      0000A7 31                     214 	.db #0x31	; 49	'1'
      0000A8 31                     215 	.db #0x31	; 49	'1'
      0000A9 3A                     216 	.db #0x3a	; 58
      0000AA 3B                     217 	.db #0x3b	; 59
      0000AB 31                     218 	.db #0x31	; 49	'1'
      0000AC 31                     219 	.db #0x31	; 49	'1'
      0000AD 31                     220 	.db #0x31	; 49	'1'
      0000AE 37                     221 	.db #0x37	; 55	'7'
      0000AF 32                     222 	.db #0x32	; 50	'2'
      0000B0 32                     223 	.db #0x32	; 50	'2'
      0000B1 36                     224 	.db #0x36	; 54	'6'
      0000B2 31                     225 	.db #0x31	; 49	'1'
      0000B3 31                     226 	.db #0x31	; 49	'1'
      0000B4 31                     227 	.db #0x31	; 49	'1'
      0000B5 3C                     228 	.db #0x3c	; 60
      0000B6 3D                     229 	.db #0x3d	; 61
      0000B7 31                     230 	.db #0x31	; 49	'1'
      0000B8 31                     231 	.db #0x31	; 49	'1'
      0000B9 31                     232 	.db #0x31	; 49	'1'
      0000BA 31                     233 	.db #0x31	; 49	'1'
      0000BB 31                     234 	.db #0x31	; 49	'1'
      0000BC 31                     235 	.db #0x31	; 49	'1'
      0000BD 31                     236 	.db #0x31	; 49	'1'
      0000BE 31                     237 	.db #0x31	; 49	'1'
      0000BF 31                     238 	.db #0x31	; 49	'1'
      0000C0 31                     239 	.db #0x31	; 49	'1'
      0000C1 31                     240 	.db #0x31	; 49	'1'
      0000C2 39                     241 	.db #0x39	; 57	'9'
      0000C3 32                     242 	.db #0x32	; 50	'2'
      0000C4 32                     243 	.db #0x32	; 50	'2'
      0000C5 38                     244 	.db #0x38	; 56	'8'
      0000C6 31                     245 	.db #0x31	; 49	'1'
      0000C7 31                     246 	.db #0x31	; 49	'1'
      0000C8 31                     247 	.db #0x31	; 49	'1'
      0000C9 31                     248 	.db #0x31	; 49	'1'
      0000CA 31                     249 	.db #0x31	; 49	'1'
      0000CB 31                     250 	.db #0x31	; 49	'1'
      0000CC 31                     251 	.db #0x31	; 49	'1'
      0000CD 31                     252 	.db #0x31	; 49	'1'
      0000CE 31                     253 	.db #0x31	; 49	'1'
      0000CF 31                     254 	.db #0x31	; 49	'1'
      0000D0 31                     255 	.db #0x31	; 49	'1'
      0000D1 31                     256 	.db #0x31	; 49	'1'
      0000D2 31                     257 	.db #0x31	; 49	'1'
      0000D3 31                     258 	.db #0x31	; 49	'1'
      0000D4 31                     259 	.db #0x31	; 49	'1'
      0000D5 31                     260 	.db #0x31	; 49	'1'
      0000D6 31                     261 	.db #0x31	; 49	'1'
      0000D7 3A                     262 	.db #0x3a	; 58
      0000D8 3B                     263 	.db #0x3b	; 59
      0000D9 31                     264 	.db #0x31	; 49	'1'
      0000DA 31                     265 	.db #0x31	; 49	'1'
      0000DB 31                     266 	.db #0x31	; 49	'1'
      0000DC 31                     267 	.db #0x31	; 49	'1'
      0000DD 31                     268 	.db #0x31	; 49	'1'
      0000DE 31                     269 	.db #0x31	; 49	'1'
      0000DF 31                     270 	.db #0x31	; 49	'1'
      0000E0 31                     271 	.db #0x31	; 49	'1'
      0000E1 31                     272 	.db #0x31	; 49	'1'
      0000E2 31                     273 	.db #0x31	; 49	'1'
      0000E3 31                     274 	.db #0x31	; 49	'1'
      0000E4 31                     275 	.db #0x31	; 49	'1'
      0000E5 31                     276 	.db #0x31	; 49	'1'
      0000E6 31                     277 	.db #0x31	; 49	'1'
      0000E7 31                     278 	.db #0x31	; 49	'1'
      0000E8 31                     279 	.db #0x31	; 49	'1'
      0000E9 31                     280 	.db #0x31	; 49	'1'
      0000EA 31                     281 	.db #0x31	; 49	'1'
      0000EB 31                     282 	.db #0x31	; 49	'1'
      0000EC 31                     283 	.db #0x31	; 49	'1'
      0000ED 31                     284 	.db #0x31	; 49	'1'
      0000EE 31                     285 	.db #0x31	; 49	'1'
      0000EF 31                     286 	.db #0x31	; 49	'1'
      0000F0 3E                     287 	.db #0x3e	; 62
      0000F1 3F                     288 	.db #0x3f	; 63
      0000F2 3E                     289 	.db #0x3e	; 62
      0000F3 3F                     290 	.db #0x3f	; 63
      0000F4 3E                     291 	.db #0x3e	; 62
      0000F5 3F                     292 	.db #0x3f	; 63
      0000F6 3E                     293 	.db #0x3e	; 62
      0000F7 3F                     294 	.db #0x3f	; 63
      0000F8 3E                     295 	.db #0x3e	; 62
      0000F9 3F                     296 	.db #0x3f	; 63
      0000FA 3E                     297 	.db #0x3e	; 62
      0000FB 3F                     298 	.db #0x3f	; 63
      0000FC 3E                     299 	.db #0x3e	; 62
      0000FD 3F                     300 	.db #0x3f	; 63
      0000FE 3E                     301 	.db #0x3e	; 62
      0000FF 3F                     302 	.db #0x3f	; 63
      000100 3E                     303 	.db #0x3e	; 62
      000101 3F                     304 	.db #0x3f	; 63
      000102 3E                     305 	.db #0x3e	; 62
      000103 3F                     306 	.db #0x3f	; 63
      000104 40                     307 	.db #0x40	; 64
      000105 41                     308 	.db #0x41	; 65	'A'
      000106 40                     309 	.db #0x40	; 64
      000107 41                     310 	.db #0x41	; 65	'A'
      000108 40                     311 	.db #0x40	; 64
      000109 41                     312 	.db #0x41	; 65	'A'
      00010A 40                     313 	.db #0x40	; 64
      00010B 41                     314 	.db #0x41	; 65	'A'
      00010C 40                     315 	.db #0x40	; 64
      00010D 41                     316 	.db #0x41	; 65	'A'
      00010E 40                     317 	.db #0x40	; 64
      00010F 41                     318 	.db #0x41	; 65	'A'
      000110 40                     319 	.db #0x40	; 64
      000111 41                     320 	.db #0x41	; 65	'A'
      000112 40                     321 	.db #0x40	; 64
      000113 41                     322 	.db #0x41	; 65	'A'
      000114 40                     323 	.db #0x40	; 64
      000115 41                     324 	.db #0x41	; 65	'A'
      000116 40                     325 	.db #0x40	; 64
      000117 41                     326 	.db #0x41	; 65	'A'
      000118 42                     327 	.db #0x42	; 66	'B'
      000119 43                     328 	.db #0x43	; 67	'C'
      00011A 42                     329 	.db #0x42	; 66	'B'
      00011B 43                     330 	.db #0x43	; 67	'C'
      00011C 42                     331 	.db #0x42	; 66	'B'
      00011D 43                     332 	.db #0x43	; 67	'C'
      00011E 42                     333 	.db #0x42	; 66	'B'
      00011F 43                     334 	.db #0x43	; 67	'C'
      000120 42                     335 	.db #0x42	; 66	'B'
      000121 43                     336 	.db #0x43	; 67	'C'
      000122 42                     337 	.db #0x42	; 66	'B'
      000123 43                     338 	.db #0x43	; 67	'C'
      000124 42                     339 	.db #0x42	; 66	'B'
      000125 43                     340 	.db #0x43	; 67	'C'
      000126 42                     341 	.db #0x42	; 66	'B'
      000127 43                     342 	.db #0x43	; 67	'C'
      000128 42                     343 	.db #0x42	; 66	'B'
      000129 43                     344 	.db #0x43	; 67	'C'
      00012A 42                     345 	.db #0x42	; 66	'B'
      00012B 43                     346 	.db #0x43	; 67	'C'
      00012C 44                     347 	.db #0x44	; 68	'D'
      00012D 44                     348 	.db #0x44	; 68	'D'
      00012E 44                     349 	.db #0x44	; 68	'D'
      00012F 44                     350 	.db #0x44	; 68	'D'
      000130 44                     351 	.db #0x44	; 68	'D'
      000131 44                     352 	.db #0x44	; 68	'D'
      000132 44                     353 	.db #0x44	; 68	'D'
      000133 44                     354 	.db #0x44	; 68	'D'
      000134 44                     355 	.db #0x44	; 68	'D'
      000135 44                     356 	.db #0x44	; 68	'D'
      000136 44                     357 	.db #0x44	; 68	'D'
      000137 44                     358 	.db #0x44	; 68	'D'
      000138 44                     359 	.db #0x44	; 68	'D'
      000139 44                     360 	.db #0x44	; 68	'D'
      00013A 44                     361 	.db #0x44	; 68	'D'
      00013B 44                     362 	.db #0x44	; 68	'D'
      00013C 44                     363 	.db #0x44	; 68	'D'
      00013D 44                     364 	.db #0x44	; 68	'D'
      00013E 44                     365 	.db #0x44	; 68	'D'
      00013F 44                     366 	.db #0x44	; 68	'D'
      000140 30                     367 	.db #0x30	; 48	'0'
      000141 30                     368 	.db #0x30	; 48	'0'
      000142 30                     369 	.db #0x30	; 48	'0'
      000143 30                     370 	.db #0x30	; 48	'0'
      000144 30                     371 	.db #0x30	; 48	'0'
      000145 30                     372 	.db #0x30	; 48	'0'
      000146 30                     373 	.db #0x30	; 48	'0'
      000147 30                     374 	.db #0x30	; 48	'0'
      000148 30                     375 	.db #0x30	; 48	'0'
      000149 30                     376 	.db #0x30	; 48	'0'
      00014A 30                     377 	.db #0x30	; 48	'0'
      00014B 30                     378 	.db #0x30	; 48	'0'
      00014C 30                     379 	.db #0x30	; 48	'0'
      00014D 30                     380 	.db #0x30	; 48	'0'
      00014E 30                     381 	.db #0x30	; 48	'0'
      00014F 30                     382 	.db #0x30	; 48	'0'
      000150 30                     383 	.db #0x30	; 48	'0'
      000151 30                     384 	.db #0x30	; 48	'0'
      000152 30                     385 	.db #0x30	; 48	'0'
      000153 30                     386 	.db #0x30	; 48	'0'
      000154 30                     387 	.db #0x30	; 48	'0'
      000155 30                     388 	.db #0x30	; 48	'0'
      000156 30                     389 	.db #0x30	; 48	'0'
      000157 30                     390 	.db #0x30	; 48	'0'
      000158 30                     391 	.db #0x30	; 48	'0'
      000159 30                     392 	.db #0x30	; 48	'0'
      00015A 30                     393 	.db #0x30	; 48	'0'
      00015B 30                     394 	.db #0x30	; 48	'0'
      00015C 30                     395 	.db #0x30	; 48	'0'
      00015D 30                     396 	.db #0x30	; 48	'0'
      00015E 30                     397 	.db #0x30	; 48	'0'
      00015F 30                     398 	.db #0x30	; 48	'0'
      000160 30                     399 	.db #0x30	; 48	'0'
      000161 30                     400 	.db #0x30	; 48	'0'
      000162 30                     401 	.db #0x30	; 48	'0'
      000163 30                     402 	.db #0x30	; 48	'0'
      000164 30                     403 	.db #0x30	; 48	'0'
      000165 30                     404 	.db #0x30	; 48	'0'
      000166 30                     405 	.db #0x30	; 48	'0'
      000167 30                     406 	.db #0x30	; 48	'0'
                                    407 	.area _INITIALIZER
                                    408 	.area _CABS (ABS)
