                                      1 ;--------------------------------------------------------
                                      2 ; File Created by SDCC : free open source ANSI-C Compiler
                                      3 ; Version 4.1.6 #12539 (MINGW32)
                                      4 ;--------------------------------------------------------
                                      5 	.module WhackMoleSpriteGraphics
                                      6 	.optsdcc -mgbz80
                                      7 	
                                      8 ;--------------------------------------------------------
                                      9 ; Public variables in this module
                                     10 ;--------------------------------------------------------
                                     11 	.globl _WMSpriteGraphics
                                     12 	.globl ___bank_WMSpriteGraphics
                                     13 ;--------------------------------------------------------
                                     14 ; special function registers
                                     15 ;--------------------------------------------------------
                                     16 ;--------------------------------------------------------
                                     17 ; ram data
                                     18 ;--------------------------------------------------------
                                     19 	.area _DATA
                                     20 ;--------------------------------------------------------
                                     21 ; ram data
                                     22 ;--------------------------------------------------------
                                     23 	.area _INITIALIZED
                                     24 ;--------------------------------------------------------
                                     25 ; absolute external ram data
                                     26 ;--------------------------------------------------------
                                     27 	.area _DABS (ABS)
                                     28 ;--------------------------------------------------------
                                     29 ; global & static initialisations
                                     30 ;--------------------------------------------------------
                                     31 	.area _HOME
                                     32 	.area _GSINIT
                                     33 	.area _GSFINAL
                                     34 	.area _GSINIT
                                     35 ;--------------------------------------------------------
                                     36 ; Home
                                     37 ;--------------------------------------------------------
                                     38 	.area _HOME
                                     39 	.area _HOME
                                     40 ;--------------------------------------------------------
                                     41 ; code
                                     42 ;--------------------------------------------------------
                                     43 	.area _CODE_8
                                     44 	.area _CODE_8
                           000008    45 ___bank_WMSpriteGraphics	=	0x0008
      000000                         46 _WMSpriteGraphics:
      000000 00                      47 	.db #0x00	; 0
      000001 00                      48 	.db #0x00	; 0
      000002 00                      49 	.db #0x00	; 0
      000003 00                      50 	.db #0x00	; 0
      000004 00                      51 	.db #0x00	; 0
      000005 00                      52 	.db #0x00	; 0
      000006 00                      53 	.db #0x00	; 0
      000007 00                      54 	.db #0x00	; 0
      000008 00                      55 	.db #0x00	; 0
      000009 00                      56 	.db #0x00	; 0
      00000A 00                      57 	.db #0x00	; 0
      00000B 00                      58 	.db #0x00	; 0
      00000C 00                      59 	.db #0x00	; 0
      00000D 00                      60 	.db #0x00	; 0
      00000E 00                      61 	.db #0x00	; 0
      00000F 00                      62 	.db #0x00	; 0
      000010 00                      63 	.db #0x00	; 0
      000011 00                      64 	.db #0x00	; 0
      000012 00                      65 	.db #0x00	; 0
      000013 00                      66 	.db #0x00	; 0
      000014 00                      67 	.db #0x00	; 0
      000015 00                      68 	.db #0x00	; 0
      000016 01                      69 	.db #0x01	; 1
      000017 01                      70 	.db #0x01	; 1
      000018 03                      71 	.db #0x03	; 3
      000019 03                      72 	.db #0x03	; 3
      00001A 0F                      73 	.db #0x0f	; 15
      00001B 0F                      74 	.db #0x0f	; 15
      00001C 03                      75 	.db #0x03	; 3
      00001D 02                      76 	.db #0x02	; 2
      00001E 03                      77 	.db #0x03	; 3
      00001F 02                      78 	.db #0x02	; 2
      000020 00                      79 	.db #0x00	; 0
      000021 00                      80 	.db #0x00	; 0
      000022 00                      81 	.db #0x00	; 0
      000023 00                      82 	.db #0x00	; 0
      000024 00                      83 	.db #0x00	; 0
      000025 00                      84 	.db #0x00	; 0
      000026 F8                      85 	.db #0xf8	; 248
      000027 F8                      86 	.db #0xf8	; 248
      000028 FC                      87 	.db #0xfc	; 252
      000029 FC                      88 	.db #0xfc	; 252
      00002A FF                      89 	.db #0xff	; 255
      00002B FF                      90 	.db #0xff	; 255
      00002C FC                      91 	.db #0xfc	; 252
      00002D 6C                      92 	.db #0x6c	; 108	'l'
      00002E FC                      93 	.db #0xfc	; 252
      00002F 04                      94 	.db #0x04	; 4
      000030 03                      95 	.db #0x03	; 3
      000031 02                      96 	.db #0x02	; 2
      000032 03                      97 	.db #0x03	; 3
      000033 02                      98 	.db #0x02	; 2
      000034 01                      99 	.db #0x01	; 1
      000035 01                     100 	.db #0x01	; 1
      000036 03                     101 	.db #0x03	; 3
      000037 03                     102 	.db #0x03	; 3
      000038 07                     103 	.db #0x07	; 7
      000039 04                     104 	.db #0x04	; 4
      00003A 0B                     105 	.db #0x0b	; 11
      00003B 0F                     106 	.db #0x0f	; 15
      00003C 0F                     107 	.db #0x0f	; 15
      00003D 0A                     108 	.db #0x0a	; 10
      00003E 16                     109 	.db #0x16	; 22
      00003F 1F                     110 	.db #0x1f	; 31
      000040 FC                     111 	.db #0xfc	; 252
      000041 CC                     112 	.db #0xcc	; 204
      000042 FC                     113 	.db #0xfc	; 252
      000043 04                     114 	.db #0x04	; 4
      000044 F8                     115 	.db #0xf8	; 248
      000045 08                     116 	.db #0x08	; 8
      000046 F0                     117 	.db #0xf0	; 240
      000047 F0                     118 	.db #0xf0	; 240
      000048 F8                     119 	.db #0xf8	; 248
      000049 08                     120 	.db #0x08	; 8
      00004A 18                     121 	.db #0x18	; 24
      00004B F8                     122 	.db #0xf8	; 248
      00004C F8                     123 	.db #0xf8	; 248
      00004D 18                     124 	.db #0x18	; 24
      00004E 18                     125 	.db #0x18	; 24
      00004F F8                     126 	.db #0xf8	; 248
      000050 1F                     127 	.db #0x1f	; 31
      000051 16                     128 	.db #0x16	; 22
      000052 1A                     129 	.db #0x1a	; 26
      000053 1B                     130 	.db #0x1b	; 27
      000054 12                     131 	.db #0x12	; 18
      000055 13                     132 	.db #0x13	; 19
      000056 F2                     133 	.db #0xf2	; 242
      000057 F3                     134 	.db #0xf3	; 243
      000058 F2                     135 	.db #0xf2	; 242
      000059 B3                     136 	.db #0xb3	; 179
      00005A FA                     137 	.db #0xfa	; 250
      00005B 8B                     138 	.db #0x8b	; 139
      00005C FB                     139 	.db #0xfb	; 251
      00005D CB                     140 	.db #0xcb	; 203
      00005E 3B                     141 	.db #0x3b	; 59
      00005F 3B                     142 	.db #0x3b	; 59
      000060 F8                     143 	.db #0xf8	; 248
      000061 18                     144 	.db #0x18	; 24
      000062 18                     145 	.db #0x18	; 24
      000063 F8                     146 	.db #0xf8	; 248
      000064 50                     147 	.db #0x50	; 80	'P'
      000065 F0                     148 	.db #0xf0	; 240
      000066 50                     149 	.db #0x50	; 80	'P'
      000067 F0                     150 	.db #0xf0	; 240
      000068 50                     151 	.db #0x50	; 80	'P'
      000069 F0                     152 	.db #0xf0	; 240
      00006A 50                     153 	.db #0x50	; 80	'P'
      00006B F0                     154 	.db #0xf0	; 240
      00006C F8                     155 	.db #0xf8	; 248
      00006D F8                     156 	.db #0xf8	; 248
      00006E F8                     157 	.db #0xf8	; 248
      00006F F8                     158 	.db #0xf8	; 248
      000070 03                     159 	.db #0x03	; 3
      000071 02                     160 	.db #0x02	; 2
      000072 03                     161 	.db #0x03	; 3
      000073 02                     162 	.db #0x02	; 2
      000074 01                     163 	.db #0x01	; 1
      000075 01                     164 	.db #0x01	; 1
      000076 03                     165 	.db #0x03	; 3
      000077 03                     166 	.db #0x03	; 3
      000078 07                     167 	.db #0x07	; 7
      000079 04                     168 	.db #0x04	; 4
      00007A 0B                     169 	.db #0x0b	; 11
      00007B 0F                     170 	.db #0x0f	; 15
      00007C 0F                     171 	.db #0x0f	; 15
      00007D 0A                     172 	.db #0x0a	; 10
      00007E 16                     173 	.db #0x16	; 22
      00007F 1F                     174 	.db #0x1f	; 31
      000080 FC                     175 	.db #0xfc	; 252
      000081 CC                     176 	.db #0xcc	; 204
      000082 FC                     177 	.db #0xfc	; 252
      000083 04                     178 	.db #0x04	; 4
      000084 F8                     179 	.db #0xf8	; 248
      000085 08                     180 	.db #0x08	; 8
      000086 F0                     181 	.db #0xf0	; 240
      000087 F0                     182 	.db #0xf0	; 240
      000088 F8                     183 	.db #0xf8	; 248
      000089 08                     184 	.db #0x08	; 8
      00008A 18                     185 	.db #0x18	; 24
      00008B F8                     186 	.db #0xf8	; 248
      00008C FC                     187 	.db #0xfc	; 252
      00008D 14                     188 	.db #0x14	; 20
      00008E 14                     189 	.db #0x14	; 20
      00008F FC                     190 	.db #0xfc	; 252
      000090 1F                     191 	.db #0x1f	; 31
      000091 16                     192 	.db #0x16	; 22
      000092 1A                     193 	.db #0x1a	; 26
      000093 1B                     194 	.db #0x1b	; 27
      000094 14                     195 	.db #0x14	; 20
      000095 17                     196 	.db #0x17	; 23
      000096 F4                     197 	.db #0xf4	; 244
      000097 F7                     198 	.db #0xf7	; 247
      000098 F9                     199 	.db #0xf9	; 249
      000099 BF                     200 	.db #0xbf	; 191
      00009A F9                     201 	.db #0xf9	; 249
      00009B 8F                     202 	.db #0x8f	; 143
      00009C FF                     203 	.db #0xff	; 255
      00009D CF                     204 	.db #0xcf	; 207
      00009E 3F                     205 	.db #0x3f	; 63
      00009F 3F                     206 	.db #0x3f	; 63
      0000A0 FE                     207 	.db #0xfe	; 254
      0000A1 1A                     208 	.db #0x1a	; 26
      0000A2 16                     209 	.db #0x16	; 22
      0000A3 F6                     210 	.db #0xf6	; 246
      0000A4 10                     211 	.db #0x10	; 16
      0000A5 F0                     212 	.db #0xf0	; 240
      0000A6 C8                     213 	.db #0xc8	; 200
      0000A7 F8                     214 	.db #0xf8	; 248
      0000A8 4E                     215 	.db #0x4e	; 78	'N'
      0000A9 7E                     216 	.db #0x7e	; 126
      0000AA 2E                     217 	.db #0x2e	; 46
      0000AB 3E                     218 	.db #0x3e	; 62
      0000AC BE                     219 	.db #0xbe	; 190
      0000AD BE                     220 	.db #0xbe	; 190
      0000AE 98                     221 	.db #0x98	; 152
      0000AF 98                     222 	.db #0x98	; 152
      0000B0 03                     223 	.db #0x03	; 3
      0000B1 02                     224 	.db #0x02	; 2
      0000B2 03                     225 	.db #0x03	; 3
      0000B3 02                     226 	.db #0x02	; 2
      0000B4 01                     227 	.db #0x01	; 1
      0000B5 01                     228 	.db #0x01	; 1
      0000B6 07                     229 	.db #0x07	; 7
      0000B7 07                     230 	.db #0x07	; 7
      0000B8 1F                     231 	.db #0x1f	; 31
      0000B9 18                     232 	.db #0x18	; 24
      0000BA 6F                     233 	.db #0x6f	; 111	'o'
      0000BB 7F                     234 	.db #0x7f	; 127
      0000BC 7B                     235 	.db #0x7b	; 123
      0000BD 7A                     236 	.db #0x7a	; 122	'z'
      0000BE 82                     237 	.db #0x82	; 130
      0000BF 83                     238 	.db #0x83	; 131
      0000C0 0D                     239 	.db #0x0d	; 13
      0000C1 0D                     240 	.db #0x0d	; 13
      0000C2 1E                     241 	.db #0x1e	; 30
      0000C3 12                     242 	.db #0x12	; 18
      0000C4 1F                     243 	.db #0x1f	; 31
      0000C5 11                     244 	.db #0x11	; 17
      0000C6 0F                     245 	.db #0x0f	; 15
      0000C7 09                     246 	.db #0x09	; 9
      0000C8 06                     247 	.db #0x06	; 6
      0000C9 06                     248 	.db #0x06	; 6
      0000CA 00                     249 	.db #0x00	; 0
      0000CB 00                     250 	.db #0x00	; 0
      0000CC 00                     251 	.db #0x00	; 0
      0000CD 00                     252 	.db #0x00	; 0
      0000CE 00                     253 	.db #0x00	; 0
      0000CF 00                     254 	.db #0x00	; 0
      0000D0 03                     255 	.db #0x03	; 3
      0000D1 02                     256 	.db #0x02	; 2
      0000D2 02                     257 	.db #0x02	; 2
      0000D3 03                     258 	.db #0x03	; 3
      0000D4 02                     259 	.db #0x02	; 2
      0000D5 03                     260 	.db #0x03	; 3
      0000D6 02                     261 	.db #0x02	; 2
      0000D7 03                     262 	.db #0x03	; 3
      0000D8 02                     263 	.db #0x02	; 2
      0000D9 03                     264 	.db #0x03	; 3
      0000DA 02                     265 	.db #0x02	; 2
      0000DB 03                     266 	.db #0x03	; 3
      0000DC 03                     267 	.db #0x03	; 3
      0000DD 03                     268 	.db #0x03	; 3
      0000DE 03                     269 	.db #0x03	; 3
      0000DF 03                     270 	.db #0x03	; 3
      0000E0 00                     271 	.db #0x00	; 0
      0000E1 00                     272 	.db #0x00	; 0
      0000E2 00                     273 	.db #0x00	; 0
      0000E3 00                     274 	.db #0x00	; 0
      0000E4 00                     275 	.db #0x00	; 0
      0000E5 00                     276 	.db #0x00	; 0
      0000E6 03                     277 	.db #0x03	; 3
      0000E7 03                     278 	.db #0x03	; 3
      0000E8 07                     279 	.db #0x07	; 7
      0000E9 04                     280 	.db #0x04	; 4
      0000EA 0F                     281 	.db #0x0f	; 15
      0000EB 08                     282 	.db #0x08	; 8
      0000EC 0F                     283 	.db #0x0f	; 15
      0000ED 09                     284 	.db #0x09	; 9
      0000EE 06                     285 	.db #0x06	; 6
      0000EF 06                     286 	.db #0x06	; 6
      0000F0 00                     287 	.db #0x00	; 0
      0000F1 00                     288 	.db #0x00	; 0
      0000F2 00                     289 	.db #0x00	; 0
      0000F3 00                     290 	.db #0x00	; 0
      0000F4 00                     291 	.db #0x00	; 0
      0000F5 00                     292 	.db #0x00	; 0
      0000F6 01                     293 	.db #0x01	; 1
      0000F7 01                     294 	.db #0x01	; 1
      0000F8 83                     295 	.db #0x83	; 131
      0000F9 83                     296 	.db #0x83	; 131
      0000FA 8F                     297 	.db #0x8f	; 143
      0000FB 8F                     298 	.db #0x8f	; 143
      0000FC 03                     299 	.db #0x03	; 3
      0000FD 02                     300 	.db #0x02	; 2
      0000FE 83                     301 	.db #0x83	; 131
      0000FF 82                     302 	.db #0x82	; 130
      000100 63                     303 	.db #0x63	; 99	'c'
      000101 62                     304 	.db #0x62	; 98	'b'
      000102 53                     305 	.db #0x53	; 83	'S'
      000103 72                     306 	.db #0x72	; 114	'r'
      000104 7D                     307 	.db #0x7d	; 125
      000105 4D                     308 	.db #0x4d	; 77	'M'
      000106 33                     309 	.db #0x33	; 51	'3'
      000107 3F                     310 	.db #0x3f	; 63
      000108 0F                     311 	.db #0x0f	; 15
      000109 0C                     312 	.db #0x0c	; 12
      00010A 03                     313 	.db #0x03	; 3
      00010B 03                     314 	.db #0x03	; 3
      00010C 03                     315 	.db #0x03	; 3
      00010D 02                     316 	.db #0x02	; 2
      00010E 02                     317 	.db #0x02	; 2
      00010F 03                     318 	.db #0x03	; 3
      000110 03                     319 	.db #0x03	; 3
      000111 02                     320 	.db #0x02	; 2
      000112 03                     321 	.db #0x03	; 3
      000113 02                     322 	.db #0x02	; 2
      000114 01                     323 	.db #0x01	; 1
      000115 01                     324 	.db #0x01	; 1
      000116 03                     325 	.db #0x03	; 3
      000117 03                     326 	.db #0x03	; 3
      000118 07                     327 	.db #0x07	; 7
      000119 05                     328 	.db #0x05	; 5
      00011A 04                     329 	.db #0x04	; 4
      00011B 07                     330 	.db #0x07	; 7
      00011C 03                     331 	.db #0x03	; 3
      00011D 03                     332 	.db #0x03	; 3
      00011E 02                     333 	.db #0x02	; 2
      00011F 03                     334 	.db #0x03	; 3
      000120 FC                     335 	.db #0xfc	; 252
      000121 CC                     336 	.db #0xcc	; 204
      000122 FC                     337 	.db #0xfc	; 252
      000123 04                     338 	.db #0x04	; 4
      000124 F8                     339 	.db #0xf8	; 248
      000125 08                     340 	.db #0x08	; 8
      000126 F0                     341 	.db #0xf0	; 240
      000127 F0                     342 	.db #0xf0	; 240
      000128 F8                     343 	.db #0xf8	; 248
      000129 08                     344 	.db #0x08	; 8
      00012A D8                     345 	.db #0xd8	; 216
      00012B F8                     346 	.db #0xf8	; 248
      00012C F8                     347 	.db #0xf8	; 248
      00012D 38                     348 	.db #0x38	; 56	'8'
      00012E D8                     349 	.db #0xd8	; 216
      00012F F8                     350 	.db #0xf8	; 248
      000130 F8                     351 	.db #0xf8	; 248
      000131 38                     352 	.db #0x38	; 56	'8'
      000132 18                     353 	.db #0x18	; 24
      000133 F8                     354 	.db #0xf8	; 248
      000134 54                     355 	.db #0x54	; 84	'T'
      000135 F4                     356 	.db #0xf4	; 244
      000136 53                     357 	.db #0x53	; 83	'S'
      000137 F3                     358 	.db #0xf3	; 243
      000138 51                     359 	.db #0x51	; 81	'Q'
      000139 F1                     360 	.db #0xf1	; 241
      00013A 53                     361 	.db #0x53	; 83	'S'
      00013B F2                     362 	.db #0xf2	; 242
      00013C FB                     363 	.db #0xfb	; 251
      00013D FA                     364 	.db #0xfa	; 250
      00013E F9                     365 	.db #0xf9	; 249
      00013F F9                     366 	.db #0xf9	; 249
      000140 00                     367 	.db #0x00	; 0
      000141 00                     368 	.db #0x00	; 0
      000142 00                     369 	.db #0x00	; 0
      000143 00                     370 	.db #0x00	; 0
      000144 E0                     371 	.db #0xe0	; 224
      000145 E0                     372 	.db #0xe0	; 224
      000146 F0                     373 	.db #0xf0	; 240
      000147 10                     374 	.db #0x10	; 16
      000148 F0                     375 	.db #0xf0	; 240
      000149 10                     376 	.db #0x10	; 16
      00014A E0                     377 	.db #0xe0	; 224
      00014B 20                     378 	.db #0x20	; 32
      00014C E0                     379 	.db #0xe0	; 224
      00014D 20                     380 	.db #0x20	; 32
      00014E C0                     381 	.db #0xc0	; 192
      00014F C0                     382 	.db #0xc0	; 192
      000150 00                     383 	.db #0x00	; 0
      000151 00                     384 	.db #0x00	; 0
      000152 00                     385 	.db #0x00	; 0
      000153 00                     386 	.db #0x00	; 0
      000154 00                     387 	.db #0x00	; 0
      000155 00                     388 	.db #0x00	; 0
      000156 01                     389 	.db #0x01	; 1
      000157 01                     390 	.db #0x01	; 1
      000158 03                     391 	.db #0x03	; 3
      000159 03                     392 	.db #0x03	; 3
      00015A 0F                     393 	.db #0x0f	; 15
      00015B 0F                     394 	.db #0x0f	; 15
      00015C 03                     395 	.db #0x03	; 3
      00015D 03                     396 	.db #0x03	; 3
      00015E 03                     397 	.db #0x03	; 3
      00015F 02                     398 	.db #0x02	; 2
      000160 00                     399 	.db #0x00	; 0
      000161 00                     400 	.db #0x00	; 0
      000162 00                     401 	.db #0x00	; 0
      000163 00                     402 	.db #0x00	; 0
      000164 00                     403 	.db #0x00	; 0
      000165 00                     404 	.db #0x00	; 0
      000166 F8                     405 	.db #0xf8	; 248
      000167 F8                     406 	.db #0xf8	; 248
      000168 FC                     407 	.db #0xfc	; 252
      000169 FC                     408 	.db #0xfc	; 252
      00016A FF                     409 	.db #0xff	; 255
      00016B FF                     410 	.db #0xff	; 255
      00016C FC                     411 	.db #0xfc	; 252
      00016D 9C                     412 	.db #0x9c	; 156
      00016E FC                     413 	.db #0xfc	; 252
      00016F 04                     414 	.db #0x04	; 4
      000170 03                     415 	.db #0x03	; 3
      000171 03                     416 	.db #0x03	; 3
      000172 03                     417 	.db #0x03	; 3
      000173 02                     418 	.db #0x02	; 2
      000174 01                     419 	.db #0x01	; 1
      000175 01                     420 	.db #0x01	; 1
      000176 01                     421 	.db #0x01	; 1
      000177 01                     422 	.db #0x01	; 1
      000178 03                     423 	.db #0x03	; 3
      000179 02                     424 	.db #0x02	; 2
      00017A 05                     425 	.db #0x05	; 5
      00017B 07                     426 	.db #0x07	; 7
      00017C 07                     427 	.db #0x07	; 7
      00017D 05                     428 	.db #0x05	; 5
      00017E 05                     429 	.db #0x05	; 5
      00017F 07                     430 	.db #0x07	; 7
      000180 FC                     431 	.db #0xfc	; 252
      000181 9C                     432 	.db #0x9c	; 156
      000182 FC                     433 	.db #0xfc	; 252
      000183 04                     434 	.db #0x04	; 4
      000184 F8                     435 	.db #0xf8	; 248
      000185 08                     436 	.db #0x08	; 8
      000186 F8                     437 	.db #0xf8	; 248
      000187 F8                     438 	.db #0xf8	; 248
      000188 FC                     439 	.db #0xfc	; 252
      000189 04                     440 	.db #0x04	; 4
      00018A 0A                     441 	.db #0x0a	; 10
      00018B FE                     442 	.db #0xfe	; 254
      00018C FE                     443 	.db #0xfe	; 254
      00018D 0A                     444 	.db #0x0a	; 10
      00018E 0A                     445 	.db #0x0a	; 10
      00018F FE                     446 	.db #0xfe	; 254
      000190 07                     447 	.db #0x07	; 7
      000191 05                     448 	.db #0x05	; 5
      000192 07                     449 	.db #0x07	; 7
      000193 07                     450 	.db #0x07	; 7
      000194 03                     451 	.db #0x03	; 3
      000195 03                     452 	.db #0x03	; 3
      000196 03                     453 	.db #0x03	; 3
      000197 03                     454 	.db #0x03	; 3
      000198 0F                     455 	.db #0x0f	; 15
      000199 0F                     456 	.db #0x0f	; 15
      00019A 0F                     457 	.db #0x0f	; 15
      00019B 09                     458 	.db #0x09	; 9
      00019C 0F                     459 	.db #0x0f	; 15
      00019D 09                     460 	.db #0x09	; 9
      00019E 0F                     461 	.db #0x0f	; 15
      00019F 0F                     462 	.db #0x0f	; 15
      0001A0 FE                     463 	.db #0xfe	; 254
      0001A1 0A                     464 	.db #0x0a	; 10
      0001A2 0E                     465 	.db #0x0e	; 14
      0001A3 FE                     466 	.db #0xfe	; 254
      0001A4 68                     467 	.db #0x68	; 104	'h'
      0001A5 F8                     468 	.db #0xf8	; 248
      0001A6 68                     469 	.db #0x68	; 104	'h'
      0001A7 F8                     470 	.db #0xf8	; 248
      0001A8 68                     471 	.db #0x68	; 104	'h'
      0001A9 F8                     472 	.db #0xf8	; 248
      0001AA 68                     473 	.db #0x68	; 104	'h'
      0001AB F8                     474 	.db #0xf8	; 248
      0001AC F8                     475 	.db #0xf8	; 248
      0001AD F8                     476 	.db #0xf8	; 248
      0001AE F8                     477 	.db #0xf8	; 248
      0001AF F8                     478 	.db #0xf8	; 248
      0001B0 00                     479 	.db #0x00	; 0
      0001B1 00                     480 	.db #0x00	; 0
      0001B2 03                     481 	.db #0x03	; 3
      0001B3 03                     482 	.db #0x03	; 3
      0001B4 04                     483 	.db #0x04	; 4
      0001B5 07                     484 	.db #0x07	; 7
      0001B6 09                     485 	.db #0x09	; 9
      0001B7 0F                     486 	.db #0x0f	; 15
      0001B8 0E                     487 	.db #0x0e	; 14
      0001B9 0F                     488 	.db #0x0f	; 15
      0001BA 08                     489 	.db #0x08	; 8
      0001BB 0F                     490 	.db #0x0f	; 15
      0001BC 08                     491 	.db #0x08	; 8
      0001BD 0F                     492 	.db #0x0f	; 15
      0001BE 17                     493 	.db #0x17	; 23
      0001BF 1E                     494 	.db #0x1e	; 30
      0001C0 00                     495 	.db #0x00	; 0
      0001C1 00                     496 	.db #0x00	; 0
      0001C2 00                     497 	.db #0x00	; 0
      0001C3 00                     498 	.db #0x00	; 0
      0001C4 8C                     499 	.db #0x8c	; 140
      0001C5 8C                     500 	.db #0x8c	; 140
      0001C6 D2                     501 	.db #0xd2	; 210
      0001C7 DE                     502 	.db #0xde	; 222
      0001C8 21                     503 	.db #0x21	; 33
      0001C9 FF                     504 	.db #0xff	; 255
      0001CA 21                     505 	.db #0x21	; 33
      0001CB FF                     506 	.db #0xff	; 255
      0001CC 02                     507 	.db #0x02	; 2
      0001CD FE                     508 	.db #0xfe	; 254
      0001CE 74                     509 	.db #0x74	; 116	't'
      0001CF EC                     510 	.db #0xec	; 236
      0001D0 17                     511 	.db #0x17	; 23
      0001D1 1E                     512 	.db #0x1e	; 30
      0001D2 17                     513 	.db #0x17	; 23
      0001D3 1E                     514 	.db #0x1e	; 30
      0001D4 10                     515 	.db #0x10	; 16
      0001D5 1F                     516 	.db #0x1f	; 31
      0001D6 23                     517 	.db #0x23	; 35
      0001D7 3F                     518 	.db #0x3f	; 63
      0001D8 23                     519 	.db #0x23	; 35
      0001D9 3F                     520 	.db #0x3f	; 63
      0001DA 40                     521 	.db #0x40	; 64
      0001DB 7F                     522 	.db #0x7f	; 127
      0001DC 46                     523 	.db #0x46	; 70	'F'
      0001DD 7F                     524 	.db #0x7f	; 127
      0001DE 49                     525 	.db #0x49	; 73	'I'
      0001DF 7F                     526 	.db #0x7f	; 127
      0001E0 76                     527 	.db #0x76	; 118	'v'
      0001E1 EE                     528 	.db #0xee	; 238
      0001E2 72                     529 	.db #0x72	; 114	'r'
      0001E3 EE                     530 	.db #0xee	; 238
      0001E4 01                     531 	.db #0x01	; 1
      0001E5 FF                     532 	.db #0xff	; 255
      0001E6 01                     533 	.db #0x01	; 1
      0001E7 FF                     534 	.db #0xff	; 255
      0001E8 01                     535 	.db #0x01	; 1
      0001E9 FF                     536 	.db #0xff	; 255
      0001EA 01                     537 	.db #0x01	; 1
      0001EB FF                     538 	.db #0xff	; 255
      0001EC C1                     539 	.db #0xc1	; 193
      0001ED FF                     540 	.db #0xff	; 255
      0001EE 22                     541 	.db #0x22	; 34
      0001EF FE                     542 	.db #0xfe	; 254
      0001F0 40                     543 	.db #0x40	; 64
      0001F1 7F                     544 	.db #0x7f	; 127
      0001F2 40                     545 	.db #0x40	; 64
      0001F3 7F                     546 	.db #0x7f	; 127
      0001F4 20                     547 	.db #0x20	; 32
      0001F5 3F                     548 	.db #0x3f	; 63
      0001F6 30                     549 	.db #0x30	; 48	'0'
      0001F7 3F                     550 	.db #0x3f	; 63
      0001F8 77                     551 	.db #0x77	; 119	'w'
      0001F9 7F                     552 	.db #0x7f	; 127
      0001FA D2                     553 	.db #0xd2	; 210
      0001FB FE                     554 	.db #0xfe	; 254
      0001FC D2                     555 	.db #0xd2	; 210
      0001FD FE                     556 	.db #0xfe	; 254
      0001FE FC                     557 	.db #0xfc	; 252
      0001FF FC                     558 	.db #0xfc	; 252
      000200 02                     559 	.db #0x02	; 2
      000201 FE                     560 	.db #0xfe	; 254
      000202 02                     561 	.db #0x02	; 2
      000203 FE                     562 	.db #0xfe	; 254
      000204 02                     563 	.db #0x02	; 2
      000205 FE                     564 	.db #0xfe	; 254
      000206 02                     565 	.db #0x02	; 2
      000207 FE                     566 	.db #0xfe	; 254
      000208 E6                     567 	.db #0xe6	; 230
      000209 FE                     568 	.db #0xfe	; 254
      00020A D4                     569 	.db #0xd4	; 212
      00020B FC                     570 	.db #0xfc	; 252
      00020C D4                     571 	.db #0xd4	; 212
      00020D FC                     572 	.db #0xfc	; 252
      00020E FC                     573 	.db #0xfc	; 252
      00020F FC                     574 	.db #0xfc	; 252
      000210 00                     575 	.db #0x00	; 0
      000211 00                     576 	.db #0x00	; 0
      000212 00                     577 	.db #0x00	; 0
      000213 00                     578 	.db #0x00	; 0
      000214 00                     579 	.db #0x00	; 0
      000215 00                     580 	.db #0x00	; 0
      000216 00                     581 	.db #0x00	; 0
      000217 00                     582 	.db #0x00	; 0
      000218 00                     583 	.db #0x00	; 0
      000219 00                     584 	.db #0x00	; 0
      00021A 00                     585 	.db #0x00	; 0
      00021B 00                     586 	.db #0x00	; 0
      00021C 00                     587 	.db #0x00	; 0
      00021D 00                     588 	.db #0x00	; 0
      00021E 03                     589 	.db #0x03	; 3
      00021F 03                     590 	.db #0x03	; 3
      000220 04                     591 	.db #0x04	; 4
      000221 07                     592 	.db #0x07	; 7
      000222 09                     593 	.db #0x09	; 9
      000223 0F                     594 	.db #0x0f	; 15
      000224 0E                     595 	.db #0x0e	; 14
      000225 0F                     596 	.db #0x0f	; 15
      000226 08                     597 	.db #0x08	; 8
      000227 0F                     598 	.db #0x0f	; 15
      000228 08                     599 	.db #0x08	; 8
      000229 0F                     600 	.db #0x0f	; 15
      00022A 10                     601 	.db #0x10	; 16
      00022B 1F                     602 	.db #0x1f	; 31
      00022C 16                     603 	.db #0x16	; 22
      00022D 1F                     604 	.db #0x1f	; 31
      00022E 11                     605 	.db #0x11	; 17
      00022F 1F                     606 	.db #0x1f	; 31
      000230 8C                     607 	.db #0x8c	; 140
      000231 8C                     608 	.db #0x8c	; 140
      000232 D2                     609 	.db #0xd2	; 210
      000233 DE                     610 	.db #0xde	; 222
      000234 21                     611 	.db #0x21	; 33
      000235 FF                     612 	.db #0xff	; 255
      000236 21                     613 	.db #0x21	; 33
      000237 FF                     614 	.db #0xff	; 255
      000238 02                     615 	.db #0x02	; 2
      000239 FE                     616 	.db #0xfe	; 254
      00023A 04                     617 	.db #0x04	; 4
      00023B FC                     618 	.db #0xfc	; 252
      00023C 36                     619 	.db #0x36	; 54	'6'
      00023D FE                     620 	.db #0xfe	; 254
      00023E 42                     621 	.db #0x42	; 66	'B'
      00023F FE                     622 	.db #0xfe	; 254
                                    623 	.area _INITIALIZER
                                    624 	.area _CABS (ABS)
